01:08:38 : RCon admin #1: (Global) This server restarts at 3pm Sydney Time
﻿01:54:32 : Player #1 King Zog disconnected
﻿02:38:38 : RCon admin #1: (Global) This server restarts at 3pm Sydney Time
﻿04:08:38 : RCon admin #1: (Global) This server restarts at 3pm Sydney Time
﻿05:38:38 : RCon admin #1: (Global) This server restarts at 3pm Sydney Time
﻿07:08:38 : RCon admin #1: (Global) This server restarts at 3pm Sydney Time
﻿08:38:38 : RCon admin #1: (Global) This server restarts at 3pm Sydney Time
﻿10:08:38 : RCon admin #1: (Global) This server restarts at 3pm Sydney Time
﻿11:38:38 : RCon admin #1: (Global) This server restarts at 3pm Sydney Time
﻿13:08:38 : RCon admin #1: (Global) This server restarts at 3pm Sydney Time
﻿14:30:00 : RCon admin #1: (Global) This server will restart in 30 minutes
﻿14:38:38 : RCon admin #1: (Global) This server restarts at 3pm Sydney Time
﻿14:45:00 : RCon admin #1: (Global) This server will restart in 15 minutes
﻿14:50:00 : RCon admin #1: (Global) This server will restart in 10 minutes.
﻿14:55:00 : RCon admin #1: (Global) This server will restart in 5 minutes.
﻿14:57:00 : RCon admin #1: (Global) THIS SERVER IS RESTARTING IN 3 MINUTES !.
﻿14:59:00 : RCon admin #1: (Global) THIS SERVER IS RESTARTING IN 60 SECONDS. PRESS ESC TO SAVE !!!
﻿15:00:01 : Lost Connection!
﻿15:00:01 : Closing socket & exiting!
﻿19:12:45 : Rcon client logging in
﻿19:12:45 : RCon admin #1 (103.13.101.239:52325) logged in
﻿19:12:56 : Player #0 headlessclient (127.0.0.1:2316) connected
﻿19:12:57 : Verified GUID () of player #0 headlessclient
﻿19:12:57 : Player #0 headlessclient - Owner GUID: 8539e01499f87083b3a25eb30041261c
﻿19:14:13 : Player #1 King Zog (121.45.241.224:63400) connected
﻿19:14:14 : Player #1 King Zog - GUID: ed93afb5a1d7dd12c0848e3817234489 (unverified)
﻿19:14:14 : RCon admin #1: (Global) BEC : Boss Cocky King Zog Connected
﻿19:14:14 : Verified GUID (ed93afb5a1d7dd12c0848e3817234489) of player #1 King Zog
﻿19:15:45 : RCon admin #1: (Global) 1
﻿19:22:45 : RCon admin #1: (Global) This server restarts at 3pm Sydney Time
﻿20:52:45 : RCon admin #1: (Global) This server restarts at 3pm Sydney Time
﻿21:36:36 : Player #1 King Zog disconnected
﻿22:22:45 : RCon admin #1: (Global) This server restarts at 3pm Sydney Time
﻿23:52:45 : RCon admin #1: (Global) This server restarts at 3pm Sydney Time
