12:25:20 : Reporter account validated ok!
﻿12:25:21 : Rcon client logging in
﻿12:25:22 : RCon admin #1 (103.13.101.239:51239) logged in
﻿12:26:33 : Player #0 King Zog (121.45.250.245:61930) connected
﻿12:26:34 : Player #0 King Zog - GUID: ed93afb5a1d7dd12c0848e3817234489 (unverified)
﻿12:26:34 : RCon admin #1: (Global) BEC : Boss Cocky King Zog Connected
﻿12:26:35 : Verified GUID (ed93afb5a1d7dd12c0848e3817234489) of player #0 King Zog
﻿12:26:36 : Status  -> Ok (ed93afb5a1d7dd12c0848e3817234489)
﻿12:28:22 : RCon admin #1: (Global) 1
﻿12:34:02 : Lost Connection!
﻿12:34:02 : Closing socket & exiting!
﻿12:35:03 : Reporter account validated ok!
﻿12:35:04 : Rcon client logging in
﻿12:35:05 : RCon admin #1 (103.13.101.239:57199) logged in
﻿12:35:08 : Player #0 King Zog (121.45.250.245:61930) connected
﻿12:35:09 : Player #0 King Zog - GUID: ed93afb5a1d7dd12c0848e3817234489 (unverified)
﻿12:35:09 : RCon admin #1: (Global) BEC : Boss Cocky King Zog Connected
﻿12:35:09 : Verified GUID (ed93afb5a1d7dd12c0848e3817234489) of player #0 King Zog
﻿12:35:10 : Status  -> Ok (ed93afb5a1d7dd12c0848e3817234489)
﻿12:38:05 : RCon admin #1: (Global) 1
﻿12:45:05 : RCon admin #1: (Global) This server restarts at 3pm Sydney Time
﻿12:57:55 : Lost Connection!
﻿12:57:55 : Closing socket & exiting!
﻿14:02:30 : Reporter account validated ok!
﻿14:02:31 : Rcon client logging in
﻿14:02:31 : RCon admin #1 (103.13.101.239:54294) logged in
﻿14:04:14 : Player #0 King Zog disconnected
﻿14:04:19 : Player #0 King Zog (121.45.250.245:61950) connected
﻿14:04:20 : Player #0 King Zog - GUID: ed93afb5a1d7dd12c0848e3817234489 (unverified)
﻿14:04:20 : RCon admin #1: (Global) BEC : Boss Cocky King Zog Connected
﻿14:04:21 : Verified GUID (ed93afb5a1d7dd12c0848e3817234489) of player #0 King Zog
﻿14:04:22 : Status  -> Ok (ed93afb5a1d7dd12c0848e3817234489)
﻿14:05:32 : RCon admin #1: (Global) 1
﻿14:12:32 : RCon admin #1: (Global) This server restarts at 3pm Sydney Time
﻿14:22:33 : Player #0 King Zog disconnected
﻿14:30:00 : RCon admin #1: (Global) This server will restart in 30 minutes
﻿14:36:25 : Lost Connection!
﻿14:36:25 : Closing socket & exiting!
﻿14:37:55 : Reporter account validated ok!
﻿14:37:56 : Rcon client logging in
﻿14:37:57 : RCon admin #1 (103.13.101.239:65016) logged in
﻿14:38:07 : Player #0 King Zog (121.45.250.245:61950) connected
﻿14:38:08 : Player #0 King Zog - GUID: ed93afb5a1d7dd12c0848e3817234489 (unverified)
﻿14:38:08 : RCon admin #1: (Global) BEC : Boss Cocky King Zog Connected
﻿14:38:08 : Verified GUID (ed93afb5a1d7dd12c0848e3817234489) of player #0 King Zog
﻿14:38:09 : Status  -> Ok (ed93afb5a1d7dd12c0848e3817234489)
﻿14:40:57 : RCon admin #1: (Global) 1
﻿14:45:00 : RCon admin #1: (Global) This server will restart in 15 minutes
﻿14:45:50 : Player #0 King Zog (ed93afb5a1d7dd12c0848e3817234489) has been kicked by BattlEye: CreateVehicle Restriction #7
﻿14:45:59 : Player #0 King Zog (121.45.250.245:61950) connected
﻿14:46:00 : Player #0 King Zog - GUID: ed93afb5a1d7dd12c0848e3817234489 (unverified)
﻿14:46:00 : RCon admin #1: (Global) BEC : Boss Cocky King Zog Connected
﻿14:46:00 : Verified GUID (ed93afb5a1d7dd12c0848e3817234489) of player #0 King Zog
﻿14:46:01 : Status  -> Ok (ed93afb5a1d7dd12c0848e3817234489)
﻿14:47:57 : RCon admin #1: (Global) This server restarts at 3pm Sydney Time
﻿14:50:00 : RCon admin #1: (Global) This server will restart in 10 minutes.
﻿14:53:40 : Player #0 King Zog disconnected
﻿14:55:00 : RCon admin #1: (Global) This server will restart in 5 minutes.
﻿14:57:00 : RCon admin #1: (Global) THIS SERVER IS RESTARTING IN 3 MINUTES !.
﻿14:59:00 : RCon admin #1: (Global) THIS SERVER IS RESTARTING IN 60 SECONDS. PRESS ESC TO SAVE !!!
﻿15:00:01 : Lost Connection!
﻿15:00:01 : Closing socket & exiting!
﻿15:00:34 : Reporter account validated ok!
﻿15:00:35 : Rcon client logging in
﻿15:00:35 : RCon admin #1 (103.13.101.239:65371) logged in
﻿15:03:36 : RCon admin #1: (Global) 1
﻿15:10:36 : RCon admin #1: (Global) This server restarts at 3pm Sydney Time
﻿15:37:22 : Lost Connection!
﻿15:37:22 : Closing socket & exiting!
﻿15:38:50 : Reporter account validated ok!
﻿15:38:51 : Rcon client logging in
﻿15:38:52 : RCon admin #1 (103.13.101.239:58200) logged in
﻿15:41:52 : RCon admin #1: (Global) 1
﻿15:42:15 : Player #0 King Zog (ed93afb5a1d7dd12c0848e3817234489) has been kicked by BattlEye: CreateVehicle Restriction #7
﻿15:42:30 : Lost Connection!
﻿15:42:30 : Closing socket & exiting!
﻿15:42:53 : Reporter account validated ok!
﻿15:42:55 : Rcon client logging in
﻿15:42:55 : RCon admin #1 (103.13.101.239:63455) logged in
﻿15:42:56 : Player #0 King Zog (121.45.250.245:61987) connected
﻿15:42:57 : Player #0 King Zog - GUID: ed93afb5a1d7dd12c0848e3817234489 (unverified)
﻿15:42:57 : RCon admin #1: (Global) BEC : Boss Cocky King Zog Connected
﻿15:42:57 : Verified GUID (ed93afb5a1d7dd12c0848e3817234489) of player #0 King Zog
﻿15:42:58 : Status  -> Ok (ed93afb5a1d7dd12c0848e3817234489)
﻿15:45:55 : RCon admin #1: (Global) 1
﻿15:52:55 : RCon admin #1: (Global) This server restarts at 3pm Sydney Time
﻿15:54:37 : Lost Connection!
﻿15:54:37 : Closing socket & exiting!
﻿15:55:02 : Reporter account validated ok!
﻿15:55:04 : Rcon client logging in
﻿15:55:04 : RCon admin #1 (103.13.101.239:64287) logged in
﻿15:57:09 : Player #0 King Zog (121.45.250.245:61987) connected
﻿15:57:10 : Player #0 King Zog - GUID: ed93afb5a1d7dd12c0848e3817234489 (unverified)
﻿15:57:10 : RCon admin #1: (Global) BEC : Boss Cocky King Zog Connected
﻿15:57:10 : Verified GUID (ed93afb5a1d7dd12c0848e3817234489) of player #0 King Zog
﻿15:57:11 : Status  -> Ok (ed93afb5a1d7dd12c0848e3817234489)
﻿15:58:04 : RCon admin #1: (Global) 1
﻿16:01:12 : Player #0 King Zog disconnected
﻿16:05:04 : RCon admin #1: (Global) This server restarts at 3pm Sydney Time
﻿16:54:27 : Lost Connection!
﻿16:54:27 : Closing socket & exiting!
﻿16:56:24 : Reporter account validated ok!
﻿16:56:26 : Rcon client logging in
﻿16:56:26 : RCon admin #1 (103.13.101.239:51496) logged in
﻿16:56:30 : Lost Connection!
﻿16:56:30 : Closing socket & exiting!
﻿16:59:32 : Reporter account validated ok!
﻿16:59:34 : Rcon client logging in
﻿16:59:34 : RCon admin #1 (103.13.101.239:53293) logged in
﻿16:59:47 : Player #0 King Zog (121.45.250.245:62001) connected
﻿16:59:48 : Player #0 King Zog - GUID: ed93afb5a1d7dd12c0848e3817234489 (unverified)
﻿16:59:48 : RCon admin #1: (Global) BEC : Boss Cocky King Zog Connected
﻿16:59:49 : Verified GUID (ed93afb5a1d7dd12c0848e3817234489) of player #0 King Zog
﻿16:59:50 : Status  -> Ok (ed93afb5a1d7dd12c0848e3817234489)
﻿17:02:34 : RCon admin #1: (Global) 1
﻿17:03:59 : Player #0 King Zog disconnected
﻿17:09:34 : RCon admin #1: (Global) This server restarts at 3pm Sydney Time
﻿17:17:22 : Lost Connection!
﻿17:17:22 : Closing socket & exiting!
﻿17:18:52 : Reporter account validated ok!
﻿17:18:53 : Rcon client logging in
﻿17:18:53 : RCon admin #1 (103.13.101.239:51729) logged in
﻿17:21:54 : RCon admin #1: (Global) 1
﻿17:28:54 : RCon admin #1: (Global) This server restarts at 3pm Sydney Time
﻿17:43:30 : Lost Connection!
﻿17:43:30 : Closing socket & exiting!
﻿17:44:49 : Reporter account validated ok!
﻿17:44:50 : Rcon client logging in
﻿17:44:51 : RCon admin #1 (103.13.101.239:63303) logged in
﻿18:07:46 : Lost Connection!
﻿18:07:46 : Closing socket & exiting!
﻿18:13:01 : Reporter account validated ok!
﻿18:13:02 : Rcon client logging in
﻿18:13:02 : RCon admin #1 (103.13.101.239:55633) logged in
﻿18:13:04 : Player #0 King Zog (121.45.250.245:62014) connected
﻿18:13:05 : Player #0 King Zog - GUID: ed93afb5a1d7dd12c0848e3817234489 (unverified)
﻿18:13:05 : RCon admin #1: (Global) BEC : Boss Cocky King Zog Connected
﻿18:13:05 : Verified GUID (ed93afb5a1d7dd12c0848e3817234489) of player #0 King Zog
﻿18:13:06 : Status  -> Ok (ed93afb5a1d7dd12c0848e3817234489)
﻿18:16:03 : RCon admin #1: (Global) 1
﻿18:23:03 : RCon admin #1: (Global) This server restarts at 3pm Sydney Time
﻿18:38:36 : Lost Connection!
﻿18:38:36 : Closing socket & exiting!
﻿18:39:50 : Reporter account validated ok!
﻿18:39:52 : Rcon client logging in
﻿18:39:52 : RCon admin #1 (103.13.101.239:60759) logged in
﻿18:40:11 : Lost Connection!
﻿18:40:11 : Closing socket & exiting!
﻿18:40:37 : Reporter account validated ok!
﻿18:40:38 : Rcon client logging in
﻿18:40:38 : RCon admin #1 (103.13.101.239:61794) logged in
﻿18:40:49 : Player #0 King Zog (121.45.250.245:62014) connected
﻿18:40:50 : Player #0 King Zog - GUID: ed93afb5a1d7dd12c0848e3817234489 (unverified)
﻿18:40:50 : RCon admin #1: (Global) BEC : Boss Cocky King Zog Connected
﻿18:40:50 : Verified GUID (ed93afb5a1d7dd12c0848e3817234489) of player #0 King Zog
﻿18:40:51 : Status  -> Ok (ed93afb5a1d7dd12c0848e3817234489)
﻿18:42:25 : Lost Connection!
﻿18:42:25 : Closing socket & exiting!
﻿18:53:40 : Reporter account validated ok!
﻿18:53:41 : Rcon client logging in
﻿18:53:42 : RCon admin #1 (103.13.101.239:64025) logged in
﻿18:53:42 : Verified GUID (ed93afb5a1d7dd12c0848e3817234489) of player #0 King Zog
﻿18:53:43 : Status  -> Ok (ed93afb5a1d7dd12c0848e3817234489)
﻿18:56:42 : RCon admin #1: (Global) 1
﻿19:03:42 : RCon admin #1: (Global) This server restarts at 3pm Sydney Time
﻿19:21:38 : Lost Connection!
﻿19:21:38 : Closing socket & exiting!
﻿19:23:12 : Reporter account validated ok!
﻿19:23:13 : Rcon client logging in
﻿19:23:14 : RCon admin #1 (103.13.101.239:54524) logged in
﻿19:23:19 : Player #0 King Zog (121.45.250.245:62019) connected
﻿19:23:20 : Player #0 King Zog - GUID: ed93afb5a1d7dd12c0848e3817234489 (unverified)
﻿19:23:20 : RCon admin #1: (Global) BEC : Boss Cocky King Zog Connected
﻿19:23:21 : Verified GUID (ed93afb5a1d7dd12c0848e3817234489) of player #0 King Zog
﻿19:23:21 : Status  -> Ok (ed93afb5a1d7dd12c0848e3817234489)
﻿19:26:14 : RCon admin #1: (Global) 1
﻿19:33:14 : RCon admin #1: (Global) This server restarts at 3pm Sydney Time
﻿20:36:31 : Lost Connection!
﻿20:36:31 : Closing socket & exiting!
﻿20:38:01 : Reporter account validated ok!
﻿20:38:03 : Rcon client logging in
﻿20:38:03 : RCon admin #1 (103.13.101.239:61065) logged in
﻿20:41:03 : RCon admin #1: (Global) 1
﻿20:48:03 : RCon admin #1: (Global) This server restarts at 3pm Sydney Time
﻿20:49:44 : Lost Connection!
﻿20:49:44 : Closing socket & exiting!
﻿20:54:09 : Reporter account validated ok!
﻿20:54:10 : Rcon client logging in
﻿20:54:23 : RCon admin #1 (103.13.101.239:55497) logged in
﻿20:57:11 : RCon admin #1: (Global) 1
﻿21:04:11 : RCon admin #1: (Global) This server restarts at 3pm Sydney Time
﻿21:15:21 : Lost Connection!
﻿21:15:21 : Closing socket & exiting!
﻿21:16:29 : Reporter account validated ok!
﻿21:16:31 : Rcon client logging in
﻿21:16:31 : RCon admin #1 (103.13.101.239:57799) logged in
﻿21:16:33 : Player #0 King Zog (121.45.250.245:62045) connected
﻿21:16:34 : Player #0 King Zog - GUID: ed93afb5a1d7dd12c0848e3817234489 (unverified)
﻿21:16:34 : RCon admin #1: (Global) BEC : Boss Cocky King Zog Connected
﻿21:16:35 : Verified GUID (ed93afb5a1d7dd12c0848e3817234489) of player #0 King Zog
﻿21:16:36 : Status  -> Ok (ed93afb5a1d7dd12c0848e3817234489)
﻿21:19:07 : Lost Connection!
﻿21:19:07 : Closing socket & exiting!
﻿21:39:27 : Reporter account validated ok!
﻿21:39:27 : Rcon client logging in
﻿21:39:28 : RCon admin #1 (103.13.101.239:55060) logged in
﻿21:39:30 : Player #0 King Zog (121.45.250.245:62049) connected
﻿21:39:31 : Player #0 King Zog - GUID: ed93afb5a1d7dd12c0848e3817234489 (unverified)
﻿21:39:32 : RCon admin #1: (Global) BEC : Boss Cocky King Zog Connected
﻿21:39:32 : Verified GUID (ed93afb5a1d7dd12c0848e3817234489) of player #0 King Zog
﻿21:39:33 : Status  -> Ok (ed93afb5a1d7dd12c0848e3817234489)
﻿21:42:14 : Lost Connection!
﻿21:42:14 : Closing socket & exiting!
﻿21:58:03 : Reporter account validated ok!
﻿21:58:04 : Rcon client logging in
﻿21:58:04 : RCon admin #1 (103.13.101.239:53743) logged in
﻿21:58:20 : Player #0 King Zog (121.45.250.245:62054) connected
﻿21:58:21 : Player #0 King Zog - GUID: ed93afb5a1d7dd12c0848e3817234489 (unverified)
﻿21:58:21 : RCon admin #1: (Global) BEC : Boss Cocky King Zog Connected
﻿21:58:22 : Verified GUID (ed93afb5a1d7dd12c0848e3817234489) of player #0 King Zog
﻿21:58:23 : Status  -> Ok (ed93afb5a1d7dd12c0848e3817234489)
﻿22:01:05 : RCon admin #1: (Global) 1
﻿22:05:12 : Lost Connection!
﻿22:05:12 : Closing socket & exiting!
﻿22:07:04 : Reporter account validated ok!
﻿22:07:05 : Rcon client logging in
﻿22:07:17 : RCon admin #1 (103.13.101.239:51629) logged in
﻿22:10:06 : RCon admin #1: (Global) 1
﻿22:10:39 : Lost Connection!
﻿22:10:39 : Closing socket & exiting!
﻿22:12:40 : Reporter account validated ok!
﻿22:12:41 : Rcon client logging in
﻿22:12:54 : RCon admin #1 (103.13.101.239:50545) logged in
﻿22:15:42 : RCon admin #1: (Global) 1
﻿22:22:42 : RCon admin #1: (Global) This server restarts at 3pm Sydney Time
﻿22:23:41 : Lost Connection!
﻿22:23:41 : Closing socket & exiting!
﻿22:25:09 : Reporter account validated ok!
﻿22:25:10 : Rcon client logging in
﻿22:25:11 : RCon admin #1 (103.13.101.239:65128) logged in
﻿22:25:13 : Lost Connection!
﻿22:25:13 : Closing socket & exiting!
﻿22:29:32 : Reporter account validated ok!
﻿22:29:33 : Rcon client logging in
﻿22:29:34 : RCon admin #1 (103.13.101.239:50541) logged in
﻿22:29:50 : Player #0 King Zog (121.45.250.245:62058) connected
﻿22:29:51 : Player #0 King Zog - GUID: ed93afb5a1d7dd12c0848e3817234489 (unverified)
﻿22:29:51 : RCon admin #1: (Global) BEC : Boss Cocky King Zog Connected
﻿22:29:52 : Verified GUID (ed93afb5a1d7dd12c0848e3817234489) of player #0 King Zog
﻿22:29:53 : Status  -> Ok (ed93afb5a1d7dd12c0848e3817234489)
﻿22:32:34 : RCon admin #1: (Global) 1
﻿22:37:26 : Lost Connection!
﻿22:37:26 : Closing socket & exiting!
﻿22:39:06 : Reporter account validated ok!
﻿22:39:07 : Rcon client logging in
﻿22:39:08 : RCon admin #1 (103.13.101.239:59852) logged in
﻿22:42:08 : RCon admin #1: (Global) 1
﻿22:48:22 : Lost Connection!
﻿22:48:22 : Closing socket & exiting!
﻿22:48:50 : Reporter account validated ok!
﻿22:48:51 : Rcon client logging in
﻿22:48:52 : RCon admin #1 (103.13.101.239:61519) logged in
﻿22:48:52 : Player #0 King Zog (121.45.250.245:62058) connected
﻿22:48:54 : Player #0 King Zog - GUID: ed93afb5a1d7dd12c0848e3817234489 (unverified)
﻿22:48:54 : RCon admin #1: (Global) BEC : Boss Cocky King Zog Connected
﻿22:48:54 : Verified GUID (ed93afb5a1d7dd12c0848e3817234489) of player #0 King Zog
﻿22:48:55 : Status  -> Ok (ed93afb5a1d7dd12c0848e3817234489)
﻿22:51:39 : Lost Connection!
﻿22:51:39 : Closing socket & exiting!
