00:00:15 : RCon admin #1: (Global) 1
﻿00:07:15 : RCon admin #1: (Global) This server restarts at 3pm Sydney Time
﻿00:26:11 : Lost Connection!
﻿00:26:11 : Closing socket & exiting!
﻿00:27:42 : Reporter account validated ok!
﻿00:27:44 : Rcon client logging in
﻿00:27:44 : RCon admin #1 (103.13.101.239:59267) logged in
﻿00:27:48 : Player #0 King Zog (121.45.236.58:63917) connected
﻿00:27:49 : Player #0 King Zog - GUID: ed93afb5a1d7dd12c0848e3817234489 (unverified)
﻿00:27:50 : RCon admin #1: (Global) BEC : Boss Cocky King Zog Connected
﻿00:27:50 : Verified GUID (ed93afb5a1d7dd12c0848e3817234489) of player #0 King Zog
﻿00:27:51 : Status  -> Ok (ed93afb5a1d7dd12c0848e3817234489)
﻿00:30:44 : RCon admin #1: (Global) 1
﻿00:37:44 : RCon admin #1: (Global) This server restarts at 3pm Sydney Time
﻿00:42:46 : Lost Connection!
﻿00:42:46 : Closing socket & exiting!
﻿00:46:06 : Reporter account validated ok!
﻿00:46:07 : Rcon client logging in
﻿00:46:07 : RCon admin #1 (103.13.101.239:56664) logged in
﻿00:49:08 : RCon admin #1: (Global) 1
﻿00:56:08 : RCon admin #1: (Global) This server restarts at 3pm Sydney Time
﻿01:04:10 : Lost Connection!
﻿01:04:10 : Closing socket & exiting!
﻿04:26:41 : Reporter account validated ok!
﻿04:26:42 : Rcon client logging in
﻿04:26:42 : RCon admin #1 (103.13.101.239:50179) logged in
﻿04:28:42 : Lost Connection!
﻿04:28:42 : Closing socket & exiting!
﻿04:37:45 : Reporter account validated ok!
﻿04:37:46 : Rcon client logging in
﻿04:38:54 : Lost Connection!
﻿04:38:54 : Closing socket & exiting!
﻿04:42:07 : Reporter account validated ok!
﻿04:42:08 : Rcon client logging in
﻿04:42:08 : RCon admin #1 (103.13.101.239:61028) logged in
﻿04:43:00 : Player #0 King Zog disconnected
﻿04:45:09 : RCon admin #1: (Global) 1
﻿04:47:09 : Lost Connection!
﻿04:47:09 : Closing socket & exiting!
﻿04:48:48 : Reporter account validated ok!
﻿04:48:49 : Rcon client logging in
﻿04:48:50 : RCon admin #1 (103.13.101.239:58716) logged in
﻿04:49:33 : Player #0 King Zog (121.45.236.58:64182) connected
﻿04:49:34 : Player #0 King Zog - GUID: ed93afb5a1d7dd12c0848e3817234489 (unverified)
﻿04:49:35 : RCon admin #1: (Global) BEC : Boss Cocky King Zog Connected
﻿04:49:35 : Verified GUID (ed93afb5a1d7dd12c0848e3817234489) of player #0 King Zog
﻿04:49:36 : Status  -> Ok (ed93afb5a1d7dd12c0848e3817234489)
﻿04:50:25 : Player #0 King Zog disconnected
﻿04:51:50 : RCon admin #1: (Global) 1
﻿04:58:50 : RCon admin #1: (Global) This server restarts at 3pm Sydney Time
﻿06:28:51 : RCon admin #1: (Global) This server restarts at 3pm Sydney Time
﻿07:58:50 : RCon admin #1: (Global) This server restarts at 3pm Sydney Time
﻿09:28:50 : RCon admin #1: (Global) This server restarts at 3pm Sydney Time
﻿10:58:50 : RCon admin #1: (Global) This server restarts at 3pm Sydney Time
﻿12:28:50 : RCon admin #1: (Global) This server restarts at 3pm Sydney Time
﻿13:58:50 : RCon admin #1: (Global) This server restarts at 3pm Sydney Time
﻿14:11:17 : Lost Connection!
﻿14:11:17 : Closing socket & exiting!
﻿15:32:25 : Reporter account validated ok!
﻿15:32:27 : Rcon client logging in
﻿15:32:27 : RCon admin #1 (103.13.101.239:65495) logged in
﻿15:35:27 : RCon admin #1: (Global) 1
﻿15:39:05 : Lost Connection!
﻿15:39:05 : Closing socket & exiting!
﻿15:39:27 : Reporter account validated ok!
﻿15:39:28 : Rcon client logging in
﻿15:39:28 : RCon admin #1 (103.13.101.239:56973) logged in
﻿15:42:29 : RCon admin #1: (Global) 1
﻿15:43:01 : Player #0 King Zog (121.45.224.199:64204) connected
﻿15:43:03 : Player #0 King Zog - GUID: ed93afb5a1d7dd12c0848e3817234489 (unverified)
﻿15:43:03 : RCon admin #1: (Global) BEC : Boss Cocky King Zog Connected
﻿15:43:03 : Verified GUID (ed93afb5a1d7dd12c0848e3817234489) of player #0 King Zog
﻿15:43:04 : Status  -> Ok (ed93afb5a1d7dd12c0848e3817234489)
﻿15:43:23 : Player #0 King Zog disconnected
﻿15:48:50 : Lost Connection!
﻿15:48:50 : Closing socket & exiting!
﻿16:03:04 : Reporter account validated ok!
﻿16:03:06 : Rcon client logging in
﻿16:03:06 : RCon admin #1 (103.13.101.239:58518) logged in
﻿16:05:01 : Lost Connection!
﻿16:05:01 : Closing socket & exiting!
﻿16:18:08 : Reporter account validated ok!
﻿16:18:09 : Rcon client logging in
﻿16:18:09 : RCon admin #1 (103.13.101.239:58446) logged in
﻿16:18:10 : Verified GUID (ed93afb5a1d7dd12c0848e3817234489) of player #0 King Zog
﻿16:20:28 : Player #0 King Zog disconnected
﻿16:21:10 : RCon admin #1: (Global) 1
﻿16:21:36 : Lost Connection!
﻿16:21:36 : Closing socket & exiting!
﻿16:24:02 : Reporter account validated ok!
﻿16:24:03 : Rcon client logging in
﻿16:24:04 : RCon admin #1 (103.13.101.239:61391) logged in
﻿16:24:21 : Player #0 King Zog (121.45.224.199:64209) connected
﻿16:24:22 : Player #0 King Zog - GUID: ed93afb5a1d7dd12c0848e3817234489 (unverified)
﻿16:24:22 : RCon admin #1: (Global) BEC : Boss Cocky King Zog Connected
﻿16:24:22 : Verified GUID (ed93afb5a1d7dd12c0848e3817234489) of player #0 King Zog
﻿16:24:23 : Status  -> Ok (ed93afb5a1d7dd12c0848e3817234489)
﻿16:27:04 : RCon admin #1: (Global) 1
﻿16:27:29 : Lost Connection!
﻿16:27:29 : Closing socket & exiting!
﻿16:27:54 : Reporter account validated ok!
﻿16:27:55 : Rcon client logging in
﻿16:27:56 : RCon admin #1 (103.13.101.239:62277) logged in
﻿16:30:56 : RCon admin #1: (Global) 1
﻿16:33:31 : Lost Connection!
﻿16:33:31 : Closing socket & exiting!
﻿16:35:32 : Reporter account validated ok!
﻿16:35:33 : Rcon client logging in
﻿16:35:33 : RCon admin #1 (103.13.101.239:53462) logged in
﻿16:36:09 : Player #0 King Zog disconnected
﻿16:37:45 : Lost Connection!
﻿16:37:45 : Closing socket & exiting!
﻿16:40:56 : Reporter account validated ok!
﻿16:40:57 : Rcon client logging in
﻿16:40:57 : RCon admin #1 (103.13.101.239:52739) logged in
﻿16:40:57 : Player #0 King Zog - GUID: ed93afb5a1d7dd12c0848e3817234489 (unverified)
﻿16:40:58 : Verified GUID (ed93afb5a1d7dd12c0848e3817234489) of player #0 King Zog
﻿16:40:58 : RCon admin #1: (Global) BEC : Boss Cocky King Zog Connected
﻿16:40:59 : Status  -> Ok (ed93afb5a1d7dd12c0848e3817234489)
﻿16:42:10 : Player #0 King Zog disconnected
﻿16:43:58 : RCon admin #1: (Global) 1
﻿16:48:09 : Lost Connection!
﻿16:48:09 : Closing socket & exiting!
﻿16:51:56 : Reporter account validated ok!
﻿16:51:57 : Rcon client logging in
﻿16:51:58 : RCon admin #1 (103.13.101.239:54278) logged in
﻿16:52:11 : Player #0 King Zog (121.45.224.199:64212) connected
﻿16:52:12 : Player #0 King Zog - GUID: ed93afb5a1d7dd12c0848e3817234489 (unverified)
﻿16:52:12 : RCon admin #1: (Global) BEC : Boss Cocky King Zog Connected
﻿16:52:12 : Verified GUID (ed93afb5a1d7dd12c0848e3817234489) of player #0 King Zog
﻿16:52:13 : Status  -> Ok (ed93afb5a1d7dd12c0848e3817234489)
﻿16:54:58 : RCon admin #1: (Global) 1
﻿17:01:58 : RCon admin #1: (Global) This server restarts at 3pm Sydney Time
﻿17:10:49 : Player #0 King Zog (ed93afb5a1d7dd12c0848e3817234489) has been kicked by BattlEye: Client not responding
﻿17:37:02 : Lost Connection!
﻿17:37:02 : Closing socket & exiting!
﻿17:42:25 : Reporter account validated ok!
﻿17:42:26 : Rcon client logging in
﻿17:42:26 : RCon admin #1 (103.13.101.239:62227) logged in
﻿17:43:28 : Player #0 King Zog disconnected
﻿17:45:27 : RCon admin #1: (Global) 1
﻿17:47:51 : Lost Connection!
﻿17:47:51 : Closing socket & exiting!
﻿17:52:30 : Reporter account validated ok!
﻿17:52:32 : Rcon client logging in
﻿17:52:32 : RCon admin #1 (103.13.101.239:52871) logged in
﻿17:52:45 : Player #0 King Zog (121.45.224.199:64217) connected
﻿17:52:47 : Player #0 King Zog - GUID: ed93afb5a1d7dd12c0848e3817234489 (unverified)
﻿17:52:47 : RCon admin #1: (Global) BEC : Boss Cocky King Zog Connected
﻿17:52:47 : Verified GUID (ed93afb5a1d7dd12c0848e3817234489) of player #0 King Zog
﻿17:52:48 : Status  -> Ok (ed93afb5a1d7dd12c0848e3817234489)
﻿17:55:32 : RCon admin #1: (Global) 1
﻿18:02:32 : RCon admin #1: (Global) This server restarts at 3pm Sydney Time
﻿19:32:32 : RCon admin #1: (Global) This server restarts at 3pm Sydney Time
﻿19:43:24 : Lost Connection!
﻿19:43:24 : Closing socket & exiting!
﻿21:00:45 : Reporter account validated ok!
﻿21:00:47 : Rcon client logging in
﻿21:00:47 : RCon admin #1 (103.13.101.239:52700) logged in
﻿21:02:21 : Player #0 King Zog (121.45.224.199:64265) connected
﻿21:02:22 : Player #0 King Zog - GUID: ed93afb5a1d7dd12c0848e3817234489 (unverified)
﻿21:02:22 : RCon admin #1: (Global) BEC : Boss Cocky King Zog Connected
﻿21:02:22 : Verified GUID (ed93afb5a1d7dd12c0848e3817234489) of player #0 King Zog
﻿21:02:23 : Status  -> Ok (ed93afb5a1d7dd12c0848e3817234489)
﻿21:03:47 : RCon admin #1: (Global) 1
﻿21:09:54 : Lost Connection!
﻿21:09:54 : Closing socket & exiting!
﻿21:26:33 : Reporter account validated ok!
﻿21:26:34 : Rcon client logging in
﻿21:26:35 : RCon admin #1 (103.13.101.239:51674) logged in
﻿21:28:18 : Lost Connection!
﻿21:28:18 : Closing socket & exiting!
﻿21:29:07 : Reporter account validated ok!
﻿21:29:08 : Rcon client logging in
﻿21:29:08 : RCon admin #1 (103.13.101.239:65273) logged in
﻿21:29:37 : Player #0 King Zog (121.45.224.199:64267) connected
﻿21:29:38 : Player #0 King Zog - GUID: ed93afb5a1d7dd12c0848e3817234489 (unverified)
﻿21:29:38 : RCon admin #1: (Global) BEC : Boss Cocky King Zog Connected
﻿21:29:39 : Verified GUID (ed93afb5a1d7dd12c0848e3817234489) of player #0 King Zog
﻿21:29:40 : Status  -> Ok (ed93afb5a1d7dd12c0848e3817234489)
﻿21:32:09 : RCon admin #1: (Global) 1
﻿21:34:54 : Lost Connection!
﻿21:34:54 : Closing socket & exiting!
﻿21:36:54 : Reporter account validated ok!
﻿21:36:56 : Rcon client logging in
﻿21:36:56 : RCon admin #1 (103.13.101.239:59833) logged in
﻿21:38:20 : Player #0 King Zog (121.45.224.199:64267) connected
﻿21:38:22 : Player #0 King Zog - GUID: ed93afb5a1d7dd12c0848e3817234489 (unverified)
﻿21:38:22 : RCon admin #1: (Global) BEC : Boss Cocky King Zog Connected
﻿21:38:22 : Verified GUID (ed93afb5a1d7dd12c0848e3817234489) of player #0 King Zog
﻿21:38:23 : Status  -> Ok (ed93afb5a1d7dd12c0848e3817234489)
﻿21:39:56 : RCon admin #1: (Global) 1
﻿21:41:30 : Player #0 King Zog disconnected
﻿21:46:56 : RCon admin #1: (Global) This server restarts at 3pm Sydney Time
﻿23:16:56 : RCon admin #1: (Global) This server restarts at 3pm Sydney Time
