00:57:00 : RCon admin #1: (Global) This server restarts at 3pm Sydney Time
﻿02:27:00 : RCon admin #1: (Global) This server restarts at 3pm Sydney Time
﻿03:57:00 : RCon admin #1: (Global) This server restarts at 3pm Sydney Time
﻿05:27:00 : RCon admin #1: (Global) This server restarts at 3pm Sydney Time
﻿06:57:00 : RCon admin #1: (Global) This server restarts at 3pm Sydney Time
﻿08:27:00 : RCon admin #1: (Global) This server restarts at 3pm Sydney Time
﻿09:02:30 : Player #0 King Zog (121.45.234.200:61419) connected
﻿09:02:32 : Player #0 King Zog - GUID: ed93afb5a1d7dd12c0848e3817234489 (unverified)
﻿09:02:32 : RCon admin #1: (Global) BEC : Boss Cocky King Zog Connected
﻿09:02:32 : Verified GUID (ed93afb5a1d7dd12c0848e3817234489) of player #0 King Zog
﻿09:54:10 : Lost Connection!
﻿09:54:10 : Closing socket & exiting!
﻿09:59:21 : Rcon client logging in
﻿09:59:21 : RCon admin #1 (103.13.101.239:59243) logged in
﻿10:02:22 : RCon admin #1: (Global) 1
﻿10:04:37 : Player #0 King Zog disconnected
﻿10:09:22 : RCon admin #1: (Global) This server restarts at 3pm Sydney Time
﻿10:32:27 : Lost Connection!
﻿10:32:27 : Closing socket & exiting!
﻿10:34:00 : Rcon client logging in
﻿10:34:00 : RCon admin #1 (103.13.101.239:53686) logged in
﻿10:34:26 : Player #0 King Zog (121.45.234.200:61436) connected
﻿10:34:27 : Player #0 King Zog - GUID: ed93afb5a1d7dd12c0848e3817234489 (unverified)
﻿10:34:27 : RCon admin #1: (Global) BEC : Boss Cocky King Zog Connected
﻿10:34:27 : Verified GUID (ed93afb5a1d7dd12c0848e3817234489) of player #0 King Zog
﻿10:37:01 : RCon admin #1: (Global) 1
﻿10:44:01 : RCon admin #1: (Global) This server restarts at 3pm Sydney Time
﻿11:40:28 : Lost Connection!
﻿11:40:28 : Closing socket & exiting!
﻿11:41:09 : Rcon client logging in
﻿11:41:09 : RCon admin #1 (103.13.101.239:64746) logged in
﻿11:44:10 : RCon admin #1: (Global) 1
﻿11:47:34 : Lost Connection!
﻿11:47:34 : Closing socket & exiting!
﻿11:55:48 : Rcon client logging in
﻿11:55:48 : RCon admin #1 (103.13.101.239:62142) logged in
﻿11:55:49 : Verified GUID (ed93afb5a1d7dd12c0848e3817234489) of player #0 King Zog
﻿11:58:49 : RCon admin #1: (Global) 1
﻿11:59:09 : Lost Connection!
﻿11:59:09 : Closing socket & exiting!
﻿12:04:16 : Rcon client logging in
﻿12:04:16 : RCon admin #1 (103.13.101.239:51078) logged in
﻿12:04:24 : Player #0 King Zog (121.45.234.200:61452) connected
﻿12:04:25 : Player #0 King Zog - GUID: ed93afb5a1d7dd12c0848e3817234489 (unverified)
﻿12:04:26 : RCon admin #1: (Global) BEC : Boss Cocky King Zog Connected
﻿12:04:26 : Verified GUID (ed93afb5a1d7dd12c0848e3817234489) of player #0 King Zog
﻿12:07:17 : RCon admin #1: (Global) 1
﻿12:09:57 : Lost Connection!
﻿12:09:57 : Closing socket & exiting!
﻿12:13:04 : Rcon client logging in
﻿12:13:04 : RCon admin #1 (103.13.101.239:58194) logged in
﻿12:13:21 : Player #0 King Zog (121.45.234.200:61452) connected
﻿12:13:22 : Player #0 King Zog - GUID: ed93afb5a1d7dd12c0848e3817234489 (unverified)
﻿12:13:22 : RCon admin #1: (Global) BEC : Boss Cocky King Zog Connected
﻿12:13:23 : Verified GUID (ed93afb5a1d7dd12c0848e3817234489) of player #0 King Zog
﻿12:16:05 : RCon admin #1: (Global) 1
﻿12:18:09 : Lost Connection!
﻿12:18:09 : Closing socket & exiting!
﻿12:20:06 : Rcon client logging in
﻿12:20:06 : RCon admin #1 (103.13.101.239:53941) logged in
﻿12:20:10 : Player #0 King Zog (121.45.234.200:61455) connected
﻿12:20:11 : Player #0 King Zog - GUID: ed93afb5a1d7dd12c0848e3817234489 (unverified)
﻿12:20:12 : RCon admin #1: (Global) BEC : Boss Cocky King Zog Connected
﻿12:20:12 : Verified GUID (ed93afb5a1d7dd12c0848e3817234489) of player #0 King Zog
﻿12:23:07 : RCon admin #1: (Global) 1
﻿12:29:30 : Lost Connection!
﻿12:29:30 : Closing socket & exiting!
﻿12:34:15 : Rcon client logging in
﻿12:34:15 : RCon admin #1 (103.13.101.239:52952) logged in
﻿12:34:25 : Player #0 King Zog (121.45.234.200:61462) connected
﻿12:34:26 : Player #0 King Zog - GUID: ed93afb5a1d7dd12c0848e3817234489 (unverified)
﻿12:34:27 : RCon admin #1: (Global) BEC : Boss Cocky King Zog Connected
﻿12:34:27 : Verified GUID (ed93afb5a1d7dd12c0848e3817234489) of player #0 King Zog
﻿12:35:47 : Lost Connection!
﻿12:35:47 : Closing socket & exiting!
﻿12:41:04 : Rcon client logging in
﻿12:41:04 : RCon admin #1 (103.13.101.239:61530) logged in
﻿12:44:05 : RCon admin #1: (Global) 1
﻿12:44:19 : Player #0 King Zog disconnected
﻿12:51:05 : RCon admin #1: (Global) This server restarts at 3pm Sydney Time
﻿13:13:09 : Player #0 King Zog (121.45.234.200:61466) connected
﻿13:13:10 : Player #0 King Zog - GUID: ed93afb5a1d7dd12c0848e3817234489 (unverified)
﻿13:13:10 : RCon admin #1: (Global) BEC : Boss Cocky King Zog Connected
﻿13:13:11 : Verified GUID (ed93afb5a1d7dd12c0848e3817234489) of player #0 King Zog
﻿13:20:24 : Lost Connection!
﻿13:20:24 : Closing socket & exiting!
﻿16:33:26 : Rcon client logging in
﻿16:33:26 : RCon admin #1 (103.13.101.239:57525) logged in
﻿16:36:27 : RCon admin #1: (Global) 1
﻿16:40:56 : Lost Connection!
﻿16:40:56 : Closing socket & exiting!
﻿16:58:43 : Rcon client logging in
﻿16:58:43 : RCon admin #1 (103.13.101.239:62074) logged in
﻿16:58:47 : Player #0 King Zog (121.45.234.200:61524) connected
﻿16:58:48 : Player #0 King Zog - GUID: ed93afb5a1d7dd12c0848e3817234489 (unverified)
﻿16:58:48 : RCon admin #1: (Global) BEC : Boss Cocky King Zog Connected
﻿16:58:49 : Verified GUID (ed93afb5a1d7dd12c0848e3817234489) of player #0 King Zog
﻿17:01:44 : RCon admin #1: (Global) 1
﻿17:02:48 : Player #0 King Zog disconnected
﻿17:02:58 : Lost Connection!
﻿17:02:58 : Closing socket & exiting!
﻿17:04:50 : Rcon client logging in
﻿17:04:50 : RCon admin #1 (103.13.101.239:60748) logged in
﻿17:04:51 : Player #0 King Zog - GUID: ed93afb5a1d7dd12c0848e3817234489 (unverified)
﻿17:04:51 : Verified GUID (ed93afb5a1d7dd12c0848e3817234489) of player #0 King Zog
﻿17:04:51 : RCon admin #1: (Global) BEC : Boss Cocky King Zog Connected
﻿17:07:51 : RCon admin #1: (Global) 1
﻿17:10:02 : Lost Connection!
﻿17:10:02 : Closing socket & exiting!
﻿17:11:01 : Rcon client logging in
﻿17:11:01 : RCon admin #1 (103.13.101.239:49387) logged in
﻿17:14:02 : RCon admin #1: (Global) 1
﻿17:14:42 : Lost Connection!
﻿17:14:42 : Closing socket & exiting!
﻿17:21:26 : Rcon client logging in
﻿17:21:26 : RCon admin #1 (103.13.101.239:49684) logged in
﻿17:23:57 : Player #0 King Zog disconnected
﻿17:24:27 : RCon admin #1: (Global) 1
﻿17:31:27 : RCon admin #1: (Global) This server restarts at 3pm Sydney Time
﻿18:19:53 : Lost Connection!
﻿18:19:53 : Closing socket & exiting!
﻿18:20:42 : Rcon client logging in
﻿18:20:42 : RCon admin #1 (103.13.101.239:60767) logged in
﻿18:21:33 : Player #0 King Zog (121.45.234.200:61537) connected
﻿18:21:34 : Player #0 King Zog - GUID: ed93afb5a1d7dd12c0848e3817234489 (unverified)
﻿18:21:34 : RCon admin #1: (Global) BEC : Boss Cocky King Zog Connected
﻿18:21:35 : Verified GUID (ed93afb5a1d7dd12c0848e3817234489) of player #0 King Zog
﻿18:23:43 : RCon admin #1: (Global) 1
﻿18:30:43 : RCon admin #1: (Global) This server restarts at 3pm Sydney Time
﻿18:48:27 : Lost Connection!
﻿18:48:27 : Closing socket & exiting!
﻿18:49:30 : Rcon client logging in
﻿18:49:30 : RCon admin #1 (103.13.101.239:60042) logged in
﻿18:49:32 : Player #0 King Zog (121.45.234.200:61537) connected
﻿18:49:33 : Player #0 King Zog - GUID: ed93afb5a1d7dd12c0848e3817234489 (unverified)
﻿18:49:34 : RCon admin #1: (Global) BEC : Boss Cocky King Zog Connected
﻿18:49:34 : Verified GUID (ed93afb5a1d7dd12c0848e3817234489) of player #0 King Zog
﻿18:52:31 : RCon admin #1: (Global) 1
﻿18:55:04 : Lost Connection!
﻿18:55:04 : Closing socket & exiting!
﻿18:56:50 : Rcon client logging in
﻿18:56:50 : RCon admin #1 (103.13.101.239:53428) logged in
﻿18:59:50 : Lost Connection!
﻿18:59:50 : Closing socket & exiting!
﻿19:00:35 : Rcon client logging in
﻿19:00:35 : RCon admin #1 (103.13.101.239:59984) logged in
﻿19:00:39 : Player #0 King Zog (121.45.234.200:61537) connected
﻿19:00:40 : Player #0 King Zog - GUID: ed93afb5a1d7dd12c0848e3817234489 (unverified)
﻿19:00:40 : RCon admin #1: (Global) BEC : Boss Cocky King Zog Connected
﻿19:00:40 : Verified GUID (ed93afb5a1d7dd12c0848e3817234489) of player #0 King Zog
﻿19:03:36 : RCon admin #1: (Global) 1
﻿19:04:41 : Lost Connection!
﻿19:04:41 : Closing socket & exiting!
﻿19:06:11 : Rcon client logging in
﻿19:06:11 : RCon admin #1 (103.13.101.239:64037) logged in
﻿19:06:21 : Player #0 King Zog (121.45.234.200:61537) connected
﻿19:06:22 : Player #0 King Zog - GUID: ed93afb5a1d7dd12c0848e3817234489 (unverified)
﻿19:06:22 : RCon admin #1: (Global) BEC : Boss Cocky King Zog Connected
﻿19:06:22 : Verified GUID (ed93afb5a1d7dd12c0848e3817234489) of player #0 King Zog
﻿19:09:12 : RCon admin #1: (Global) 1
﻿19:16:12 : RCon admin #1: (Global) This server restarts at 3pm Sydney Time
﻿19:20:59 : Lost Connection!
﻿19:20:59 : Closing socket & exiting!
﻿19:29:50 : Rcon client logging in
﻿19:29:50 : RCon admin #1 (103.13.101.239:64842) logged in
﻿19:30:22 : Player #0 King Zog (121.45.234.200:61551) connected
﻿19:30:24 : Player #0 King Zog - GUID: ed93afb5a1d7dd12c0848e3817234489 (unverified)
﻿19:30:24 : RCon admin #1: (Global) BEC : Boss Cocky King Zog Connected
﻿19:30:24 : Verified GUID (ed93afb5a1d7dd12c0848e3817234489) of player #0 King Zog
﻿19:32:20 : Player #0 King Zog disconnected
﻿19:32:32 : Lost Connection!
﻿19:32:32 : Closing socket & exiting!
﻿19:33:47 : Rcon client logging in
﻿19:33:47 : RCon admin #1 (103.13.101.239:55488) logged in
﻿19:34:00 : Player #0 King Zog (121.45.234.200:61551) connected
﻿19:34:01 : Player #0 King Zog - GUID: ed93afb5a1d7dd12c0848e3817234489 (unverified)
﻿19:34:01 : RCon admin #1: (Global) BEC : Boss Cocky King Zog Connected
﻿19:34:01 : Verified GUID (ed93afb5a1d7dd12c0848e3817234489) of player #0 King Zog
﻿19:36:40 : Lost Connection!
﻿19:36:40 : Closing socket & exiting!
﻿19:37:37 : Rcon client logging in
﻿19:37:37 : RCon admin #1 (103.13.101.239:64599) logged in
﻿19:38:14 : Player #0 King Zog (121.45.234.200:61551) connected
﻿19:38:16 : Player #0 King Zog - GUID: ed93afb5a1d7dd12c0848e3817234489 (unverified)
﻿19:38:16 : Verified GUID (ed93afb5a1d7dd12c0848e3817234489) of player #0 King Zog
﻿19:38:16 : RCon admin #1: (Global) BEC : Boss Cocky King Zog Connected
﻿19:40:38 : RCon admin #1: (Global) 1
﻿19:47:38 : RCon admin #1: (Global) This server restarts at 3pm Sydney Time
﻿20:02:41 : Lost Connection!
﻿20:02:41 : Closing socket & exiting!
﻿20:07:19 : Rcon client logging in
﻿20:07:19 : RCon admin #1 (103.13.101.239:55444) logged in
﻿20:07:28 : Player #0 King Zog (121.45.234.200:61568) connected
﻿20:07:29 : Player #0 King Zog - GUID: ed93afb5a1d7dd12c0848e3817234489 (unverified)
﻿20:07:29 : RCon admin #1: (Global) BEC : Boss Cocky King Zog Connected
﻿20:07:30 : Verified GUID (ed93afb5a1d7dd12c0848e3817234489) of player #0 King Zog
﻿20:10:20 : RCon admin #1: (Global) 1
﻿20:17:20 : RCon admin #1: (Global) This server restarts at 3pm Sydney Time
﻿20:20:43 : Player #0 King Zog disconnected
﻿20:43:22 : Lost Connection!
﻿20:43:22 : Closing socket & exiting!
﻿20:44:24 : Rcon client logging in
﻿20:44:24 : RCon admin #1 (103.13.101.239:65329) logged in
﻿20:44:34 : Player #0 King Zog (121.45.234.200:61570) connected
﻿20:44:36 : Player #0 King Zog - GUID: ed93afb5a1d7dd12c0848e3817234489 (unverified)
﻿20:44:36 : RCon admin #1: (Global) BEC : Boss Cocky King Zog Connected
﻿20:44:36 : Verified GUID (ed93afb5a1d7dd12c0848e3817234489) of player #0 King Zog
﻿20:47:25 : RCon admin #1: (Global) 1
﻿20:54:25 : RCon admin #1: (Global) This server restarts at 3pm Sydney Time
﻿21:52:18 : Player #0 King Zog disconnected
﻿22:03:56 : Lost Connection!
﻿22:03:56 : Closing socket & exiting!
﻿22:04:33 : Rcon client logging in
﻿22:04:33 : RCon admin #1 (103.13.101.239:51369) logged in
﻿22:04:59 : Player #0 King Zog (121.45.234.200:61581) connected
﻿22:05:00 : Player #0 King Zog - GUID: ed93afb5a1d7dd12c0848e3817234489 (unverified)
﻿22:05:00 : RCon admin #1: (Global) BEC : Boss Cocky King Zog Connected
﻿22:05:00 : Verified GUID (ed93afb5a1d7dd12c0848e3817234489) of player #0 King Zog
﻿22:07:34 : RCon admin #1: (Global) 1
﻿22:10:26 : Player #0 King Zog disconnected
﻿22:14:34 : RCon admin #1: (Global) This server restarts at 3pm Sydney Time
﻿22:54:25 : Lost Connection!
﻿22:54:25 : Closing socket & exiting!
﻿22:55:08 : Rcon client logging in
﻿22:55:08 : RCon admin #1 (103.13.101.239:52816) logged in
﻿22:56:42 : Player #0 King Zog (121.45.234.200:61608) connected
﻿22:56:43 : Player #0 King Zog - GUID: ed93afb5a1d7dd12c0848e3817234489 (unverified)
﻿22:56:43 : RCon admin #1: (Global) BEC : Boss Cocky King Zog Connected
﻿22:56:43 : Verified GUID (ed93afb5a1d7dd12c0848e3817234489) of player #0 King Zog
﻿22:58:09 : RCon admin #1: (Global) 1
﻿23:05:09 : RCon admin #1: (Global) This server restarts at 3pm Sydney Time
﻿23:27:31 : Lost Connection!
﻿23:27:31 : Closing socket & exiting!
﻿23:31:01 : Rcon client logging in
﻿23:31:01 : RCon admin #1 (103.13.101.239:59645) logged in
﻿23:31:33 : Player #0 King Zog (121.45.234.200:61608) connected
﻿23:31:34 : Player #0 King Zog - GUID: ed93afb5a1d7dd12c0848e3817234489 (unverified)
﻿23:31:34 : RCon admin #1: (Global) BEC : Boss Cocky King Zog Connected
﻿23:31:34 : Verified GUID (ed93afb5a1d7dd12c0848e3817234489) of player #0 King Zog
﻿23:34:02 : RCon admin #1: (Global) 1
﻿23:41:02 : RCon admin #1: (Global) This server restarts at 3pm Sydney Time
﻿23:44:44 : Player #0 King Zog disconnected
