00:02:32 : Reporter account validated ok!
﻿00:02:33 : Rcon client logging in
﻿00:02:33 : RCon admin #1 (103.13.101.239:51519) logged in
﻿00:02:50 : Player #0 King Zog (121.45.247.16:61917) connected
﻿00:02:51 : Player #0 King Zog - GUID: ed93afb5a1d7dd12c0848e3817234489 (unverified)
﻿00:02:51 : RCon admin #1: (Global) BEC : Boss Cocky King Zog Connected
﻿00:02:51 : Verified GUID (ed93afb5a1d7dd12c0848e3817234489) of player #0 King Zog
﻿00:02:52 : Status  -> Ok (ed93afb5a1d7dd12c0848e3817234489)
﻿00:05:34 : RCon admin #1: (Global) 1
﻿00:11:08 : Player #0 King Zog disconnected
﻿00:12:34 : RCon admin #1: (Global) This server restarts at 3pm Sydney Time
﻿00:20:33 : Lost Connection!
﻿00:20:33 : Closing socket & exiting!
﻿00:22:17 : Reporter account validated ok!
﻿00:22:18 : Rcon client logging in
﻿00:22:19 : RCon admin #1 (103.13.101.239:55048) logged in
﻿00:22:20 : Player #0 King Zog - GUID: ed93afb5a1d7dd12c0848e3817234489 (unverified)
﻿00:22:20 : RCon admin #1: (Global) BEC : Boss Cocky King Zog Connected
﻿00:22:20 : Verified GUID (ed93afb5a1d7dd12c0848e3817234489) of player #0 King Zog
﻿00:25:19 : RCon admin #1: (Global) 1
﻿00:32:19 : RCon admin #1: (Global) This server restarts at 3pm Sydney Time
﻿00:35:42 : Lost Connection!
﻿00:35:42 : Closing socket & exiting!
﻿00:41:52 : Reporter account validated ok!
﻿00:41:53 : Rcon client logging in
﻿00:41:53 : RCon admin #1 (103.13.101.239:53023) logged in
﻿00:44:54 : RCon admin #1: (Global) 1
﻿00:51:54 : RCon admin #1: (Global) This server restarts at 3pm Sydney Time
﻿00:53:00 : Lost Connection!
﻿00:53:00 : Closing socket & exiting!
﻿00:57:17 : Reporter account validated ok!
﻿00:57:18 : Rcon client logging in
﻿00:57:18 : RCon admin #1 (103.13.101.239:49740) logged in
﻿01:00:19 : RCon admin #1: (Global) 1
﻿01:07:19 : RCon admin #1: (Global) This server restarts at 3pm Sydney Time
﻿01:10:43 : Lost Connection!
﻿01:10:43 : Closing socket & exiting!
﻿01:12:38 : Reporter account validated ok!
﻿01:12:39 : Rcon client logging in
﻿01:12:39 : RCon admin #1 (103.13.101.239:63639) logged in
﻿01:13:18 : Player #0 King Zog (121.45.247.16:61929) connected
﻿01:13:20 : Player #0 King Zog - GUID: ed93afb5a1d7dd12c0848e3817234489 (unverified)
﻿01:13:20 : RCon admin #1: (Global) BEC : Boss Cocky King Zog Connected
﻿01:13:20 : Verified GUID (ed93afb5a1d7dd12c0848e3817234489) of player #0 King Zog
﻿01:13:21 : Status  -> Ok (ed93afb5a1d7dd12c0848e3817234489)
﻿01:15:40 : RCon admin #1: (Global) 1
﻿01:22:40 : RCon admin #1: (Global) This server restarts at 3pm Sydney Time
﻿01:32:11 : Lost Connection!
﻿01:32:11 : Closing socket & exiting!
﻿01:34:33 : Reporter account validated ok!
﻿01:34:34 : Rcon client logging in
﻿01:34:34 : RCon admin #1 (103.13.101.239:52200) logged in
﻿01:35:06 : Player #0 King Zog (121.45.247.16:61929) connected
﻿01:35:07 : Player #0 King Zog - GUID: ed93afb5a1d7dd12c0848e3817234489 (unverified)
﻿01:35:07 : RCon admin #1: (Global) BEC : Boss Cocky King Zog Connected
﻿01:35:08 : Verified GUID (ed93afb5a1d7dd12c0848e3817234489) of player #0 King Zog
﻿01:35:09 : Status  -> Ok (ed93afb5a1d7dd12c0848e3817234489)
﻿01:37:35 : RCon admin #1: (Global) 1
﻿01:44:35 : RCon admin #1: (Global) This server restarts at 3pm Sydney Time
﻿01:51:21 : Player #0 King Zog disconnected
﻿03:14:35 : RCon admin #1: (Global) This server restarts at 3pm Sydney Time
﻿04:44:35 : RCon admin #1: (Global) This server restarts at 3pm Sydney Time
﻿06:14:35 : RCon admin #1: (Global) This server restarts at 3pm Sydney Time
﻿07:44:35 : RCon admin #1: (Global) This server restarts at 3pm Sydney Time
﻿09:14:35 : RCon admin #1: (Global) This server restarts at 3pm Sydney Time
﻿10:44:35 : RCon admin #1: (Global) This server restarts at 3pm Sydney Time
﻿12:14:35 : RCon admin #1: (Global) This server restarts at 3pm Sydney Time
﻿12:51:17 : Player #0 King Zog (121.45.247.16:61965) connected
﻿12:51:19 : Player #0 King Zog - GUID: ed93afb5a1d7dd12c0848e3817234489 (unverified)
﻿12:51:19 : RCon admin #1: (Global) BEC : Boss Cocky King Zog Connected
﻿12:51:19 : Verified GUID (ed93afb5a1d7dd12c0848e3817234489) of player #0 King Zog
﻿12:51:20 : Status  -> Ok (ed93afb5a1d7dd12c0848e3817234489)
﻿13:44:35 : RCon admin #1: (Global) This server restarts at 3pm Sydney Time
﻿13:51:44 : Lost Connection!
﻿13:51:44 : Closing socket & exiting!
﻿13:52:51 : Reporter account validated ok!
﻿13:52:52 : Rcon client logging in
﻿13:52:52 : RCon admin #1 (103.13.101.239:63063) logged in
﻿13:53:12 : Player #0 King Zog (121.45.247.16:61965) connected
﻿13:53:13 : Player #0 King Zog - GUID: ed93afb5a1d7dd12c0848e3817234489 (unverified)
﻿13:53:13 : RCon admin #1: (Global) BEC : Boss Cocky King Zog Connected
﻿13:53:13 : Verified GUID (ed93afb5a1d7dd12c0848e3817234489) of player #0 King Zog
﻿13:53:14 : Status  -> Ok (ed93afb5a1d7dd12c0848e3817234489)
﻿13:55:53 : RCon admin #1: (Global) 1
﻿14:02:53 : RCon admin #1: (Global) This server restarts at 3pm Sydney Time
﻿14:28:03 : Lost Connection!
﻿14:28:03 : Closing socket & exiting!
﻿14:30:24 : Reporter account validated ok!
﻿14:30:25 : Rcon client logging in
﻿14:30:25 : RCon admin #1 (103.13.101.239:64363) logged in
﻿14:33:26 : RCon admin #1: (Global) 1
﻿14:40:26 : RCon admin #1: (Global) This server restarts at 3pm Sydney Time
﻿14:42:30 : Lost Connection!
﻿14:42:30 : Closing socket & exiting!
﻿14:52:05 : Reporter account validated ok!
﻿14:52:06 : Rcon client logging in
﻿14:52:06 : RCon admin #1 (103.13.101.239:56074) logged in
﻿14:55:00 : RCon admin #1: (Global) This server will restart in 5 minutes.
﻿14:55:07 : RCon admin #1: (Global) 1
﻿14:55:23 : Player #0 King Zog (121.45.247.16:61985) connected
﻿14:55:25 : Player #0 King Zog - GUID: ed93afb5a1d7dd12c0848e3817234489 (unverified)
﻿14:55:25 : RCon admin #1: (Global) BEC : Boss Cocky King Zog Connected
﻿14:55:25 : Verified GUID (ed93afb5a1d7dd12c0848e3817234489) of player #0 King Zog
﻿14:55:27 : Status  -> Ok (ed93afb5a1d7dd12c0848e3817234489)
﻿14:57:00 : RCon admin #1: (Global) THIS SERVER IS RESTARTING IN 3 MINUTES !.
﻿14:59:00 : RCon admin #1: (Global) THIS SERVER IS RESTARTING IN 60 SECONDS. PRESS ESC TO SAVE !!!
﻿15:00:02 : Lost Connection!
﻿15:00:02 : Closing socket & exiting!
﻿15:01:42 : Reporter account validated ok!
﻿15:01:43 : Rcon client logging in
﻿15:01:43 : RCon admin #1 (103.13.101.239:58552) logged in
﻿15:02:21 : Player #0 King Zog (121.45.247.16:61985) connected
﻿15:02:22 : Player #0 King Zog - GUID: ed93afb5a1d7dd12c0848e3817234489 (unverified)
﻿15:02:22 : RCon admin #1: (Global) BEC : Boss Cocky King Zog Connected
﻿15:02:23 : Verified GUID (ed93afb5a1d7dd12c0848e3817234489) of player #0 King Zog
﻿15:02:24 : Status  -> Ok (ed93afb5a1d7dd12c0848e3817234489)
﻿15:04:44 : RCon admin #1: (Global) 1
﻿15:11:44 : RCon admin #1: (Global) This server restarts at 3pm Sydney Time
﻿15:12:24 : Lost Connection!
﻿15:12:24 : Closing socket & exiting!
﻿15:46:55 : Reporter account validated ok!
﻿15:46:56 : Rcon client logging in
﻿15:46:56 : RCon admin #1 (103.13.101.239:51052) logged in
﻿15:49:57 : RCon admin #1: (Global) 1
﻿15:56:57 : RCon admin #1: (Global) This server restarts at 3pm Sydney Time
﻿16:17:09 : Lost Connection!
﻿16:17:09 : Closing socket & exiting!
﻿16:18:45 : Reporter account validated ok!
﻿16:18:46 : Rcon client logging in
﻿16:18:46 : RCon admin #1 (103.13.101.239:49416) logged in
﻿16:19:32 : Player #0 King Zog (121.45.247.16:61998) connected
﻿16:19:33 : Player #0 King Zog - GUID: ed93afb5a1d7dd12c0848e3817234489 (unverified)
﻿16:19:33 : RCon admin #1: (Global) BEC : Boss Cocky King Zog Connected
﻿16:19:33 : Verified GUID (ed93afb5a1d7dd12c0848e3817234489) of player #0 King Zog
﻿16:19:34 : Status  -> Ok (ed93afb5a1d7dd12c0848e3817234489)
﻿16:21:47 : RCon admin #1: (Global) 1
﻿16:25:37 : Player #0 King Zog (ed93afb5a1d7dd12c0848e3817234489) has been kicked by BattlEye: Client not responding
﻿16:27:43 : Player #0 King Zog (121.45.247.16:62014) connected
﻿16:27:44 : Player #0 King Zog - GUID: ed93afb5a1d7dd12c0848e3817234489 (unverified)
﻿16:27:44 : RCon admin #1: (Global) BEC : Boss Cocky King Zog Connected
﻿16:27:45 : Verified GUID (ed93afb5a1d7dd12c0848e3817234489) of player #0 King Zog
﻿16:27:46 : Status  -> Ok (ed93afb5a1d7dd12c0848e3817234489)
﻿16:28:47 : RCon admin #1: (Global) This server restarts at 3pm Sydney Time
﻿16:32:42 : Lost Connection!
﻿16:32:42 : Closing socket & exiting!
﻿16:47:58 : Reporter account validated ok!
﻿16:47:59 : Rcon client logging in
﻿16:47:59 : RCon admin #1 (103.13.101.239:58450) logged in
﻿16:48:00 : Player #0 King Zog - GUID: ed93afb5a1d7dd12c0848e3817234489 (unverified)
﻿16:48:00 : Verified GUID (ed93afb5a1d7dd12c0848e3817234489) of player #0 King Zog
﻿16:48:00 : RCon admin #1: (Global) BEC : Boss Cocky King Zog Connected
﻿16:48:01 : Status  -> Ok (ed93afb5a1d7dd12c0848e3817234489)
﻿16:51:00 : RCon admin #1: (Global) 1
﻿16:58:00 : RCon admin #1: (Global) This server restarts at 3pm Sydney Time
﻿17:32:36 : Lost Connection!
﻿17:32:36 : Closing socket & exiting!
﻿17:34:57 : Reporter account validated ok!
﻿17:34:58 : Rcon client logging in
﻿17:34:58 : RCon admin #1 (103.13.101.239:56810) logged in
﻿17:35:03 : Player #0 King Zog (121.45.247.16:62017) connected
﻿17:35:05 : Player #0 King Zog - GUID: ed93afb5a1d7dd12c0848e3817234489 (unverified)
﻿17:35:05 : RCon admin #1: (Global) BEC : Boss Cocky King Zog Connected
﻿17:35:05 : Verified GUID (ed93afb5a1d7dd12c0848e3817234489) of player #0 King Zog
﻿17:35:06 : Status  -> Ok (ed93afb5a1d7dd12c0848e3817234489)
﻿17:37:59 : RCon admin #1: (Global) 1
﻿17:44:59 : RCon admin #1: (Global) This server restarts at 3pm Sydney Time
﻿18:57:48 : Lost Connection!
﻿18:57:48 : Closing socket & exiting!
﻿18:59:58 : Reporter account validated ok!
﻿18:59:59 : Rcon client logging in
﻿18:59:59 : RCon admin #1 (103.13.101.239:63987) logged in
﻿19:03:00 : RCon admin #1: (Global) 1
﻿19:10:00 : RCon admin #1: (Global) This server restarts at 3pm Sydney Time
﻿19:21:10 : Lost Connection!
﻿19:21:10 : Closing socket & exiting!
﻿19:23:26 : Reporter account validated ok!
﻿19:23:27 : Rcon client logging in
﻿19:23:28 : RCon admin #1 (103.13.101.239:53219) logged in
﻿19:24:01 : Player #0 King Zog (121.45.247.16:62017) connected
﻿19:24:02 : Player #0 King Zog - GUID: ed93afb5a1d7dd12c0848e3817234489 (unverified)
﻿19:24:02 : RCon admin #1: (Global) BEC : Boss Cocky King Zog Connected
﻿19:24:03 : Verified GUID (ed93afb5a1d7dd12c0848e3817234489) of player #0 King Zog
﻿19:24:04 : Status  -> Ok (ed93afb5a1d7dd12c0848e3817234489)
﻿19:26:28 : RCon admin #1: (Global) 1
﻿19:33:28 : RCon admin #1: (Global) This server restarts at 3pm Sydney Time
﻿19:45:17 : Lost Connection!
﻿19:45:17 : Closing socket & exiting!
﻿19:48:46 : Reporter account validated ok!
﻿19:48:47 : Rcon client logging in
﻿19:48:47 : RCon admin #1 (103.13.101.239:54059) logged in
﻿19:51:48 : RCon admin #1: (Global) 1
﻿19:58:48 : RCon admin #1: (Global) This server restarts at 3pm Sydney Time
﻿20:12:31 : Lost Connection!
﻿20:12:31 : Closing socket & exiting!
﻿20:16:05 : Reporter account validated ok!
﻿20:16:06 : Rcon client logging in
﻿20:16:07 : RCon admin #1 (103.13.101.239:58530) logged in
﻿20:19:07 : RCon admin #1: (Global) 1
﻿20:26:07 : RCon admin #1: (Global) This server restarts at 3pm Sydney Time
﻿20:44:32 : Lost Connection!
﻿20:44:32 : Closing socket & exiting!
﻿20:48:40 : Reporter account validated ok!
﻿20:48:41 : Rcon client logging in
﻿20:48:41 : RCon admin #1 (103.13.101.239:50928) logged in
﻿20:49:18 : Player #0 King Zog (121.45.247.16:62108) connected
﻿20:49:19 : Player #0 King Zog - GUID: ed93afb5a1d7dd12c0848e3817234489 (unverified)
﻿20:49:20 : RCon admin #1: (Global) BEC : Boss Cocky King Zog Connected
﻿20:49:20 : Verified GUID (ed93afb5a1d7dd12c0848e3817234489) of player #0 King Zog
﻿20:49:21 : Status  -> Ok (ed93afb5a1d7dd12c0848e3817234489)
﻿20:51:42 : RCon admin #1: (Global) 1
﻿20:58:42 : RCon admin #1: (Global) This server restarts at 3pm Sydney Time
﻿20:59:18 : Lost Connection!
﻿20:59:18 : Closing socket & exiting!
﻿21:01:07 : Reporter account validated ok!
﻿21:01:08 : Rcon client logging in
﻿21:01:08 : RCon admin #1 (103.13.101.239:62282) logged in
﻿21:04:04 : Lost Connection!
﻿21:04:04 : Closing socket & exiting!
﻿21:06:54 : Reporter account validated ok!
﻿21:06:55 : Rcon client logging in
﻿21:06:56 : RCon admin #1 (103.13.101.239:50465) logged in
﻿21:09:56 : RCon admin #1: (Global) 1
﻿21:12:49 : Lost Connection!
﻿21:12:49 : Closing socket & exiting!
﻿21:18:14 : Reporter account validated ok!
﻿21:18:15 : Rcon client logging in
﻿21:18:15 : RCon admin #1 (103.13.101.239:65118) logged in
﻿21:18:46 : Player #0 King Zog (121.45.247.16:62119) connected
﻿21:18:47 : Player #0 King Zog - GUID: ed93afb5a1d7dd12c0848e3817234489 (unverified)
﻿21:18:47 : RCon admin #1: (Global) BEC : Boss Cocky King Zog Connected
﻿21:18:47 : Verified GUID (ed93afb5a1d7dd12c0848e3817234489) of player #0 King Zog
﻿21:18:48 : Status  -> Ok (ed93afb5a1d7dd12c0848e3817234489)
﻿21:21:16 : RCon admin #1: (Global) 1
﻿21:28:16 : RCon admin #1: (Global) This server restarts at 3pm Sydney Time
﻿21:39:59 : Lost Connection!
﻿21:39:59 : Closing socket & exiting!
﻿21:41:43 : Reporter account validated ok!
﻿21:41:44 : Rcon client logging in
﻿21:41:44 : RCon admin #1 (103.13.101.239:52630) logged in
﻿21:44:45 : RCon admin #1: (Global) 1
﻿21:48:35 : Lost Connection!
﻿21:48:35 : Closing socket & exiting!
﻿21:50:34 : Reporter account validated ok!
﻿21:50:35 : Rcon client logging in
﻿21:50:36 : RCon admin #1 (103.13.101.239:54650) logged in
﻿21:53:36 : RCon admin #1: (Global) 1
﻿21:59:35 : Lost Connection!
﻿21:59:35 : Closing socket & exiting!
﻿22:05:48 : Reporter account validated ok!
﻿22:05:49 : Rcon client logging in
﻿22:05:49 : RCon admin #1 (103.13.101.239:63470) logged in
﻿22:07:56 : Player #0 King Zog (121.45.247.16:62140) connected
﻿22:07:57 : Player #0 King Zog - GUID: ed93afb5a1d7dd12c0848e3817234489 (unverified)
﻿22:07:57 : RCon admin #1: (Global) BEC : Boss Cocky King Zog Connected
﻿22:07:57 : Verified GUID (ed93afb5a1d7dd12c0848e3817234489) of player #0 King Zog
﻿22:07:58 : Status  -> Ok (ed93afb5a1d7dd12c0848e3817234489)
﻿22:08:50 : RCon admin #1: (Global) 1
﻿22:15:50 : RCon admin #1: (Global) This server restarts at 3pm Sydney Time
﻿22:25:11 : Lost Connection!
﻿22:25:11 : Closing socket & exiting!
﻿22:27:10 : Reporter account validated ok!
﻿22:27:11 : Rcon client logging in
﻿22:27:11 : RCon admin #1 (103.13.101.239:64997) logged in
﻿22:27:19 : Player #0 King Zog (121.45.247.16:62140) connected
﻿22:27:20 : Player #0 King Zog - GUID: ed93afb5a1d7dd12c0848e3817234489 (unverified)
﻿22:27:20 : RCon admin #1: (Global) BEC : Boss Cocky King Zog Connected
﻿22:27:21 : Verified GUID (ed93afb5a1d7dd12c0848e3817234489) of player #0 King Zog
﻿22:27:22 : Status  -> Ok (ed93afb5a1d7dd12c0848e3817234489)
﻿22:30:12 : RCon admin #1: (Global) 1
﻿22:37:12 : RCon admin #1: (Global) This server restarts at 3pm Sydney Time
﻿23:35:12 : Player #0 King Zog disconnected
﻿23:44:07 : Lost Connection!
﻿23:44:07 : Closing socket & exiting!
