00:15:23 : RCon admin #1: (Global) This server restarts at 3pm Sydney Time
﻿01:45:23 : RCon admin #1: (Global) This server restarts at 3pm Sydney Time
﻿03:15:23 : RCon admin #1: (Global) This server restarts at 3pm Sydney Time
﻿04:45:23 : RCon admin #1: (Global) This server restarts at 3pm Sydney Time
﻿06:06:10 : Player #0 King Zog (121.45.247.242:62109) connected
﻿06:06:11 : Player #0 King Zog - GUID: ed93afb5a1d7dd12c0848e3817234489 (unverified)
﻿06:06:11 : RCon admin #1: (Global) BEC : Boss Cocky King Zog Connected
﻿06:06:12 : Verified GUID (ed93afb5a1d7dd12c0848e3817234489) of player #0 King Zog
﻿06:10:57 : Player #0 King Zog disconnected
﻿06:11:10 : Lost Connection!
﻿06:11:10 : Closing socket & exiting!
﻿06:12:36 : Rcon client logging in
﻿06:12:37 : RCon admin #1 (103.13.101.239:50147) logged in
﻿06:12:38 : Player #0 King Zog - GUID: ed93afb5a1d7dd12c0848e3817234489 (unverified)
﻿06:12:38 : RCon admin #1: (Global) BEC : Boss Cocky King Zog Connected
﻿06:12:38 : Verified GUID (ed93afb5a1d7dd12c0848e3817234489) of player #0 King Zog
﻿06:14:14 : Player #0 King Zog disconnected
﻿06:15:37 : RCon admin #1: (Global) 1
﻿06:22:37 : RCon admin #1: (Global) This server restarts at 3pm Sydney Time
﻿06:28:15 : Lost Connection!
﻿06:28:15 : Closing socket & exiting!
﻿06:31:47 : Rcon client logging in
﻿06:31:47 : RCon admin #1 (103.13.101.239:53280) logged in
﻿06:32:16 : Player #0 King Zog (121.45.247.242:2316) connected
﻿06:32:17 : Player #0 King Zog - GUID: ed93afb5a1d7dd12c0848e3817234489 (unverified)
﻿06:32:17 : RCon admin #1: (Global) BEC : Boss Cocky King Zog Connected
﻿06:32:18 : Verified GUID (ed93afb5a1d7dd12c0848e3817234489) of player #0 King Zog
﻿06:34:48 : RCon admin #1: (Global) 1
﻿06:41:48 : RCon admin #1: (Global) This server restarts at 3pm Sydney Time
﻿07:21:25 : Lost Connection!
﻿07:21:25 : Closing socket & exiting!
﻿07:23:41 : Rcon client logging in
﻿07:24:32 : Lost Connection!
﻿07:24:32 : Closing socket & exiting!
﻿07:32:30 : Rcon client logging in
﻿07:32:30 : RCon admin #1 (103.13.101.239:65131) logged in
﻿07:32:31 : Player #0 King Zog - GUID: ed93afb5a1d7dd12c0848e3817234489 (unverified)
﻿07:32:31 : Verified GUID (ed93afb5a1d7dd12c0848e3817234489) of player #0 King Zog
﻿07:32:31 : RCon admin #1: (Global) BEC : Boss Cocky King Zog Connected
﻿07:35:31 : RCon admin #1: (Global) 1
﻿07:41:45 : Lost Connection!
﻿07:41:45 : Closing socket & exiting!
﻿07:44:27 : Rcon client logging in
﻿07:44:27 : RCon admin #1 (103.13.101.239:50056) logged in
﻿07:45:00 : Player #0 King Zog (121.45.247.242:62130) connected
﻿07:45:01 : Player #0 King Zog - GUID: ed93afb5a1d7dd12c0848e3817234489 (unverified)
﻿07:45:01 : RCon admin #1: (Global) BEC : Boss Cocky King Zog Connected
﻿07:45:02 : Verified GUID (ed93afb5a1d7dd12c0848e3817234489) of player #0 King Zog
﻿07:47:28 : RCon admin #1: (Global) 1
﻿07:54:28 : RCon admin #1: (Global) This server restarts at 3pm Sydney Time
﻿08:00:14 : Lost Connection!
﻿08:00:14 : Closing socket & exiting!
﻿08:03:58 : Rcon client logging in
﻿08:03:58 : RCon admin #1 (103.13.101.239:51741) logged in
﻿08:04:15 : Player #0 King Zog (121.45.247.242:62130) connected
﻿08:04:16 : Player #0 King Zog - GUID: ed93afb5a1d7dd12c0848e3817234489 (unverified)
﻿08:04:16 : RCon admin #1: (Global) BEC : Boss Cocky King Zog Connected
﻿08:04:16 : Verified GUID (ed93afb5a1d7dd12c0848e3817234489) of player #0 King Zog
﻿08:06:59 : RCon admin #1: (Global) 1
﻿08:08:30 : Player #0 King Zog (ed93afb5a1d7dd12c0848e3817234489) has been kicked by BattlEye: Client not responding
﻿08:08:33 : Lost Connection!
﻿08:08:33 : Closing socket & exiting!
﻿08:13:10 : Rcon client logging in
﻿08:13:10 : RCon admin #1 (103.13.101.239:53440) logged in
﻿08:13:14 : Player #0 King Zog (121.45.230.117:62143) connected
﻿08:13:15 : Player #0 King Zog - GUID: ed93afb5a1d7dd12c0848e3817234489 (unverified)
﻿08:13:15 : RCon admin #1: (Global) BEC : Boss Cocky King Zog Connected
﻿08:13:15 : Verified GUID (ed93afb5a1d7dd12c0848e3817234489) of player #0 King Zog
﻿08:16:11 : RCon admin #1: (Global) 1
﻿08:23:11 : RCon admin #1: (Global) This server restarts at 3pm Sydney Time
﻿08:33:36 : Lost Connection!
﻿08:33:36 : Closing socket & exiting!
﻿08:36:22 : Rcon client logging in
﻿08:36:23 : RCon admin #1 (103.13.101.239:53613) logged in
﻿08:36:23 : Player #0 King Zog (121.45.230.117:62143) connected
﻿08:36:24 : Player #0 King Zog - GUID: ed93afb5a1d7dd12c0848e3817234489 (unverified)
﻿08:36:24 : RCon admin #1: (Global) BEC : Boss Cocky King Zog Connected
﻿08:36:25 : Verified GUID (ed93afb5a1d7dd12c0848e3817234489) of player #0 King Zog
﻿08:38:51 : Lost Connection!
﻿08:38:51 : Closing socket & exiting!
﻿08:41:25 : Rcon client logging in
﻿08:41:25 : RCon admin #1 (103.13.101.239:56273) logged in
﻿08:44:26 : RCon admin #1: (Global) 1
﻿08:51:26 : RCon admin #1: (Global) This server restarts at 3pm Sydney Time
﻿08:59:00 : Lost Connection!
﻿08:59:00 : Closing socket & exiting!
﻿09:03:53 : Rcon client logging in
﻿09:03:53 : RCon admin #1 (103.13.101.239:64395) logged in
﻿09:05:13 : Player #0 King Zog (121.45.230.117:62147) connected
﻿09:05:14 : Player #0 King Zog - GUID: ed93afb5a1d7dd12c0848e3817234489 (unverified)
﻿09:05:14 : RCon admin #1: (Global) BEC : Boss Cocky King Zog Connected
﻿09:05:14 : Verified GUID (ed93afb5a1d7dd12c0848e3817234489) of player #0 King Zog
﻿09:06:54 : RCon admin #1: (Global) 1
﻿09:13:54 : RCon admin #1: (Global) This server restarts at 3pm Sydney Time
﻿09:38:59 : Player #0 King Zog disconnected
﻿09:44:01 : Lost Connection!
﻿09:44:01 : Closing socket & exiting!
﻿09:46:40 : Rcon client logging in
﻿09:46:40 : RCon admin #1 (103.13.101.239:61678) logged in
﻿09:47:02 : Player #0 King Zog (121.45.230.117:62147) connected
﻿09:47:03 : Player #0 King Zog - GUID: ed93afb5a1d7dd12c0848e3817234489 (unverified)
﻿09:47:03 : RCon admin #1: (Global) BEC : Boss Cocky King Zog Connected
﻿09:47:04 : Verified GUID (ed93afb5a1d7dd12c0848e3817234489) of player #0 King Zog
﻿09:49:41 : RCon admin #1: (Global) 1
﻿09:56:41 : RCon admin #1: (Global) This server restarts at 3pm Sydney Time
﻿09:57:52 : Lost Connection!
﻿09:57:52 : Closing socket & exiting!
﻿10:03:41 : Rcon client logging in
﻿10:03:41 : RCon admin #1 (103.13.101.239:58638) logged in
﻿10:03:47 : Player #0 King Zog (121.45.230.117:62156) connected
﻿10:03:48 : Player #0 King Zog - GUID: ed93afb5a1d7dd12c0848e3817234489 (unverified)
﻿10:03:49 : RCon admin #1: (Global) BEC : Boss Cocky King Zog Connected
﻿10:03:49 : Verified GUID (ed93afb5a1d7dd12c0848e3817234489) of player #0 King Zog
﻿10:05:21 : Player #0 King Zog disconnected
﻿10:06:41 : RCon admin #1: (Global) 1
﻿10:09:41 : Lost Connection!
﻿10:09:41 : Closing socket & exiting!
﻿10:12:32 : Rcon client logging in
﻿10:12:32 : RCon admin #1 (103.13.101.239:53901) logged in
﻿10:13:43 : Player #0 King Zog disconnected
﻿10:15:22 : Lost Connection!
﻿10:15:22 : Closing socket & exiting!
﻿10:17:46 : Rcon client logging in
﻿10:17:46 : RCon admin #1 (103.13.101.239:53656) logged in
﻿10:18:10 : Player #0 King Zog (121.45.230.117:62156) connected
﻿10:18:12 : Player #0 King Zog - GUID: ed93afb5a1d7dd12c0848e3817234489 (unverified)
﻿10:18:12 : RCon admin #1: (Global) BEC : Boss Cocky King Zog Connected
﻿10:18:12 : Verified GUID (ed93afb5a1d7dd12c0848e3817234489) of player #0 King Zog
﻿10:20:47 : RCon admin #1: (Global) 1
﻿10:27:47 : RCon admin #1: (Global) This server restarts at 3pm Sydney Time
﻿11:57:47 : RCon admin #1: (Global) This server restarts at 3pm Sydney Time
﻿12:28:08 : Player #0 King Zog disconnected
﻿13:27:47 : RCon admin #1: (Global) This server restarts at 3pm Sydney Time
﻿13:56:50 : Lost Connection!
﻿13:56:50 : Closing socket & exiting!
﻿14:00:02 : Rcon client logging in
﻿14:00:02 : RCon admin #1 (103.13.101.239:57750) logged in
﻿14:00:07 : Player #0 King Zog (121.45.230.117:62188) connected
﻿14:00:09 : Player #0 King Zog - GUID: ed93afb5a1d7dd12c0848e3817234489 (unverified)
﻿14:00:09 : RCon admin #1: (Global) BEC : Boss Cocky King Zog Connected
﻿14:00:09 : Verified GUID (ed93afb5a1d7dd12c0848e3817234489) of player #0 King Zog
﻿14:03:03 : RCon admin #1: (Global) 1
﻿14:06:23 : Could not connect to BE Master
﻿14:06:23 : Update attempt failed
﻿14:10:03 : RCon admin #1: (Global) This server restarts at 3pm Sydney Time
﻿14:30:00 : RCon admin #1: (Global) This server will restart in 30 minutes
﻿14:45:00 : RCon admin #1: (Global) This server will restart in 15 minutes
﻿14:50:00 : RCon admin #1: (Global) This server will restart in 10 minutes.
﻿14:55:00 : RCon admin #1: (Global) This server will restart in 5 minutes.
﻿14:57:00 : RCon admin #1: (Global) THIS SERVER IS RESTARTING IN 3 MINUTES !.
﻿14:59:00 : RCon admin #1: (Global) THIS SERVER IS RESTARTING IN 60 SECONDS. PRESS ESC TO SAVE !!!
﻿15:00:02 : Lost Connection!
﻿15:00:02 : Closing socket & exiting!
﻿16:53:38 : Rcon client logging in
﻿16:53:38 : RCon admin #1 (103.13.101.239:63939) logged in
﻿16:54:01 : Player #0 King Zog (121.45.230.117:62217) connected
﻿16:54:02 : Player #0 King Zog - GUID: ed93afb5a1d7dd12c0848e3817234489 (unverified)
﻿16:54:02 : RCon admin #1: (Global) BEC : Boss Cocky King Zog Connected
﻿16:54:03 : Verified GUID (ed93afb5a1d7dd12c0848e3817234489) of player #0 King Zog
﻿16:56:39 : RCon admin #1: (Global) 1
﻿17:03:39 : RCon admin #1: (Global) This server restarts at 3pm Sydney Time
﻿18:13:48 : Lost Connection!
﻿18:13:48 : Closing socket & exiting!
﻿18:20:04 : Rcon client logging in
﻿18:20:04 : RCon admin #1 (103.13.101.239:59167) logged in
﻿18:20:19 : Player #0 King Zog (121.45.230.117:62217) connected
﻿18:20:20 : Player #0 King Zog - GUID: ed93afb5a1d7dd12c0848e3817234489 (unverified)
﻿18:20:20 : RCon admin #1: (Global) BEC : Boss Cocky King Zog Connected
﻿18:20:21 : Verified GUID (ed93afb5a1d7dd12c0848e3817234489) of player #0 King Zog
﻿18:23:05 : RCon admin #1: (Global) 1
﻿18:30:05 : RCon admin #1: (Global) This server restarts at 3pm Sydney Time
﻿19:33:18 : Rcon client logging in
﻿19:33:18 : RCon admin #1 (103.13.101.239:56331) logged in
﻿19:33:23 : Player #0 King Zog (121.45.230.117:62252) connected
﻿19:33:24 : Player #0 King Zog - GUID: ed93afb5a1d7dd12c0848e3817234489 (unverified)
﻿19:33:24 : RCon admin #1: (Global) BEC : Boss Cocky King Zog Connected
﻿19:33:24 : Verified GUID (ed93afb5a1d7dd12c0848e3817234489) of player #0 King Zog
﻿19:36:19 : RCon admin #1: (Global) 1
﻿19:43:19 : RCon admin #1: (Global) This server restarts at 3pm Sydney Time
﻿20:07:45 : Lost Connection!
﻿20:07:45 : Closing socket & exiting!
﻿20:09:32 : Rcon client logging in
﻿20:09:32 : Verified GUID (ed93afb5a1d7dd12c0848e3817234489) of player #0 King Zog
﻿20:09:32 : RCon admin #1 (103.13.101.239:52282) logged in
﻿20:12:33 : RCon admin #1: (Global) 1
﻿20:16:56 : Lost Connection!
﻿20:16:56 : Closing socket & exiting!
﻿20:18:21 : Rcon client logging in
﻿20:18:21 : RCon admin #1 (103.13.101.239:62487) logged in
﻿20:18:22 : Player #0 King Zog (121.45.230.117:62258) connected
﻿20:18:24 : Player #0 King Zog - GUID: ed93afb5a1d7dd12c0848e3817234489 (unverified)
﻿20:18:24 : RCon admin #1: (Global) BEC : Boss Cocky King Zog Connected
﻿20:18:24 : Verified GUID (ed93afb5a1d7dd12c0848e3817234489) of player #0 King Zog
﻿20:21:22 : RCon admin #1: (Global) 1
﻿20:28:22 : RCon admin #1: (Global) This server restarts at 3pm Sydney Time
﻿20:44:00 : Could not connect to BE Master
﻿20:44:00 : Update attempt failed
﻿20:45:57 : Could not connect to BE Master
﻿20:45:57 : Update attempt failed
﻿20:49:40 : Player #0 King Zog disconnected
﻿21:05:28 : Lost Connection!
﻿21:05:28 : Closing socket & exiting!
﻿21:19:46 : Rcon client logging in
﻿21:19:46 : RCon admin #1 (103.13.101.239:60219) logged in
﻿21:20:12 : Player #0 King Zog (121.45.230.117:62264) connected
﻿21:20:13 : Player #0 King Zog - GUID: ed93afb5a1d7dd12c0848e3817234489 (unverified)
﻿21:20:13 : RCon admin #1: (Global) BEC : Boss Cocky King Zog Connected
﻿21:20:14 : Verified GUID (ed93afb5a1d7dd12c0848e3817234489) of player #0 King Zog
﻿21:22:47 : RCon admin #1: (Global) 1
﻿21:29:47 : RCon admin #1: (Global) This server restarts at 3pm Sydney Time
﻿21:39:22 : Lost Connection!
﻿21:39:22 : Closing socket & exiting!
﻿21:58:11 : Rcon client logging in
﻿21:58:26 : Lost Connection!
﻿21:58:26 : Closing socket & exiting!
﻿22:08:52 : Rcon client logging in
﻿22:08:52 : RCon admin #1 (103.13.101.239:61364) logged in
﻿22:08:53 : Player #0 King Zog - GUID: ed93afb5a1d7dd12c0848e3817234489 (unverified)
﻿22:08:53 : Verified GUID (ed93afb5a1d7dd12c0848e3817234489) of player #0 King Zog
﻿22:08:53 : RCon admin #1: (Global) BEC : Boss Cocky King Zog Connected
﻿22:11:53 : RCon admin #1: (Global) 1
﻿22:12:34 : Player #0 King Zog disconnected
﻿22:12:57 : Lost Connection!
﻿22:12:57 : Closing socket & exiting!
﻿22:51:43 : Rcon client logging in
﻿22:51:43 : RCon admin #1 (103.13.101.239:63061) logged in
﻿22:53:31 : Player #0 headlessclient (127.0.0.1:2316) connected
﻿22:53:32 : Verified GUID () of player #0 headlessclient
﻿22:53:32 : Player #0 headlessclient - Owner GUID: 8539e01499f87083b3a25eb30041261c
﻿22:53:33 : Player #0 headlessclient disconnected
﻿22:53:40 : Player #0 HeadlessClient (127.0.0.1:2316) connected
﻿22:53:41 : Verified GUID () of player #0 HeadlessClient
﻿22:53:41 : Player #0 HeadlessClient - Owner GUID: 8539e01499f87083b3a25eb30041261c
﻿22:53:41 : Player #0 HeadlessClient disconnected
﻿22:53:42 : Player #0 HeadlessClient (127.0.0.1:2316) connected
﻿22:53:43 : Verified GUID () of player #0 HeadlessClient
﻿22:53:43 : Player #0 HeadlessClient - Owner GUID: 8539e01499f87083b3a25eb30041261c
﻿22:53:44 : Player #0 HeadlessClient disconnected
﻿22:53:45 : Player #0 HeadlessClient (127.0.0.1:2316) connected
﻿22:53:46 : Verified GUID () of player #0 HeadlessClient
﻿22:53:46 : Player #0 HeadlessClient - Owner GUID: 8539e01499f87083b3a25eb30041261c
﻿22:53:46 : Player #0 HeadlessClient disconnected
﻿22:53:47 : Player #0 HeadlessClient (127.0.0.1:2316) connected
﻿22:53:48 : Verified GUID () of player #0 HeadlessClient
﻿22:53:48 : Player #0 HeadlessClient - Owner GUID: 8539e01499f87083b3a25eb30041261c
﻿22:53:49 : Player #0 HeadlessClient disconnected
﻿22:53:50 : Player #0 HeadlessClient (127.0.0.1:2316) connected
﻿22:53:51 : Verified GUID () of player #0 HeadlessClient
﻿22:53:51 : Player #0 HeadlessClient - Owner GUID: 8539e01499f87083b3a25eb30041261c
﻿22:53:51 : Player #0 HeadlessClient disconnected
﻿22:53:52 : Player #0 HeadlessClient (127.0.0.1:2316) connected
﻿22:53:53 : Player #0 HeadlessClient disconnected
﻿22:54:44 : RCon admin #1: (Global) 1
﻿22:55:13 : Player #0 King Zog (121.45.230.117:62296) connected
﻿22:55:14 : Player #0 King Zog - GUID: ed93afb5a1d7dd12c0848e3817234489 (unverified)
﻿22:55:14 : RCon admin #1: (Global) BEC : Boss Cocky King Zog Connected
﻿22:55:15 : Verified GUID (ed93afb5a1d7dd12c0848e3817234489) of player #0 King Zog
﻿22:55:41 : Player #1 headlessclient (127.0.0.1:2316) connected
﻿22:55:42 : Verified GUID () of player #1 headlessclient
﻿22:55:42 : Player #1 headlessclient - Owner GUID: 8539e01499f87083b3a25eb30041261c
﻿22:55:43 : Player #1 headlessclient disconnected
﻿22:55:49 : Player #1 headlessclient (127.0.0.1:2316) connected
﻿22:55:50 : Verified GUID () of player #1 headlessclient
﻿22:55:50 : Player #1 headlessclient - Owner GUID: 8539e01499f87083b3a25eb30041261c
﻿22:55:51 : Player #1 headlessclient disconnected
﻿22:55:52 : Player #1 headlessclient (127.0.0.1:2316) connected
﻿22:55:52 : Player #1 headlessclient disconnected
﻿23:01:44 : RCon admin #1: (Global) This server restarts at 3pm Sydney Time
