00:03:47 : RCon admin #1: (Global) This server restarts at 3pm Sydney Time
﻿00:16:18 : Lost Connection!
﻿00:16:18 : Closing socket & exiting!
﻿00:19:02 : Reporter account validated ok!
﻿00:19:03 : Rcon client logging in
﻿00:19:03 : RCon admin #1 (103.13.101.239:57995) logged in
﻿00:22:04 : RCon admin #1: (Global) 1
﻿00:27:16 : Lost Connection!
﻿00:27:16 : Closing socket & exiting!
﻿00:29:04 : Reporter account validated ok!
﻿00:29:05 : Rcon client logging in
﻿00:29:06 : RCon admin #1 (103.13.101.239:62334) logged in
﻿00:29:09 : Player #0 King Zog (121.45.236.212:64979) connected
﻿00:29:10 : Player #0 King Zog - GUID: ed93afb5a1d7dd12c0848e3817234489 (unverified)
﻿00:29:10 : RCon admin #1: (Global) BEC : Boss Cocky King Zog Connected
﻿00:29:11 : Verified GUID (ed93afb5a1d7dd12c0848e3817234489) of player #0 King Zog
﻿00:29:12 : Status  -> Ok (ed93afb5a1d7dd12c0848e3817234489)
﻿00:31:45 : Lost Connection!
﻿00:31:45 : Closing socket & exiting!
﻿00:33:28 : Reporter account validated ok!
﻿00:33:29 : Rcon client logging in
﻿00:33:30 : RCon admin #1 (103.13.101.239:56227) logged in
﻿00:33:40 : Player #0 King Zog (121.45.236.212:64979) connected
﻿00:33:41 : Player #0 King Zog - GUID: ed93afb5a1d7dd12c0848e3817234489 (unverified)
﻿00:33:41 : RCon admin #1: (Global) BEC : Boss Cocky King Zog Connected
﻿00:33:42 : Verified GUID (ed93afb5a1d7dd12c0848e3817234489) of player #0 King Zog
﻿00:33:42 : Status  -> Ok (ed93afb5a1d7dd12c0848e3817234489)
﻿00:36:30 : RCon admin #1: (Global) 1
﻿00:43:30 : RCon admin #1: (Global) This server restarts at 3pm Sydney Time
﻿00:45:37 : Lost Connection!
﻿00:45:37 : Closing socket & exiting!
﻿00:46:24 : Reporter account validated ok!
﻿00:46:26 : Rcon client logging in
﻿00:46:26 : RCon admin #1 (103.13.101.239:59846) logged in
﻿00:46:27 : Player #0 King Zog - GUID: ed93afb5a1d7dd12c0848e3817234489 (unverified)
﻿00:46:27 : RCon admin #1: (Global) BEC : Boss Cocky King Zog Connected
﻿00:46:28 : Verified GUID (ed93afb5a1d7dd12c0848e3817234489) of player #0 King Zog
﻿00:49:26 : RCon admin #1: (Global) 1
﻿00:50:45 : Lost Connection!
﻿00:50:45 : Closing socket & exiting!
﻿00:51:27 : Reporter account validated ok!
﻿00:51:29 : Rcon client logging in
﻿00:51:29 : RCon admin #1 (103.13.101.239:56650) logged in
﻿00:51:29 : Player #0 King Zog - GUID: ed93afb5a1d7dd12c0848e3817234489 (unverified)
﻿00:51:29 : RCon admin #1: (Global) BEC : Boss Cocky King Zog Connected
﻿00:51:30 : Verified GUID (ed93afb5a1d7dd12c0848e3817234489) of player #0 King Zog
﻿00:54:29 : RCon admin #1: (Global) 1
﻿00:56:24 : Lost Connection!
﻿00:56:24 : Closing socket & exiting!
﻿00:56:56 : Reporter account validated ok!
﻿00:56:58 : Rcon client logging in
﻿00:56:58 : RCon admin #1 (103.13.101.239:51826) logged in
﻿00:57:01 : Lost Connection!
﻿00:57:01 : Closing socket & exiting!
﻿00:57:36 : Reporter account validated ok!
﻿00:57:38 : Rcon client logging in
﻿00:57:38 : RCon admin #1 (103.13.101.239:58141) logged in
﻿00:57:42 : Lost Connection!
﻿00:57:42 : Closing socket & exiting!
﻿00:58:18 : Reporter account validated ok!
﻿00:58:20 : Rcon client logging in
﻿00:58:20 : RCon admin #1 (103.13.101.239:58143) logged in
﻿00:58:36 : Player #0 King Zog (121.45.236.212:64979) connected
﻿00:58:37 : Player #0 King Zog - GUID: ed93afb5a1d7dd12c0848e3817234489 (unverified)
﻿00:58:38 : RCon admin #1: (Global) BEC : Boss Cocky King Zog Connected
﻿00:58:38 : Verified GUID (ed93afb5a1d7dd12c0848e3817234489) of player #0 King Zog
﻿00:58:39 : Status  -> Ok (ed93afb5a1d7dd12c0848e3817234489)
﻿01:01:20 : RCon admin #1: (Global) 1
﻿01:02:47 : Lost Connection!
﻿01:02:47 : Closing socket & exiting!
﻿01:03:26 : Reporter account validated ok!
﻿01:03:28 : Rcon client logging in
﻿01:03:28 : RCon admin #1 (103.13.101.239:65154) logged in
﻿01:06:28 : RCon admin #1: (Global) 1
﻿01:11:02 : Player #0 King Zog disconnected
﻿01:11:06 : Lost Connection!
﻿01:11:06 : Closing socket & exiting!
﻿01:11:31 : Reporter account validated ok!
﻿01:11:32 : Rcon client logging in
﻿01:11:33 : RCon admin #1 (103.13.101.239:57131) logged in
﻿01:12:20 : Player #0 King Zog (121.45.236.212:64979) connected
﻿01:12:21 : Player #0 King Zog - GUID: ed93afb5a1d7dd12c0848e3817234489 (unverified)
﻿01:12:22 : RCon admin #1: (Global) BEC : Boss Cocky King Zog Connected
﻿01:12:22 : Verified GUID (ed93afb5a1d7dd12c0848e3817234489) of player #0 King Zog
﻿01:12:23 : Status  -> Ok (ed93afb5a1d7dd12c0848e3817234489)
﻿01:13:47 : Lost Connection!
﻿01:13:47 : Closing socket & exiting!
﻿01:15:14 : Reporter account validated ok!
﻿01:15:15 : Rcon client logging in
﻿01:15:16 : RCon admin #1 (103.13.101.239:57482) logged in
﻿01:15:33 : Player #0 King Zog (121.45.236.212:64979) connected
﻿01:15:34 : Player #0 King Zog - GUID: ed93afb5a1d7dd12c0848e3817234489 (unverified)
﻿01:15:34 : RCon admin #1: (Global) BEC : Boss Cocky King Zog Connected
﻿01:15:34 : Verified GUID (ed93afb5a1d7dd12c0848e3817234489) of player #0 King Zog
﻿01:15:35 : Status  -> Ok (ed93afb5a1d7dd12c0848e3817234489)
﻿01:18:16 : RCon admin #1: (Global) 1
﻿01:25:16 : RCon admin #1: (Global) This server restarts at 3pm Sydney Time
﻿01:29:46 : Lost Connection!
﻿01:29:46 : Closing socket & exiting!
﻿01:35:12 : Reporter account validated ok!
﻿01:35:14 : Rcon client logging in
﻿01:35:14 : RCon admin #1 (103.13.101.239:55003) logged in
﻿01:35:38 : Player #0 King Zog (121.45.236.212:64996) connected
﻿01:35:39 : Player #0 King Zog - GUID: ed93afb5a1d7dd12c0848e3817234489 (unverified)
﻿01:35:40 : RCon admin #1: (Global) BEC : Boss Cocky King Zog Connected
﻿01:35:40 : Verified GUID (ed93afb5a1d7dd12c0848e3817234489) of player #0 King Zog
﻿01:35:41 : Status  -> Ok (ed93afb5a1d7dd12c0848e3817234489)
﻿01:38:14 : RCon admin #1: (Global) 1
﻿01:45:14 : RCon admin #1: (Global) This server restarts at 3pm Sydney Time
﻿01:55:41 : Lost Connection!
﻿01:55:41 : Closing socket & exiting!
﻿01:58:32 : Reporter account validated ok!
﻿01:58:34 : Rcon client logging in
﻿01:58:34 : RCon admin #1 (103.13.101.239:64717) logged in
﻿02:01:34 : RCon admin #1: (Global) 1
﻿02:08:34 : RCon admin #1: (Global) This server restarts at 3pm Sydney Time
﻿02:23:31 : Lost Connection!
﻿02:23:31 : Closing socket & exiting!
﻿14:18:27 : Reporter account validated ok!
﻿14:18:28 : Rcon client logging in
﻿14:18:29 : RCon admin #1 (103.13.101.239:63849) logged in
﻿14:21:29 : RCon admin #1: (Global) 1
﻿14:28:29 : RCon admin #1: (Global) This server restarts at 3pm Sydney Time
﻿14:30:00 : RCon admin #1: (Global) This server will restart in 30 minutes
﻿14:45:00 : RCon admin #1: (Global) This server will restart in 15 minutes
﻿14:50:00 : RCon admin #1: (Global) This server will restart in 10 minutes.
﻿14:55:00 : RCon admin #1: (Global) This server will restart in 5 minutes.
﻿14:57:00 : RCon admin #1: (Global) THIS SERVER IS RESTARTING IN 3 MINUTES !.
﻿14:59:00 : RCon admin #1: (Global) THIS SERVER IS RESTARTING IN 60 SECONDS. PRESS ESC TO SAVE !!!
﻿15:00:02 : Lost Connection!
﻿15:00:02 : Closing socket & exiting!
﻿15:35:04 : Reporter account validated ok!
﻿15:35:05 : Rcon client logging in
﻿15:35:05 : RCon admin #1 (103.13.101.239:49826) logged in
﻿15:35:42 : Player #0 King Zog (121.45.242.42:65096) connected
﻿15:35:43 : Player #0 King Zog - GUID: ed93afb5a1d7dd12c0848e3817234489 (unverified)
﻿15:35:44 : RCon admin #1: (Global) BEC : Boss Cocky King Zog Connected
﻿15:35:44 : Verified GUID (ed93afb5a1d7dd12c0848e3817234489) of player #0 King Zog
﻿15:35:45 : Status  -> Ok (ed93afb5a1d7dd12c0848e3817234489)
﻿15:38:06 : RCon admin #1: (Global) 1
﻿15:40:32 : Lost Connection!
﻿15:40:32 : Closing socket & exiting!
﻿15:42:13 : Reporter account validated ok!
﻿15:42:14 : Rcon client logging in
﻿15:42:14 : RCon admin #1 (103.13.101.239:63988) logged in
﻿15:42:31 : Player #0 King Zog (121.45.242.42:61006) connected
﻿15:42:33 : Player #0 King Zog - GUID: ed93afb5a1d7dd12c0848e3817234489 (unverified)
﻿15:42:33 : RCon admin #1: (Global) BEC : Boss Cocky King Zog Connected
﻿15:42:33 : Verified GUID (ed93afb5a1d7dd12c0848e3817234489) of player #0 King Zog
﻿15:42:34 : Status  -> Ok (ed93afb5a1d7dd12c0848e3817234489)
﻿15:45:15 : RCon admin #1: (Global) 1
﻿15:51:14 : Lost Connection!
﻿15:51:14 : Closing socket & exiting!
﻿15:52:09 : Reporter account validated ok!
﻿15:52:10 : Rcon client logging in
﻿15:52:10 : RCon admin #1 (103.13.101.239:49524) logged in
﻿15:52:20 : Player #0 King Zog (121.45.242.42:61006) connected
﻿15:52:21 : Player #0 King Zog - GUID: ed93afb5a1d7dd12c0848e3817234489 (unverified)
﻿15:52:21 : RCon admin #1: (Global) BEC : Boss Cocky King Zog Connected
﻿15:52:21 : Verified GUID (ed93afb5a1d7dd12c0848e3817234489) of player #0 King Zog
﻿15:52:22 : Status  -> Ok (ed93afb5a1d7dd12c0848e3817234489)
﻿15:55:11 : RCon admin #1: (Global) 1
﻿15:55:50 : Player #0 King Zog disconnected
﻿15:56:32 : Player #0 King Zog (121.45.242.42:61006) connected
﻿15:56:33 : Player #0 King Zog - GUID: ed93afb5a1d7dd12c0848e3817234489 (unverified)
﻿15:56:34 : RCon admin #1: (Global) BEC : Boss Cocky King Zog Connected
﻿15:56:34 : Verified GUID (ed93afb5a1d7dd12c0848e3817234489) of player #0 King Zog
﻿15:56:35 : Status  -> Ok (ed93afb5a1d7dd12c0848e3817234489)
﻿15:59:54 : Player #0 King Zog disconnected
﻿15:59:58 : Lost Connection!
﻿15:59:58 : Closing socket & exiting!
﻿16:00:22 : Reporter account validated ok!
﻿16:00:24 : Rcon client logging in
﻿16:00:24 : RCon admin #1 (103.13.101.239:51165) logged in
﻿16:03:24 : RCon admin #1: (Global) 1
﻿16:10:24 : RCon admin #1: (Global) This server restarts at 3pm Sydney Time
﻿16:10:39 : Lost Connection!
﻿16:10:39 : Closing socket & exiting!
﻿16:15:33 : Reporter account validated ok!
﻿16:15:34 : Rcon client logging in
﻿16:15:35 : RCon admin #1 (103.13.101.239:63458) logged in
﻿16:16:22 : Lost Connection!
﻿16:16:23 : Closing socket & exiting!
﻿16:16:53 : Reporter account validated ok!
﻿16:16:54 : Rcon client logging in
﻿16:16:54 : RCon admin #1 (103.13.101.239:63589) logged in
﻿16:17:50 : Player #0 King Zog (121.45.242.42:61030) connected
﻿16:17:51 : Player #0 King Zog - GUID: ed93afb5a1d7dd12c0848e3817234489 (unverified)
﻿16:17:51 : RCon admin #1: (Global) BEC : Boss Cocky King Zog Connected
﻿16:17:52 : Verified GUID (ed93afb5a1d7dd12c0848e3817234489) of player #0 King Zog
﻿16:17:53 : Status  -> Ok (ed93afb5a1d7dd12c0848e3817234489)
﻿16:19:55 : RCon admin #1: (Global) 1
﻿16:26:55 : RCon admin #1: (Global) This server restarts at 3pm Sydney Time
﻿16:38:47 : Lost Connection!
﻿16:38:47 : Closing socket & exiting!
﻿16:42:19 : Reporter account validated ok!
﻿16:42:20 : Rcon client logging in
﻿16:42:21 : RCon admin #1 (103.13.101.239:52052) logged in
﻿16:42:37 : Player #0 King Zog (121.45.242.42:61030) connected
﻿16:42:38 : Player #0 King Zog - GUID: ed93afb5a1d7dd12c0848e3817234489 (unverified)
﻿16:42:38 : RCon admin #1: (Global) BEC : Boss Cocky King Zog Connected
﻿16:42:39 : Verified GUID (ed93afb5a1d7dd12c0848e3817234489) of player #0 King Zog
﻿16:42:39 : Status  -> Ok (ed93afb5a1d7dd12c0848e3817234489)
﻿16:45:21 : RCon admin #1: (Global) 1
﻿16:48:01 : Lost Connection!
﻿16:48:01 : Closing socket & exiting!
﻿16:49:00 : Reporter account validated ok!
﻿16:49:01 : Rcon client logging in
﻿16:49:02 : RCon admin #1 (103.13.101.239:56450) logged in
﻿16:49:54 : Player #0 King Zog (121.45.242.42:61030) connected
﻿16:49:55 : Player #0 King Zog - GUID: ed93afb5a1d7dd12c0848e3817234489 (unverified)
﻿16:49:55 : RCon admin #1: (Global) BEC : Boss Cocky King Zog Connected
﻿16:49:55 : Verified GUID (ed93afb5a1d7dd12c0848e3817234489) of player #0 King Zog
﻿16:49:56 : Status  -> Ok (ed93afb5a1d7dd12c0848e3817234489)
﻿16:52:02 : RCon admin #1: (Global) 1
﻿16:57:14 : Lost Connection!
﻿16:57:14 : Closing socket & exiting!
﻿16:58:10 : Reporter account validated ok!
﻿16:58:11 : Rcon client logging in
﻿16:58:11 : RCon admin #1 (103.13.101.239:59500) logged in
﻿16:58:30 : Player #0 King Zog (121.45.242.42:61030) connected
﻿16:58:31 : Player #0 King Zog - GUID: ed93afb5a1d7dd12c0848e3817234489 (unverified)
﻿16:58:32 : RCon admin #1: (Global) BEC : Boss Cocky King Zog Connected
﻿16:58:32 : Verified GUID (ed93afb5a1d7dd12c0848e3817234489) of player #0 King Zog
﻿16:58:33 : Status  -> Ok (ed93afb5a1d7dd12c0848e3817234489)
﻿17:01:12 : RCon admin #1: (Global) 1
﻿17:08:12 : RCon admin #1: (Global) This server restarts at 3pm Sydney Time
﻿17:11:14 : Lost Connection!
﻿17:11:14 : Closing socket & exiting!
﻿17:19:24 : Reporter account validated ok!
﻿17:19:25 : Rcon client logging in
﻿17:19:26 : RCon admin #1 (103.13.101.239:63205) logged in
﻿17:22:26 : RCon admin #1: (Global) 1
﻿17:24:04 : Player #0 King Zog (121.45.242.42:61035) connected
﻿17:24:05 : Player #0 King Zog - GUID: ed93afb5a1d7dd12c0848e3817234489 (unverified)
﻿17:24:05 : RCon admin #1: (Global) BEC : Boss Cocky King Zog Connected
﻿17:24:06 : Verified GUID (ed93afb5a1d7dd12c0848e3817234489) of player #0 King Zog
﻿17:24:07 : Status  -> Ok (ed93afb5a1d7dd12c0848e3817234489)
﻿17:29:26 : RCon admin #1: (Global) This server restarts at 3pm Sydney Time
﻿17:31:54 : Player #0 King Zog disconnected
﻿17:36:10 : Lost Connection!
﻿17:36:10 : Closing socket & exiting!
﻿17:38:18 : Reporter account validated ok!
﻿17:38:20 : Rcon client logging in
﻿17:38:20 : RCon admin #1 (103.13.101.239:61158) logged in
﻿17:38:38 : Player #0 King Zog (121.45.242.42:61036) connected
﻿17:38:39 : Player #0 King Zog - GUID: ed93afb5a1d7dd12c0848e3817234489 (unverified)
﻿17:38:39 : RCon admin #1: (Global) BEC : Boss Cocky King Zog Connected
﻿17:38:40 : Verified GUID (ed93afb5a1d7dd12c0848e3817234489) of player #0 King Zog
﻿17:38:41 : Status  -> Ok (ed93afb5a1d7dd12c0848e3817234489)
﻿17:41:20 : RCon admin #1: (Global) 1
﻿17:44:41 : Lost Connection!
﻿17:44:41 : Closing socket & exiting!
﻿17:45:49 : Reporter account validated ok!
﻿17:45:50 : Rcon client logging in
﻿17:45:50 : RCon admin #1 (103.13.101.239:55585) logged in
﻿17:46:15 : Player #0 King Zog (121.45.242.42:61036) connected
﻿17:46:17 : Player #0 King Zog - GUID: ed93afb5a1d7dd12c0848e3817234489 (unverified)
﻿17:46:17 : RCon admin #1: (Global) BEC : Boss Cocky King Zog Connected
﻿17:46:17 : Verified GUID (ed93afb5a1d7dd12c0848e3817234489) of player #0 King Zog
﻿17:46:18 : Status  -> Ok (ed93afb5a1d7dd12c0848e3817234489)
﻿17:48:51 : RCon admin #1: (Global) 1
﻿17:53:53 : Lost Connection!
﻿17:53:53 : Closing socket & exiting!
﻿18:00:29 : Reporter account validated ok!
﻿18:00:30 : Rcon client logging in
﻿18:00:30 : RCon admin #1 (103.13.101.239:60379) logged in
﻿18:03:31 : RCon admin #1: (Global) 1
﻿18:10:31 : RCon admin #1: (Global) This server restarts at 3pm Sydney Time
﻿18:15:35 : Lost Connection!
﻿18:15:35 : Closing socket & exiting!
﻿18:24:39 : Reporter account validated ok!
﻿18:24:40 : Rcon client logging in
﻿18:24:40 : RCon admin #1 (103.13.101.239:56760) logged in
﻿18:24:53 : Player #0 King Zog (121.45.242.42:61044) connected
﻿18:24:54 : Player #0 King Zog - GUID: ed93afb5a1d7dd12c0848e3817234489 (unverified)
﻿18:24:54 : RCon admin #1: (Global) BEC : Boss Cocky King Zog Connected
﻿18:24:54 : Verified GUID (ed93afb5a1d7dd12c0848e3817234489) of player #0 King Zog
﻿18:24:55 : Status  -> Ok (ed93afb5a1d7dd12c0848e3817234489)
﻿18:27:41 : RCon admin #1: (Global) 1
﻿18:34:41 : RCon admin #1: (Global) This server restarts at 3pm Sydney Time
﻿18:47:48 : Lost Connection!
﻿18:47:48 : Closing socket & exiting!
﻿18:48:14 : Reporter account validated ok!
﻿18:48:16 : Rcon client logging in
﻿18:48:16 : RCon admin #1 (103.13.101.239:49386) logged in
﻿18:48:28 : Player #0 King Zog (121.45.242.42:61044) connected
﻿18:48:30 : Player #0 King Zog - GUID: ed93afb5a1d7dd12c0848e3817234489 (unverified)
﻿18:48:30 : RCon admin #1: (Global) BEC : Boss Cocky King Zog Connected
﻿18:48:30 : Verified GUID (ed93afb5a1d7dd12c0848e3817234489) of player #0 King Zog
﻿18:48:31 : Status  -> Ok (ed93afb5a1d7dd12c0848e3817234489)
﻿18:51:16 : RCon admin #1: (Global) 1
﻿18:58:16 : RCon admin #1: (Global) This server restarts at 3pm Sydney Time
﻿19:22:35 : Lost Connection!
﻿19:22:35 : Closing socket & exiting!
﻿19:23:14 : Reporter account validated ok!
﻿19:23:15 : Rcon client logging in
﻿19:23:16 : RCon admin #1 (103.13.101.239:55684) logged in
﻿19:23:37 : Player #0 King Zog (121.45.242.42:61044) connected
﻿19:23:38 : Player #0 King Zog - GUID: ed93afb5a1d7dd12c0848e3817234489 (unverified)
﻿19:23:38 : RCon admin #1: (Global) BEC : Boss Cocky King Zog Connected
﻿19:23:39 : Verified GUID (ed93afb5a1d7dd12c0848e3817234489) of player #0 King Zog
﻿19:23:40 : Status  -> Ok (ed93afb5a1d7dd12c0848e3817234489)
﻿19:26:16 : RCon admin #1: (Global) 1
﻿19:33:16 : RCon admin #1: (Global) This server restarts at 3pm Sydney Time
﻿19:51:25 : Lost Connection!
﻿19:51:25 : Closing socket & exiting!
﻿19:52:12 : Reporter account validated ok!
﻿19:52:13 : Rcon client logging in
﻿19:52:13 : RCon admin #1 (103.13.101.239:55527) logged in
﻿19:52:57 : Player #0 King Zog (121.45.242.42:61229) connected
﻿19:52:58 : Player #0 King Zog - GUID: ed93afb5a1d7dd12c0848e3817234489 (unverified)
﻿19:52:58 : RCon admin #1: (Global) BEC : Boss Cocky King Zog Connected
﻿19:52:59 : Verified GUID (ed93afb5a1d7dd12c0848e3817234489) of player #0 King Zog
﻿19:53:00 : Status  -> Ok (ed93afb5a1d7dd12c0848e3817234489)
﻿19:55:14 : RCon admin #1: (Global) 1
﻿20:02:14 : RCon admin #1: (Global) This server restarts at 3pm Sydney Time
﻿20:04:34 : Lost Connection!
﻿20:04:34 : Closing socket & exiting!
﻿20:06:06 : Reporter account validated ok!
﻿20:06:07 : Rcon client logging in
﻿20:06:08 : RCon admin #1 (103.13.101.239:56241) logged in
﻿20:07:03 : Lost Connection!
﻿20:07:03 : Closing socket & exiting!
﻿20:07:50 : Reporter account validated ok!
﻿20:07:52 : Rcon client logging in
﻿20:07:52 : RCon admin #1 (103.13.101.239:49275) logged in
﻿20:09:16 : Player #0 King Zog (121.45.242.42:61231) connected
﻿20:09:17 : Player #0 King Zog - GUID: ed93afb5a1d7dd12c0848e3817234489 (unverified)
﻿20:09:18 : RCon admin #1: (Global) BEC : Boss Cocky King Zog Connected
﻿20:09:18 : Verified GUID (ed93afb5a1d7dd12c0848e3817234489) of player #0 King Zog
﻿20:09:19 : Status  -> Ok (ed93afb5a1d7dd12c0848e3817234489)
﻿20:10:52 : RCon admin #1: (Global) 1
﻿20:12:25 : Lost Connection!
﻿20:12:25 : Closing socket & exiting!
﻿20:13:17 : Reporter account validated ok!
﻿20:13:19 : Rcon client logging in
﻿20:13:19 : RCon admin #1 (103.13.101.239:51966) logged in
﻿20:14:11 : Player #0 King Zog (121.45.242.42:61231) connected
﻿20:14:12 : Player #0 King Zog - GUID: ed93afb5a1d7dd12c0848e3817234489 (unverified)
﻿20:14:12 : RCon admin #1: (Global) BEC : Boss Cocky King Zog Connected
﻿20:14:12 : Verified GUID (ed93afb5a1d7dd12c0848e3817234489) of player #0 King Zog
﻿20:14:13 : Status  -> Ok (ed93afb5a1d7dd12c0848e3817234489)
﻿20:16:19 : RCon admin #1: (Global) 1
﻿20:20:03 : Lost Connection!
﻿20:20:03 : Closing socket & exiting!
﻿20:23:20 : Reporter account validated ok!
﻿20:23:21 : Rcon client logging in
﻿20:23:21 : RCon admin #1 (103.13.101.239:50296) logged in
﻿20:24:02 : Player #0 King Zog (121.45.242.42:61231) connected
﻿20:24:03 : Player #0 King Zog - GUID: ed93afb5a1d7dd12c0848e3817234489 (unverified)
﻿20:24:04 : RCon admin #1: (Global) BEC : Boss Cocky King Zog Connected
﻿20:24:04 : Verified GUID (ed93afb5a1d7dd12c0848e3817234489) of player #0 King Zog
﻿20:24:05 : Status  -> Ok (ed93afb5a1d7dd12c0848e3817234489)
﻿20:26:22 : RCon admin #1: (Global) 1
﻿20:30:13 : Lost Connection!
﻿20:30:13 : Closing socket & exiting!
﻿20:31:01 : Reporter account validated ok!
﻿20:31:02 : Rcon client logging in
﻿20:31:02 : RCon admin #1 (103.13.101.239:54969) logged in
﻿20:31:27 : Player #0 King Zog (121.45.242.42:61231) connected
﻿20:31:28 : Player #0 King Zog - GUID: ed93afb5a1d7dd12c0848e3817234489 (unverified)
﻿20:31:28 : RCon admin #1: (Global) BEC : Boss Cocky King Zog Connected
﻿20:31:28 : Verified GUID (ed93afb5a1d7dd12c0848e3817234489) of player #0 King Zog
﻿20:31:30 : Status  -> Ok (ed93afb5a1d7dd12c0848e3817234489)
﻿20:34:03 : RCon admin #1: (Global) 1
﻿20:41:03 : RCon admin #1: (Global) This server restarts at 3pm Sydney Time
﻿20:50:20 : Lost Connection!
﻿20:50:20 : Closing socket & exiting!
﻿20:51:13 : Reporter account validated ok!
﻿20:51:14 : Rcon client logging in
﻿20:51:14 : RCon admin #1 (103.13.101.239:55852) logged in
﻿20:54:15 : RCon admin #1: (Global) 1
﻿21:01:15 : RCon admin #1: (Global) This server restarts at 3pm Sydney Time
﻿21:02:00 : Lost Connection!
﻿21:02:00 : Closing socket & exiting!
﻿21:02:34 : Reporter account validated ok!
﻿21:02:35 : Rcon client logging in
﻿21:02:35 : RCon admin #1 (103.13.101.239:52806) logged in
﻿21:03:00 : Player #0 King Zog (121.45.242.42:61243) connected
﻿21:03:02 : Player #0 King Zog - GUID: ed93afb5a1d7dd12c0848e3817234489 (unverified)
﻿21:03:02 : RCon admin #1: (Global) BEC : Boss Cocky King Zog Connected
﻿21:03:02 : Verified GUID (ed93afb5a1d7dd12c0848e3817234489) of player #0 King Zog
﻿21:03:04 : Status  -> Ok (ed93afb5a1d7dd12c0848e3817234489)
﻿21:05:36 : RCon admin #1: (Global) 1
﻿21:10:51 : Lost Connection!
﻿21:10:51 : Closing socket & exiting!
﻿21:11:26 : Reporter account validated ok!
﻿21:11:27 : Rcon client logging in
﻿21:11:27 : RCon admin #1 (103.13.101.239:59003) logged in
﻿21:14:28 : RCon admin #1: (Global) 1
﻿21:21:28 : RCon admin #1: (Global) This server restarts at 3pm Sydney Time
﻿21:24:16 : Lost Connection!
﻿21:24:16 : Closing socket & exiting!
﻿21:26:17 : Rcon client logging in
﻿21:26:17 : RCon admin #1 (103.13.101.239:63307) logged in
﻿21:26:19 : Reporter account validated ok!
﻿21:26:48 : Player #0 King Zog (121.45.242.42:61245) connected
﻿21:26:49 : Player #0 King Zog - GUID: ed93afb5a1d7dd12c0848e3817234489 (unverified)
﻿21:26:49 : RCon admin #1: (Global) BEC : Boss Cocky King Zog Connected
﻿21:26:49 : Verified GUID (ed93afb5a1d7dd12c0848e3817234489) of player #0 King Zog
﻿21:26:56 : Status  -> Ok (ed93afb5a1d7dd12c0848e3817234489)
﻿21:29:18 : RCon admin #1: (Global) 1
﻿21:36:18 : RCon admin #1: (Global) This server restarts at 3pm Sydney Time
﻿21:37:58 : Lost Connection!
﻿21:37:58 : Closing socket & exiting!
﻿22:00:56 : Reporter account validated ok!
﻿22:00:57 : Rcon client logging in
﻿22:00:58 : RCon admin #1 (103.13.101.239:62274) logged in
﻿22:01:32 : Player #0 King Zog (121.45.242.42:61250) connected
﻿22:01:34 : Player #0 King Zog - GUID: ed93afb5a1d7dd12c0848e3817234489 (unverified)
﻿22:01:34 : RCon admin #1: (Global) BEC : Boss Cocky King Zog Connected
﻿22:01:34 : Verified GUID (ed93afb5a1d7dd12c0848e3817234489) of player #0 King Zog
﻿22:01:36 : Status  -> Ok (ed93afb5a1d7dd12c0848e3817234489)
﻿22:03:58 : RCon admin #1: (Global) 1
﻿22:05:38 : Lost Connection!
﻿22:05:38 : Closing socket & exiting!
﻿22:09:36 : Reporter account validated ok!
﻿22:09:37 : Rcon client logging in
﻿22:09:37 : RCon admin #1 (103.13.101.239:52951) logged in
﻿22:09:40 : Player #0 King Zog (121.45.242.42:61250) connected
﻿22:09:42 : Player #0 King Zog - GUID: ed93afb5a1d7dd12c0848e3817234489 (unverified)
﻿22:09:42 : RCon admin #1: (Global) BEC : Boss Cocky King Zog Connected
﻿22:09:42 : Verified GUID (ed93afb5a1d7dd12c0848e3817234489) of player #0 King Zog
﻿22:09:43 : Status  -> Ok (ed93afb5a1d7dd12c0848e3817234489)
﻿22:12:38 : RCon admin #1: (Global) 1
﻿22:12:51 : Lost Connection!
﻿22:12:51 : Closing socket & exiting!
﻿22:13:47 : Reporter account validated ok!
﻿22:13:48 : Rcon client logging in
﻿22:13:48 : RCon admin #1 (103.13.101.239:57440) logged in
﻿22:14:22 : Player #0 King Zog (121.45.242.42:61250) connected
﻿22:14:23 : Player #0 King Zog - GUID: ed93afb5a1d7dd12c0848e3817234489 (unverified)
﻿22:14:23 : RCon admin #1: (Global) BEC : Boss Cocky King Zog Connected
﻿22:14:24 : Verified GUID (ed93afb5a1d7dd12c0848e3817234489) of player #0 King Zog
﻿22:14:25 : Status  -> Ok (ed93afb5a1d7dd12c0848e3817234489)
﻿22:16:49 : RCon admin #1: (Global) 1
﻿22:23:49 : RCon admin #1: (Global) This server restarts at 3pm Sydney Time
﻿22:27:42 : Player #0 King Zog disconnected
﻿22:33:03 : Lost Connection!
﻿22:33:03 : Closing socket & exiting!
﻿22:33:53 : Reporter account validated ok!
﻿22:33:54 : Rcon client logging in
﻿22:33:55 : RCon admin #1 (103.13.101.239:55911) logged in
﻿22:34:02 : Player #0 King Zog (121.45.242.42:61254) connected
﻿22:34:03 : Player #0 King Zog - GUID: ed93afb5a1d7dd12c0848e3817234489 (unverified)
﻿22:34:04 : RCon admin #1: (Global) BEC : Boss Cocky King Zog Connected
﻿22:34:04 : Verified GUID (ed93afb5a1d7dd12c0848e3817234489) of player #0 King Zog
﻿22:34:05 : Status  -> Ok (ed93afb5a1d7dd12c0848e3817234489)
﻿22:36:55 : RCon admin #1: (Global) 1
﻿22:38:24 : Lost Connection!
﻿22:38:24 : Closing socket & exiting!
﻿22:39:05 : Reporter account validated ok!
﻿22:39:06 : Rcon client logging in
﻿22:39:07 : RCon admin #1 (103.13.101.239:63957) logged in
﻿22:39:11 : Player #0 King Zog (121.45.242.42:61254) connected
﻿22:39:12 : Player #0 King Zog - GUID: ed93afb5a1d7dd12c0848e3817234489 (unverified)
﻿22:39:12 : RCon admin #1: (Global) BEC : Boss Cocky King Zog Connected
﻿22:39:12 : Verified GUID (ed93afb5a1d7dd12c0848e3817234489) of player #0 King Zog
﻿22:39:13 : Status  -> Ok (ed93afb5a1d7dd12c0848e3817234489)
﻿22:42:07 : RCon admin #1: (Global) 1
﻿22:47:55 : Lost Connection!
﻿22:47:55 : Closing socket & exiting!
﻿22:48:37 : Reporter account validated ok!
﻿22:48:38 : Rcon client logging in
﻿22:48:38 : RCon admin #1 (103.13.101.239:57699) logged in
﻿22:48:49 : Player #0 King Zog (121.45.242.42:61254) connected
﻿22:48:50 : Player #0 King Zog - GUID: ed93afb5a1d7dd12c0848e3817234489 (unverified)
﻿22:48:51 : RCon admin #1: (Global) BEC : Boss Cocky King Zog Connected
﻿22:48:51 : Verified GUID (ed93afb5a1d7dd12c0848e3817234489) of player #0 King Zog
﻿22:48:52 : Status  -> Ok (ed93afb5a1d7dd12c0848e3817234489)
﻿22:51:39 : RCon admin #1: (Global) 1
﻿22:54:38 : Lost Connection!
﻿22:54:38 : Closing socket & exiting!
﻿22:56:41 : Reporter account validated ok!
﻿22:56:42 : Rcon client logging in
﻿22:56:42 : RCon admin #1 (103.13.101.239:57701) logged in
﻿22:56:46 : Lost Connection!
﻿22:56:46 : Closing socket & exiting!
﻿22:57:17 : Reporter account validated ok!
﻿22:57:18 : Rcon client logging in
﻿22:57:18 : RCon admin #1 (103.13.101.239:63552) logged in
﻿22:57:25 : Player #0 King Zog (121.45.242.42:61254) connected
﻿22:57:26 : Player #0 King Zog - GUID: ed93afb5a1d7dd12c0848e3817234489 (unverified)
﻿22:57:26 : RCon admin #1: (Global) BEC : Boss Cocky King Zog Connected
﻿22:57:26 : Verified GUID (ed93afb5a1d7dd12c0848e3817234489) of player #0 King Zog
﻿22:57:27 : Status  -> Ok (ed93afb5a1d7dd12c0848e3817234489)
﻿23:00:19 : RCon admin #1: (Global) 1
﻿23:02:16 : Lost Connection!
﻿23:02:16 : Closing socket & exiting!
﻿23:02:51 : Reporter account validated ok!
﻿23:02:53 : Rcon client logging in
﻿23:02:53 : RCon admin #1 (103.13.101.239:52506) logged in
﻿23:03:23 : Player #0 King Zog (121.45.242.42:61257) connected
﻿23:03:24 : Player #0 King Zog - GUID: ed93afb5a1d7dd12c0848e3817234489 (unverified)
﻿23:03:24 : RCon admin #1: (Global) BEC : Boss Cocky King Zog Connected
﻿23:03:25 : Verified GUID (ed93afb5a1d7dd12c0848e3817234489) of player #0 King Zog
﻿23:03:26 : Status  -> Ok (ed93afb5a1d7dd12c0848e3817234489)
﻿23:05:53 : RCon admin #1: (Global) 1
﻿23:12:53 : RCon admin #1: (Global) This server restarts at 3pm Sydney Time
﻿23:17:58 : Lost Connection!
﻿23:17:58 : Closing socket & exiting!
﻿23:18:57 : Reporter account validated ok!
﻿23:18:58 : Rcon client logging in
﻿23:18:59 : RCon admin #1 (103.13.101.239:63940) logged in
﻿23:19:32 : Player #0 King Zog (121.45.242.42:61257) connected
﻿23:19:33 : Player #0 King Zog - GUID: ed93afb5a1d7dd12c0848e3817234489 (unverified)
﻿23:19:33 : RCon admin #1: (Global) BEC : Boss Cocky King Zog Connected
﻿23:19:33 : Verified GUID (ed93afb5a1d7dd12c0848e3817234489) of player #0 King Zog
﻿23:19:34 : Status  -> Ok (ed93afb5a1d7dd12c0848e3817234489)
﻿23:21:59 : RCon admin #1: (Global) 1
﻿23:28:59 : RCon admin #1: (Global) This server restarts at 3pm Sydney Time
