00:21:28 : Reporter account validated ok!
﻿00:21:29 : Rcon client logging in
﻿00:21:29 : RCon admin #1 (103.13.101.239:50145) logged in
﻿00:24:30 : RCon admin #1: (Global) 1
﻿00:30:10 : Lost Connection!
﻿00:30:10 : Closing socket & exiting!
﻿00:33:34 : Reporter account validated ok!
﻿00:33:35 : Rcon client logging in
﻿00:33:35 : RCon admin #1 (103.13.101.239:58179) logged in
﻿00:36:36 : RCon admin #1: (Global) 1
﻿00:43:36 : RCon admin #1: (Global) This server restarts at 3pm Sydney Time
﻿00:45:11 : Lost Connection!
﻿00:45:11 : Closing socket & exiting!
﻿00:47:46 : Reporter account validated ok!
﻿00:47:47 : Rcon client logging in
﻿00:47:47 : RCon admin #1 (103.13.101.239:53268) logged in
﻿00:50:48 : RCon admin #1: (Global) 1
﻿00:55:40 : Lost Connection!
﻿00:55:40 : Closing socket & exiting!
﻿00:57:35 : Reporter account validated ok!
﻿00:57:36 : Rcon client logging in
﻿00:57:36 : RCon admin #1 (103.13.101.239:61965) logged in
﻿00:58:07 : Player #0 King Zog (121.45.247.16:62245) connected
﻿00:58:08 : Player #0 King Zog - GUID: ed93afb5a1d7dd12c0848e3817234489 (unverified)
﻿00:58:08 : RCon admin #1: (Global) BEC : Boss Cocky King Zog Connected
﻿00:58:08 : Verified GUID (ed93afb5a1d7dd12c0848e3817234489) of player #0 King Zog
﻿00:58:09 : Status  -> Ok (ed93afb5a1d7dd12c0848e3817234489)
﻿01:00:37 : RCon admin #1: (Global) 1
﻿01:07:37 : RCon admin #1: (Global) This server restarts at 3pm Sydney Time
﻿01:21:37 : Lost Connection!
﻿01:21:37 : Closing socket & exiting!
﻿01:24:19 : Reporter account validated ok!
﻿01:24:19 : Rcon client logging in
﻿01:24:19 : RCon admin #1 (103.13.101.239:59422) logged in
﻿01:27:20 : RCon admin #1: (Global) 1
﻿01:34:09 : Lost Connection!
﻿01:34:09 : Closing socket & exiting!
﻿01:36:15 : Reporter account validated ok!
﻿01:36:16 : Rcon client logging in
﻿01:36:16 : RCon admin #1 (103.13.101.239:63678) logged in
﻿01:37:02 : Player #0 King Zog (121.45.247.16:62268) connected
﻿01:37:03 : Player #0 King Zog - GUID: ed93afb5a1d7dd12c0848e3817234489 (unverified)
﻿01:37:03 : RCon admin #1: (Global) BEC : Boss Cocky King Zog Connected
﻿01:37:04 : Verified GUID (ed93afb5a1d7dd12c0848e3817234489) of player #0 King Zog
﻿01:37:05 : Status  -> Ok (ed93afb5a1d7dd12c0848e3817234489)
﻿01:39:17 : RCon admin #1: (Global) 1
﻿01:46:17 : RCon admin #1: (Global) This server restarts at 3pm Sydney Time
﻿02:05:08 : Lost Connection!
﻿02:05:08 : Closing socket & exiting!
﻿02:08:07 : Reporter account validated ok!
﻿02:08:08 : Rcon client logging in
﻿02:08:09 : RCon admin #1 (103.13.101.239:57667) logged in
﻿02:08:40 : Player #0 King Zog (121.45.247.16:62274) connected
﻿02:08:41 : Player #0 King Zog - GUID: ed93afb5a1d7dd12c0848e3817234489 (unverified)
﻿02:08:41 : RCon admin #1: (Global) BEC : Boss Cocky King Zog Connected
﻿02:08:42 : Verified GUID (ed93afb5a1d7dd12c0848e3817234489) of player #0 King Zog
﻿02:08:43 : Status  -> Ok (ed93afb5a1d7dd12c0848e3817234489)
﻿02:11:09 : RCon admin #1: (Global) 1
﻿02:18:09 : RCon admin #1: (Global) This server restarts at 3pm Sydney Time
﻿02:25:36 : Lost Connection!
﻿02:25:36 : Closing socket & exiting!
﻿02:28:02 : Reporter account validated ok!
﻿02:28:02 : Rcon client logging in
﻿02:28:02 : RCon admin #1 (103.13.101.239:49978) logged in
﻿02:28:18 : Player #0 King Zog (121.45.247.16:62274) connected
﻿02:28:20 : Player #0 King Zog - GUID: ed93afb5a1d7dd12c0848e3817234489 (unverified)
﻿02:28:20 : RCon admin #1: (Global) BEC : Boss Cocky King Zog Connected
﻿02:28:20 : Verified GUID (ed93afb5a1d7dd12c0848e3817234489) of player #0 King Zog
﻿02:28:21 : Status  -> Ok (ed93afb5a1d7dd12c0848e3817234489)
﻿02:31:03 : RCon admin #1: (Global) 1
﻿02:38:03 : RCon admin #1: (Global) This server restarts at 3pm Sydney Time
﻿02:39:09 : Lost Connection!
﻿02:39:09 : Closing socket & exiting!
﻿02:41:20 : Reporter account validated ok!
﻿02:41:21 : Rcon client logging in
﻿02:41:21 : RCon admin #1 (103.13.101.239:63169) logged in
﻿02:44:22 : RCon admin #1: (Global) 1
﻿02:47:16 : Player #0 King Zog disconnected
﻿02:51:22 : RCon admin #1: (Global) This server restarts at 3pm Sydney Time
﻿04:21:22 : RCon admin #1: (Global) This server restarts at 3pm Sydney Time
﻿05:51:22 : RCon admin #1: (Global) This server restarts at 3pm Sydney Time
﻿07:21:22 : RCon admin #1: (Global) This server restarts at 3pm Sydney Time
﻿08:51:22 : RCon admin #1: (Global) This server restarts at 3pm Sydney Time
﻿10:21:22 : RCon admin #1: (Global) This server restarts at 3pm Sydney Time
﻿10:51:15 : Player #0 King Zog (121.45.226.81:62297) connected
﻿10:51:16 : Player #0 King Zog - GUID: ed93afb5a1d7dd12c0848e3817234489 (unverified)
﻿10:51:17 : RCon admin #1: (Global) BEC : Boss Cocky King Zog Connected
﻿10:51:17 : Verified GUID (ed93afb5a1d7dd12c0848e3817234489) of player #0 King Zog
﻿10:51:18 : Status  -> Ok (ed93afb5a1d7dd12c0848e3817234489)
﻿11:51:22 : RCon admin #1: (Global) This server restarts at 3pm Sydney Time
﻿13:21:22 : RCon admin #1: (Global) This server restarts at 3pm Sydney Time
﻿14:30:00 : RCon admin #1: (Global) This server will restart in 30 minutes
﻿14:45:00 : RCon admin #1: (Global) This server will restart in 15 minutes
﻿14:50:00 : RCon admin #1: (Global) This server will restart in 10 minutes.
﻿14:51:22 : RCon admin #1: (Global) This server restarts at 3pm Sydney Time
﻿14:55:00 : RCon admin #1: (Global) This server will restart in 5 minutes.
﻿14:57:00 : RCon admin #1: (Global) THIS SERVER IS RESTARTING IN 3 MINUTES !.
﻿14:59:00 : RCon admin #1: (Global) THIS SERVER IS RESTARTING IN 60 SECONDS. PRESS ESC TO SAVE !!!
﻿15:00:02 : Lost Connection!
﻿15:00:02 : Closing socket & exiting!
﻿15:00:38 : Reporter account validated ok!
﻿15:00:39 : Rcon client logging in
﻿15:00:39 : RCon admin #1 (103.13.101.239:54438) logged in
﻿15:03:40 : RCon admin #1: (Global) 1
﻿15:10:40 : RCon admin #1: (Global) This server restarts at 3pm Sydney Time
﻿16:40:40 : RCon admin #1: (Global) This server restarts at 3pm Sydney Time
﻿18:10:39 : RCon admin #1: (Global) This server restarts at 3pm Sydney Time
﻿19:40:39 : RCon admin #1: (Global) This server restarts at 3pm Sydney Time
﻿21:10:39 : RCon admin #1: (Global) This server restarts at 3pm Sydney Time
﻿22:40:39 : RCon admin #1: (Global) This server restarts at 3pm Sydney Time
