00:05:08 : Player #0 King Zog disconnected
﻿00:13:51 : Lost Connection!
﻿00:13:51 : Closing socket & exiting!
﻿00:19:20 : Reporter account validated ok!
﻿00:19:21 : Rcon client logging in
﻿00:19:21 : RCon admin #1 (103.13.101.239:64637) logged in
﻿00:19:25 : Player #0 King Zog (121.45.249.207:64677) connected
﻿00:19:27 : Player #0 King Zog - GUID: ed93afb5a1d7dd12c0848e3817234489 (unverified)
﻿00:19:27 : RCon admin #1: (Global) BEC : Boss Cocky King Zog Connected
﻿00:19:27 : Verified GUID (ed93afb5a1d7dd12c0848e3817234489) of player #0 King Zog
﻿00:19:28 : Status  -> Ok (ed93afb5a1d7dd12c0848e3817234489)
﻿00:22:22 : RCon admin #1: (Global) 1
﻿00:29:22 : RCon admin #1: (Global) This server restarts at 3pm Sydney Time
﻿00:51:00 : Lost Connection!
﻿00:51:00 : Closing socket & exiting!
﻿00:52:40 : Reporter account validated ok!
﻿00:52:41 : Rcon client logging in
﻿00:52:41 : RCon admin #1 (103.13.101.239:60789) logged in
﻿00:55:42 : RCon admin #1: (Global) 1
﻿00:57:01 : Lost Connection!
﻿00:57:01 : Closing socket & exiting!
﻿01:25:13 : Reporter account validated ok!
﻿01:25:15 : Rcon client logging in
﻿01:25:15 : RCon admin #1 (103.13.101.239:58527) logged in
﻿01:25:17 : Player #0 King Zog (121.45.249.207:64684) connected
﻿01:25:19 : Player #0 King Zog - GUID: ed93afb5a1d7dd12c0848e3817234489 (unverified)
﻿01:25:19 : RCon admin #1: (Global) BEC : Boss Cocky King Zog Connected
﻿01:25:19 : Verified GUID (ed93afb5a1d7dd12c0848e3817234489) of player #0 King Zog
﻿01:25:21 : Status  -> Ok (ed93afb5a1d7dd12c0848e3817234489)
﻿01:27:03 : Lost Connection!
﻿01:27:03 : Closing socket & exiting!
﻿01:28:51 : Reporter account validated ok!
﻿01:28:52 : Rcon client logging in
﻿01:28:52 : RCon admin #1 (103.13.101.239:50825) logged in
﻿01:29:04 : Player #0 King Zog (121.45.249.207:64684) connected
﻿01:29:05 : Player #0 King Zog - GUID: ed93afb5a1d7dd12c0848e3817234489 (unverified)
﻿01:29:05 : RCon admin #1: (Global) BEC : Boss Cocky King Zog Connected
﻿01:29:06 : Verified GUID (ed93afb5a1d7dd12c0848e3817234489) of player #0 King Zog
﻿01:29:08 : Status  -> Ok (ed93afb5a1d7dd12c0848e3817234489)
﻿01:31:53 : RCon admin #1: (Global) 1
﻿01:38:53 : RCon admin #1: (Global) This server restarts at 3pm Sydney Time
﻿01:47:03 : Lost Connection!
﻿01:47:03 : Closing socket & exiting!
﻿01:48:42 : Reporter account validated ok!
﻿01:48:44 : Rcon client logging in
﻿01:48:44 : RCon admin #1 (103.13.101.239:54704) logged in
﻿01:48:49 : Player #0 King Zog (121.45.249.207:64684) connected
﻿01:48:50 : Player #0 King Zog - GUID: ed93afb5a1d7dd12c0848e3817234489 (unverified)
﻿01:48:50 : RCon admin #1: (Global) BEC : Boss Cocky King Zog Connected
﻿01:48:50 : Verified GUID (ed93afb5a1d7dd12c0848e3817234489) of player #0 King Zog
﻿01:48:51 : Status  -> Ok (ed93afb5a1d7dd12c0848e3817234489)
﻿01:51:44 : RCon admin #1: (Global) 1
﻿01:58:44 : RCon admin #1: (Global) This server restarts at 3pm Sydney Time
﻿01:59:03 : Lost Connection!
﻿01:59:03 : Closing socket & exiting!
﻿02:00:53 : Reporter account validated ok!
﻿02:00:54 : Rcon client logging in
﻿02:00:54 : RCon admin #1 (103.13.101.239:58649) logged in
﻿02:00:58 : Player #0 King Zog (121.45.249.207:64684) connected
﻿02:00:59 : Player #0 King Zog - GUID: ed93afb5a1d7dd12c0848e3817234489 (unverified)
﻿02:00:59 : RCon admin #1: (Global) BEC : Boss Cocky King Zog Connected
﻿02:01:00 : Verified GUID (ed93afb5a1d7dd12c0848e3817234489) of player #0 King Zog
﻿02:01:01 : Status  -> Ok (ed93afb5a1d7dd12c0848e3817234489)
﻿02:03:55 : RCon admin #1: (Global) 1
﻿02:10:55 : RCon admin #1: (Global) This server restarts at 3pm Sydney Time
﻿03:14:26 : Lost Connection!
﻿03:14:26 : Closing socket & exiting!
﻿03:18:24 : Reporter account validated ok!
﻿03:18:25 : Rcon client logging in
﻿03:18:26 : RCon admin #1 (103.13.101.239:55289) logged in
﻿03:21:26 : RCon admin #1: (Global) 1
﻿03:23:31 : Player #0 King Zog disconnected
﻿03:28:26 : RCon admin #1: (Global) This server restarts at 3pm Sydney Time
﻿04:58:26 : RCon admin #1: (Global) This server restarts at 3pm Sydney Time
﻿06:28:26 : RCon admin #1: (Global) This server restarts at 3pm Sydney Time
﻿07:58:26 : RCon admin #1: (Global) This server restarts at 3pm Sydney Time
﻿09:28:26 : RCon admin #1: (Global) This server restarts at 3pm Sydney Time
﻿10:58:26 : RCon admin #1: (Global) This server restarts at 3pm Sydney Time
﻿12:12:24 : Player #0 King Zog (121.45.236.212:64726) connected
﻿12:12:25 : Player #0 King Zog - GUID: ed93afb5a1d7dd12c0848e3817234489 (unverified)
﻿12:12:25 : RCon admin #1: (Global) BEC : Boss Cocky King Zog Connected
﻿12:12:25 : Verified GUID (ed93afb5a1d7dd12c0848e3817234489) of player #0 King Zog
﻿12:12:27 : Status  -> Ok (ed93afb5a1d7dd12c0848e3817234489)
﻿12:28:26 : RCon admin #1: (Global) This server restarts at 3pm Sydney Time
﻿13:14:23 : Lost Connection!
﻿13:14:23 : Closing socket & exiting!
﻿13:16:20 : Reporter account validated ok!
﻿13:16:21 : Rcon client logging in
﻿13:16:22 : RCon admin #1 (103.13.101.239:61814) logged in
﻿13:16:30 : Player #0 King Zog (121.45.236.212:64726) connected
﻿13:16:31 : Player #0 King Zog - GUID: ed93afb5a1d7dd12c0848e3817234489 (unverified)
﻿13:16:32 : RCon admin #1: (Global) BEC : Boss Cocky King Zog Connected
﻿13:16:32 : Verified GUID (ed93afb5a1d7dd12c0848e3817234489) of player #0 King Zog
﻿13:16:33 : Status  -> Ok (ed93afb5a1d7dd12c0848e3817234489)
﻿13:18:55 : Player #0 King Zog disconnected
﻿13:19:02 : Player #0 King Zog (121.45.236.212:64726) connected
﻿13:19:04 : Player #0 King Zog - GUID: ed93afb5a1d7dd12c0848e3817234489 (unverified)
﻿13:19:04 : RCon admin #1: (Global) BEC : Boss Cocky King Zog Connected
﻿13:19:04 : Verified GUID (ed93afb5a1d7dd12c0848e3817234489) of player #0 King Zog
﻿13:19:05 : Status  -> Ok (ed93afb5a1d7dd12c0848e3817234489)
﻿13:19:22 : RCon admin #1: (Global) 1
﻿13:26:22 : RCon admin #1: (Global) This server restarts at 3pm Sydney Time
﻿13:53:13 : Lost Connection!
﻿13:53:13 : Closing socket & exiting!
﻿13:56:07 : Reporter account validated ok!
﻿13:56:08 : Rcon client logging in
﻿13:56:08 : RCon admin #1 (103.13.101.239:60942) logged in
﻿13:59:09 : RCon admin #1: (Global) 1
﻿14:06:09 : RCon admin #1: (Global) This server restarts at 3pm Sydney Time
﻿14:19:42 : Lost Connection!
﻿14:19:42 : Closing socket & exiting!
﻿14:20:57 : Reporter account validated ok!
﻿14:20:58 : Rcon client logging in
﻿14:21:11 : RCon admin #1 (103.13.101.239:56446) logged in
﻿14:23:59 : RCon admin #1: (Global) 1
﻿14:27:50 : Lost Connection!
﻿14:27:50 : Closing socket & exiting!
﻿14:29:31 : Reporter account validated ok!
﻿14:29:32 : Rcon client logging in
﻿14:29:33 : RCon admin #1 (103.13.101.239:62991) logged in
﻿14:29:54 : Player #0 King Zog (121.45.236.212:64726) connected
﻿14:29:55 : Player #0 King Zog - GUID: ed93afb5a1d7dd12c0848e3817234489 (unverified)
﻿14:29:55 : RCon admin #1: (Global) BEC : Boss Cocky King Zog Connected
﻿14:29:56 : Verified GUID (ed93afb5a1d7dd12c0848e3817234489) of player #0 King Zog
﻿14:29:57 : Status  -> Ok (ed93afb5a1d7dd12c0848e3817234489)
﻿14:30:11 : RCon admin #1: (Global) This server will restart in 30 minutes
﻿14:32:06 : Lost Connection!
﻿14:32:06 : Closing socket & exiting!
﻿14:40:26 : Reporter account validated ok!
﻿14:40:27 : Rcon client logging in
﻿14:40:27 : RCon admin #1 (103.13.101.239:61715) logged in
﻿14:42:03 : Lost Connection!
﻿14:42:03 : Closing socket & exiting!
﻿14:45:47 : Reporter account validated ok!
﻿14:45:48 : Rcon client logging in
﻿14:45:48 : RCon admin #1 (103.13.101.239:60304) logged in
﻿14:48:16 : Lost Connection!
﻿14:48:16 : Closing socket & exiting!
﻿14:48:44 : Reporter account validated ok!
﻿14:48:45 : Rcon client logging in
﻿14:48:46 : RCon admin #1 (103.13.101.239:58505) logged in
﻿14:49:31 : Player #0 King Zog (121.45.236.212:64736) connected
﻿14:49:32 : Player #0 King Zog - GUID: ed93afb5a1d7dd12c0848e3817234489 (unverified)
﻿14:49:32 : RCon admin #1: (Global) BEC : Boss Cocky King Zog Connected
﻿14:49:32 : Verified GUID (ed93afb5a1d7dd12c0848e3817234489) of player #0 King Zog
﻿14:49:33 : Status  -> Ok (ed93afb5a1d7dd12c0848e3817234489)
﻿14:50:00 : RCon admin #1: (Global) This server will restart in 10 minutes.
﻿14:51:02 : Lost Connection!
﻿14:51:02 : Closing socket & exiting!
﻿14:51:48 : Reporter account validated ok!
﻿14:51:49 : Rcon client logging in
﻿14:51:50 : RCon admin #1 (103.13.101.239:58507) logged in
﻿14:51:57 : Player #0 King Zog (121.45.236.212:64736) connected
﻿14:51:58 : Player #0 King Zog - GUID: ed93afb5a1d7dd12c0848e3817234489 (unverified)
﻿14:51:58 : RCon admin #1: (Global) BEC : Boss Cocky King Zog Connected
﻿14:51:59 : Verified GUID (ed93afb5a1d7dd12c0848e3817234489) of player #0 King Zog
﻿14:52:00 : Status  -> Ok (ed93afb5a1d7dd12c0848e3817234489)
﻿14:54:50 : RCon admin #1: (Global) 1
﻿14:55:00 : RCon admin #1: (Global) This server will restart in 5 minutes.
﻿14:55:21 : Lost Connection!
﻿14:55:21 : Closing socket & exiting!
﻿14:56:35 : Reporter account validated ok!
﻿14:56:36 : Rcon client logging in
﻿14:56:37 : RCon admin #1 (103.13.101.239:52794) logged in
﻿14:56:45 : Player #0 King Zog (121.45.236.212:64736) connected
﻿14:56:46 : Player #0 King Zog - GUID: ed93afb5a1d7dd12c0848e3817234489 (unverified)
﻿14:56:46 : RCon admin #1: (Global) BEC : Boss Cocky King Zog Connected
﻿14:56:46 : Verified GUID (ed93afb5a1d7dd12c0848e3817234489) of player #0 King Zog
﻿14:56:47 : Status  -> Ok (ed93afb5a1d7dd12c0848e3817234489)
﻿14:57:03 : RCon admin #1: (Global) THIS SERVER IS RESTARTING IN 3 MINUTES !.
﻿14:58:40 : Lost Connection!
﻿14:58:40 : Closing socket & exiting!
﻿14:59:51 : Reporter account validated ok!
﻿14:59:52 : Rcon client logging in
﻿14:59:53 : RCon admin #1 (103.13.101.239:57697) logged in
﻿15:00:02 : Lost Connection!
﻿15:00:02 : Closing socket & exiting!
﻿15:11:51 : Reporter account validated ok!
﻿15:11:52 : Rcon client logging in
﻿15:11:52 : RCon admin #1 (103.13.101.239:56458) logged in
﻿15:11:53 : Player #0 King Zog (121.45.236.212:64736) connected
﻿15:11:54 : Player #0 King Zog - GUID: ed93afb5a1d7dd12c0848e3817234489 (unverified)
﻿15:11:54 : RCon admin #1: (Global) BEC : Boss Cocky King Zog Connected
﻿15:11:55 : Verified GUID (ed93afb5a1d7dd12c0848e3817234489) of player #0 King Zog
﻿15:11:56 : Status  -> Ok (ed93afb5a1d7dd12c0848e3817234489)
﻿15:13:28 : Lost Connection!
﻿15:13:28 : Closing socket & exiting!
﻿15:19:39 : Reporter account validated ok!
﻿15:19:40 : Rcon client logging in
﻿15:19:41 : RCon admin #1 (103.13.101.239:54318) logged in
﻿15:22:03 : Lost Connection!
﻿15:22:03 : Closing socket & exiting!
﻿15:47:30 : Reporter account validated ok!
﻿15:47:31 : Rcon client logging in
﻿15:47:32 : RCon admin #1 (103.13.101.239:55345) logged in
﻿15:47:48 : Player #0 King Zog (121.45.236.212:64740) connected
﻿15:47:49 : Player #0 King Zog - GUID: ed93afb5a1d7dd12c0848e3817234489 (unverified)
﻿15:47:50 : RCon admin #1: (Global) BEC : Boss Cocky King Zog Connected
﻿15:47:50 : Verified GUID (ed93afb5a1d7dd12c0848e3817234489) of player #0 King Zog
﻿15:47:51 : Status  -> Ok (ed93afb5a1d7dd12c0848e3817234489)
﻿15:50:32 : RCon admin #1: (Global) 1
﻿15:53:48 : Lost Connection!
﻿15:53:48 : Closing socket & exiting!
﻿15:54:23 : Reporter account validated ok!
﻿15:54:24 : Rcon client logging in
﻿15:54:25 : RCon admin #1 (103.13.101.239:50706) logged in
﻿15:54:50 : Player #0 King Zog (121.45.236.212:64740) connected
﻿15:54:52 : Player #0 King Zog - GUID: ed93afb5a1d7dd12c0848e3817234489 (unverified)
﻿15:54:52 : RCon admin #1: (Global) BEC : Boss Cocky King Zog Connected
﻿15:54:52 : Verified GUID (ed93afb5a1d7dd12c0848e3817234489) of player #0 King Zog
﻿15:54:53 : Status  -> Ok (ed93afb5a1d7dd12c0848e3817234489)
﻿15:57:25 : RCon admin #1: (Global) 1
﻿16:01:19 : Lost Connection!
﻿16:01:19 : Closing socket & exiting!
﻿16:02:05 : Reporter account validated ok!
﻿16:02:06 : Rcon client logging in
﻿16:02:07 : RCon admin #1 (103.13.101.239:61499) logged in
﻿16:03:13 : Player #0 King Zog (121.45.236.212:64740) connected
﻿16:03:15 : Player #0 King Zog - GUID: ed93afb5a1d7dd12c0848e3817234489 (unverified)
﻿16:03:15 : RCon admin #1: (Global) BEC : Boss Cocky King Zog Connected
﻿16:03:15 : Verified GUID (ed93afb5a1d7dd12c0848e3817234489) of player #0 King Zog
﻿16:03:17 : Status  -> Ok (ed93afb5a1d7dd12c0848e3817234489)
﻿16:05:07 : RCon admin #1: (Global) 1
﻿16:12:07 : RCon admin #1: (Global) This server restarts at 3pm Sydney Time
﻿16:19:12 : Lost Connection!
﻿16:19:12 : Closing socket & exiting!
﻿16:19:46 : Reporter account validated ok!
﻿16:19:47 : Rcon client logging in
﻿16:19:47 : RCon admin #1 (103.13.101.239:62678) logged in
﻿16:20:42 : Player #0 King Zog (121.45.236.212:64740) connected
﻿16:20:43 : Player #0 King Zog - GUID: ed93afb5a1d7dd12c0848e3817234489 (unverified)
﻿16:20:43 : RCon admin #1: (Global) BEC : Boss Cocky King Zog Connected
﻿16:20:44 : Verified GUID (ed93afb5a1d7dd12c0848e3817234489) of player #0 King Zog
﻿16:20:45 : Status  -> Ok (ed93afb5a1d7dd12c0848e3817234489)
﻿16:22:48 : RCon admin #1: (Global) 1
﻿16:29:48 : RCon admin #1: (Global) This server restarts at 3pm Sydney Time
﻿16:40:15 : Lost Connection!
﻿16:40:15 : Closing socket & exiting!
﻿16:40:46 : Reporter account validated ok!
﻿16:40:48 : Rcon client logging in
﻿16:40:48 : RCon admin #1 (103.13.101.239:52476) logged in
﻿16:40:52 : Player #0 King Zog (121.45.236.212:64740) connected
﻿16:40:53 : Player #0 King Zog - GUID: ed93afb5a1d7dd12c0848e3817234489 (unverified)
﻿16:40:53 : RCon admin #1: (Global) BEC : Boss Cocky King Zog Connected
﻿16:40:53 : Verified GUID (ed93afb5a1d7dd12c0848e3817234489) of player #0 King Zog
﻿16:40:54 : Status  -> Ok (ed93afb5a1d7dd12c0848e3817234489)
﻿16:43:48 : RCon admin #1: (Global) 1
﻿16:48:12 : Lost Connection!
﻿16:48:12 : Closing socket & exiting!
﻿16:48:47 : Reporter account validated ok!
﻿16:48:48 : Rcon client logging in
﻿16:48:48 : RCon admin #1 (103.13.101.239:58284) logged in
﻿16:49:10 : Player #0 King Zog (121.45.236.212:64740) connected
﻿16:49:12 : Player #0 King Zog - GUID: ed93afb5a1d7dd12c0848e3817234489 (unverified)
﻿16:49:12 : RCon admin #1: (Global) BEC : Boss Cocky King Zog Connected
﻿16:49:12 : Verified GUID (ed93afb5a1d7dd12c0848e3817234489) of player #0 King Zog
﻿16:49:13 : Status  -> Ok (ed93afb5a1d7dd12c0848e3817234489)
﻿16:51:49 : RCon admin #1: (Global) 1
﻿16:52:58 : Lost Connection!
﻿16:52:58 : Closing socket & exiting!
﻿16:53:29 : Reporter account validated ok!
﻿16:53:30 : Rcon client logging in
﻿16:53:30 : RCon admin #1 (103.13.101.239:60798) logged in
﻿16:54:42 : Player #0 King Zog (121.45.236.212:64740) connected
﻿16:54:43 : Player #0 King Zog - GUID: ed93afb5a1d7dd12c0848e3817234489 (unverified)
﻿16:54:43 : RCon admin #1: (Global) BEC : Boss Cocky King Zog Connected
﻿16:54:43 : Verified GUID (ed93afb5a1d7dd12c0848e3817234489) of player #0 King Zog
﻿16:54:44 : Status  -> Ok (ed93afb5a1d7dd12c0848e3817234489)
﻿16:56:31 : RCon admin #1: (Global) 1
﻿17:00:46 : Lost Connection!
﻿17:00:46 : Closing socket & exiting!
﻿17:01:17 : Reporter account validated ok!
﻿17:01:18 : Rcon client logging in
﻿17:01:18 : RCon admin #1 (103.13.101.239:62329) logged in
﻿17:01:24 : Lost Connection!
﻿17:01:24 : Closing socket & exiting!
﻿17:01:57 : Reporter account validated ok!
﻿17:01:59 : Rcon client logging in
﻿17:01:59 : RCon admin #1 (103.13.101.239:52970) logged in
﻿17:02:34 : Player #0 King Zog (121.45.236.212:64740) connected
﻿17:02:36 : Player #0 King Zog - GUID: ed93afb5a1d7dd12c0848e3817234489 (unverified)
﻿17:02:36 : RCon admin #1: (Global) BEC : Boss Cocky King Zog Connected
﻿17:02:36 : Verified GUID (ed93afb5a1d7dd12c0848e3817234489) of player #0 King Zog
﻿17:02:37 : Status  -> Ok (ed93afb5a1d7dd12c0848e3817234489)
﻿17:04:59 : RCon admin #1: (Global) 1
﻿17:11:59 : RCon admin #1: (Global) This server restarts at 3pm Sydney Time
﻿17:13:02 : Lost Connection!
﻿17:13:02 : Closing socket & exiting!
﻿17:13:33 : Reporter account validated ok!
﻿17:13:34 : Rcon client logging in
﻿17:13:35 : RCon admin #1 (103.13.101.239:56047) logged in
﻿17:14:07 : Player #0 King Zog (121.45.236.212:64740) connected
﻿17:14:09 : Player #0 King Zog - GUID: ed93afb5a1d7dd12c0848e3817234489 (unverified)
﻿17:14:09 : RCon admin #1: (Global) BEC : Boss Cocky King Zog Connected
﻿17:14:09 : Verified GUID (ed93afb5a1d7dd12c0848e3817234489) of player #0 King Zog
﻿17:14:10 : Status  -> Ok (ed93afb5a1d7dd12c0848e3817234489)
﻿17:16:35 : RCon admin #1: (Global) 1
﻿17:23:35 : RCon admin #1: (Global) This server restarts at 3pm Sydney Time
﻿17:27:39 : Lost Connection!
﻿17:27:39 : Closing socket & exiting!
﻿17:28:14 : Reporter account validated ok!
﻿17:28:15 : Rcon client logging in
﻿17:28:16 : RCon admin #1 (103.13.101.239:54490) logged in
﻿17:28:44 : Lost Connection!
﻿17:28:44 : Closing socket & exiting!
﻿17:29:05 : Reporter account validated ok!
﻿17:29:06 : Rcon client logging in
﻿17:29:07 : RCon admin #1 (103.13.101.239:53532) logged in
﻿17:29:10 : Player #0 King Zog (121.45.236.212:64740) connected
﻿17:29:11 : Player #0 King Zog - GUID: ed93afb5a1d7dd12c0848e3817234489 (unverified)
﻿17:29:11 : RCon admin #1: (Global) BEC : Boss Cocky King Zog Connected
﻿17:29:12 : Verified GUID (ed93afb5a1d7dd12c0848e3817234489) of player #0 King Zog
﻿17:29:13 : Status  -> Ok (ed93afb5a1d7dd12c0848e3817234489)
﻿17:32:07 : RCon admin #1: (Global) 1
﻿17:33:45 : Lost Connection!
﻿17:33:45 : Closing socket & exiting!
﻿17:34:18 : Reporter account validated ok!
﻿17:34:20 : Rcon client logging in
﻿17:34:20 : RCon admin #1 (103.13.101.239:65240) logged in
﻿17:34:44 : Player #0 King Zog (121.45.236.212:64740) connected
﻿17:34:46 : Player #0 King Zog - GUID: ed93afb5a1d7dd12c0848e3817234489 (unverified)
﻿17:34:46 : RCon admin #1: (Global) BEC : Boss Cocky King Zog Connected
﻿17:34:47 : Verified GUID (ed93afb5a1d7dd12c0848e3817234489) of player #0 King Zog
﻿17:34:48 : Status  -> Ok (ed93afb5a1d7dd12c0848e3817234489)
﻿17:37:20 : RCon admin #1: (Global) 1
﻿17:38:39 : Lost Connection!
﻿17:38:39 : Closing socket & exiting!
﻿17:39:52 : Reporter account validated ok!
﻿17:39:53 : Rcon client logging in
﻿17:39:54 : RCon admin #1 (103.13.101.239:65243) logged in
﻿17:40:27 : Player #0 King Zog (121.45.236.212:64744) connected
﻿17:40:28 : Player #0 King Zog - GUID: ed93afb5a1d7dd12c0848e3817234489 (unverified)
﻿17:40:28 : RCon admin #1: (Global) BEC : Boss Cocky King Zog Connected
﻿17:40:28 : Verified GUID (ed93afb5a1d7dd12c0848e3817234489) of player #0 King Zog
﻿17:40:29 : Status  -> Ok (ed93afb5a1d7dd12c0848e3817234489)
﻿17:42:54 : RCon admin #1: (Global) 1
﻿17:44:31 : Player #0 King Zog disconnected
﻿17:44:34 : Lost Connection!
﻿17:44:34 : Closing socket & exiting!
﻿17:48:30 : Reporter account validated ok!
﻿17:48:32 : Rcon client logging in
﻿17:48:32 : RCon admin #1 (103.13.101.239:59889) logged in
﻿17:48:46 : Player #0 King Zog (121.45.236.212:64745) connected
﻿17:48:47 : Player #0 King Zog - GUID: ed93afb5a1d7dd12c0848e3817234489 (unverified)
﻿17:48:47 : RCon admin #1: (Global) BEC : Boss Cocky King Zog Connected
﻿17:48:48 : Verified GUID (ed93afb5a1d7dd12c0848e3817234489) of player #0 King Zog
﻿17:48:49 : Status  -> Ok (ed93afb5a1d7dd12c0848e3817234489)
﻿17:51:32 : RCon admin #1: (Global) 1
﻿17:58:32 : RCon admin #1: (Global) This server restarts at 3pm Sydney Time
﻿17:58:41 : Lost Connection!
﻿17:58:41 : Closing socket & exiting!
﻿17:59:21 : Reporter account validated ok!
﻿17:59:22 : Rcon client logging in
﻿17:59:23 : RCon admin #1 (103.13.101.239:64764) logged in
﻿17:59:28 : Player #0 King Zog (121.45.236.212:64745) connected
﻿17:59:29 : Player #0 King Zog - GUID: ed93afb5a1d7dd12c0848e3817234489 (unverified)
﻿17:59:29 : RCon admin #1: (Global) BEC : Boss Cocky King Zog Connected
﻿17:59:30 : Verified GUID (ed93afb5a1d7dd12c0848e3817234489) of player #0 King Zog
﻿17:59:31 : Status  -> Ok (ed93afb5a1d7dd12c0848e3817234489)
﻿18:02:23 : RCon admin #1: (Global) 1
﻿18:09:23 : RCon admin #1: (Global) This server restarts at 3pm Sydney Time
﻿18:09:38 : Lost Connection!
﻿18:09:38 : Closing socket & exiting!
﻿18:10:14 : Reporter account validated ok!
﻿18:10:15 : Rcon client logging in
﻿18:10:16 : RCon admin #1 (103.13.101.239:61627) logged in
﻿18:10:19 : Player #0 King Zog (121.45.236.212:64761) connected
﻿18:10:21 : Player #0 King Zog - GUID: ed93afb5a1d7dd12c0848e3817234489 (unverified)
﻿18:10:21 : RCon admin #1: (Global) BEC : Boss Cocky King Zog Connected
﻿18:10:21 : Verified GUID (ed93afb5a1d7dd12c0848e3817234489) of player #0 King Zog
﻿18:10:22 : Status  -> Ok (ed93afb5a1d7dd12c0848e3817234489)
﻿18:13:16 : RCon admin #1: (Global) 1
﻿18:20:16 : RCon admin #1: (Global) This server restarts at 3pm Sydney Time
﻿18:30:54 : Lost Connection!
﻿18:30:54 : Closing socket & exiting!
﻿18:31:49 : Reporter account validated ok!
﻿18:31:50 : Rcon client logging in
﻿18:31:50 : RCon admin #1 (103.13.101.239:59537) logged in
﻿18:31:53 : Player #0 King Zog (121.45.236.212:64761) connected
﻿18:31:55 : Player #0 King Zog - GUID: ed93afb5a1d7dd12c0848e3817234489 (unverified)
﻿18:31:55 : RCon admin #1: (Global) BEC : Boss Cocky King Zog Connected
﻿18:31:55 : Verified GUID (ed93afb5a1d7dd12c0848e3817234489) of player #0 King Zog
﻿18:31:56 : Status  -> Ok (ed93afb5a1d7dd12c0848e3817234489)
﻿18:34:51 : RCon admin #1: (Global) 1
﻿18:41:51 : RCon admin #1: (Global) This server restarts at 3pm Sydney Time
﻿18:49:43 : Lost Connection!
﻿18:49:43 : Closing socket & exiting!
﻿18:50:16 : Reporter account validated ok!
﻿18:50:17 : Rcon client logging in
﻿18:50:17 : RCon admin #1 (103.13.101.239:58931) logged in
﻿18:50:44 : Player #0 King Zog (121.45.236.212:64761) connected
﻿18:50:46 : Player #0 King Zog - GUID: ed93afb5a1d7dd12c0848e3817234489 (unverified)
﻿18:50:46 : RCon admin #1: (Global) BEC : Boss Cocky King Zog Connected
﻿18:50:46 : Verified GUID (ed93afb5a1d7dd12c0848e3817234489) of player #0 King Zog
﻿18:50:47 : Status  -> Ok (ed93afb5a1d7dd12c0848e3817234489)
﻿18:53:18 : RCon admin #1: (Global) 1
﻿19:00:18 : RCon admin #1: (Global) This server restarts at 3pm Sydney Time
﻿19:04:59 : Lost Connection!
﻿19:04:59 : Closing socket & exiting!
﻿19:05:50 : Reporter account validated ok!
﻿19:05:51 : Rcon client logging in
﻿19:05:52 : RCon admin #1 (103.13.101.239:62435) logged in
﻿19:06:04 : Player #0 King Zog (121.45.236.212:64761) connected
﻿19:06:06 : Player #0 King Zog - GUID: ed93afb5a1d7dd12c0848e3817234489 (unverified)
﻿19:06:06 : RCon admin #1: (Global) BEC : Boss Cocky King Zog Connected
﻿19:06:06 : Verified GUID (ed93afb5a1d7dd12c0848e3817234489) of player #0 King Zog
﻿19:06:07 : Status  -> Ok (ed93afb5a1d7dd12c0848e3817234489)
﻿19:08:52 : RCon admin #1: (Global) 1
﻿19:14:36 : Lost Connection!
﻿19:14:36 : Closing socket & exiting!
﻿19:15:19 : Reporter account validated ok!
﻿19:15:20 : Rcon client logging in
﻿19:15:21 : RCon admin #1 (103.13.101.239:53057) logged in
﻿19:15:40 : Player #0 King Zog (121.45.236.212:64761) connected
﻿19:15:41 : Player #0 King Zog - GUID: ed93afb5a1d7dd12c0848e3817234489 (unverified)
﻿19:15:42 : RCon admin #1: (Global) BEC : Boss Cocky King Zog Connected
﻿19:15:42 : Verified GUID (ed93afb5a1d7dd12c0848e3817234489) of player #0 King Zog
﻿19:15:43 : Status  -> Ok (ed93afb5a1d7dd12c0848e3817234489)
﻿19:18:21 : RCon admin #1: (Global) 1
﻿19:23:16 : Lost Connection!
﻿19:23:16 : Closing socket & exiting!
﻿19:23:49 : Reporter account validated ok!
﻿19:23:50 : Rcon client logging in
﻿19:23:50 : RCon admin #1 (103.13.101.239:56754) logged in
﻿19:24:20 : Player #0 King Zog (121.45.236.212:64761) connected
﻿19:24:21 : Player #0 King Zog - GUID: ed93afb5a1d7dd12c0848e3817234489 (unverified)
﻿19:24:21 : RCon admin #1: (Global) BEC : Boss Cocky King Zog Connected
﻿19:24:21 : Verified GUID (ed93afb5a1d7dd12c0848e3817234489) of player #0 King Zog
﻿19:24:22 : Status  -> Ok (ed93afb5a1d7dd12c0848e3817234489)
﻿19:26:51 : RCon admin #1: (Global) 1
﻿19:33:51 : RCon admin #1: (Global) This server restarts at 3pm Sydney Time
﻿19:34:04 : Lost Connection!
﻿19:34:04 : Closing socket & exiting!
﻿19:34:37 : Reporter account validated ok!
﻿19:34:38 : Rcon client logging in
﻿19:34:38 : RCon admin #1 (103.13.101.239:61982) logged in
﻿19:34:52 : Player #0 King Zog (121.45.236.212:64785) connected
﻿19:34:53 : Player #0 King Zog - GUID: ed93afb5a1d7dd12c0848e3817234489 (unverified)
﻿19:34:53 : RCon admin #1: (Global) BEC : Boss Cocky King Zog Connected
﻿19:34:53 : Verified GUID (ed93afb5a1d7dd12c0848e3817234489) of player #0 King Zog
﻿19:34:54 : Status  -> Ok (ed93afb5a1d7dd12c0848e3817234489)
﻿19:37:39 : RCon admin #1: (Global) 1
﻿19:41:15 : Lost Connection!
﻿19:41:15 : Closing socket & exiting!
﻿19:44:10 : Reporter account validated ok!
﻿19:44:11 : Rcon client logging in
﻿19:44:11 : RCon admin #1 (103.13.101.239:52181) logged in
﻿19:44:24 : Player #0 King Zog (121.45.236.212:64785) connected
﻿19:44:25 : Player #0 King Zog - GUID: ed93afb5a1d7dd12c0848e3817234489 (unverified)
﻿19:44:25 : RCon admin #1: (Global) BEC : Boss Cocky King Zog Connected
﻿19:44:26 : Verified GUID (ed93afb5a1d7dd12c0848e3817234489) of player #0 King Zog
﻿19:44:27 : Status  -> Ok (ed93afb5a1d7dd12c0848e3817234489)
﻿19:47:12 : RCon admin #1: (Global) 1
﻿19:50:03 : Player #0 King Zog disconnected
﻿19:53:37 : Lost Connection!
﻿19:53:37 : Closing socket & exiting!
﻿19:55:39 : Reporter account validated ok!
﻿19:55:40 : Rcon client logging in
﻿19:55:41 : RCon admin #1 (103.13.101.239:58752) logged in
﻿19:58:41 : RCon admin #1: (Global) 1
﻿20:01:19 : Lost Connection!
﻿20:01:19 : Closing socket & exiting!
﻿20:02:01 : Reporter account validated ok!
﻿20:02:02 : Rcon client logging in
﻿20:02:02 : RCon admin #1 (103.13.101.239:49988) logged in
﻿20:02:05 : Player #0 King Zog (121.45.236.212:64808) connected
﻿20:02:07 : Player #0 King Zog - GUID: ed93afb5a1d7dd12c0848e3817234489 (unverified)
﻿20:02:07 : RCon admin #1: (Global) BEC : Boss Cocky King Zog Connected
﻿20:02:07 : Verified GUID (ed93afb5a1d7dd12c0848e3817234489) of player #0 King Zog
﻿20:02:08 : Status  -> Ok (ed93afb5a1d7dd12c0848e3817234489)
﻿20:05:03 : RCon admin #1: (Global) 1
﻿20:05:36 : Lost Connection!
﻿20:05:36 : Closing socket & exiting!
﻿20:06:37 : Reporter account validated ok!
﻿20:06:38 : Rcon client logging in
﻿20:06:39 : RCon admin #1 (103.13.101.239:60645) logged in
﻿20:06:39 : Player #0 King Zog - GUID: ed93afb5a1d7dd12c0848e3817234489 (unverified)
﻿20:06:39 : RCon admin #1: (Global) BEC : Boss Cocky King Zog Connected
﻿20:06:40 : Verified GUID (ed93afb5a1d7dd12c0848e3817234489) of player #0 King Zog
﻿20:09:39 : RCon admin #1: (Global) 1
﻿20:09:43 : Lost Connection!
﻿20:09:43 : Closing socket & exiting!
﻿20:12:02 : Reporter account validated ok!
﻿20:12:03 : Rcon client logging in
﻿20:12:04 : RCon admin #1 (103.13.101.239:60561) logged in
﻿20:12:05 : Player #0 King Zog (121.45.236.212:64808) connected
﻿20:12:06 : Player #0 King Zog - GUID: ed93afb5a1d7dd12c0848e3817234489 (unverified)
﻿20:12:07 : RCon admin #1: (Global) BEC : Boss Cocky King Zog Connected
﻿20:12:07 : Verified GUID (ed93afb5a1d7dd12c0848e3817234489) of player #0 King Zog
﻿20:12:08 : Status  -> Ok (ed93afb5a1d7dd12c0848e3817234489)
﻿20:15:04 : RCon admin #1: (Global) 1
﻿20:22:04 : RCon admin #1: (Global) This server restarts at 3pm Sydney Time
﻿20:23:40 : Lost Connection!
﻿20:23:40 : Closing socket & exiting!
﻿20:24:13 : Reporter account validated ok!
﻿20:24:14 : Rcon client logging in
﻿20:24:15 : RCon admin #1 (103.13.101.239:63109) logged in
﻿20:24:27 : Player #0 King Zog (121.45.236.212:64808) connected
﻿20:24:29 : Player #0 King Zog - GUID: ed93afb5a1d7dd12c0848e3817234489 (unverified)
﻿20:24:29 : RCon admin #1: (Global) BEC : Boss Cocky King Zog Connected
﻿20:24:29 : Verified GUID (ed93afb5a1d7dd12c0848e3817234489) of player #0 King Zog
﻿20:24:30 : Status  -> Ok (ed93afb5a1d7dd12c0848e3817234489)
﻿20:27:15 : RCon admin #1: (Global) 1
﻿20:30:22 : Lost Connection!
﻿20:30:22 : Closing socket & exiting!
﻿20:31:34 : Reporter account validated ok!
﻿20:31:36 : Rcon client logging in
﻿20:31:36 : RCon admin #1 (103.13.101.239:51698) logged in
﻿20:31:44 : Player #0 King Zog (121.45.236.212:64808) connected
﻿20:31:46 : Player #0 King Zog - GUID: ed93afb5a1d7dd12c0848e3817234489 (unverified)
﻿20:31:46 : RCon admin #1: (Global) BEC : Boss Cocky King Zog Connected
﻿20:31:46 : Verified GUID (ed93afb5a1d7dd12c0848e3817234489) of player #0 King Zog
﻿20:31:47 : Status  -> Ok (ed93afb5a1d7dd12c0848e3817234489)
﻿20:34:36 : RCon admin #1: (Global) 1
﻿20:41:36 : RCon admin #1: (Global) This server restarts at 3pm Sydney Time
﻿20:47:24 : Lost Connection!
﻿20:47:24 : Closing socket & exiting!
﻿20:48:40 : Reporter account validated ok!
﻿20:48:41 : Rcon client logging in
﻿20:48:42 : RCon admin #1 (103.13.101.239:56673) logged in
﻿20:48:42 : Player #0 King Zog - GUID: ed93afb5a1d7dd12c0848e3817234489 (unverified)
﻿20:48:43 : RCon admin #1: (Global) BEC : Boss Cocky King Zog Connected
﻿20:48:43 : Verified GUID (ed93afb5a1d7dd12c0848e3817234489) of player #0 King Zog
﻿20:51:42 : RCon admin #1: (Global) 1
﻿20:55:16 : Lost Connection!
﻿20:55:16 : Closing socket & exiting!
﻿20:55:45 : Reporter account validated ok!
﻿20:55:46 : Rcon client logging in
﻿20:55:46 : RCon admin #1 (103.13.101.239:60370) logged in
﻿20:58:46 : Lost Connection!
﻿20:58:46 : Closing socket & exiting!
﻿20:59:12 : Reporter account validated ok!
﻿20:59:13 : Rcon client logging in
﻿20:59:14 : RCon admin #1 (103.13.101.239:61096) logged in
﻿21:02:14 : RCon admin #1: (Global) 1
﻿21:09:14 : RCon admin #1: (Global) This server restarts at 3pm Sydney Time
﻿21:30:38 : Lost Connection!
﻿21:30:38 : Closing socket & exiting!
﻿21:31:12 : Reporter account validated ok!
﻿21:31:13 : Rcon client logging in
﻿21:31:14 : RCon admin #1 (103.13.101.239:56879) logged in
﻿21:31:16 : Player #0 King Zog - GUID: ed93afb5a1d7dd12c0848e3817234489 (unverified)
﻿21:31:16 : RCon admin #1: (Global) BEC : Boss Cocky King Zog Connected
﻿21:31:17 : Verified GUID (ed93afb5a1d7dd12c0848e3817234489) of player #0 King Zog
﻿21:33:42 : Lost Connection!
﻿21:33:42 : Closing socket & exiting!
﻿21:34:50 : Reporter account validated ok!
﻿21:34:52 : Rcon client logging in
﻿21:34:52 : RCon admin #1 (103.13.101.239:59609) logged in
﻿21:34:52 : Player #0 King Zog (121.45.236.212:64808) connected
﻿21:34:53 : Player #0 King Zog - GUID: ed93afb5a1d7dd12c0848e3817234489 (unverified)
﻿21:34:54 : RCon admin #1: (Global) BEC : Boss Cocky King Zog Connected
﻿21:34:54 : Verified GUID (ed93afb5a1d7dd12c0848e3817234489) of player #0 King Zog
﻿21:34:55 : Status  -> Ok (ed93afb5a1d7dd12c0848e3817234489)
﻿21:37:20 : Lost Connection!
﻿21:37:20 : Closing socket & exiting!
﻿21:44:49 : Reporter account validated ok!
﻿21:44:50 : Rcon client logging in
﻿21:44:50 : RCon admin #1 (103.13.101.239:49797) logged in
﻿21:45:02 : Player #0 King Zog (121.45.236.212:64813) connected
﻿21:45:03 : Player #0 King Zog - GUID: ed93afb5a1d7dd12c0848e3817234489 (unverified)
﻿21:45:03 : RCon admin #1: (Global) BEC : Boss Cocky King Zog Connected
﻿21:45:04 : Verified GUID (ed93afb5a1d7dd12c0848e3817234489) of player #0 King Zog
﻿21:45:05 : Status  -> Ok (ed93afb5a1d7dd12c0848e3817234489)
﻿21:47:51 : RCon admin #1: (Global) 1
﻿21:54:51 : RCon admin #1: (Global) This server restarts at 3pm Sydney Time
﻿21:55:32 : Lost Connection!
﻿21:55:32 : Closing socket & exiting!
﻿21:56:39 : Reporter account validated ok!
﻿21:56:40 : Rcon client logging in
﻿21:56:41 : RCon admin #1 (103.13.101.239:57546) logged in
﻿21:57:16 : Player #0 King Zog (121.45.236.212:64813) connected
﻿21:57:17 : Player #0 King Zog - GUID: ed93afb5a1d7dd12c0848e3817234489 (unverified)
﻿21:57:17 : RCon admin #1: (Global) BEC : Boss Cocky King Zog Connected
﻿21:57:17 : Verified GUID (ed93afb5a1d7dd12c0848e3817234489) of player #0 King Zog
﻿21:57:18 : Status  -> Ok (ed93afb5a1d7dd12c0848e3817234489)
﻿21:59:41 : RCon admin #1: (Global) 1
﻿22:06:41 : RCon admin #1: (Global) This server restarts at 3pm Sydney Time
﻿22:09:57 : Player #0 King Zog disconnected
﻿22:11:36 : Lost Connection!
﻿22:11:36 : Closing socket & exiting!
﻿22:16:09 : Reporter account validated ok!
﻿22:16:10 : Rcon client logging in
﻿22:16:11 : RCon admin #1 (103.13.101.239:52264) logged in
﻿22:17:13 : Player #0 King Zog (121.45.236.212:64814) connected
﻿22:17:14 : Player #0 King Zog - GUID: ed93afb5a1d7dd12c0848e3817234489 (unverified)
﻿22:17:14 : RCon admin #1: (Global) BEC : Boss Cocky King Zog Connected
﻿22:17:14 : Verified GUID (ed93afb5a1d7dd12c0848e3817234489) of player #0 King Zog
﻿22:17:15 : Status  -> Ok (ed93afb5a1d7dd12c0848e3817234489)
﻿22:19:11 : RCon admin #1: (Global) 1
﻿22:26:11 : RCon admin #1: (Global) This server restarts at 3pm Sydney Time
﻿22:30:07 : Lost Connection!
﻿22:30:07 : Closing socket & exiting!
﻿22:30:50 : Reporter account validated ok!
﻿22:30:52 : Rcon client logging in
﻿22:30:52 : RCon admin #1 (103.13.101.239:50910) logged in
﻿22:33:52 : RCon admin #1: (Global) 1
﻿22:36:30 : Lost Connection!
﻿22:36:30 : Closing socket & exiting!
﻿22:37:05 : Reporter account validated ok!
﻿22:37:07 : Rcon client logging in
﻿22:37:07 : RCon admin #1 (103.13.101.239:51333) logged in
﻿22:37:35 : Player #0 King Zog (121.45.236.212:64816) connected
﻿22:37:36 : Player #0 King Zog - GUID: ed93afb5a1d7dd12c0848e3817234489 (unverified)
﻿22:37:36 : RCon admin #1: (Global) BEC : Boss Cocky King Zog Connected
﻿22:37:37 : Verified GUID (ed93afb5a1d7dd12c0848e3817234489) of player #0 King Zog
﻿22:37:38 : Status  -> Ok (ed93afb5a1d7dd12c0848e3817234489)
﻿22:40:07 : RCon admin #1: (Global) 1
﻿22:43:55 : Lost Connection!
﻿22:43:55 : Closing socket & exiting!
﻿22:44:26 : Reporter account validated ok!
﻿22:44:27 : Rcon client logging in
﻿22:44:27 : RCon admin #1 (103.13.101.239:56009) logged in
﻿22:44:39 : Player #0 King Zog (121.45.236.212:64816) connected
﻿22:44:40 : Player #0 King Zog - GUID: ed93afb5a1d7dd12c0848e3817234489 (unverified)
﻿22:44:40 : RCon admin #1: (Global) BEC : Boss Cocky King Zog Connected
﻿22:44:40 : Verified GUID (ed93afb5a1d7dd12c0848e3817234489) of player #0 King Zog
﻿22:44:41 : Status  -> Ok (ed93afb5a1d7dd12c0848e3817234489)
﻿22:47:28 : RCon admin #1: (Global) 1
﻿22:50:27 : Lost Connection!
﻿22:50:27 : Closing socket & exiting!
﻿22:51:11 : Reporter account validated ok!
﻿22:51:13 : Rcon client logging in
﻿22:51:13 : RCon admin #1 (103.13.101.239:61487) logged in
﻿22:51:28 : Player #0 King Zog (121.45.236.212:64816) connected
﻿22:51:29 : Player #0 King Zog - GUID: ed93afb5a1d7dd12c0848e3817234489 (unverified)
﻿22:51:30 : RCon admin #1: (Global) BEC : Boss Cocky King Zog Connected
﻿22:51:30 : Verified GUID (ed93afb5a1d7dd12c0848e3817234489) of player #0 King Zog
﻿22:51:31 : Status  -> Ok (ed93afb5a1d7dd12c0848e3817234489)
﻿22:54:13 : RCon admin #1: (Global) 1
﻿22:58:27 : Lost Connection!
﻿22:58:27 : Closing socket & exiting!
﻿22:59:02 : Reporter account validated ok!
﻿22:59:03 : Rcon client logging in
﻿22:59:04 : RCon admin #1 (103.13.101.239:65291) logged in
﻿22:59:27 : Player #0 King Zog (121.45.236.212:64816) connected
﻿22:59:29 : Player #0 King Zog - GUID: ed93afb5a1d7dd12c0848e3817234489 (unverified)
﻿22:59:29 : RCon admin #1: (Global) BEC : Boss Cocky King Zog Connected
﻿22:59:29 : Verified GUID (ed93afb5a1d7dd12c0848e3817234489) of player #0 King Zog
﻿22:59:30 : Status  -> Ok (ed93afb5a1d7dd12c0848e3817234489)
﻿23:02:04 : RCon admin #1: (Global) 1
﻿23:06:12 : Player #0 King Zog disconnected
﻿23:06:24 : Lost Connection!
﻿23:06:24 : Closing socket & exiting!
﻿23:11:46 : Reporter account validated ok!
﻿23:11:47 : Rcon client logging in
﻿23:11:48 : RCon admin #1 (103.13.101.239:55353) logged in
﻿23:12:09 : Player #0 King Zog (121.45.236.212:64817) connected
﻿23:12:10 : Player #0 King Zog - GUID: ed93afb5a1d7dd12c0848e3817234489 (unverified)
﻿23:12:10 : RCon admin #1: (Global) BEC : Boss Cocky King Zog Connected
﻿23:12:10 : Verified GUID (ed93afb5a1d7dd12c0848e3817234489) of player #0 King Zog
﻿23:12:11 : Status  -> Ok (ed93afb5a1d7dd12c0848e3817234489)
﻿23:14:48 : RCon admin #1: (Global) 1
﻿23:18:38 : Lost Connection!
﻿23:18:38 : Closing socket & exiting!
﻿23:19:00 : Reporter account validated ok!
﻿23:19:01 : Rcon client logging in
﻿23:19:02 : RCon admin #1 (103.13.101.239:63595) logged in
﻿23:19:02 : Verified GUID (ed93afb5a1d7dd12c0848e3817234489) of player #0 King Zog
﻿23:22:02 : RCon admin #1: (Global) 1
﻿23:28:45 : Lost Connection!
﻿23:28:45 : Closing socket & exiting!
﻿23:36:25 : Reporter account validated ok!
﻿23:36:26 : Rcon client logging in
﻿23:36:27 : RCon admin #1 (103.13.101.239:59077) logged in
﻿23:36:29 : Player #0 King Zog (121.45.236.212:64819) connected
﻿23:36:30 : Player #0 King Zog - GUID: ed93afb5a1d7dd12c0848e3817234489 (unverified)
﻿23:36:30 : RCon admin #1: (Global) BEC : Boss Cocky King Zog Connected
﻿23:36:30 : Verified GUID (ed93afb5a1d7dd12c0848e3817234489) of player #0 King Zog
﻿23:36:31 : Status  -> Ok (ed93afb5a1d7dd12c0848e3817234489)
﻿23:39:27 : RCon admin #1: (Global) 1
﻿23:44:52 : Lost Connection!
﻿23:44:52 : Closing socket & exiting!
﻿23:52:00 : Reporter account validated ok!
﻿23:52:02 : Rcon client logging in
﻿23:52:02 : RCon admin #1 (103.13.101.239:59038) logged in
﻿23:52:03 : Player #0 King Zog - GUID: ed93afb5a1d7dd12c0848e3817234489 (unverified)
﻿23:52:03 : RCon admin #1: (Global) BEC : Boss Cocky King Zog Connected
﻿23:52:03 : Verified GUID (ed93afb5a1d7dd12c0848e3817234489) of player #0 King Zog
﻿23:55:02 : RCon admin #1: (Global) 1
