01:19:57 : RCon admin #1: (Global) This server restarts at 3pm Sydney Time
﻿02:49:57 : RCon admin #1: (Global) This server restarts at 3pm Sydney Time
﻿04:19:57 : RCon admin #1: (Global) This server restarts at 3pm Sydney Time
﻿05:49:57 : RCon admin #1: (Global) This server restarts at 3pm Sydney Time
﻿07:19:57 : RCon admin #1: (Global) This server restarts at 3pm Sydney Time
﻿08:49:57 : RCon admin #1: (Global) This server restarts at 3pm Sydney Time
﻿10:19:57 : RCon admin #1: (Global) This server restarts at 3pm Sydney Time
﻿11:49:57 : RCon admin #1: (Global) This server restarts at 3pm Sydney Time
﻿13:19:57 : RCon admin #1: (Global) This server restarts at 3pm Sydney Time
﻿14:30:00 : RCon admin #1: (Global) This server will restart in 30 minutes
﻿14:42:58 : Player #0 King Zog (121.45.249.154:61098) connected
﻿14:43:00 : Player #0 King Zog - GUID: ed93afb5a1d7dd12c0848e3817234489 (unverified)
﻿14:43:00 : RCon admin #1: (Global) BEC : Boss Cocky King Zog Connected
﻿14:43:00 : Verified GUID (ed93afb5a1d7dd12c0848e3817234489) of player #0 King Zog
﻿14:44:17 : Player #0 King Zog disconnected
﻿14:45:00 : RCon admin #1: (Global) This server will restart in 15 minutes
﻿14:49:57 : RCon admin #1: (Global) This server restarts at 3pm Sydney Time
﻿14:50:00 : RCon admin #1: (Global) This server will restart in 10 minutes.
﻿14:55:00 : RCon admin #1: (Global) This server will restart in 5 minutes.
﻿14:57:00 : RCon admin #1: (Global) THIS SERVER IS RESTARTING IN 3 MINUTES !.
﻿14:59:00 : RCon admin #1: (Global) THIS SERVER IS RESTARTING IN 60 SECONDS. PRESS ESC TO SAVE !!!
﻿15:00:01 : Lost Connection!
﻿15:00:01 : Closing socket & exiting!
