00:07:59 : Lost Connection!
﻿00:07:59 : Closing socket & exiting!
﻿00:11:14 : Reporter account validated ok!
﻿00:11:16 : Rcon client logging in
﻿00:11:16 : RCon admin #1 (103.13.101.239:57198) logged in
﻿00:11:58 : Player #0 King Zog (121.45.225.207:61766) connected
﻿00:11:59 : Player #0 King Zog - GUID: ed93afb5a1d7dd12c0848e3817234489 (unverified)
﻿00:11:59 : RCon admin #1: (Global) BEC : Boss Cocky King Zog Connected
﻿00:11:59 : Verified GUID (ed93afb5a1d7dd12c0848e3817234489) of player #0 King Zog
﻿00:12:00 : Status  -> Ok (ed93afb5a1d7dd12c0848e3817234489)
﻿00:14:16 : RCon admin #1: (Global) 1
﻿00:21:16 : RCon admin #1: (Global) This server restarts at 3pm Sydney Time
﻿00:33:47 : Lost Connection!
﻿00:33:47 : Closing socket & exiting!
﻿00:34:16 : Reporter account validated ok!
﻿00:34:18 : Rcon client logging in
﻿00:34:18 : RCon admin #1 (103.13.101.239:63807) logged in
﻿00:34:40 : Player #0 King Zog (121.45.225.207:61766) connected
﻿00:34:41 : Player #0 King Zog - GUID: ed93afb5a1d7dd12c0848e3817234489 (unverified)
﻿00:34:41 : RCon admin #1: (Global) BEC : Boss Cocky King Zog Connected
﻿00:34:41 : Verified GUID (ed93afb5a1d7dd12c0848e3817234489) of player #0 King Zog
﻿00:34:42 : Status  -> Ok (ed93afb5a1d7dd12c0848e3817234489)
﻿00:37:18 : RCon admin #1: (Global) 1
﻿00:44:18 : RCon admin #1: (Global) This server restarts at 3pm Sydney Time
﻿01:01:10 : Lost Connection!
﻿01:01:10 : Closing socket & exiting!
﻿01:02:37 : Reporter account validated ok!
﻿01:02:38 : Rcon client logging in
﻿01:02:38 : RCon admin #1 (103.13.101.239:60125) logged in
﻿01:05:39 : RCon admin #1: (Global) 1
﻿01:11:25 : Lost Connection!
﻿01:11:25 : Closing socket & exiting!
﻿01:12:51 : Reporter account validated ok!
﻿01:12:52 : Rcon client logging in
﻿01:12:52 : RCon admin #1 (103.13.101.239:64353) logged in
﻿01:15:53 : RCon admin #1: (Global) 1
﻿01:22:53 : Lost Connection!
﻿01:22:53 : Closing socket & exiting!
﻿01:24:39 : Reporter account validated ok!
﻿01:24:40 : Rcon client logging in
﻿01:24:40 : RCon admin #1 (103.13.101.239:52410) logged in
﻿01:27:41 : RCon admin #1: (Global) 1
﻿01:33:51 : Lost Connection!
﻿01:33:51 : Closing socket & exiting!
﻿01:35:09 : Reporter account validated ok!
﻿01:35:10 : Rcon client logging in
﻿01:35:10 : RCon admin #1 (103.13.101.239:60403) logged in
﻿01:36:11 : Player #0 King Zog (121.45.225.207:61766) connected
﻿01:36:13 : Player #0 King Zog - GUID: ed93afb5a1d7dd12c0848e3817234489 (unverified)
﻿01:36:13 : RCon admin #1: (Global) BEC : Boss Cocky King Zog Connected
﻿01:36:13 : Verified GUID (ed93afb5a1d7dd12c0848e3817234489) of player #0 King Zog
﻿01:36:14 : Status  -> Ok (ed93afb5a1d7dd12c0848e3817234489)
﻿01:38:11 : RCon admin #1: (Global) 1
﻿01:45:11 : RCon admin #1: (Global) This server restarts at 3pm Sydney Time
﻿01:46:54 : Lost Connection!
﻿01:46:54 : Closing socket & exiting!
﻿01:48:49 : Reporter account validated ok!
﻿01:48:50 : Rcon client logging in
﻿01:48:50 : RCon admin #1 (103.13.101.239:53972) logged in
﻿01:51:51 : RCon admin #1: (Global) 1
﻿01:56:07 : Lost Connection!
﻿01:56:07 : Closing socket & exiting!
﻿01:58:10 : Reporter account validated ok!
﻿01:58:11 : Rcon client logging in
﻿01:58:11 : RCon admin #1 (103.13.101.239:62562) logged in
﻿02:01:12 : RCon admin #1: (Global) 1
﻿02:05:40 : Lost Connection!
﻿02:05:40 : Closing socket & exiting!
﻿02:07:05 : Reporter account validated ok!
﻿02:07:06 : Rcon client logging in
﻿02:07:06 : RCon admin #1 (103.13.101.239:64965) logged in
﻿02:08:33 : Player #0 King Zog (121.45.225.207:61766) connected
﻿02:08:35 : Player #0 King Zog - GUID: ed93afb5a1d7dd12c0848e3817234489 (unverified)
﻿02:08:35 : RCon admin #1: (Global) BEC : Boss Cocky King Zog Connected
﻿02:08:35 : Verified GUID (ed93afb5a1d7dd12c0848e3817234489) of player #0 King Zog
﻿02:08:36 : Status  -> Ok (ed93afb5a1d7dd12c0848e3817234489)
﻿02:10:07 : RCon admin #1: (Global) 1
﻿02:15:40 : Lost Connection!
﻿02:15:40 : Closing socket & exiting!
﻿02:17:14 : Reporter account validated ok!
﻿02:17:15 : Rcon client logging in
﻿02:17:16 : RCon admin #1 (103.13.101.239:60541) logged in
﻿02:18:03 : Player #0 King Zog (121.45.225.207:61766) connected
﻿02:18:04 : Player #0 King Zog - GUID: ed93afb5a1d7dd12c0848e3817234489 (unverified)
﻿02:18:04 : RCon admin #1: (Global) BEC : Boss Cocky King Zog Connected
﻿02:18:05 : Verified GUID (ed93afb5a1d7dd12c0848e3817234489) of player #0 King Zog
﻿02:18:06 : Status  -> Ok (ed93afb5a1d7dd12c0848e3817234489)
﻿02:20:16 : RCon admin #1: (Global) 1
﻿02:27:16 : RCon admin #1: (Global) This server restarts at 3pm Sydney Time
﻿02:30:52 : Lost Connection!
﻿02:30:52 : Closing socket & exiting!
﻿02:32:42 : Reporter account validated ok!
﻿02:32:43 : Rcon client logging in
﻿02:32:43 : RCon admin #1 (103.13.101.239:55225) logged in
﻿02:35:44 : RCon admin #1: (Global) 1
﻿02:40:08 : Lost Connection!
﻿02:40:08 : Closing socket & exiting!
﻿02:41:29 : Reporter account validated ok!
﻿02:41:30 : Rcon client logging in
﻿02:41:30 : RCon admin #1 (103.13.101.239:60344) logged in
﻿02:44:31 : RCon admin #1: (Global) 1
﻿02:51:31 : RCon admin #1: (Global) This server restarts at 3pm Sydney Time
﻿03:20:29 : Lost Connection!
﻿03:20:29 : Closing socket & exiting!
﻿03:22:47 : Reporter account validated ok!
﻿03:22:48 : Rcon client logging in
﻿03:22:48 : RCon admin #1 (103.13.101.239:53271) logged in
﻿03:25:49 : RCon admin #1: (Global) 1
﻿03:30:39 : Lost Connection!
﻿03:30:39 : Closing socket & exiting!
﻿03:31:52 : Reporter account validated ok!
﻿03:31:53 : Rcon client logging in
﻿03:31:54 : RCon admin #1 (103.13.101.239:61873) logged in
﻿03:32:03 : Player #0 King Zog (121.45.225.207:61766) connected
﻿03:32:05 : Player #0 King Zog - GUID: ed93afb5a1d7dd12c0848e3817234489 (unverified)
﻿03:32:05 : RCon admin #1: (Global) BEC : Boss Cocky King Zog Connected
﻿03:32:06 : Verified GUID (ed93afb5a1d7dd12c0848e3817234489) of player #0 King Zog
﻿03:32:07 : Status  -> Ok (ed93afb5a1d7dd12c0848e3817234489)
﻿03:34:54 : RCon admin #1: (Global) 1
﻿03:41:54 : RCon admin #1: (Global) This server restarts at 3pm Sydney Time
﻿03:45:37 : Lost Connection!
﻿03:45:37 : Closing socket & exiting!
﻿03:46:58 : Reporter account validated ok!
﻿03:46:59 : Rcon client logging in
﻿03:47:00 : RCon admin #1 (103.13.101.239:60340) logged in
﻿03:47:34 : Player #0 King Zog (121.45.225.207:61766) connected
﻿03:47:35 : Player #0 King Zog - GUID: ed93afb5a1d7dd12c0848e3817234489 (unverified)
﻿03:47:35 : RCon admin #1: (Global) BEC : Boss Cocky King Zog Connected
﻿03:47:36 : Verified GUID (ed93afb5a1d7dd12c0848e3817234489) of player #0 King Zog
﻿03:47:37 : Status  -> Ok (ed93afb5a1d7dd12c0848e3817234489)
﻿03:50:00 : RCon admin #1: (Global) 1
﻿03:57:00 : RCon admin #1: (Global) This server restarts at 3pm Sydney Time
﻿04:00:07 : Lost Connection!
﻿04:00:07 : Closing socket & exiting!
﻿04:01:48 : Reporter account validated ok!
﻿04:01:49 : Rcon client logging in
﻿04:01:50 : RCon admin #1 (103.13.101.239:51387) logged in
﻿04:01:50 : Player #0 King Zog - GUID: ed93afb5a1d7dd12c0848e3817234489 (unverified)
﻿04:01:50 : Verified GUID (ed93afb5a1d7dd12c0848e3817234489) of player #0 King Zog
﻿04:01:50 : RCon admin #1: (Global) BEC : Boss Cocky King Zog Connected
﻿04:01:51 : Status  -> Ok (ed93afb5a1d7dd12c0848e3817234489)
﻿04:04:50 : RCon admin #1: (Global) 1
﻿04:11:50 : RCon admin #1: (Global) This server restarts at 3pm Sydney Time
﻿04:14:22 : Lost Connection!
﻿04:14:22 : Closing socket & exiting!
﻿04:15:37 : Reporter account validated ok!
﻿04:15:38 : Rcon client logging in
﻿04:15:38 : RCon admin #1 (103.13.101.239:51367) logged in
﻿04:15:55 : Player #0 King Zog (121.45.225.207:61766) connected
﻿04:15:56 : Player #0 King Zog - GUID: ed93afb5a1d7dd12c0848e3817234489 (unverified)
﻿04:15:56 : RCon admin #1: (Global) BEC : Boss Cocky King Zog Connected
﻿04:15:56 : Verified GUID (ed93afb5a1d7dd12c0848e3817234489) of player #0 King Zog
﻿04:15:57 : Status  -> Ok (ed93afb5a1d7dd12c0848e3817234489)
﻿04:18:39 : RCon admin #1: (Global) 1
﻿04:25:14 : Player #0 King Zog disconnected
﻿04:25:39 : RCon admin #1: (Global) This server restarts at 3pm Sydney Time
﻿05:55:39 : RCon admin #1: (Global) This server restarts at 3pm Sydney Time
﻿07:25:39 : RCon admin #1: (Global) This server restarts at 3pm Sydney Time
﻿08:55:39 : RCon admin #1: (Global) This server restarts at 3pm Sydney Time
﻿10:25:39 : RCon admin #1: (Global) This server restarts at 3pm Sydney Time
﻿11:55:39 : RCon admin #1: (Global) This server restarts at 3pm Sydney Time
﻿13:21:19 : Player #0 King Zog (121.45.250.245:61828) connected
﻿13:21:20 : Player #0 King Zog - GUID: ed93afb5a1d7dd12c0848e3817234489 (unverified)
﻿13:21:21 : RCon admin #1: (Global) BEC : Boss Cocky King Zog Connected
﻿13:21:21 : Verified GUID (ed93afb5a1d7dd12c0848e3817234489) of player #0 King Zog
﻿13:21:22 : Status  -> Ok (ed93afb5a1d7dd12c0848e3817234489)
﻿13:24:34 : Lost Connection!
﻿13:24:34 : Closing socket & exiting!
﻿13:26:02 : Reporter account validated ok!
﻿13:26:03 : Rcon client logging in
﻿13:26:03 : RCon admin #1 (103.13.101.239:61212) logged in
﻿13:26:15 : Player #0 King Zog (121.45.250.245:61828) connected
﻿13:26:17 : Player #0 King Zog - GUID: ed93afb5a1d7dd12c0848e3817234489 (unverified)
﻿13:26:17 : RCon admin #1: (Global) BEC : Boss Cocky King Zog Connected
﻿13:26:17 : Verified GUID (ed93afb5a1d7dd12c0848e3817234489) of player #0 King Zog
﻿13:26:18 : Status  -> Ok (ed93afb5a1d7dd12c0848e3817234489)
﻿13:29:04 : RCon admin #1: (Global) 1
﻿13:36:04 : RCon admin #1: (Global) This server restarts at 3pm Sydney Time
﻿14:29:09 : Lost Connection!
﻿14:29:09 : Closing socket & exiting!
﻿15:32:55 : Reporter account validated ok!
﻿15:32:57 : Rcon client logging in
﻿15:32:57 : RCon admin #1 (103.13.101.239:49587) logged in
﻿15:33:14 : Player #0 King Zog (121.45.250.245:61847) connected
﻿15:33:15 : Player #0 King Zog - GUID: ed93afb5a1d7dd12c0848e3817234489 (unverified)
﻿15:33:15 : RCon admin #1: (Global) BEC : Boss Cocky King Zog Connected
﻿15:33:16 : Verified GUID (ed93afb5a1d7dd12c0848e3817234489) of player #0 King Zog
﻿15:33:17 : Status  -> Ok (ed93afb5a1d7dd12c0848e3817234489)
﻿15:35:57 : RCon admin #1: (Global) 1
﻿15:37:18 : Lost Connection!
﻿15:37:18 : Closing socket & exiting!
﻿15:38:00 : Reporter account validated ok!
﻿15:38:01 : Rcon client logging in
﻿15:38:01 : RCon admin #1 (103.13.101.239:65489) logged in
﻿15:38:30 : Player #0 King Zog (121.45.250.245:61847) connected
﻿15:38:31 : Player #0 King Zog - GUID: ed93afb5a1d7dd12c0848e3817234489 (unverified)
﻿15:38:31 : RCon admin #1: (Global) BEC : Boss Cocky King Zog Connected
﻿15:38:31 : Verified GUID (ed93afb5a1d7dd12c0848e3817234489) of player #0 King Zog
﻿15:38:32 : Status  -> Ok (ed93afb5a1d7dd12c0848e3817234489)
﻿15:41:02 : RCon admin #1: (Global) 1
﻿15:48:02 : RCon admin #1: (Global) This server restarts at 3pm Sydney Time
﻿16:13:50 : Lost Connection!
﻿16:13:50 : Closing socket & exiting!
﻿16:15:14 : Reporter account validated ok!
﻿16:15:16 : Rcon client logging in
﻿16:15:16 : RCon admin #1 (103.13.101.239:49784) logged in
﻿16:16:17 : Player #0 King Zog (121.45.250.245:61847) connected
﻿16:16:18 : Player #0 King Zog - GUID: ed93afb5a1d7dd12c0848e3817234489 (unverified)
﻿16:16:18 : RCon admin #1: (Global) BEC : Boss Cocky King Zog Connected
﻿16:16:19 : Verified GUID (ed93afb5a1d7dd12c0848e3817234489) of player #0 King Zog
﻿16:16:20 : Status  -> Ok (ed93afb5a1d7dd12c0848e3817234489)
﻿16:18:16 : RCon admin #1: (Global) 1
﻿16:25:16 : RCon admin #1: (Global) This server restarts at 3pm Sydney Time
﻿16:30:04 : Lost Connection!
﻿16:30:04 : Closing socket & exiting!
﻿16:31:26 : Reporter account validated ok!
﻿16:31:27 : Rcon client logging in
﻿16:31:28 : RCon admin #1 (103.13.101.239:63075) logged in
﻿16:31:53 : Player #0 King Zog (121.45.250.245:61847) connected
﻿16:31:54 : Player #0 King Zog - GUID: ed93afb5a1d7dd12c0848e3817234489 (unverified)
﻿16:31:54 : RCon admin #1: (Global) BEC : Boss Cocky King Zog Connected
﻿16:31:55 : Verified GUID (ed93afb5a1d7dd12c0848e3817234489) of player #0 King Zog
﻿16:31:56 : Status  -> Ok (ed93afb5a1d7dd12c0848e3817234489)
﻿16:34:28 : RCon admin #1: (Global) 1
﻿16:41:28 : RCon admin #1: (Global) This server restarts at 3pm Sydney Time
﻿16:54:05 : Lost Connection!
﻿16:54:05 : Closing socket & exiting!
﻿16:55:16 : Reporter account validated ok!
﻿16:55:17 : Rcon client logging in
﻿16:55:18 : RCon admin #1 (103.13.101.239:53409) logged in
﻿16:56:30 : Player #0 King Zog (121.45.250.245:61847) connected
﻿16:56:31 : Player #0 King Zog - GUID: ed93afb5a1d7dd12c0848e3817234489 (unverified)
﻿16:56:31 : RCon admin #1: (Global) BEC : Boss Cocky King Zog Connected
﻿16:56:31 : Verified GUID (ed93afb5a1d7dd12c0848e3817234489) of player #0 King Zog
﻿16:56:32 : Status  -> Ok (ed93afb5a1d7dd12c0848e3817234489)
﻿16:58:18 : RCon admin #1: (Global) 1
﻿17:05:18 : RCon admin #1: (Global) This server restarts at 3pm Sydney Time
﻿17:56:09 : Lost Connection!
﻿17:56:09 : Closing socket & exiting!
﻿17:59:37 : Reporter account validated ok!
﻿17:59:38 : Rcon client logging in
﻿17:59:38 : RCon admin #1 (103.13.101.239:50289) logged in
﻿18:00:29 : Player #0 King Zog (121.45.250.245:61847) connected
﻿18:00:31 : Player #0 King Zog - GUID: ed93afb5a1d7dd12c0848e3817234489 (unverified)
﻿18:00:31 : RCon admin #1: (Global) BEC : Boss Cocky King Zog Connected
﻿18:00:31 : Verified GUID (ed93afb5a1d7dd12c0848e3817234489) of player #0 King Zog
﻿18:00:32 : Status  -> Ok (ed93afb5a1d7dd12c0848e3817234489)
﻿18:02:39 : RCon admin #1: (Global) 1
﻿18:09:39 : RCon admin #1: (Global) This server restarts at 3pm Sydney Time
﻿18:17:41 : Lost Connection!
﻿18:17:41 : Closing socket & exiting!
﻿18:19:01 : Reporter account validated ok!
﻿18:19:02 : Rcon client logging in
﻿18:19:15 : RCon admin #1 (103.13.101.239:61930) logged in
﻿18:22:03 : RCon admin #1: (Global) 1
﻿18:28:34 : Lost Connection!
﻿18:28:34 : Closing socket & exiting!
﻿18:38:44 : Reporter account validated ok!
﻿18:38:45 : Rcon client logging in
﻿18:38:46 : RCon admin #1 (103.13.101.239:58373) logged in
﻿18:41:46 : RCon admin #1: (Global) 1
﻿18:48:46 : RCon admin #1: (Global) This server restarts at 3pm Sydney Time
﻿18:53:27 : Lost Connection!
﻿18:53:27 : Closing socket & exiting!
﻿18:54:56 : Reporter account validated ok!
﻿18:54:57 : Rcon client logging in
﻿18:54:58 : RCon admin #1 (103.13.101.239:55249) logged in
﻿18:55:10 : Player #0 King Zog (121.45.250.245:61871) connected
﻿18:55:11 : Player #0 King Zog - GUID: ed93afb5a1d7dd12c0848e3817234489 (unverified)
﻿18:55:11 : RCon admin #1: (Global) BEC : Boss Cocky King Zog Connected
﻿18:55:11 : Verified GUID (ed93afb5a1d7dd12c0848e3817234489) of player #0 King Zog
﻿18:55:12 : Status  -> Ok (ed93afb5a1d7dd12c0848e3817234489)
﻿18:57:58 : RCon admin #1: (Global) 1
﻿19:04:58 : RCon admin #1: (Global) This server restarts at 3pm Sydney Time
﻿19:07:19 : Lost Connection!
﻿19:07:19 : Closing socket & exiting!
﻿19:09:10 : Reporter account validated ok!
﻿19:09:11 : Rcon client logging in
﻿19:09:11 : RCon admin #1 (103.13.101.239:60673) logged in
﻿19:12:12 : RCon admin #1: (Global) 1
﻿19:19:12 : RCon admin #1: (Global) This server restarts at 3pm Sydney Time
﻿19:28:07 : Lost Connection!
﻿19:28:07 : Closing socket & exiting!
﻿19:29:19 : Reporter account validated ok!
﻿19:29:21 : Rcon client logging in
﻿19:29:21 : RCon admin #1 (103.13.101.239:50335) logged in
﻿19:29:24 : Player #0 King Zog (121.45.250.245:61882) connected
﻿19:29:26 : Player #0 King Zog - GUID: ed93afb5a1d7dd12c0848e3817234489 (unverified)
﻿19:29:26 : RCon admin #1: (Global) BEC : Boss Cocky King Zog Connected
﻿19:29:26 : Verified GUID (ed93afb5a1d7dd12c0848e3817234489) of player #0 King Zog
﻿19:29:27 : Status  -> Ok (ed93afb5a1d7dd12c0848e3817234489)
﻿19:32:21 : RCon admin #1: (Global) 1
﻿19:39:21 : RCon admin #1: (Global) This server restarts at 3pm Sydney Time
﻿19:59:33 : Lost Connection!
﻿19:59:33 : Closing socket & exiting!
﻿20:01:18 : Reporter account validated ok!
﻿20:01:19 : Rcon client logging in
﻿20:01:20 : RCon admin #1 (103.13.101.239:56863) logged in
﻿20:04:20 : RCon admin #1: (Global) 1
﻿20:06:24 : Lost Connection!
﻿20:06:24 : Closing socket & exiting!
﻿20:06:58 : Reporter account validated ok!
﻿20:06:59 : Rcon client logging in
﻿20:06:59 : RCon admin #1 (103.13.101.239:65023) logged in
﻿20:10:00 : RCon admin #1: (Global) 1
﻿20:17:00 : RCon admin #1: (Global) This server restarts at 3pm Sydney Time
﻿20:44:11 : Lost Connection!
﻿20:44:11 : Closing socket & exiting!
﻿20:47:20 : Reporter account validated ok!
﻿20:47:21 : Rcon client logging in
﻿20:47:21 : RCon admin #1 (103.13.101.239:53757) logged in
﻿20:47:41 : Player #0 King Zog (121.45.250.245:61882) connected
﻿20:47:42 : Player #0 King Zog - GUID: ed93afb5a1d7dd12c0848e3817234489 (unverified)
﻿20:47:42 : RCon admin #1: (Global) BEC : Boss Cocky King Zog Connected
﻿20:47:43 : Verified GUID (ed93afb5a1d7dd12c0848e3817234489) of player #0 King Zog
﻿20:47:44 : Status  -> Ok (ed93afb5a1d7dd12c0848e3817234489)
﻿20:50:22 : RCon admin #1: (Global) 1
﻿20:57:22 : RCon admin #1: (Global) This server restarts at 3pm Sydney Time
﻿21:18:02 : Lost Connection!
﻿21:18:02 : Closing socket & exiting!
﻿21:19:14 : Reporter account validated ok!
﻿21:19:15 : Rcon client logging in
﻿21:19:16 : RCon admin #1 (103.13.101.239:52383) logged in
﻿21:19:29 : Player #0 King Zog (121.45.250.245:61882) connected
﻿21:19:30 : Player #0 King Zog - GUID: ed93afb5a1d7dd12c0848e3817234489 (unverified)
﻿21:19:31 : RCon admin #1: (Global) BEC : Boss Cocky King Zog Connected
﻿21:19:31 : Verified GUID (ed93afb5a1d7dd12c0848e3817234489) of player #0 King Zog
﻿21:19:32 : Status  -> Ok (ed93afb5a1d7dd12c0848e3817234489)
﻿21:22:16 : RCon admin #1: (Global) 1
﻿21:29:16 : RCon admin #1: (Global) This server restarts at 3pm Sydney Time
﻿21:34:59 : Lost Connection!
﻿21:34:59 : Closing socket & exiting!
﻿21:38:22 : Reporter account validated ok!
﻿21:38:23 : Rcon client logging in
﻿21:38:23 : RCon admin #1 (103.13.101.239:51790) logged in
﻿21:41:24 : RCon admin #1: (Global) 1
﻿21:47:24 : Player #0 King Zog (ed93afb5a1d7dd12c0848e3817234489) has been kicked by BattlEye: CreateVehicle Restriction #8
﻿21:47:32 : Player #0 King Zog (121.45.250.245:61882) connected
﻿21:47:34 : Player #0 King Zog - GUID: ed93afb5a1d7dd12c0848e3817234489 (unverified)
﻿21:47:34 : RCon admin #1: (Global) BEC : Boss Cocky King Zog Connected
﻿21:47:34 : Verified GUID (ed93afb5a1d7dd12c0848e3817234489) of player #0 King Zog
﻿21:47:35 : Status  -> Ok (ed93afb5a1d7dd12c0848e3817234489)
﻿21:48:24 : RCon admin #1: (Global) This server restarts at 3pm Sydney Time
﻿21:52:50 : Player #0 King Zog (ed93afb5a1d7dd12c0848e3817234489) has been kicked by BattlEye: CreateVehicle Restriction #8
﻿21:53:00 : Player #0 King Zog (121.45.250.245:61882) connected
﻿21:53:02 : Player #0 King Zog - GUID: ed93afb5a1d7dd12c0848e3817234489 (unverified)
﻿21:53:02 : RCon admin #1: (Global) BEC : Boss Cocky King Zog Connected
﻿21:53:02 : Verified GUID (ed93afb5a1d7dd12c0848e3817234489) of player #0 King Zog
﻿21:53:03 : Status  -> Ok (ed93afb5a1d7dd12c0848e3817234489)
﻿22:27:17 : Lost Connection!
﻿22:27:17 : Closing socket & exiting!
﻿22:28:39 : Reporter account validated ok!
﻿22:28:40 : Rcon client logging in
﻿22:28:41 : RCon admin #1 (103.13.101.239:57142) logged in
﻿22:31:41 : RCon admin #1: (Global) 1
﻿22:38:41 : RCon admin #1: (Global) This server restarts at 3pm Sydney Time
﻿22:44:55 : Lost Connection!
﻿22:44:55 : Closing socket & exiting!
﻿22:46:51 : Reporter account validated ok!
﻿22:46:52 : Rcon client logging in
﻿22:46:52 : RCon admin #1 (103.13.101.239:60387) logged in
﻿22:49:53 : RCon admin #1: (Global) 1
﻿22:56:53 : RCon admin #1: (Global) This server restarts at 3pm Sydney Time
﻿23:04:51 : Player #0 King Zog disconnected
﻿23:05:31 : Lost Connection!
﻿23:05:31 : Closing socket & exiting!
