00:02:25 : RCon admin #1: (Global) 1
﻿00:09:25 : RCon admin #1: (Global) This server restarts at 3pm Sydney Time
﻿00:36:23 : Player #0 King Zog disconnected
﻿00:45:36 : Lost Connection!
﻿00:45:36 : Closing socket & exiting!
﻿00:47:00 : Reporter account validated ok!
﻿00:47:01 : Rcon client logging in
﻿00:47:01 : RCon admin #1 (103.13.101.239:51148) logged in
﻿00:47:04 : Player #0 King Zog (121.45.237.213:61770) connected
﻿00:47:05 : Player #0 King Zog - GUID: ed93afb5a1d7dd12c0848e3817234489 (unverified)
﻿00:47:05 : RCon admin #1: (Global) BEC : Boss Cocky King Zog Connected
﻿00:47:05 : Verified GUID (ed93afb5a1d7dd12c0848e3817234489) of player #0 King Zog
﻿00:47:06 : Status  -> Ok (ed93afb5a1d7dd12c0848e3817234489)
﻿00:50:02 : RCon admin #1: (Global) 1
﻿00:57:02 : RCon admin #1: (Global) This server restarts at 3pm Sydney Time
﻿01:02:25 : Reporter account validated ok!
﻿01:02:26 : Rcon client logging in
﻿01:02:26 : RCon admin #1 (103.13.101.239:51794) logged in
﻿01:05:27 : RCon admin #1: (Global) 1
﻿01:12:27 : RCon admin #1: (Global) This server restarts at 3pm Sydney Time
﻿01:15:20 : Player #0 King Zog (121.45.237.213:61787) connected
﻿01:15:21 : Player #0 King Zog - GUID: ed93afb5a1d7dd12c0848e3817234489 (unverified)
﻿01:15:21 : RCon admin #1: (Global) BEC : Boss Cocky King Zog Connected
﻿01:15:21 : Verified GUID (ed93afb5a1d7dd12c0848e3817234489) of player #0 King Zog
﻿01:15:22 : Status  -> Ok (ed93afb5a1d7dd12c0848e3817234489)
﻿01:27:31 : Player #0 King Zog (ed93afb5a1d7dd12c0848e3817234489) has been kicked by BattlEye: Ping too high (500)
﻿01:45:31 : Player #0 King Zog (121.45.237.213:61792) connected
﻿01:45:32 : Player #0 King Zog - GUID: ed93afb5a1d7dd12c0848e3817234489 (unverified)
﻿01:45:32 : RCon admin #1: (Global) BEC : Boss Cocky King Zog Connected
﻿01:45:33 : Verified GUID (ed93afb5a1d7dd12c0848e3817234489) of player #0 King Zog
﻿01:45:34 : Status  -> Ok (ed93afb5a1d7dd12c0848e3817234489)
﻿02:29:18 : Player #0 King Zog disconnected
﻿02:42:27 : RCon admin #1: (Global) This server restarts at 3pm Sydney Time
﻿04:12:27 : RCon admin #1: (Global) This server restarts at 3pm Sydney Time
﻿05:42:27 : RCon admin #1: (Global) This server restarts at 3pm Sydney Time
﻿07:12:27 : RCon admin #1: (Global) This server restarts at 3pm Sydney Time
﻿08:42:27 : RCon admin #1: (Global) This server restarts at 3pm Sydney Time
﻿09:15:30 : Player #0 King Zog (121.45.247.16:61813) connected
﻿09:15:31 : Player #0 King Zog - GUID: ed93afb5a1d7dd12c0848e3817234489 (unverified)
﻿09:15:31 : RCon admin #1: (Global) BEC : Boss Cocky King Zog Connected
﻿09:15:32 : Verified GUID (ed93afb5a1d7dd12c0848e3817234489) of player #0 King Zog
﻿09:15:33 : Status  -> Ok (ed93afb5a1d7dd12c0848e3817234489)
﻿09:59:51 : Lost Connection!
﻿09:59:51 : Closing socket & exiting!
﻿10:00:17 : Reporter account validated ok!
﻿10:00:18 : Rcon client logging in
﻿10:00:18 : RCon admin #1 (103.13.101.239:49995) logged in
﻿10:00:59 : Player #0 King Zog (121.45.247.16:61813) connected
﻿10:01:00 : Player #0 King Zog - GUID: ed93afb5a1d7dd12c0848e3817234489 (unverified)
﻿10:01:00 : RCon admin #1: (Global) BEC : Boss Cocky King Zog Connected
﻿10:01:00 : Verified GUID (ed93afb5a1d7dd12c0848e3817234489) of player #0 King Zog
﻿10:01:01 : Status  -> Ok (ed93afb5a1d7dd12c0848e3817234489)
﻿10:03:19 : RCon admin #1: (Global) 1
﻿10:10:19 : RCon admin #1: (Global) This server restarts at 3pm Sydney Time
﻿11:40:19 : RCon admin #1: (Global) This server restarts at 3pm Sydney Time
﻿11:43:25 : Player #0 King Zog disconnected
﻿11:56:18 : Lost Connection!
﻿11:56:18 : Closing socket & exiting!
﻿11:57:43 : Reporter account validated ok!
﻿11:57:44 : Rcon client logging in
﻿11:57:44 : RCon admin #1 (103.13.101.239:62078) logged in
﻿11:57:50 : Player #0 King Zog (121.45.247.16:61834) connected
﻿11:57:51 : Player #0 King Zog - GUID: ed93afb5a1d7dd12c0848e3817234489 (unverified)
﻿11:57:51 : RCon admin #1: (Global) BEC : Boss Cocky King Zog Connected
﻿11:57:51 : Verified GUID (ed93afb5a1d7dd12c0848e3817234489) of player #0 King Zog
﻿11:57:52 : Status  -> Ok (ed93afb5a1d7dd12c0848e3817234489)
﻿12:00:45 : RCon admin #1: (Global) 1
﻿12:07:45 : RCon admin #1: (Global) This server restarts at 3pm Sydney Time
﻿12:26:42 : Lost Connection!
﻿12:26:42 : Closing socket & exiting!
﻿12:35:20 : Reporter account validated ok!
﻿12:35:21 : Rcon client logging in
﻿12:35:22 : RCon admin #1 (103.13.101.239:52768) logged in
﻿12:35:23 : Player #0 King Zog - GUID: ed93afb5a1d7dd12c0848e3817234489 (unverified)
﻿12:35:23 : RCon admin #1: (Global) BEC : Boss Cocky King Zog Connected
﻿12:35:24 : Verified GUID (ed93afb5a1d7dd12c0848e3817234489) of player #0 King Zog
﻿12:38:22 : RCon admin #1: (Global) 1
﻿12:45:22 : RCon admin #1: (Global) This server restarts at 3pm Sydney Time
﻿12:50:56 : Player #0 King Zog (ed93afb5a1d7dd12c0848e3817234489) has been kicked by BattlEye: CreateVehicle Restriction #8
﻿12:51:19 : Player #0 King Zog (121.45.247.16:61835) connected
﻿12:51:20 : Player #0 King Zog - GUID: ed93afb5a1d7dd12c0848e3817234489 (unverified)
﻿12:51:20 : RCon admin #1: (Global) BEC : Boss Cocky King Zog Connected
﻿12:51:20 : Verified GUID (ed93afb5a1d7dd12c0848e3817234489) of player #0 King Zog
﻿12:51:22 : Status  -> Ok (ed93afb5a1d7dd12c0848e3817234489)
﻿13:12:35 : Lost Connection!
﻿13:12:35 : Closing socket & exiting!
﻿13:13:46 : Reporter account validated ok!
﻿13:13:47 : Rcon client logging in
﻿13:13:47 : RCon admin #1 (103.13.101.239:60699) logged in
﻿13:14:59 : Player #0 King Zog (121.45.247.16:61835) connected
﻿13:15:01 : Player #0 King Zog - GUID: ed93afb5a1d7dd12c0848e3817234489 (unverified)
﻿13:15:01 : RCon admin #1: (Global) BEC : Boss Cocky King Zog Connected
﻿13:15:01 : Verified GUID (ed93afb5a1d7dd12c0848e3817234489) of player #0 King Zog
﻿13:15:02 : Status  -> Ok (ed93afb5a1d7dd12c0848e3817234489)
﻿13:16:48 : RCon admin #1: (Global) 1
﻿13:23:48 : RCon admin #1: (Global) This server restarts at 3pm Sydney Time
﻿13:55:52 : Lost Connection!
﻿13:55:52 : Closing socket & exiting!
﻿13:59:30 : Reporter account validated ok!
﻿13:59:31 : Rcon client logging in
﻿13:59:31 : RCon admin #1 (103.13.101.239:56536) logged in
﻿13:59:36 : Player #0 King Zog (121.45.247.16:61862) connected
﻿13:59:38 : Player #0 King Zog - GUID: ed93afb5a1d7dd12c0848e3817234489 (unverified)
﻿13:59:38 : RCon admin #1: (Global) BEC : Boss Cocky King Zog Connected
﻿13:59:38 : Verified GUID (ed93afb5a1d7dd12c0848e3817234489) of player #0 King Zog
﻿13:59:39 : Status  -> Ok (ed93afb5a1d7dd12c0848e3817234489)
﻿14:02:32 : RCon admin #1: (Global) 1
﻿14:09:32 : RCon admin #1: (Global) This server restarts at 3pm Sydney Time
﻿14:19:39 : Player #0 King Zog disconnected
﻿14:27:05 : Lost Connection!
﻿14:27:05 : Closing socket & exiting!
﻿14:28:33 : Reporter account validated ok!
﻿14:28:34 : Rcon client logging in
﻿14:28:34 : RCon admin #1 (103.13.101.239:57064) logged in
﻿14:28:38 : Player #0 King Zog (121.45.247.16:61867) connected
﻿14:28:40 : Player #0 King Zog - GUID: ed93afb5a1d7dd12c0848e3817234489 (unverified)
﻿14:28:40 : RCon admin #1: (Global) BEC : Boss Cocky King Zog Connected
﻿14:28:40 : Verified GUID (ed93afb5a1d7dd12c0848e3817234489) of player #0 King Zog
﻿14:28:41 : Status  -> Ok (ed93afb5a1d7dd12c0848e3817234489)
﻿14:30:00 : RCon admin #1: (Global) This server will restart in 30 minutes
﻿14:31:35 : RCon admin #1: (Global) 1
﻿14:38:35 : RCon admin #1: (Global) This server restarts at 3pm Sydney Time
﻿14:45:00 : RCon admin #1: (Global) This server will restart in 15 minutes
﻿14:50:00 : RCon admin #1: (Global) This server will restart in 10 minutes.
﻿14:50:02 : Player #0 King Zog (ed93afb5a1d7dd12c0848e3817234489) has been kicked by BattlEye: CreateVehicle Restriction #8
﻿14:50:09 : Player #0 King Zog (121.45.247.16:61867) connected
﻿14:50:10 : Player #0 King Zog - GUID: ed93afb5a1d7dd12c0848e3817234489 (unverified)
﻿14:50:11 : RCon admin #1: (Global) BEC : Boss Cocky King Zog Connected
﻿14:50:11 : Verified GUID (ed93afb5a1d7dd12c0848e3817234489) of player #0 King Zog
﻿14:50:12 : Status  -> Ok (ed93afb5a1d7dd12c0848e3817234489)
﻿14:55:00 : RCon admin #1: (Global) This server will restart in 5 minutes.
﻿14:57:00 : RCon admin #1: (Global) THIS SERVER IS RESTARTING IN 3 MINUTES !.
﻿14:59:00 : RCon admin #1: (Global) THIS SERVER IS RESTARTING IN 60 SECONDS. PRESS ESC TO SAVE !!!
﻿15:00:03 : Lost Connection!
﻿15:00:03 : Closing socket & exiting!
﻿15:00:33 : Reporter account validated ok!
﻿15:00:34 : Rcon client logging in
﻿15:00:34 : RCon admin #1 (103.13.101.239:63059) logged in
﻿15:00:48 : Player #0 King Zog (121.45.247.16:61867) connected
﻿15:00:50 : Player #0 King Zog - GUID: ed93afb5a1d7dd12c0848e3817234489 (unverified)
﻿15:00:50 : RCon admin #1: (Global) BEC : Boss Cocky King Zog Connected
﻿15:00:50 : Verified GUID (ed93afb5a1d7dd12c0848e3817234489) of player #0 King Zog
﻿15:00:51 : Status  -> Ok (ed93afb5a1d7dd12c0848e3817234489)
﻿15:02:49 : Player #0 King Zog disconnected
﻿15:03:35 : RCon admin #1: (Global) 1
﻿15:10:35 : RCon admin #1: (Global) This server restarts at 3pm Sydney Time
﻿16:40:35 : RCon admin #1: (Global) This server restarts at 3pm Sydney Time
﻿18:10:35 : RCon admin #1: (Global) This server restarts at 3pm Sydney Time
﻿19:40:35 : RCon admin #1: (Global) This server restarts at 3pm Sydney Time
﻿21:10:35 : RCon admin #1: (Global) This server restarts at 3pm Sydney Time
﻿22:28:58 : Player #0 King Zog (121.45.247.16:61917) connected
﻿22:28:59 : Player #0 King Zog - GUID: ed93afb5a1d7dd12c0848e3817234489 (unverified)
﻿22:29:00 : RCon admin #1: (Global) BEC : Boss Cocky King Zog Connected
﻿22:29:00 : Verified GUID (ed93afb5a1d7dd12c0848e3817234489) of player #0 King Zog
﻿22:29:01 : Status  -> Ok (ed93afb5a1d7dd12c0848e3817234489)
﻿22:40:35 : RCon admin #1: (Global) This server restarts at 3pm Sydney Time
﻿23:16:42 : Lost Connection!
﻿23:16:42 : Closing socket & exiting!
﻿23:18:21 : Reporter account validated ok!
﻿23:18:22 : Rcon client logging in
﻿23:18:22 : RCon admin #1 (103.13.101.239:62372) logged in
﻿23:18:23 : Player #0 King Zog - GUID: ed93afb5a1d7dd12c0848e3817234489 (unverified)
﻿23:18:23 : RCon admin #1: (Global) BEC : Boss Cocky King Zog Connected
﻿23:18:24 : Verified GUID (ed93afb5a1d7dd12c0848e3817234489) of player #0 King Zog
﻿23:21:23 : RCon admin #1: (Global) 1
﻿23:28:23 : RCon admin #1: (Global) This server restarts at 3pm Sydney Time
﻿23:56:39 : Lost Connection!
﻿23:56:39 : Closing socket & exiting!
