00:00:08 : RCon admin #1: (Global) 1
﻿00:07:08 : RCon admin #1: (Global) This server restarts at 3pm Sydney Time
﻿00:08:23 : Player #1 dunkinator (121.45.240.17:61594) connected
﻿00:08:25 : Player #1 dunkinator - GUID: 2c25167d47d035cad86caaa66ca0fc8b (unverified)
﻿00:08:25 : Verified GUID (2c25167d47d035cad86caaa66ca0fc8b) of player #1 dunkinator
﻿00:14:41 : Player #1 dunkinator disconnected
﻿00:22:49 : Player #0 King Zog disconnected
﻿00:49:34 : Lost Connection!
﻿00:49:34 : Closing socket & exiting!
﻿01:20:39 : Rcon client logging in
﻿01:20:39 : RCon admin #1 (103.13.101.239:50139) logged in
﻿01:21:00 : Player #0 King Zog (121.45.240.17:61620) connected
﻿01:21:02 : Player #0 King Zog - GUID: ed93afb5a1d7dd12c0848e3817234489 (unverified)
﻿01:21:02 : RCon admin #1: (Global) BEC : Boss Cocky King Zog Connected
﻿01:21:03 : Verified GUID (ed93afb5a1d7dd12c0848e3817234489) of player #0 King Zog
﻿01:23:39 : RCon admin #1: (Global) 1
﻿01:25:36 : Lost Connection!
﻿01:25:36 : Closing socket & exiting!
﻿01:26:05 : Rcon client logging in
﻿01:26:05 : RCon admin #1 (103.13.101.239:62403) logged in
﻿01:26:34 : Player #0 King Zog (121.45.240.17:61620) connected
﻿01:26:35 : Player #0 King Zog - GUID: ed93afb5a1d7dd12c0848e3817234489 (unverified)
﻿01:26:35 : RCon admin #1: (Global) BEC : Boss Cocky King Zog Connected
﻿01:26:35 : Verified GUID (ed93afb5a1d7dd12c0848e3817234489) of player #0 King Zog
﻿01:29:05 : RCon admin #1: (Global) 1
﻿01:36:05 : RCon admin #1: (Global) This server restarts at 3pm Sydney Time
﻿01:53:00 : Lost Connection!
﻿01:53:00 : Closing socket & exiting!
﻿01:55:49 : Rcon client logging in
﻿01:55:49 : RCon admin #1 (103.13.101.239:61539) logged in
﻿01:55:52 : Player #0 King Zog (121.45.240.17:61620) connected
﻿01:55:54 : Player #0 King Zog - GUID: ed93afb5a1d7dd12c0848e3817234489 (unverified)
﻿01:55:54 : RCon admin #1: (Global) BEC : Boss Cocky King Zog Connected
﻿01:55:54 : Verified GUID (ed93afb5a1d7dd12c0848e3817234489) of player #0 King Zog
﻿01:58:50 : RCon admin #1: (Global) 1
﻿02:05:50 : RCon admin #1: (Global) This server restarts at 3pm Sydney Time
﻿02:15:38 : Player #0 King Zog disconnected
﻿02:18:42 : Lost Connection!
﻿02:18:42 : Closing socket & exiting!
﻿02:27:35 : Rcon client logging in
﻿02:27:35 : RCon admin #1 (103.13.101.239:53831) logged in
﻿02:28:11 : Lost Connection!
﻿02:28:11 : Closing socket & exiting!
﻿02:28:54 : Rcon client logging in
﻿02:28:54 : RCon admin #1 (103.13.101.239:60631) logged in
﻿02:30:04 : Player #0 King Zog (121.45.240.17:61965) connected
﻿02:30:06 : Player #0 King Zog - GUID: ed93afb5a1d7dd12c0848e3817234489 (unverified)
﻿02:30:06 : RCon admin #1: (Global) BEC : Boss Cocky King Zog Connected
﻿02:30:06 : Verified GUID (ed93afb5a1d7dd12c0848e3817234489) of player #0 King Zog
﻿02:31:54 : RCon admin #1: (Global) 1
﻿02:37:00 : Player #1 headlessclient (127.0.0.1:2316) connected
﻿02:37:01 : Verified GUID () of player #1 headlessclient
﻿02:37:01 : Player #1 headlessclient - Owner GUID: 8539e01499f87083b3a25eb30041261c
﻿02:38:54 : RCon admin #1: (Global) This server restarts at 3pm Sydney Time
﻿02:43:46 : Player #1 headlessclient disconnected
﻿02:43:52 : Lost Connection!
﻿02:43:52 : Closing socket & exiting!
﻿02:52:51 : Rcon client logging in
﻿02:52:51 : RCon admin #1 (103.13.101.239:56867) logged in
﻿02:52:54 : Player #1 King Zog (121.45.240.17:62019) connected
﻿02:52:55 : Player #1 King Zog - GUID: ed93afb5a1d7dd12c0848e3817234489 (unverified)
﻿02:52:55 : RCon admin #1: (Global) BEC : Boss Cocky King Zog Connected
﻿02:52:55 : Verified GUID (ed93afb5a1d7dd12c0848e3817234489) of player #1 King Zog
﻿02:55:51 : RCon admin #1: (Global) 1
﻿02:57:25 : Lost Connection!
﻿02:57:25 : Closing socket & exiting!
﻿03:02:16 : Rcon client logging in
﻿03:02:16 : RCon admin #1 (103.13.101.239:58257) logged in
﻿03:02:37 : Player #1 King Zog (121.45.240.17:62019) connected
﻿03:02:38 : Player #1 King Zog - GUID: ed93afb5a1d7dd12c0848e3817234489 (unverified)
﻿03:02:38 : RCon admin #1: (Global) BEC : Boss Cocky King Zog Connected
﻿03:02:39 : Verified GUID (ed93afb5a1d7dd12c0848e3817234489) of player #1 King Zog
﻿03:05:16 : RCon admin #1: (Global) 1
﻿03:12:16 : RCon admin #1: (Global) This server restarts at 3pm Sydney Time
﻿03:32:20 : Player #0 headlessclient disconnected
﻿03:32:25 : Lost Connection!
﻿03:32:25 : Closing socket & exiting!
﻿03:36:16 : Rcon client logging in
﻿03:36:16 : RCon admin #1 (103.13.101.239:55332) logged in
﻿03:36:33 : Player #1 King Zog (121.45.240.17:62019) connected
﻿03:36:34 : Player #1 King Zog - GUID: ed93afb5a1d7dd12c0848e3817234489 (unverified)
﻿03:36:34 : RCon admin #1: (Global) BEC : Boss Cocky King Zog Connected
﻿03:36:35 : Verified GUID (ed93afb5a1d7dd12c0848e3817234489) of player #1 King Zog
﻿03:39:16 : RCon admin #1: (Global) 1
﻿03:46:16 : RCon admin #1: (Global) This server restarts at 3pm Sydney Time
﻿04:05:38 : Lost Connection!
﻿04:05:38 : Closing socket & exiting!
﻿04:10:36 : Rcon client logging in
﻿04:10:36 : RCon admin #1 (103.13.101.239:50362) logged in
﻿04:10:46 : Player #0 King Zog (121.45.240.17:62019) connected
﻿04:10:48 : Player #0 King Zog - GUID: ed93afb5a1d7dd12c0848e3817234489 (unverified)
﻿04:10:48 : RCon admin #1: (Global) BEC : Boss Cocky King Zog Connected
﻿04:10:48 : Verified GUID (ed93afb5a1d7dd12c0848e3817234489) of player #0 King Zog
﻿04:11:07 : Player #1 headlessclient (127.0.0.1:2316) connected
﻿04:11:08 : Verified GUID () of player #1 headlessclient
﻿04:11:08 : Player #1 headlessclient - Owner GUID: 8539e01499f87083b3a25eb30041261c
﻿04:13:36 : RCon admin #1: (Global) 1
﻿04:20:36 : RCon admin #1: (Global) This server restarts at 3pm Sydney Time
﻿04:26:14 : Lost Connection!
﻿04:26:14 : Closing socket & exiting!
﻿04:26:43 : Rcon client logging in
﻿04:26:43 : RCon admin #1 (103.13.101.239:50396) logged in
﻿04:27:44 : Player #0 HeadlessClient (127.0.0.1:2316) connected
﻿04:27:45 : Verified GUID () of player #0 HeadlessClient
﻿04:27:45 : Player #0 HeadlessClient - Owner GUID: 8539e01499f87083b3a25eb30041261c
﻿04:29:43 : RCon admin #1: (Global) 1
﻿04:33:38 : Lost Connection!
﻿04:33:38 : Closing socket & exiting!
﻿04:36:03 : Rcon client logging in
﻿04:36:03 : RCon admin #1 (103.13.101.239:59199) logged in
﻿04:36:09 : Player #0 King Zog (121.45.240.17:62037) connected
﻿04:36:10 : Player #0 King Zog - GUID: ed93afb5a1d7dd12c0848e3817234489 (unverified)
﻿04:36:10 : RCon admin #1: (Global) BEC : Boss Cocky King Zog Connected
﻿04:36:11 : Verified GUID (ed93afb5a1d7dd12c0848e3817234489) of player #0 King Zog
﻿04:36:31 : Player #1 headlessclient (127.0.0.1:2316) connected
﻿04:36:32 : Verified GUID () of player #1 headlessclient
﻿04:36:32 : Player #1 headlessclient - Owner GUID: 8539e01499f87083b3a25eb30041261c
﻿04:39:03 : RCon admin #1: (Global) 1
﻿04:46:03 : RCon admin #1: (Global) This server restarts at 3pm Sydney Time
﻿05:07:47 : Player #0 King Zog disconnected
﻿06:16:03 : RCon admin #1: (Global) This server restarts at 3pm Sydney Time
﻿07:46:03 : RCon admin #1: (Global) This server restarts at 3pm Sydney Time
﻿09:16:03 : RCon admin #1: (Global) This server restarts at 3pm Sydney Time
﻿10:46:03 : RCon admin #1: (Global) This server restarts at 3pm Sydney Time
﻿12:16:03 : RCon admin #1: (Global) This server restarts at 3pm Sydney Time
﻿13:46:03 : RCon admin #1: (Global) This server restarts at 3pm Sydney Time
﻿13:58:03 : Player #0 King Zog (121.45.240.17:62080) connected
﻿13:58:04 : Player #0 King Zog - GUID: ed93afb5a1d7dd12c0848e3817234489 (unverified)
﻿13:58:04 : RCon admin #1: (Global) BEC : Boss Cocky King Zog Connected
﻿13:58:04 : Verified GUID (ed93afb5a1d7dd12c0848e3817234489) of player #0 King Zog
﻿14:14:43 : Player #0 King Zog disconnected
﻿14:30:00 : RCon admin #1: (Global) This server will restart in 30 minutes
﻿14:45:00 : RCon admin #1: (Global) This server will restart in 15 minutes
﻿14:45:36 : Player #0 King Zog (121.45.240.17:62090) connected
﻿14:45:37 : Player #0 King Zog - GUID: ed93afb5a1d7dd12c0848e3817234489 (unverified)
﻿14:45:37 : RCon admin #1: (Global) BEC : Boss Cocky King Zog Connected
﻿14:45:37 : Verified GUID (ed93afb5a1d7dd12c0848e3817234489) of player #0 King Zog
﻿14:47:37 : Player #0 King Zog (ed93afb5a1d7dd12c0848e3817234489) has been kicked by BattlEye: CreateVehicle Restriction #8
﻿14:47:48 : Player #0 King Zog (121.45.240.17:62090) connected
﻿14:47:49 : Player #0 King Zog - GUID: ed93afb5a1d7dd12c0848e3817234489 (unverified)
﻿14:47:49 : RCon admin #1: (Global) BEC : Boss Cocky King Zog Connected
﻿14:47:50 : Verified GUID (ed93afb5a1d7dd12c0848e3817234489) of player #0 King Zog
﻿14:50:00 : RCon admin #1: (Global) This server will restart in 10 minutes.
﻿14:55:00 : RCon admin #1: (Global) This server will restart in 5 minutes.
﻿14:57:00 : RCon admin #1: (Global) THIS SERVER IS RESTARTING IN 3 MINUTES !.
﻿14:59:00 : RCon admin #1: (Global) THIS SERVER IS RESTARTING IN 60 SECONDS. PRESS ESC TO SAVE !!!
﻿15:00:03 : Lost Connection!
﻿15:00:03 : Closing socket & exiting!
﻿15:00:40 : Rcon client logging in
﻿15:00:40 : RCon admin #1 (103.13.101.239:50341) logged in
﻿15:01:31 : Player #0 HeadlessClient (127.0.0.1:2316) connected
﻿15:01:33 : Verified GUID () of player #0 HeadlessClient
﻿15:01:33 : Player #0 HeadlessClient - Owner GUID: 8539e01499f87083b3a25eb30041261c
﻿15:03:40 : RCon admin #1: (Global) 1
﻿15:08:14 : Player #0 HeadlessClient (8539e01499f87083b3a25eb30041261c) has been kicked by BattlEye: Admin Kick (BEC : Lobby idling to long)
﻿15:08:15 : Player #0 HeadlessClient (127.0.0.1:2316) connected
﻿15:08:16 : Verified GUID () of player #0 HeadlessClient
﻿15:08:16 : Player #0 HeadlessClient - Owner GUID: 8539e01499f87083b3a25eb30041261c
﻿15:10:40 : RCon admin #1: (Global) This server restarts at 3pm Sydney Time
﻿15:14:59 : Player #0 HeadlessClient (8539e01499f87083b3a25eb30041261c) has been kicked by BattlEye: Admin Kick (BEC : Lobby idling to long)
﻿15:15:01 : Player #0 HeadlessClient (127.0.0.1:2316) connected
﻿15:15:02 : Verified GUID () of player #0 HeadlessClient
﻿15:15:02 : Player #0 HeadlessClient - Owner GUID: 8539e01499f87083b3a25eb30041261c
﻿15:16:12 : Lost Connection!
﻿15:16:12 : Closing socket & exiting!
﻿15:20:01 : Rcon client logging in
﻿15:20:01 : RCon admin #1 (103.13.101.239:55666) logged in
﻿15:28:41 : No Valid response. Trying to reconnect.!
﻿15:28:41 : Rcon client logging in
﻿15:37:24 : No Valid response. Trying to reconnect.!
﻿15:37:24 : Rcon client logging in
﻿15:39:03 : Lost Connection!
﻿15:39:03 : Closing socket & exiting!
﻿15:41:34 : Rcon client logging in
﻿15:41:34 : RCon admin #1 (103.13.101.239:62284) logged in
﻿15:43:06 : Lost Connection!
﻿15:43:06 : Closing socket & exiting!
﻿15:54:55 : Rcon client logging in
﻿15:54:56 : RCon admin #1 (103.13.101.239:51511) logged in
﻿16:00:19 : Lost Connection!
﻿16:00:19 : Closing socket & exiting!
﻿16:02:47 : Rcon client logging in
﻿16:02:47 : RCon admin #1 (103.13.101.239:53029) logged in
﻿16:14:28 : Lost Connection!
﻿16:14:28 : Closing socket & exiting!
﻿16:18:13 : Rcon client logging in
﻿16:18:13 : RCon admin #1 (103.13.101.239:53425) logged in
﻿16:18:17 : Player #0 King Zog (121.45.240.17:62141) connected
﻿16:18:18 : Player #0 King Zog - GUID: ed93afb5a1d7dd12c0848e3817234489 (unverified)
﻿16:18:18 : RCon admin #1: (Global) BEC : Boss Cocky King Zog Connected
﻿16:18:19 : Verified GUID (ed93afb5a1d7dd12c0848e3817234489) of player #0 King Zog
﻿16:21:14 : RCon admin #1: (Global) 1
﻿16:22:35 : Lost Connection!
﻿16:22:35 : Closing socket & exiting!
﻿16:26:40 : Rcon client logging in
﻿16:26:40 : RCon admin #1 (103.13.101.239:60653) logged in
﻿16:26:43 : Player #0 King Zog (121.45.240.17:62141) connected
﻿16:26:44 : Player #0 King Zog - GUID: ed93afb5a1d7dd12c0848e3817234489 (unverified)
﻿16:26:45 : RCon admin #1: (Global) BEC : Boss Cocky King Zog Connected
﻿16:26:45 : Verified GUID (ed93afb5a1d7dd12c0848e3817234489) of player #0 King Zog
﻿16:29:40 : RCon admin #1: (Global) 1
﻿16:36:40 : RCon admin #1: (Global) This server restarts at 3pm Sydney Time
﻿16:41:17 : Lost Connection!
﻿16:41:17 : Closing socket & exiting!
﻿17:19:17 : Rcon client logging in
﻿17:19:17 : RCon admin #1 (103.13.101.239:51338) logged in
﻿17:19:19 : Player #0 King Zog (121.45.240.17:62167) connected
﻿17:19:21 : Player #0 King Zog - GUID: ed93afb5a1d7dd12c0848e3817234489 (unverified)
﻿17:19:21 : RCon admin #1: (Global) BEC : Boss Cocky King Zog Connected
﻿17:19:21 : Verified GUID (ed93afb5a1d7dd12c0848e3817234489) of player #0 King Zog
﻿17:22:12 : Player #0 King Zog (ed93afb5a1d7dd12c0848e3817234489) has been kicked by BattlEye: CreateVehicle Restriction #7
﻿17:22:17 : RCon admin #1: (Global) 1
﻿17:22:25 : Lost Connection!
﻿17:22:25 : Closing socket & exiting!
﻿17:24:35 : Rcon client logging in
﻿17:24:36 : RCon admin #1 (103.13.101.239:64610) logged in
﻿17:24:38 : Player #0 King Zog (121.45.240.17:62167) connected
﻿17:24:39 : Player #0 King Zog - GUID: ed93afb5a1d7dd12c0848e3817234489 (unverified)
﻿17:24:39 : RCon admin #1: (Global) BEC : Boss Cocky King Zog Connected
﻿17:24:39 : Verified GUID (ed93afb5a1d7dd12c0848e3817234489) of player #0 King Zog
﻿17:26:06 : Player #0 King Zog (ed93afb5a1d7dd12c0848e3817234489) has been kicked by BattlEye: CreateVehicle Restriction #7
﻿17:27:36 : RCon admin #1: (Global) 1
﻿17:27:40 : Lost Connection!
﻿17:27:40 : Closing socket & exiting!
﻿17:27:57 : Rcon client logging in
﻿17:27:57 : RCon admin #1 (103.13.101.239:60637) logged in
﻿17:28:08 : Player #0 King Zog (121.45.240.17:62167) connected
﻿17:28:09 : Player #0 King Zog - GUID: ed93afb5a1d7dd12c0848e3817234489 (unverified)
﻿17:28:09 : RCon admin #1: (Global) BEC : Boss Cocky King Zog Connected
﻿17:28:09 : Verified GUID (ed93afb5a1d7dd12c0848e3817234489) of player #0 King Zog
﻿17:28:56 : Player #0 King Zog (ed93afb5a1d7dd12c0848e3817234489) has been kicked by BattlEye: CreateVehicle Restriction #7
﻿17:30:57 : RCon admin #1: (Global) 1
﻿17:37:40 : Lost Connection!
﻿17:37:40 : Closing socket & exiting!
﻿17:38:10 : Rcon client logging in
﻿17:38:10 : RCon admin #1 (103.13.101.239:63679) logged in
﻿17:38:51 : Player #0 King Zog (121.45.240.17:62167) connected
﻿17:38:52 : Player #0 King Zog - GUID: ed93afb5a1d7dd12c0848e3817234489 (unverified)
﻿17:38:52 : RCon admin #1: (Global) BEC : Boss Cocky King Zog Connected
﻿17:38:52 : Verified GUID (ed93afb5a1d7dd12c0848e3817234489) of player #0 King Zog
﻿17:41:10 : RCon admin #1: (Global) 1
﻿17:48:10 : RCon admin #1: (Global) This server restarts at 3pm Sydney Time
﻿18:28:57 : Lost Connection!
﻿18:28:57 : Closing socket & exiting!
﻿18:38:35 : Rcon client logging in
﻿18:38:35 : RCon admin #1 (103.13.101.239:61986) logged in
﻿18:38:38 : Player #0 King Zog (121.45.240.17:64368) connected
﻿18:38:40 : Player #0 King Zog - GUID: ed93afb5a1d7dd12c0848e3817234489 (unverified)
﻿18:38:40 : RCon admin #1: (Global) BEC : Boss Cocky King Zog Connected
﻿18:38:40 : Verified GUID (ed93afb5a1d7dd12c0848e3817234489) of player #0 King Zog
﻿18:41:35 : RCon admin #1: (Global) 1
﻿18:48:23 : Lost Connection!
﻿18:48:23 : Closing socket & exiting!
﻿18:48:42 : Rcon client logging in
﻿18:48:42 : RCon admin #1 (103.13.101.239:62766) logged in
﻿18:48:46 : Player #0 King Zog (121.45.240.17:64368) connected
﻿18:48:47 : Player #0 King Zog - GUID: ed93afb5a1d7dd12c0848e3817234489 (unverified)
﻿18:48:47 : RCon admin #1: (Global) BEC : Boss Cocky King Zog Connected
﻿18:48:47 : Verified GUID (ed93afb5a1d7dd12c0848e3817234489) of player #0 King Zog
﻿18:51:43 : RCon admin #1: (Global) 1
﻿18:58:43 : RCon admin #1: (Global) This server restarts at 3pm Sydney Time
﻿20:28:43 : RCon admin #1: (Global) This server restarts at 3pm Sydney Time
﻿21:13:26 : Lost Connection!
﻿21:13:26 : Closing socket & exiting!
﻿22:51:29 : Rcon client logging in
﻿22:51:29 : RCon admin #1 (103.13.101.239:60323) logged in
﻿22:51:37 : Player #0 King Zog (121.45.240.17:64522) connected
﻿22:51:39 : Player #0 King Zog - GUID: ed93afb5a1d7dd12c0848e3817234489 (unverified)
﻿22:51:39 : RCon admin #1: (Global) BEC : Boss Cocky King Zog Connected
﻿22:51:39 : Verified GUID (ed93afb5a1d7dd12c0848e3817234489) of player #0 King Zog
﻿22:51:56 : Player #0 King Zog disconnected
﻿22:53:26 : Player #0 King Zog (121.45.240.17:64522) connected
﻿22:53:27 : Player #0 King Zog - GUID: ed93afb5a1d7dd12c0848e3817234489 (unverified)
﻿22:53:27 : RCon admin #1: (Global) BEC : Boss Cocky King Zog Connected
﻿22:53:27 : Verified GUID (ed93afb5a1d7dd12c0848e3817234489) of player #0 King Zog
﻿22:54:29 : RCon admin #1: (Global) 1
﻿22:55:14 : Player #0 King Zog disconnected
﻿23:01:29 : RCon admin #1: (Global) This server restarts at 3pm Sydney Time
﻿23:07:29 : Lost Connection!
﻿23:07:29 : Closing socket & exiting!
﻿23:09:32 : Rcon client logging in
﻿23:09:32 : RCon admin #1 (103.13.101.239:51583) logged in
﻿23:09:46 : Player #0 King Zog (121.45.240.17:64539) connected
﻿23:09:47 : Player #0 King Zog - GUID: ed93afb5a1d7dd12c0848e3817234489 (unverified)
﻿23:09:47 : RCon admin #1: (Global) BEC : Boss Cocky King Zog Connected
﻿23:09:48 : Verified GUID (ed93afb5a1d7dd12c0848e3817234489) of player #0 King Zog
﻿23:12:10 : Player #0 King Zog (ed93afb5a1d7dd12c0848e3817234489) has been kicked by BattlEye: CreateVehicle Restriction #8
﻿23:12:21 : Player #0 King Zog (121.45.240.17:64539) connected
﻿23:12:23 : Player #0 King Zog - GUID: ed93afb5a1d7dd12c0848e3817234489 (unverified)
﻿23:12:23 : RCon admin #1: (Global) BEC : Boss Cocky King Zog Connected
﻿23:12:23 : Verified GUID (ed93afb5a1d7dd12c0848e3817234489) of player #0 King Zog
﻿23:12:33 : RCon admin #1: (Global) 1
﻿23:16:31 : Player #0 King Zog disconnected
﻿23:19:33 : RCon admin #1: (Global) This server restarts at 3pm Sydney Time
﻿23:48:05 : Rcon client logging in
﻿23:48:05 : RCon admin #1 (103.13.101.239:62868) logged in
﻿23:48:37 : Player #0 King Zog (121.45.240.17:64546) connected
﻿23:48:39 : Player #0 King Zog - GUID: ed93afb5a1d7dd12c0848e3817234489 (unverified)
﻿23:48:39 : RCon admin #1: (Global) BEC : Boss Cocky King Zog Connected
﻿23:48:39 : Verified GUID (ed93afb5a1d7dd12c0848e3817234489) of player #0 King Zog
﻿23:51:06 : RCon admin #1: (Global) 1
﻿23:57:12 : Player #0 King Zog disconnected
﻿23:58:06 : RCon admin #1: (Global) This server restarts at 3pm Sydney Time
