01:06:47 : RCon admin #1: (Global) This server restarts at 3pm Sydney Time
﻿01:13:27 : Player #0 King Zog (121.45.224.6:61705) connected
﻿01:13:28 : Player #0 King Zog - GUID: ed93afb5a1d7dd12c0848e3817234489 (unverified)
﻿01:13:28 : RCon admin #1: (Global) BEC : Boss Cocky King Zog Connected
﻿01:13:28 : Verified GUID (ed93afb5a1d7dd12c0848e3817234489) of player #0 King Zog
﻿01:13:30 : Status  -> Ok (ed93afb5a1d7dd12c0848e3817234489)
﻿01:23:06 : Lost Connection!
﻿01:23:06 : Closing socket & exiting!
﻿01:27:28 : Reporter account validated ok!
﻿01:27:29 : Rcon client logging in
﻿01:27:30 : RCon admin #1 (103.13.101.239:61131) logged in
﻿01:27:43 : Player #0 King Zog (121.45.224.6:61705) connected
﻿01:27:44 : Player #0 King Zog - GUID: ed93afb5a1d7dd12c0848e3817234489 (unverified)
﻿01:27:44 : RCon admin #1: (Global) BEC : Boss Cocky King Zog Connected
﻿01:27:44 : Verified GUID (ed93afb5a1d7dd12c0848e3817234489) of player #0 King Zog
﻿01:27:45 : Status  -> Ok (ed93afb5a1d7dd12c0848e3817234489)
﻿01:30:30 : RCon admin #1: (Global) 1
﻿01:33:49 : Lost Connection!
﻿01:33:49 : Closing socket & exiting!
﻿01:37:35 : Reporter account validated ok!
﻿01:37:37 : Rcon client logging in
﻿01:37:37 : RCon admin #1 (103.13.101.239:61597) logged in
﻿01:38:16 : Player #0 King Zog (121.45.224.6:61705) connected
﻿01:38:17 : Player #0 King Zog - GUID: ed93afb5a1d7dd12c0848e3817234489 (unverified)
﻿01:38:17 : RCon admin #1: (Global) BEC : Boss Cocky King Zog Connected
﻿01:38:17 : Verified GUID (ed93afb5a1d7dd12c0848e3817234489) of player #0 King Zog
﻿01:38:18 : Status  -> Ok (ed93afb5a1d7dd12c0848e3817234489)
﻿01:40:37 : RCon admin #1: (Global) 1
﻿01:47:37 : RCon admin #1: (Global) This server restarts at 3pm Sydney Time
﻿01:50:41 : Lost Connection!
﻿01:50:41 : Closing socket & exiting!
﻿01:51:15 : Reporter account validated ok!
﻿01:51:16 : Rcon client logging in
﻿01:51:17 : RCon admin #1 (103.13.101.239:60591) logged in
﻿01:51:31 : Player #0 King Zog (121.45.224.6:61705) connected
﻿01:51:33 : Player #0 King Zog - GUID: ed93afb5a1d7dd12c0848e3817234489 (unverified)
﻿01:51:33 : RCon admin #1: (Global) BEC : Boss Cocky King Zog Connected
﻿01:51:33 : Verified GUID (ed93afb5a1d7dd12c0848e3817234489) of player #0 King Zog
﻿01:51:34 : Status  -> Ok (ed93afb5a1d7dd12c0848e3817234489)
﻿01:54:17 : RCon admin #1: (Global) 1
﻿02:01:17 : RCon admin #1: (Global) This server restarts at 3pm Sydney Time
﻿02:02:14 : Lost Connection!
﻿02:02:14 : Closing socket & exiting!
﻿02:03:55 : Reporter account validated ok!
﻿02:03:57 : Rcon client logging in
﻿02:03:57 : RCon admin #1 (103.13.101.239:65409) logged in
﻿02:03:58 : Player #0 King Zog - GUID: ed93afb5a1d7dd12c0848e3817234489 (unverified)
﻿02:03:58 : RCon admin #1: (Global) BEC : Boss Cocky King Zog Connected
﻿02:03:58 : Verified GUID (ed93afb5a1d7dd12c0848e3817234489) of player #0 King Zog
﻿02:06:57 : RCon admin #1: (Global) 1
﻿02:09:18 : Lost Connection!
﻿02:09:18 : Closing socket & exiting!
﻿02:10:00 : Reporter account validated ok!
﻿02:10:01 : Rcon client logging in
﻿02:10:02 : RCon admin #1 (103.13.101.239:60304) logged in
﻿02:13:02 : RCon admin #1: (Global) 1
﻿02:20:02 : RCon admin #1: (Global) This server restarts at 3pm Sydney Time
﻿02:21:01 : Lost Connection!
﻿02:21:01 : Closing socket & exiting!
﻿02:21:54 : Reporter account validated ok!
﻿02:21:55 : Rcon client logging in
﻿02:21:55 : RCon admin #1 (103.13.101.239:51106) logged in
﻿02:22:03 : Player #0 King Zog (121.45.224.6:61705) connected
﻿02:22:05 : Player #0 King Zog - GUID: ed93afb5a1d7dd12c0848e3817234489 (unverified)
﻿02:22:05 : RCon admin #1: (Global) BEC : Boss Cocky King Zog Connected
﻿02:22:05 : Verified GUID (ed93afb5a1d7dd12c0848e3817234489) of player #0 King Zog
﻿02:22:06 : Status  -> Ok (ed93afb5a1d7dd12c0848e3817234489)
﻿02:24:56 : RCon admin #1: (Global) 1
﻿02:27:30 : Lost Connection!
﻿02:27:30 : Closing socket & exiting!
﻿02:28:03 : Reporter account validated ok!
﻿02:28:05 : Rcon client logging in
﻿02:28:05 : RCon admin #1 (103.13.101.239:61433) logged in
﻿02:28:27 : Player #0 King Zog (121.45.224.6:61739) connected
﻿02:28:29 : Player #0 King Zog - GUID: ed93afb5a1d7dd12c0848e3817234489 (unverified)
﻿02:28:29 : RCon admin #1: (Global) BEC : Boss Cocky King Zog Connected
﻿02:28:29 : Verified GUID (ed93afb5a1d7dd12c0848e3817234489) of player #0 King Zog
﻿02:28:30 : Status  -> Ok (ed93afb5a1d7dd12c0848e3817234489)
﻿02:31:05 : RCon admin #1: (Global) 1
﻿02:38:05 : RCon admin #1: (Global) This server restarts at 3pm Sydney Time
﻿02:44:12 : Lost Connection!
﻿02:44:12 : Closing socket & exiting!
﻿02:49:06 : Reporter account validated ok!
﻿02:49:07 : Rcon client logging in
﻿02:49:08 : RCon admin #1 (103.13.101.239:54053) logged in
﻿02:49:09 : Player #0 King Zog - GUID: ed93afb5a1d7dd12c0848e3817234489 (unverified)
﻿02:49:09 : RCon admin #1: (Global) BEC : Boss Cocky King Zog Connected
﻿02:49:10 : Verified GUID (ed93afb5a1d7dd12c0848e3817234489) of player #0 King Zog
﻿02:52:08 : RCon admin #1: (Global) 1
﻿02:58:04 : Player #0 King Zog disconnected
﻿02:58:24 : Lost Connection!
﻿02:58:24 : Closing socket & exiting!
﻿13:59:15 : Reporter account validated ok!
﻿13:59:16 : Rcon client logging in
﻿13:59:17 : RCon admin #1 (103.13.101.239:62894) logged in
﻿14:01:04 : Player #0 King Zog (121.45.224.6:61758) connected
﻿14:01:05 : Player #0 King Zog - GUID: ed93afb5a1d7dd12c0848e3817234489 (unverified)
﻿14:01:05 : RCon admin #1: (Global) BEC : Boss Cocky King Zog Connected
﻿14:01:05 : Verified GUID (ed93afb5a1d7dd12c0848e3817234489) of player #0 King Zog
﻿14:01:06 : Status  -> Ok (ed93afb5a1d7dd12c0848e3817234489)
﻿14:02:17 : RCon admin #1: (Global) 1
﻿14:09:13 : Lost Connection!
﻿14:09:13 : Closing socket & exiting!
﻿14:10:51 : Reporter account validated ok!
﻿14:10:53 : Rcon client logging in
﻿14:10:53 : RCon admin #1 (103.13.101.239:50447) logged in
﻿14:11:06 : Player #0 King Zog (121.45.224.6:61758) connected
﻿14:11:07 : Player #0 King Zog - GUID: ed93afb5a1d7dd12c0848e3817234489 (unverified)
﻿14:11:07 : Verified GUID (ed93afb5a1d7dd12c0848e3817234489) of player #0 King Zog
﻿14:11:07 : RCon admin #1: (Global) BEC : Boss Cocky King Zog Connected
﻿14:11:08 : Status  -> Ok (ed93afb5a1d7dd12c0848e3817234489)
﻿14:13:53 : RCon admin #1: (Global) 1
﻿14:17:26 : Lost Connection!
﻿14:17:26 : Closing socket & exiting!
﻿14:18:55 : Reporter account validated ok!
﻿14:18:56 : Rcon client logging in
﻿14:18:57 : RCon admin #1 (103.13.101.239:52507) logged in
﻿14:19:27 : Player #0 King Zog (121.45.224.6:61758) connected
﻿14:19:29 : Player #0 King Zog - GUID: ed93afb5a1d7dd12c0848e3817234489 (unverified)
﻿14:19:29 : RCon admin #1: (Global) BEC : Boss Cocky King Zog Connected
﻿14:19:29 : Verified GUID (ed93afb5a1d7dd12c0848e3817234489) of player #0 King Zog
﻿14:19:30 : Status  -> Ok (ed93afb5a1d7dd12c0848e3817234489)
﻿14:21:57 : RCon admin #1: (Global) 1
﻿14:28:57 : RCon admin #1: (Global) This server restarts at 3pm Sydney Time
﻿14:30:00 : RCon admin #1: (Global) This server will restart in 30 minutes
﻿14:32:48 : Lost Connection!
﻿14:32:48 : Closing socket & exiting!
﻿14:44:04 : Reporter account validated ok!
﻿14:44:06 : Rcon client logging in
﻿14:44:06 : RCon admin #1 (103.13.101.239:56115) logged in
﻿14:44:52 : Player #0 King Zog (121.45.224.6:61761) connected
﻿14:44:54 : Player #0 King Zog - GUID: ed93afb5a1d7dd12c0848e3817234489 (unverified)
﻿14:44:54 : RCon admin #1: (Global) BEC : Boss Cocky King Zog Connected
﻿14:44:54 : Verified GUID (ed93afb5a1d7dd12c0848e3817234489) of player #0 King Zog
﻿14:44:55 : Status  -> Ok (ed93afb5a1d7dd12c0848e3817234489)
﻿14:45:00 : RCon admin #1: (Global) This server will restart in 15 minutes
﻿14:47:06 : RCon admin #1: (Global) 1
﻿14:50:00 : RCon admin #1: (Global) This server will restart in 10 minutes.
﻿14:52:32 : Lost Connection!
﻿14:52:32 : Closing socket & exiting!
﻿14:53:37 : Reporter account validated ok!
﻿14:53:39 : Rcon client logging in
﻿14:53:39 : RCon admin #1 (103.13.101.239:53941) logged in
﻿14:54:10 : Player #0 King Zog (121.45.224.6:61761) connected
﻿14:54:11 : Player #0 King Zog - GUID: ed93afb5a1d7dd12c0848e3817234489 (unverified)
﻿14:54:11 : RCon admin #1: (Global) BEC : Boss Cocky King Zog Connected
﻿14:54:11 : Verified GUID (ed93afb5a1d7dd12c0848e3817234489) of player #0 King Zog
﻿14:54:12 : Status  -> Ok (ed93afb5a1d7dd12c0848e3817234489)
﻿14:55:00 : RCon admin #1: (Global) This server will restart in 5 minutes.
﻿14:56:39 : RCon admin #1: (Global) 1
﻿14:57:00 : RCon admin #1: (Global) THIS SERVER IS RESTARTING IN 3 MINUTES !.
﻿14:59:00 : RCon admin #1: (Global) THIS SERVER IS RESTARTING IN 60 SECONDS. PRESS ESC TO SAVE !!!
﻿15:00:03 : Lost Connection!
﻿15:00:03 : Closing socket & exiting!
﻿15:00:45 : Reporter account validated ok!
﻿15:00:47 : Rcon client logging in
﻿15:00:47 : RCon admin #1 (103.13.101.239:63112) logged in
﻿15:01:21 : Player #0 King Zog (121.45.224.6:61761) connected
﻿15:01:22 : Player #0 King Zog - GUID: ed93afb5a1d7dd12c0848e3817234489 (unverified)
﻿15:01:23 : RCon admin #1: (Global) BEC : Boss Cocky King Zog Connected
﻿15:01:23 : Verified GUID (ed93afb5a1d7dd12c0848e3817234489) of player #0 King Zog
﻿15:01:24 : Status  -> Ok (ed93afb5a1d7dd12c0848e3817234489)
﻿15:03:47 : RCon admin #1: (Global) 1
﻿15:10:47 : RCon admin #1: (Global) This server restarts at 3pm Sydney Time
﻿15:12:03 : Lost Connection!
﻿15:12:03 : Closing socket & exiting!
﻿15:16:08 : Reporter account validated ok!
﻿15:16:09 : Rcon client logging in
﻿15:16:10 : RCon admin #1 (103.13.101.239:57778) logged in
﻿15:19:10 : RCon admin #1: (Global) 1
﻿15:23:24 : Player #0 King Zog (121.45.224.6:61765) connected
﻿15:23:25 : Player #0 King Zog - GUID: ed93afb5a1d7dd12c0848e3817234489 (unverified)
﻿15:23:26 : RCon admin #1: (Global) BEC : Boss Cocky King Zog Connected
﻿15:23:26 : Verified GUID (ed93afb5a1d7dd12c0848e3817234489) of player #0 King Zog
﻿15:23:27 : Status  -> Ok (ed93afb5a1d7dd12c0848e3817234489)
﻿15:26:10 : RCon admin #1: (Global) This server restarts at 3pm Sydney Time
﻿15:41:17 : Lost Connection!
﻿15:41:17 : Closing socket & exiting!
﻿15:41:38 : Reporter account validated ok!
﻿15:41:40 : Rcon client logging in
﻿15:41:40 : RCon admin #1 (103.13.101.239:51710) logged in
﻿15:44:40 : RCon admin #1: (Global) 1
﻿15:51:40 : RCon admin #1: (Global) This server restarts at 3pm Sydney Time
﻿16:17:44 : Player #0 King Zog (121.45.224.6:61776) connected
﻿16:17:46 : Player #0 King Zog - GUID: ed93afb5a1d7dd12c0848e3817234489 (unverified)
﻿16:17:46 : RCon admin #1: (Global) BEC : Boss Cocky King Zog Connected
﻿16:17:46 : Verified GUID (ed93afb5a1d7dd12c0848e3817234489) of player #0 King Zog
﻿16:17:48 : Status  -> Ok (ed93afb5a1d7dd12c0848e3817234489)
﻿16:26:19 : Player #0 King Zog disconnected
﻿17:21:40 : RCon admin #1: (Global) This server restarts at 3pm Sydney Time
﻿17:26:39 : Player #0 King Zog (121.45.224.6:61776) connected
﻿17:26:40 : Player #0 King Zog - GUID: ed93afb5a1d7dd12c0848e3817234489 (unverified)
﻿17:26:40 : RCon admin #1: (Global) BEC : Boss Cocky King Zog Connected
﻿17:26:40 : Verified GUID (ed93afb5a1d7dd12c0848e3817234489) of player #0 King Zog
﻿17:26:42 : Status  -> Ok (ed93afb5a1d7dd12c0848e3817234489)
﻿18:51:40 : RCon admin #1: (Global) This server restarts at 3pm Sydney Time
﻿19:11:35 : Lost Connection!
﻿19:11:35 : Closing socket & exiting!
﻿19:12:11 : Reporter account validated ok!
﻿19:12:12 : Rcon client logging in
﻿19:12:13 : RCon admin #1 (103.13.101.239:59433) logged in
﻿19:12:34 : Lost Connection!
﻿19:12:34 : Closing socket & exiting!
﻿19:13:37 : Reporter account validated ok!
﻿19:13:38 : Rcon client logging in
﻿19:13:38 : RCon admin #1 (103.13.101.239:51258) logged in
﻿19:14:07 : Player #0 King Zog (121.45.224.6:61776) connected
﻿19:14:08 : Player #0 King Zog - GUID: ed93afb5a1d7dd12c0848e3817234489 (unverified)
﻿19:14:08 : RCon admin #1: (Global) BEC : Boss Cocky King Zog Connected
﻿19:14:09 : Verified GUID (ed93afb5a1d7dd12c0848e3817234489) of player #0 King Zog
﻿19:14:10 : Status  -> Ok (ed93afb5a1d7dd12c0848e3817234489)
﻿19:16:39 : RCon admin #1: (Global) 1
﻿19:23:39 : RCon admin #1: (Global) This server restarts at 3pm Sydney Time
﻿19:25:41 : Lost Connection!
﻿19:25:41 : Closing socket & exiting!
﻿19:26:53 : Reporter account validated ok!
﻿19:26:54 : Rcon client logging in
﻿19:26:54 : RCon admin #1 (103.13.101.239:49995) logged in
﻿19:29:55 : RCon admin #1: (Global) 1
﻿19:36:55 : RCon admin #1: (Global) This server restarts at 3pm Sydney Time
﻿19:41:04 : Lost Connection!
﻿19:41:04 : Closing socket & exiting!
﻿19:41:39 : Reporter account validated ok!
﻿19:41:40 : Rcon client logging in
﻿19:41:40 : RCon admin #1 (103.13.101.239:52017) logged in
﻿19:41:42 : Player #0 King Zog (121.45.224.6:61776) connected
﻿19:41:44 : Player #0 King Zog - GUID: ed93afb5a1d7dd12c0848e3817234489 (unverified)
﻿19:41:44 : RCon admin #1: (Global) BEC : Boss Cocky King Zog Connected
﻿19:41:44 : Verified GUID (ed93afb5a1d7dd12c0848e3817234489) of player #0 King Zog
﻿19:41:45 : Status  -> Ok (ed93afb5a1d7dd12c0848e3817234489)
﻿19:44:41 : RCon admin #1: (Global) 1
﻿19:48:15 : Lost Connection!
﻿19:48:15 : Closing socket & exiting!
﻿19:48:48 : Reporter account validated ok!
﻿19:48:49 : Rcon client logging in
﻿19:48:49 : RCon admin #1 (103.13.101.239:55854) logged in
﻿19:49:19 : Player #0 King Zog (121.45.224.6:61776) connected
﻿19:49:20 : Player #0 King Zog - GUID: ed93afb5a1d7dd12c0848e3817234489 (unverified)
﻿19:49:21 : RCon admin #1: (Global) BEC : Boss Cocky King Zog Connected
﻿19:49:21 : Verified GUID (ed93afb5a1d7dd12c0848e3817234489) of player #0 King Zog
﻿19:49:22 : Status  -> Ok (ed93afb5a1d7dd12c0848e3817234489)
﻿19:51:50 : RCon admin #1: (Global) 1
﻿19:55:29 : Lost Connection!
﻿19:55:29 : Closing socket & exiting!
﻿19:56:01 : Reporter account validated ok!
﻿19:56:02 : Rcon client logging in
﻿19:56:03 : RCon admin #1 (103.13.101.239:60820) logged in
﻿19:56:35 : Player #0 King Zog (121.45.224.6:61776) connected
﻿19:56:36 : Player #0 King Zog - GUID: ed93afb5a1d7dd12c0848e3817234489 (unverified)
﻿19:56:36 : RCon admin #1: (Global) BEC : Boss Cocky King Zog Connected
﻿19:56:36 : Verified GUID (ed93afb5a1d7dd12c0848e3817234489) of player #0 King Zog
﻿19:56:37 : Status  -> Ok (ed93afb5a1d7dd12c0848e3817234489)
﻿19:59:03 : RCon admin #1: (Global) 1
﻿20:06:03 : RCon admin #1: (Global) This server restarts at 3pm Sydney Time
﻿20:08:42 : Lost Connection!
﻿20:08:42 : Closing socket & exiting!
﻿20:09:26 : Reporter account validated ok!
﻿20:09:27 : Rcon client logging in
﻿20:09:27 : RCon admin #1 (103.13.101.239:64682) logged in
﻿20:10:07 : Player #0 King Zog (121.45.224.6:61776) connected
﻿20:10:09 : Player #0 King Zog - GUID: ed93afb5a1d7dd12c0848e3817234489 (unverified)
﻿20:10:09 : RCon admin #1: (Global) BEC : Boss Cocky King Zog Connected
﻿20:10:09 : Verified GUID (ed93afb5a1d7dd12c0848e3817234489) of player #0 King Zog
﻿20:10:10 : Status  -> Ok (ed93afb5a1d7dd12c0848e3817234489)
﻿20:12:28 : RCon admin #1: (Global) 1
﻿20:19:28 : RCon admin #1: (Global) This server restarts at 3pm Sydney Time
﻿20:30:21 : Lost Connection!
﻿20:30:21 : Closing socket & exiting!
﻿20:31:04 : Reporter account validated ok!
﻿20:31:05 : Rcon client logging in
﻿20:31:05 : RCon admin #1 (103.13.101.239:56030) logged in
﻿20:31:42 : Player #0 King Zog (121.45.224.6:61776) connected
﻿20:31:43 : Player #0 King Zog - GUID: ed93afb5a1d7dd12c0848e3817234489 (unverified)
﻿20:31:43 : RCon admin #1: (Global) BEC : Boss Cocky King Zog Connected
﻿20:31:43 : Verified GUID (ed93afb5a1d7dd12c0848e3817234489) of player #0 King Zog
﻿20:31:44 : Status  -> Ok (ed93afb5a1d7dd12c0848e3817234489)
﻿20:34:06 : RCon admin #1: (Global) 1
﻿20:40:29 : Lost Connection!
﻿20:40:29 : Closing socket & exiting!
﻿20:41:26 : Reporter account validated ok!
﻿20:41:28 : Rcon client logging in
﻿20:41:28 : RCon admin #1 (103.13.101.239:50963) logged in
﻿20:41:37 : Player #0 King Zog (121.45.224.6:61776) connected
﻿20:41:38 : Player #0 King Zog - GUID: ed93afb5a1d7dd12c0848e3817234489 (unverified)
﻿20:41:38 : RCon admin #1: (Global) BEC : Boss Cocky King Zog Connected
﻿20:41:38 : Verified GUID (ed93afb5a1d7dd12c0848e3817234489) of player #0 King Zog
﻿20:41:39 : Status  -> Ok (ed93afb5a1d7dd12c0848e3817234489)
﻿20:44:28 : RCon admin #1: (Global) 1
﻿20:49:48 : Lost Connection!
﻿20:49:48 : Closing socket & exiting!
﻿20:51:43 : Reporter account validated ok!
﻿20:51:45 : Rcon client logging in
﻿20:51:45 : RCon admin #1 (103.13.101.239:60766) logged in
﻿20:52:06 : Player #0 King Zog (121.45.224.6:61826) connected
﻿20:52:08 : Player #0 King Zog - GUID: ed93afb5a1d7dd12c0848e3817234489 (unverified)
﻿20:52:08 : RCon admin #1: (Global) BEC : Boss Cocky King Zog Connected
﻿20:52:08 : Verified GUID (ed93afb5a1d7dd12c0848e3817234489) of player #0 King Zog
﻿20:52:09 : Status  -> Ok (ed93afb5a1d7dd12c0848e3817234489)
﻿20:54:45 : RCon admin #1: (Global) 1
﻿20:56:40 : Lost Connection!
﻿20:56:40 : Closing socket & exiting!
﻿20:57:53 : Reporter account validated ok!
﻿20:57:54 : Rcon client logging in
﻿20:57:55 : RCon admin #1 (103.13.101.239:58003) logged in
﻿20:58:13 : Player #0 King Zog (121.45.224.6:61826) connected
﻿20:58:14 : Player #0 King Zog - GUID: ed93afb5a1d7dd12c0848e3817234489 (unverified)
﻿20:58:14 : RCon admin #1: (Global) BEC : Boss Cocky King Zog Connected
﻿20:58:15 : Verified GUID (ed93afb5a1d7dd12c0848e3817234489) of player #0 King Zog
﻿20:58:16 : Status  -> Ok (ed93afb5a1d7dd12c0848e3817234489)
﻿21:00:55 : RCon admin #1: (Global) 1
﻿21:07:55 : RCon admin #1: (Global) This server restarts at 3pm Sydney Time
﻿21:08:42 : Lost Connection!
﻿21:08:42 : Closing socket & exiting!
﻿21:09:14 : Reporter account validated ok!
﻿21:09:15 : Rcon client logging in
﻿21:09:16 : RCon admin #1 (103.13.101.239:52281) logged in
﻿21:09:42 : Player #0 King Zog (121.45.224.6:61826) connected
﻿21:09:43 : Player #0 King Zog - GUID: ed93afb5a1d7dd12c0848e3817234489 (unverified)
﻿21:09:43 : RCon admin #1: (Global) BEC : Boss Cocky King Zog Connected
﻿21:09:44 : Verified GUID (ed93afb5a1d7dd12c0848e3817234489) of player #0 King Zog
﻿21:09:45 : Status  -> Ok (ed93afb5a1d7dd12c0848e3817234489)
﻿21:12:16 : RCon admin #1: (Global) 1
﻿21:13:04 : Lost Connection!
﻿21:13:04 : Closing socket & exiting!
﻿21:13:54 : Reporter account validated ok!
﻿21:13:55 : Rcon client logging in
﻿21:13:55 : RCon admin #1 (103.13.101.239:59602) logged in
﻿21:14:00 : Player #0 King Zog (121.45.224.6:61826) connected
﻿21:14:01 : Player #0 King Zog - GUID: ed93afb5a1d7dd12c0848e3817234489 (unverified)
﻿21:14:01 : RCon admin #1: (Global) BEC : Boss Cocky King Zog Connected
﻿21:14:02 : Verified GUID (ed93afb5a1d7dd12c0848e3817234489) of player #0 King Zog
﻿21:14:03 : Status  -> Ok (ed93afb5a1d7dd12c0848e3817234489)
﻿21:16:56 : RCon admin #1: (Global) 1
﻿21:23:56 : RCon admin #1: (Global) This server restarts at 3pm Sydney Time
﻿21:26:55 : Lost Connection!
﻿21:26:55 : Closing socket & exiting!
﻿21:27:26 : Reporter account validated ok!
﻿21:27:27 : Rcon client logging in
﻿21:27:28 : RCon admin #1 (103.13.101.239:63330) logged in
﻿21:27:40 : Player #0 King Zog (121.45.224.6:61826) connected
﻿21:27:41 : Player #0 King Zog - GUID: ed93afb5a1d7dd12c0848e3817234489 (unverified)
﻿21:27:41 : RCon admin #1: (Global) BEC : Boss Cocky King Zog Connected
﻿21:27:42 : Verified GUID (ed93afb5a1d7dd12c0848e3817234489) of player #0 King Zog
﻿21:27:43 : Status  -> Ok (ed93afb5a1d7dd12c0848e3817234489)
﻿21:30:28 : RCon admin #1: (Global) 1
﻿21:34:09 : Lost Connection!
﻿21:34:09 : Closing socket & exiting!
﻿21:37:27 : Reporter account validated ok!
﻿21:37:29 : Rcon client logging in
﻿21:37:29 : RCon admin #1 (103.13.101.239:53485) logged in
﻿21:40:29 : RCon admin #1: (Global) 1
﻿21:47:29 : RCon admin #1: (Global) This server restarts at 3pm Sydney Time
﻿21:50:00 : Lost Connection!
﻿21:50:00 : Closing socket & exiting!
﻿21:50:31 : Reporter account validated ok!
﻿21:50:33 : Rcon client logging in
﻿21:50:33 : RCon admin #1 (103.13.101.239:60198) logged in
﻿21:50:38 : Player #0 King Zog (121.45.224.6:61826) connected
﻿21:50:40 : Player #0 King Zog - GUID: ed93afb5a1d7dd12c0848e3817234489 (unverified)
﻿21:50:40 : RCon admin #1: (Global) BEC : Boss Cocky King Zog Connected
﻿21:50:40 : Verified GUID (ed93afb5a1d7dd12c0848e3817234489) of player #0 King Zog
﻿21:50:41 : Status  -> Ok (ed93afb5a1d7dd12c0848e3817234489)
﻿21:53:33 : RCon admin #1: (Global) 1
﻿21:56:14 : Lost Connection!
﻿21:56:14 : Closing socket & exiting!
﻿21:56:48 : Reporter account validated ok!
﻿21:56:49 : Rcon client logging in
﻿21:56:50 : RCon admin #1 (103.13.101.239:63187) logged in
﻿21:58:11 : Player #0 King Zog (121.45.224.6:61826) connected
﻿21:58:12 : Player #0 King Zog - GUID: ed93afb5a1d7dd12c0848e3817234489 (unverified)
﻿21:58:12 : RCon admin #1: (Global) BEC : Boss Cocky King Zog Connected
﻿21:58:13 : Verified GUID (ed93afb5a1d7dd12c0848e3817234489) of player #0 King Zog
﻿21:58:14 : Status  -> Ok (ed93afb5a1d7dd12c0848e3817234489)
﻿21:59:50 : RCon admin #1: (Global) 1
﻿22:06:50 : RCon admin #1: (Global) This server restarts at 3pm Sydney Time
﻿22:14:46 : Lost Connection!
﻿22:14:46 : Closing socket & exiting!
﻿22:16:00 : Reporter account validated ok!
﻿22:16:01 : Rcon client logging in
﻿22:16:01 : RCon admin #1 (103.13.101.239:64080) logged in
﻿22:19:02 : RCon admin #1: (Global) 1
﻿22:26:02 : RCon admin #1: (Global) This server restarts at 3pm Sydney Time
﻿22:29:25 : Player #0 King Zog (121.45.224.6:61831) connected
﻿22:29:26 : Player #0 King Zog - GUID: ed93afb5a1d7dd12c0848e3817234489 (unverified)
﻿22:29:27 : RCon admin #1: (Global) BEC : Boss Cocky King Zog Connected
﻿22:29:27 : Verified GUID (ed93afb5a1d7dd12c0848e3817234489) of player #0 King Zog
﻿22:29:28 : Status  -> Ok (ed93afb5a1d7dd12c0848e3817234489)
﻿22:35:40 : Lost Connection!
﻿22:35:40 : Closing socket & exiting!
﻿22:36:14 : Reporter account validated ok!
﻿22:36:15 : Rcon client logging in
﻿22:36:16 : RCon admin #1 (103.13.101.239:53392) logged in
﻿22:36:35 : Player #0 King Zog (121.45.224.6:61831) connected
﻿22:36:36 : Player #0 King Zog - GUID: ed93afb5a1d7dd12c0848e3817234489 (unverified)
﻿22:36:36 : RCon admin #1: (Global) BEC : Boss Cocky King Zog Connected
﻿22:36:37 : Verified GUID (ed93afb5a1d7dd12c0848e3817234489) of player #0 King Zog
﻿22:36:38 : Status  -> Ok (ed93afb5a1d7dd12c0848e3817234489)
﻿22:39:16 : RCon admin #1: (Global) 1
﻿22:39:54 : Lost Connection!
﻿22:39:54 : Closing socket & exiting!
﻿22:40:35 : Reporter account validated ok!
﻿22:40:36 : Rcon client logging in
﻿22:40:37 : RCon admin #1 (103.13.101.239:60852) logged in
﻿22:41:00 : Player #0 King Zog (121.45.224.6:61831) connected
﻿22:41:01 : Player #0 King Zog - GUID: ed93afb5a1d7dd12c0848e3817234489 (unverified)
﻿22:41:01 : RCon admin #1: (Global) BEC : Boss Cocky King Zog Connected
﻿22:41:02 : Verified GUID (ed93afb5a1d7dd12c0848e3817234489) of player #0 King Zog
﻿22:41:03 : Status  -> Ok (ed93afb5a1d7dd12c0848e3817234489)
﻿22:43:37 : RCon admin #1: (Global) 1
﻿22:45:13 : Lost Connection!
﻿22:45:13 : Closing socket & exiting!
﻿22:47:28 : Reporter account validated ok!
﻿22:47:29 : Rcon client logging in
﻿22:47:30 : RCon admin #1 (103.13.101.239:63447) logged in
﻿22:47:30 : Player #0 King Zog - GUID: ed93afb5a1d7dd12c0848e3817234489 (unverified)
﻿22:47:30 : Verified GUID (ed93afb5a1d7dd12c0848e3817234489) of player #0 King Zog
﻿22:47:30 : RCon admin #1: (Global) BEC : Boss Cocky King Zog Connected
﻿22:47:31 : Status  -> Ok (ed93afb5a1d7dd12c0848e3817234489)
﻿22:50:30 : RCon admin #1: (Global) 1
﻿22:57:30 : RCon admin #1: (Global) This server restarts at 3pm Sydney Time
﻿22:58:46 : Lost Connection!
﻿22:58:46 : Closing socket & exiting!
﻿22:59:36 : Reporter account validated ok!
﻿22:59:37 : Rcon client logging in
﻿22:59:38 : RCon admin #1 (103.13.101.239:53693) logged in
﻿23:00:03 : Player #0 King Zog (121.45.224.6:61831) connected
﻿23:00:04 : Player #0 King Zog - GUID: ed93afb5a1d7dd12c0848e3817234489 (unverified)
﻿23:00:04 : RCon admin #1: (Global) BEC : Boss Cocky King Zog Connected
﻿23:00:04 : Verified GUID (ed93afb5a1d7dd12c0848e3817234489) of player #0 King Zog
﻿23:00:07 : Status  -> Ok (ed93afb5a1d7dd12c0848e3817234489)
﻿23:02:38 : RCon admin #1: (Global) 1
﻿23:09:38 : RCon admin #1: (Global) This server restarts at 3pm Sydney Time
﻿23:10:29 : Lost Connection!
﻿23:10:29 : Closing socket & exiting!
﻿23:11:10 : Reporter account validated ok!
﻿23:11:12 : Rcon client logging in
﻿23:11:12 : RCon admin #1 (103.13.101.239:55005) logged in
﻿23:11:39 : Lost Connection!
﻿23:11:39 : Closing socket & exiting!
﻿23:12:10 : Reporter account validated ok!
﻿23:12:11 : Rcon client logging in
﻿23:12:12 : RCon admin #1 (103.13.101.239:55909) logged in
﻿23:12:12 : Verified GUID (ed93afb5a1d7dd12c0848e3817234489) of player #0 King Zog
﻿23:15:12 : RCon admin #1: (Global) 1
﻿23:17:55 : Lost Connection!
﻿23:17:55 : Closing socket & exiting!
﻿23:18:29 : Reporter account validated ok!
﻿23:18:30 : Rcon client logging in
﻿23:18:31 : RCon admin #1 (103.13.101.239:63440) logged in
﻿23:18:51 : Player #0 King Zog (121.45.224.6:61831) connected
﻿23:18:52 : Player #0 King Zog - GUID: ed93afb5a1d7dd12c0848e3817234489 (unverified)
﻿23:18:52 : RCon admin #1: (Global) BEC : Boss Cocky King Zog Connected
﻿23:18:52 : Verified GUID (ed93afb5a1d7dd12c0848e3817234489) of player #0 King Zog
﻿23:18:53 : Status  -> Ok (ed93afb5a1d7dd12c0848e3817234489)
﻿23:21:31 : RCon admin #1: (Global) 1
﻿23:25:48 : Player #0 King Zog disconnected
﻿23:28:31 : RCon admin #1: (Global) This server restarts at 3pm Sydney Time
﻿23:36:19 : Lost Connection!
﻿23:36:19 : Closing socket & exiting!
﻿23:36:53 : Reporter account validated ok!
﻿23:36:55 : Rcon client logging in
﻿23:36:55 : RCon admin #1 (103.13.101.239:54665) logged in
﻿23:37:34 : Lost Connection!
﻿23:37:34 : Closing socket & exiting!
﻿23:37:59 : Reporter account validated ok!
﻿23:38:01 : Rcon client logging in
﻿23:38:01 : RCon admin #1 (103.13.101.239:63552) logged in
﻿23:38:08 : Player #0 King Zog (121.45.224.6:61831) connected
﻿23:38:09 : Player #0 King Zog - GUID: ed93afb5a1d7dd12c0848e3817234489 (unverified)
﻿23:38:09 : RCon admin #1: (Global) BEC : Boss Cocky King Zog Connected
﻿23:38:09 : Verified GUID (ed93afb5a1d7dd12c0848e3817234489) of player #0 King Zog
﻿23:38:10 : Status  -> Ok (ed93afb5a1d7dd12c0848e3817234489)
﻿23:41:01 : RCon admin #1: (Global) 1
﻿23:44:44 : Lost Connection!
﻿23:44:44 : Closing socket & exiting!
﻿23:45:19 : Reporter account validated ok!
﻿23:45:20 : Rcon client logging in
﻿23:45:21 : RCon admin #1 (103.13.101.239:51341) logged in
﻿23:46:59 : Lost Connection!
﻿23:46:59 : Closing socket & exiting!
﻿23:47:31 : Reporter account validated ok!
﻿23:47:32 : Rcon client logging in
﻿23:47:33 : RCon admin #1 (103.13.101.239:53516) logged in
﻿23:47:55 : Player #0 King Zog (121.45.224.6:61831) connected
﻿23:47:57 : Player #0 King Zog - GUID: ed93afb5a1d7dd12c0848e3817234489 (unverified)
﻿23:47:57 : RCon admin #1: (Global) BEC : Boss Cocky King Zog Connected
﻿23:47:57 : Verified GUID (ed93afb5a1d7dd12c0848e3817234489) of player #0 King Zog
﻿23:47:58 : Status  -> Ok (ed93afb5a1d7dd12c0848e3817234489)
﻿23:50:33 : RCon admin #1: (Global) 1
﻿23:50:55 : Lost Connection!
﻿23:50:55 : Closing socket & exiting!
﻿23:51:27 : Reporter account validated ok!
﻿23:51:28 : Rcon client logging in
﻿23:51:29 : RCon admin #1 (103.13.101.239:57640) logged in
﻿23:51:38 : Player #0 King Zog (121.45.224.6:61831) connected
﻿23:51:39 : Player #0 King Zog - GUID: ed93afb5a1d7dd12c0848e3817234489 (unverified)
﻿23:51:39 : RCon admin #1: (Global) BEC : Boss Cocky King Zog Connected
﻿23:51:40 : Verified GUID (ed93afb5a1d7dd12c0848e3817234489) of player #0 King Zog
﻿23:51:41 : Status  -> Ok (ed93afb5a1d7dd12c0848e3817234489)
﻿23:54:29 : RCon admin #1: (Global) 1
