00:58:59 : RCon admin #1: (Global) This server restarts at 3pm Sydney Time
﻿02:28:59 : RCon admin #1: (Global) This server restarts at 3pm Sydney Time
﻿03:06:45 : Player #0 King Zog disconnected
﻿03:58:59 : RCon admin #1: (Global) This server restarts at 3pm Sydney Time
﻿05:28:59 : RCon admin #1: (Global) This server restarts at 3pm Sydney Time
﻿06:58:59 : RCon admin #1: (Global) This server restarts at 3pm Sydney Time
﻿08:28:59 : RCon admin #1: (Global) This server restarts at 3pm Sydney Time
﻿09:58:59 : RCon admin #1: (Global) This server restarts at 3pm Sydney Time
﻿11:28:59 : RCon admin #1: (Global) This server restarts at 3pm Sydney Time
﻿12:58:59 : RCon admin #1: (Global) This server restarts at 3pm Sydney Time
﻿14:28:59 : RCon admin #1: (Global) This server restarts at 3pm Sydney Time
﻿14:30:00 : RCon admin #1: (Global) This server will restart in 30 minutes
﻿14:45:00 : RCon admin #1: (Global) This server will restart in 15 minutes
﻿14:50:00 : RCon admin #1: (Global) This server will restart in 10 minutes.
﻿14:55:00 : RCon admin #1: (Global) This server will restart in 5 minutes.
﻿14:57:00 : RCon admin #1: (Global) THIS SERVER IS RESTARTING IN 3 MINUTES !.
﻿14:59:00 : RCon admin #1: (Global) THIS SERVER IS RESTARTING IN 60 SECONDS. PRESS ESC TO SAVE !!!
﻿15:00:02 : Lost Connection!
﻿15:00:02 : Closing socket & exiting!
﻿16:19:18 : Reporter account validated ok!
﻿16:19:19 : Rcon client logging in
﻿16:19:19 : RCon admin #1 (103.13.101.239:64066) logged in
﻿16:22:20 : RCon admin #1: (Global) 1
﻿16:29:20 : RCon admin #1: (Global) This server restarts at 3pm Sydney Time
﻿17:21:19 : Lost Connection!
﻿17:21:19 : Closing socket & exiting!
﻿17:22:33 : Reporter account validated ok!
﻿17:22:34 : Rcon client logging in
﻿17:22:35 : RCon admin #1 (103.13.101.239:64000) logged in
﻿17:25:35 : RCon admin #1: (Global) 1
﻿17:25:54 : Lost Connection!
﻿17:25:54 : Closing socket & exiting!
﻿17:26:26 : Reporter account validated ok!
﻿17:26:27 : Rcon client logging in
﻿17:26:28 : RCon admin #0 (103.13.101.239:60708) logged in
﻿17:26:28 : RCon admin #1 (103.13.101.239:60709) logged in
﻿17:26:31 : Reporter account validated ok!
﻿17:26:33 : Rcon client logging in
﻿17:26:33 : RCon admin #2 (103.13.101.239:60710) logged in
﻿17:26:33 : RCon admin #2 (103.13.101.239:60710) logged in
﻿17:27:57 : Player #0 King Zog (121.45.224.6:61405) connected
﻿17:27:57 : Player #0 King Zog (121.45.224.6:61405) connected
﻿17:27:58 : Player #0 King Zog - GUID: ed93afb5a1d7dd12c0848e3817234489 (unverified)
﻿17:27:58 : RCon admin #2: (Global) BEC : Boss Cocky King Zog Connected
﻿17:27:58 : RCon admin #2: (Global) BEC : Boss Cocky King Zog Connected
﻿17:27:58 : RCon admin #0: (Global) BEC : Boss Cocky King Zog Connected
﻿17:27:58 : RCon admin #0: (Global) BEC : Boss Cocky King Zog Connected
﻿17:27:58 : Verified GUID (ed93afb5a1d7dd12c0848e3817234489) of player #0 King Zog
﻿17:27:58 : Verified GUID (ed93afb5a1d7dd12c0848e3817234489) of player #0 King Zog
﻿17:27:59 : Status  -> Ok (ed93afb5a1d7dd12c0848e3817234489)
﻿17:28:00 : Status  -> Ok (ed93afb5a1d7dd12c0848e3817234489)
﻿17:29:28 : RCon admin #0: (Global) 1
﻿17:29:28 : RCon admin #0: (Global) 1
﻿17:29:33 : RCon admin #2: (Global) 1
﻿17:29:33 : RCon admin #2: (Global) 1
﻿17:35:13 : Lost Connection!
﻿17:35:13 : Closing socket & exiting!
﻿17:35:13 : Lost Connection!
﻿17:35:13 : Closing socket & exiting!
﻿17:36:09 : Reporter account validated ok!
﻿17:36:10 : Rcon client logging in
﻿17:36:11 : RCon admin #1 (103.13.101.239:62841) logged in
﻿17:36:47 : Player #0 King Zog (121.45.224.6:61405) connected
﻿17:36:48 : Player #0 King Zog - GUID: ed93afb5a1d7dd12c0848e3817234489 (unverified)
﻿17:36:48 : RCon admin #1: (Global) BEC : Boss Cocky King Zog Connected
﻿17:36:49 : Verified GUID (ed93afb5a1d7dd12c0848e3817234489) of player #0 King Zog
﻿17:36:50 : Status  -> Ok (ed93afb5a1d7dd12c0848e3817234489)
﻿17:39:11 : RCon admin #1: (Global) 1
﻿17:40:51 : Lost Connection!
﻿17:40:51 : Closing socket & exiting!
﻿17:41:23 : Reporter account validated ok!
﻿17:41:24 : Rcon client logging in
﻿17:41:24 : RCon admin #1 (103.13.101.239:57624) logged in
﻿17:41:36 : Player #0 King Zog (121.45.224.6:61405) connected
﻿17:41:37 : Player #0 King Zog - GUID: ed93afb5a1d7dd12c0848e3817234489 (unverified)
﻿17:41:37 : RCon admin #1: (Global) BEC : Boss Cocky King Zog Connected
﻿17:41:38 : Verified GUID (ed93afb5a1d7dd12c0848e3817234489) of player #0 King Zog
﻿17:41:39 : Status  -> Ok (ed93afb5a1d7dd12c0848e3817234489)
﻿17:44:25 : RCon admin #1: (Global) 1
﻿17:50:18 : Lost Connection!
﻿17:50:18 : Closing socket & exiting!
﻿17:50:53 : Reporter account validated ok!
﻿17:50:55 : Rcon client logging in
﻿17:50:55 : RCon admin #1 (103.13.101.239:62536) logged in
﻿17:51:54 : Player #0 King Zog (121.45.224.6:61405) connected
﻿17:51:55 : Player #0 King Zog - GUID: ed93afb5a1d7dd12c0848e3817234489 (unverified)
﻿17:51:55 : RCon admin #1: (Global) BEC : Boss Cocky King Zog Connected
﻿17:51:55 : Verified GUID (ed93afb5a1d7dd12c0848e3817234489) of player #0 King Zog
﻿17:51:56 : Status  -> Ok (ed93afb5a1d7dd12c0848e3817234489)
﻿17:53:55 : RCon admin #1: (Global) 1
﻿18:00:55 : RCon admin #1: (Global) This server restarts at 3pm Sydney Time
﻿18:02:02 : Lost Connection!
﻿18:02:02 : Closing socket & exiting!
﻿18:02:33 : Reporter account validated ok!
﻿18:02:34 : Rcon client logging in
﻿18:02:35 : RCon admin #1 (103.13.101.239:56164) logged in
﻿18:02:38 : Player #0 King Zog (121.45.224.6:61405) connected
﻿18:02:40 : Player #0 King Zog - GUID: ed93afb5a1d7dd12c0848e3817234489 (unverified)
﻿18:02:40 : RCon admin #1: (Global) BEC : Boss Cocky King Zog Connected
﻿18:02:41 : Verified GUID (ed93afb5a1d7dd12c0848e3817234489) of player #0 King Zog
﻿18:02:42 : Status  -> Ok (ed93afb5a1d7dd12c0848e3817234489)
﻿18:03:14 : Lost Connection!
﻿18:03:14 : Closing socket & exiting!
﻿18:03:45 : Reporter account validated ok!
﻿18:03:46 : Rcon client logging in
﻿18:03:47 : RCon admin #1 (103.13.101.239:55579) logged in
﻿18:04:06 : Player #0 King Zog (121.45.224.6:61405) connected
﻿18:04:07 : Player #0 King Zog - GUID: ed93afb5a1d7dd12c0848e3817234489 (unverified)
﻿18:04:07 : RCon admin #1: (Global) BEC : Boss Cocky King Zog Connected
﻿18:04:07 : Verified GUID (ed93afb5a1d7dd12c0848e3817234489) of player #0 King Zog
﻿18:04:08 : Status  -> Ok (ed93afb5a1d7dd12c0848e3817234489)
﻿18:06:47 : RCon admin #1: (Global) 1
﻿18:09:27 : Lost Connection!
﻿18:09:27 : Closing socket & exiting!
﻿18:09:58 : Reporter account validated ok!
﻿18:09:59 : Rcon client logging in
﻿18:10:00 : RCon admin #1 (103.13.101.239:61636) logged in
﻿18:10:13 : Player #0 King Zog (121.45.224.6:61405) connected
﻿18:10:14 : Player #0 King Zog - GUID: ed93afb5a1d7dd12c0848e3817234489 (unverified)
﻿18:10:14 : RCon admin #1: (Global) BEC : Boss Cocky King Zog Connected
﻿18:10:14 : Verified GUID (ed93afb5a1d7dd12c0848e3817234489) of player #0 King Zog
﻿18:10:15 : Status  -> Ok (ed93afb5a1d7dd12c0848e3817234489)
﻿18:11:29 : Lost Connection!
﻿18:11:29 : Closing socket & exiting!
﻿18:12:01 : Reporter account validated ok!
﻿18:12:02 : Rcon client logging in
﻿18:12:02 : RCon admin #1 (103.13.101.239:61638) logged in
﻿18:12:41 : Player #0 King Zog (121.45.224.6:61405) connected
﻿18:12:42 : Player #0 King Zog - GUID: ed93afb5a1d7dd12c0848e3817234489 (unverified)
﻿18:12:42 : RCon admin #1: (Global) BEC : Boss Cocky King Zog Connected
﻿18:12:43 : Verified GUID (ed93afb5a1d7dd12c0848e3817234489) of player #0 King Zog
﻿18:12:44 : Status  -> Ok (ed93afb5a1d7dd12c0848e3817234489)
﻿18:15:03 : RCon admin #1: (Global) 1
﻿18:16:05 : Lost Connection!
﻿18:16:05 : Closing socket & exiting!
﻿18:16:36 : Reporter account validated ok!
﻿18:16:37 : Rcon client logging in
﻿18:16:38 : RCon admin #1 (103.13.101.239:64085) logged in
﻿18:17:13 : Player #0 King Zog (121.45.224.6:61405) connected
﻿18:17:14 : Player #0 King Zog - GUID: ed93afb5a1d7dd12c0848e3817234489 (unverified)
﻿18:17:14 : RCon admin #1: (Global) BEC : Boss Cocky King Zog Connected
﻿18:17:15 : Verified GUID (ed93afb5a1d7dd12c0848e3817234489) of player #0 King Zog
﻿18:17:16 : Status  -> Ok (ed93afb5a1d7dd12c0848e3817234489)
﻿18:19:38 : RCon admin #1: (Global) 1
﻿18:24:37 : Lost Connection!
﻿18:24:37 : Closing socket & exiting!
﻿18:25:10 : Reporter account validated ok!
﻿18:25:11 : Rcon client logging in
﻿18:25:11 : RCon admin #1 (103.13.101.239:50931) logged in
﻿18:28:12 : RCon admin #1: (Global) 1
﻿18:30:39 : Lost Connection!
﻿18:30:39 : Closing socket & exiting!
﻿18:59:27 : Reporter account validated ok!
﻿18:59:28 : Rcon client logging in
﻿18:59:28 : RCon admin #1 (103.13.101.239:56727) logged in
﻿18:59:46 : Player #0 King Zog (121.45.224.6:61481) connected
﻿18:59:47 : Player #0 King Zog - GUID: ed93afb5a1d7dd12c0848e3817234489 (unverified)
﻿18:59:47 : RCon admin #1: (Global) BEC : Boss Cocky King Zog Connected
﻿18:59:47 : Verified GUID (ed93afb5a1d7dd12c0848e3817234489) of player #0 King Zog
﻿18:59:48 : Status  -> Ok (ed93afb5a1d7dd12c0848e3817234489)
﻿19:02:29 : RCon admin #1: (Global) 1
﻿19:05:45 : Lost Connection!
﻿19:05:45 : Closing socket & exiting!
﻿19:11:06 : Reporter account validated ok!
﻿19:11:07 : Rcon client logging in
﻿19:11:08 : RCon admin #1 (103.13.101.239:58932) logged in
﻿19:11:27 : Player #0 King Zog (121.45.224.6:61482) connected
﻿19:11:29 : Player #0 King Zog - GUID: ed93afb5a1d7dd12c0848e3817234489 (unverified)
﻿19:11:29 : RCon admin #1: (Global) BEC : Boss Cocky King Zog Connected
﻿19:11:29 : Verified GUID (ed93afb5a1d7dd12c0848e3817234489) of player #0 King Zog
﻿19:11:30 : Status  -> Ok (ed93afb5a1d7dd12c0848e3817234489)
﻿19:14:08 : RCon admin #1: (Global) 1
﻿19:20:21 : Player #0 King Zog disconnected
﻿19:21:08 : RCon admin #1: (Global) This server restarts at 3pm Sydney Time
﻿20:51:08 : RCon admin #1: (Global) This server restarts at 3pm Sydney Time
﻿21:18:48 : Lost Connection!
﻿21:18:48 : Closing socket & exiting!
﻿21:19:56 : Reporter account validated ok!
﻿21:19:57 : Rcon client logging in
﻿21:19:57 : RCon admin #1 (103.13.101.239:50250) logged in
﻿21:20:02 : Player #0 King Zog (121.45.224.6:61581) connected
﻿21:20:04 : Player #0 King Zog - GUID: ed93afb5a1d7dd12c0848e3817234489 (unverified)
﻿21:20:04 : RCon admin #1: (Global) BEC : Boss Cocky King Zog Connected
﻿21:20:04 : Verified GUID (ed93afb5a1d7dd12c0848e3817234489) of player #0 King Zog
﻿21:20:05 : Status  -> Ok (ed93afb5a1d7dd12c0848e3817234489)
﻿21:22:58 : RCon admin #1: (Global) 1
﻿21:29:58 : RCon admin #1: (Global) This server restarts at 3pm Sydney Time
﻿21:33:45 : Lost Connection!
﻿21:33:45 : Closing socket & exiting!
﻿21:34:35 : Reporter account validated ok!
﻿21:34:36 : Rcon client logging in
﻿21:34:37 : RCon admin #1 (103.13.101.239:62684) logged in
﻿21:37:37 : RCon admin #1: (Global) 1
﻿21:44:37 : RCon admin #1: (Global) This server restarts at 3pm Sydney Time
﻿21:47:58 : Player #0 King Zog (121.45.224.6:61586) connected
﻿21:47:59 : Player #0 King Zog - GUID: ed93afb5a1d7dd12c0848e3817234489 (unverified)
﻿21:47:59 : RCon admin #1: (Global) BEC : Boss Cocky King Zog Connected
﻿21:47:59 : Verified GUID (ed93afb5a1d7dd12c0848e3817234489) of player #0 King Zog
﻿21:48:00 : Status  -> Ok (ed93afb5a1d7dd12c0848e3817234489)
﻿21:55:34 : Lost Connection!
﻿21:55:34 : Closing socket & exiting!
﻿21:56:45 : Reporter account validated ok!
﻿21:56:47 : Rcon client logging in
﻿21:56:47 : RCon admin #1 (103.13.101.239:56664) logged in
﻿21:59:47 : RCon admin #1: (Global) 1
﻿22:06:47 : RCon admin #1: (Global) This server restarts at 3pm Sydney Time
﻿23:36:47 : RCon admin #1: (Global) This server restarts at 3pm Sydney Time
