00:00:17 : Lost Connection!
﻿00:00:17 : Closing socket & exiting!
﻿00:00:49 : Reporter account validated ok!
﻿00:00:50 : Rcon client logging in
﻿00:00:50 : RCon admin #1 (103.13.101.239:64404) logged in
﻿00:01:08 : Player #0 King Zog (121.45.224.6:61831) connected
﻿00:01:09 : Player #0 King Zog - GUID: ed93afb5a1d7dd12c0848e3817234489 (unverified)
﻿00:01:09 : RCon admin #1: (Global) BEC : Boss Cocky King Zog Connected
﻿00:01:10 : Verified GUID (ed93afb5a1d7dd12c0848e3817234489) of player #0 King Zog
﻿00:01:11 : Status  -> Ok (ed93afb5a1d7dd12c0848e3817234489)
﻿00:03:51 : RCon admin #1: (Global) 1
﻿00:05:51 : Lost Connection!
﻿00:05:51 : Closing socket & exiting!
﻿00:06:21 : Reporter account validated ok!
﻿00:06:23 : Rcon client logging in
﻿00:06:23 : RCon admin #1 (103.13.101.239:59141) logged in
﻿00:06:26 : Player #0 King Zog (121.45.224.6:61831) connected
﻿00:06:27 : Player #0 King Zog - GUID: ed93afb5a1d7dd12c0848e3817234489 (unverified)
﻿00:06:27 : RCon admin #1: (Global) BEC : Boss Cocky King Zog Connected
﻿00:06:28 : Verified GUID (ed93afb5a1d7dd12c0848e3817234489) of player #0 King Zog
﻿00:06:29 : Status  -> Ok (ed93afb5a1d7dd12c0848e3817234489)
﻿00:09:23 : RCon admin #1: (Global) 1
﻿00:11:52 : Lost Connection!
﻿00:11:52 : Closing socket & exiting!
﻿00:14:15 : Reporter account validated ok!
﻿00:14:16 : Rcon client logging in
﻿00:14:17 : RCon admin #1 (103.13.101.239:51441) logged in
﻿00:17:17 : RCon admin #1: (Global) 1
﻿00:19:25 : Lost Connection!
﻿00:19:25 : Closing socket & exiting!
﻿00:20:17 : Reporter account validated ok!
﻿00:20:18 : Rcon client logging in
﻿00:20:18 : RCon admin #1 (103.13.101.239:61763) logged in
﻿00:20:24 : Player #0 King Zog (121.45.224.6:61831) connected
﻿00:20:25 : Player #0 King Zog - GUID: ed93afb5a1d7dd12c0848e3817234489 (unverified)
﻿00:20:26 : RCon admin #1: (Global) BEC : Boss Cocky King Zog Connected
﻿00:20:26 : Verified GUID (ed93afb5a1d7dd12c0848e3817234489) of player #0 King Zog
﻿00:20:27 : Status  -> Ok (ed93afb5a1d7dd12c0848e3817234489)
﻿00:23:19 : RCon admin #1: (Global) 1
﻿00:30:19 : RCon admin #1: (Global) This server restarts at 3pm Sydney Time
﻿00:34:45 : Lost Connection!
﻿00:34:45 : Closing socket & exiting!
﻿00:35:11 : Reporter account validated ok!
﻿00:35:12 : Rcon client logging in
﻿00:35:13 : RCon admin #1 (103.13.101.239:64618) logged in
﻿00:35:48 : Player #0 King Zog (121.45.224.6:61850) connected
﻿00:35:49 : Player #0 King Zog - GUID: ed93afb5a1d7dd12c0848e3817234489 (unverified)
﻿00:35:49 : RCon admin #1: (Global) BEC : Boss Cocky King Zog Connected
﻿00:35:49 : Verified GUID (ed93afb5a1d7dd12c0848e3817234489) of player #0 King Zog
﻿00:35:51 : Status  -> Ok (ed93afb5a1d7dd12c0848e3817234489)
﻿00:38:13 : RCon admin #1: (Global) 1
﻿00:39:23 : Lost Connection!
﻿00:39:23 : Closing socket & exiting!
﻿00:39:53 : Reporter account validated ok!
﻿00:39:54 : Rcon client logging in
﻿00:39:55 : RCon admin #1 (103.13.101.239:49874) logged in
﻿00:40:06 : Player #0 King Zog (121.45.224.6:61850) connected
﻿00:40:07 : Player #0 King Zog - GUID: ed93afb5a1d7dd12c0848e3817234489 (unverified)
﻿00:40:07 : RCon admin #1: (Global) BEC : Boss Cocky King Zog Connected
﻿00:40:08 : Verified GUID (ed93afb5a1d7dd12c0848e3817234489) of player #0 King Zog
﻿00:40:09 : Status  -> Ok (ed93afb5a1d7dd12c0848e3817234489)
﻿00:42:55 : RCon admin #1: (Global) 1
﻿00:42:58 : Lost Connection!
﻿00:42:58 : Closing socket & exiting!
﻿00:43:28 : Reporter account validated ok!
﻿00:43:29 : Rcon client logging in
﻿00:43:30 : RCon admin #1 (103.13.101.239:59030) logged in
﻿00:43:49 : Lost Connection!
﻿00:43:49 : Closing socket & exiting!
﻿00:44:11 : Reporter account validated ok!
﻿00:44:12 : Rcon client logging in
﻿00:44:12 : RCon admin #1 (103.13.101.239:62676) logged in
﻿00:44:30 : Player #0 King Zog (121.45.224.6:61850) connected
﻿00:44:31 : Player #0 King Zog - GUID: ed93afb5a1d7dd12c0848e3817234489 (unverified)
﻿00:44:31 : RCon admin #1: (Global) BEC : Boss Cocky King Zog Connected
﻿00:44:31 : Verified GUID (ed93afb5a1d7dd12c0848e3817234489) of player #0 King Zog
﻿00:44:32 : Status  -> Ok (ed93afb5a1d7dd12c0848e3817234489)
﻿00:47:03 : Lost Connection!
﻿00:47:03 : Closing socket & exiting!
﻿00:47:44 : Reporter account validated ok!
﻿00:47:45 : Rcon client logging in
﻿00:47:46 : RCon admin #1 (103.13.101.239:59281) logged in
﻿00:48:03 : Player #0 King Zog (121.45.224.6:61850) connected
﻿00:48:04 : Player #0 King Zog - GUID: ed93afb5a1d7dd12c0848e3817234489 (unverified)
﻿00:48:04 : RCon admin #1: (Global) BEC : Boss Cocky King Zog Connected
﻿00:48:04 : Verified GUID (ed93afb5a1d7dd12c0848e3817234489) of player #0 King Zog
﻿00:48:05 : Status  -> Ok (ed93afb5a1d7dd12c0848e3817234489)
﻿00:50:46 : RCon admin #1: (Global) 1
﻿00:54:48 : Lost Connection!
﻿00:54:48 : Closing socket & exiting!
﻿00:55:21 : Reporter account validated ok!
﻿00:55:22 : Rcon client logging in
﻿00:55:23 : RCon admin #1 (103.13.101.239:63598) logged in
﻿00:56:06 : Player #0 King Zog (121.45.224.6:61850) connected
﻿00:56:07 : Player #0 King Zog - GUID: ed93afb5a1d7dd12c0848e3817234489 (unverified)
﻿00:56:07 : RCon admin #1: (Global) BEC : Boss Cocky King Zog Connected
﻿00:56:07 : Verified GUID (ed93afb5a1d7dd12c0848e3817234489) of player #0 King Zog
﻿00:56:08 : Status  -> Ok (ed93afb5a1d7dd12c0848e3817234489)
﻿00:58:23 : RCon admin #1: (Global) 1
﻿00:59:45 : Lost Connection!
﻿00:59:45 : Closing socket & exiting!
﻿01:00:26 : Reporter account validated ok!
﻿01:00:27 : Rcon client logging in
﻿01:00:27 : RCon admin #1 (103.13.101.239:61889) logged in
﻿01:03:28 : RCon admin #1: (Global) 1
﻿01:05:38 : Lost Connection!
﻿01:05:38 : Closing socket & exiting!
﻿01:06:12 : Reporter account validated ok!
﻿01:06:14 : Rcon client logging in
﻿01:06:14 : RCon admin #1 (103.13.101.239:51780) logged in
﻿01:06:53 : Player #0 King Zog (121.45.224.6:61850) connected
﻿01:06:54 : Player #0 King Zog - GUID: ed93afb5a1d7dd12c0848e3817234489 (unverified)
﻿01:06:55 : RCon admin #1: (Global) BEC : Boss Cocky King Zog Connected
﻿01:06:55 : Verified GUID (ed93afb5a1d7dd12c0848e3817234489) of player #0 King Zog
﻿01:06:56 : Status  -> Ok (ed93afb5a1d7dd12c0848e3817234489)
﻿01:09:14 : RCon admin #1: (Global) 1
﻿01:11:58 : Lost Connection!
﻿01:11:58 : Closing socket & exiting!
﻿01:14:36 : Reporter account validated ok!
﻿01:14:37 : Rcon client logging in
﻿01:14:38 : RCon admin #1 (103.13.101.239:54900) logged in
﻿01:14:39 : Player #0 King Zog (121.45.224.6:61850) connected
﻿01:14:40 : Player #0 King Zog - GUID: ed93afb5a1d7dd12c0848e3817234489 (unverified)
﻿01:14:40 : RCon admin #1: (Global) BEC : Boss Cocky King Zog Connected
﻿01:14:40 : Verified GUID (ed93afb5a1d7dd12c0848e3817234489) of player #0 King Zog
﻿01:14:41 : Status  -> Ok (ed93afb5a1d7dd12c0848e3817234489)
﻿01:17:38 : RCon admin #1: (Global) 1
﻿01:24:38 : RCon admin #1: (Global) This server restarts at 3pm Sydney Time
﻿01:29:05 : Lost Connection!
﻿01:29:05 : Closing socket & exiting!
﻿01:32:27 : Reporter account validated ok!
﻿01:32:28 : Rcon client logging in
﻿01:32:29 : RCon admin #1 (103.13.101.239:63580) logged in
﻿01:33:01 : Player #0 King Zog (121.45.224.6:61850) connected
﻿01:33:02 : Player #0 King Zog - GUID: ed93afb5a1d7dd12c0848e3817234489 (unverified)
﻿01:33:02 : RCon admin #1: (Global) BEC : Boss Cocky King Zog Connected
﻿01:33:02 : Verified GUID (ed93afb5a1d7dd12c0848e3817234489) of player #0 King Zog
﻿01:33:03 : Status  -> Ok (ed93afb5a1d7dd12c0848e3817234489)
﻿01:35:29 : RCon admin #1: (Global) 1
﻿01:39:04 : Lost Connection!
﻿01:39:04 : Closing socket & exiting!
﻿01:43:24 : Reporter account validated ok!
﻿01:43:25 : Rcon client logging in
﻿01:43:25 : RCon admin #1 (103.13.101.239:63009) logged in
﻿01:45:49 : Player #0 King Zog (121.45.224.6:61864) connected
﻿01:45:51 : Player #0 King Zog - GUID: ed93afb5a1d7dd12c0848e3817234489 (unverified)
﻿01:45:51 : Verified GUID (ed93afb5a1d7dd12c0848e3817234489) of player #0 King Zog
﻿01:45:51 : RCon admin #1: (Global) BEC : Boss Cocky King Zog Connected
﻿01:45:52 : Status  -> Ok (ed93afb5a1d7dd12c0848e3817234489)
﻿01:46:26 : RCon admin #1: (Global) 1
﻿01:53:26 : RCon admin #1: (Global) This server restarts at 3pm Sydney Time
﻿01:57:08 : Player #0 King Zog disconnected
﻿03:23:26 : RCon admin #1: (Global) This server restarts at 3pm Sydney Time
﻿04:53:26 : RCon admin #1: (Global) This server restarts at 3pm Sydney Time
﻿06:23:26 : RCon admin #1: (Global) This server restarts at 3pm Sydney Time
﻿07:53:25 : RCon admin #1: (Global) This server restarts at 3pm Sydney Time
﻿09:23:26 : RCon admin #1: (Global) This server restarts at 3pm Sydney Time
﻿10:53:26 : RCon admin #1: (Global) This server restarts at 3pm Sydney Time
﻿11:55:50 : Player #0 King Zog (121.45.224.6:61886) connected
﻿11:55:51 : Player #0 King Zog - GUID: ed93afb5a1d7dd12c0848e3817234489 (unverified)
﻿11:55:51 : RCon admin #1: (Global) BEC : Boss Cocky King Zog Connected
﻿11:55:51 : Verified GUID (ed93afb5a1d7dd12c0848e3817234489) of player #0 King Zog
﻿11:55:52 : Could not connect to BE Master
﻿11:55:52 : Update attempt failed
﻿11:55:53 : Status  -> Ok (ed93afb5a1d7dd12c0848e3817234489)
﻿11:57:49 : Could not connect to BE Master
﻿11:57:49 : Update attempt failed
﻿11:59:45 : Could not connect to BE Master
﻿11:59:45 : Update attempt failed
﻿12:01:42 : Could not connect to BE Master
﻿12:01:42 : Update attempt failed
﻿12:03:39 : Could not connect to BE Master
﻿12:03:39 : Update attempt failed
﻿12:05:36 : Could not connect to BE Master
﻿12:05:36 : Update attempt failed
﻿12:07:33 : Could not connect to BE Master
﻿12:07:33 : Update attempt failed
﻿12:09:30 : Could not connect to BE Master
﻿12:09:30 : Update attempt failed
﻿12:11:27 : Could not connect to BE Master
﻿12:11:27 : Update attempt failed
﻿12:13:24 : Could not connect to BE Master
﻿12:13:24 : Update attempt failed
﻿12:15:21 : Could not connect to BE Master
﻿12:15:21 : Update attempt failed
﻿12:17:17 : Could not connect to BE Master
﻿12:17:17 : Update attempt failed
﻿12:19:14 : Could not connect to BE Master
﻿12:19:14 : Update attempt failed
﻿12:21:11 : Could not connect to BE Master
﻿12:21:11 : Update attempt failed
﻿12:23:08 : Could not connect to BE Master
﻿12:23:08 : Update attempt failed
﻿12:23:26 : RCon admin #1: (Global) This server restarts at 3pm Sydney Time
﻿12:25:05 : Could not connect to BE Master
﻿12:25:05 : Update attempt failed
﻿12:27:02 : Could not connect to BE Master
﻿12:27:02 : Update attempt failed
﻿12:28:59 : Could not connect to BE Master
﻿12:28:59 : Update attempt failed
﻿12:30:56 : Could not connect to BE Master
﻿12:30:56 : Update attempt failed
﻿12:32:52 : Could not connect to BE Master
﻿12:32:52 : Update attempt failed
﻿12:34:49 : Could not connect to BE Master
﻿12:34:49 : Update attempt failed
﻿12:36:46 : Could not connect to BE Master
﻿12:36:46 : Update attempt failed
﻿12:38:43 : Could not connect to BE Master
﻿12:38:43 : Update attempt failed
﻿12:40:40 : Could not connect to BE Master
﻿12:40:40 : Update attempt failed
﻿12:42:37 : Could not connect to BE Master
﻿12:42:37 : Update attempt failed
﻿12:44:34 : Could not connect to BE Master
﻿12:44:34 : Update attempt failed
﻿12:46:31 : Could not connect to BE Master
﻿12:46:31 : Update attempt failed
﻿12:48:27 : Could not connect to BE Master
﻿12:48:27 : Update attempt failed
﻿12:50:24 : Could not connect to BE Master
﻿12:50:24 : Update attempt failed
﻿12:52:21 : Could not connect to BE Master
﻿12:52:21 : Update attempt failed
﻿12:54:18 : Could not connect to BE Master
﻿12:54:18 : Update attempt failed
﻿12:56:15 : Could not connect to BE Master
﻿12:56:15 : Update attempt failed
﻿12:58:12 : Could not connect to BE Master
﻿12:58:12 : Update attempt failed
﻿13:00:09 : Could not connect to BE Master
﻿13:00:09 : Update attempt failed
﻿13:02:06 : Could not connect to BE Master
﻿13:02:06 : Update attempt failed
﻿13:04:02 : Could not connect to BE Master
﻿13:04:02 : Update attempt failed
﻿13:05:59 : Could not connect to BE Master
﻿13:05:59 : Update attempt failed
﻿13:07:56 : Could not connect to BE Master
﻿13:07:56 : Update attempt failed
﻿13:09:53 : Could not connect to BE Master
﻿13:09:53 : Update attempt failed
﻿13:11:50 : Could not connect to BE Master
﻿13:11:50 : Update attempt failed
﻿13:13:47 : Could not connect to BE Master
﻿13:13:47 : Update attempt failed
﻿13:15:44 : Could not connect to BE Master
﻿13:15:44 : Update attempt failed
﻿13:17:41 : Could not connect to BE Master
﻿13:17:41 : Update attempt failed
﻿13:19:37 : Could not connect to BE Master
﻿13:19:37 : Update attempt failed
﻿13:21:34 : Could not connect to BE Master
﻿13:21:34 : Update attempt failed
﻿13:23:31 : Could not connect to BE Master
﻿13:23:31 : Update attempt failed
﻿13:25:28 : Could not connect to BE Master
﻿13:25:28 : Update attempt failed
﻿13:27:25 : Could not connect to BE Master
﻿13:27:25 : Update attempt failed
﻿13:29:22 : Could not connect to BE Master
﻿13:29:22 : Update attempt failed
﻿13:31:19 : Could not connect to BE Master
﻿13:31:19 : Update attempt failed
﻿13:33:15 : Could not connect to BE Master
﻿13:33:16 : Update attempt failed
﻿13:35:12 : Could not connect to BE Master
﻿13:35:12 : Update attempt failed
﻿13:37:09 : Could not connect to BE Master
﻿13:37:09 : Update attempt failed
﻿13:39:06 : Could not connect to BE Master
﻿13:39:06 : Update attempt failed
﻿13:41:03 : Could not connect to BE Master
﻿13:41:03 : Update attempt failed
﻿13:43:00 : Could not connect to BE Master
﻿13:43:00 : Update attempt failed
﻿13:44:57 : Could not connect to BE Master
﻿13:44:57 : Update attempt failed
﻿13:46:54 : Could not connect to BE Master
﻿13:46:54 : Update attempt failed
﻿13:48:51 : Could not connect to BE Master
﻿13:48:51 : Update attempt failed
﻿13:50:47 : Could not connect to BE Master
﻿13:50:47 : Update attempt failed
﻿13:52:44 : Could not connect to BE Master
﻿13:52:44 : Update attempt failed
﻿13:53:26 : RCon admin #1: (Global) This server restarts at 3pm Sydney Time
﻿13:54:41 : Could not connect to BE Master
﻿13:54:41 : Update attempt failed
﻿13:56:38 : Could not connect to BE Master
﻿13:56:38 : Update attempt failed
﻿13:58:35 : Could not connect to BE Master
﻿13:58:35 : Update attempt failed
﻿14:00:32 : Could not connect to BE Master
﻿14:00:32 : Update attempt failed
﻿14:02:29 : Could not connect to BE Master
﻿14:02:29 : Update attempt failed
﻿14:03:26 : Lost Connection!
﻿14:03:26 : Closing socket & exiting!
﻿15:58:32 : Reporter account validated ok!
﻿15:58:33 : Rcon client logging in
﻿15:58:33 : RCon admin #1 (103.13.101.239:51254) logged in
﻿15:58:52 : Player #0 King Zog (121.45.224.6:61965) connected
﻿15:58:53 : Player #0 King Zog - GUID: ed93afb5a1d7dd12c0848e3817234489 (unverified)
﻿15:58:53 : RCon admin #1: (Global) BEC : Boss Cocky King Zog Connected
﻿15:58:54 : Could not connect to BE Master
﻿15:58:54 : Update attempt failed
﻿15:58:54 : Verified GUID (ed93afb5a1d7dd12c0848e3817234489) of player #0 King Zog
﻿15:58:55 : Status  -> Ok (ed93afb5a1d7dd12c0848e3817234489)
﻿16:00:50 : Could not connect to BE Master
﻿16:00:51 : Update attempt failed
﻿16:01:34 : RCon admin #1: (Global) 1
﻿16:02:47 : Could not connect to BE Master
﻿16:02:47 : Update attempt failed
﻿16:04:44 : Could not connect to BE Master
﻿16:04:44 : Update attempt failed
﻿16:05:25 : Lost Connection!
﻿16:05:25 : Closing socket & exiting!
﻿22:07:52 : Reporter account validated ok!
﻿22:07:53 : Rcon client logging in
﻿22:07:53 : RCon admin #1 (103.13.101.239:62472) logged in
﻿22:10:54 : RCon admin #1: (Global) 1
﻿22:16:56 : Lost Connection!
﻿22:16:56 : Closing socket & exiting!
