01:11:02 : RCon admin #1: (Global) This server restarts at 3pm Sydney Time
﻿02:41:02 : RCon admin #1: (Global) This server restarts at 3pm Sydney Time
﻿04:11:02 : RCon admin #1: (Global) This server restarts at 3pm Sydney Time
﻿05:41:02 : RCon admin #1: (Global) This server restarts at 3pm Sydney Time
﻿07:11:02 : RCon admin #1: (Global) This server restarts at 3pm Sydney Time
﻿08:41:02 : RCon admin #1: (Global) This server restarts at 3pm Sydney Time
﻿10:11:02 : RCon admin #1: (Global) This server restarts at 3pm Sydney Time
﻿11:41:02 : RCon admin #1: (Global) This server restarts at 3pm Sydney Time
﻿13:11:02 : RCon admin #1: (Global) This server restarts at 3pm Sydney Time
﻿13:33:01 : Player #0 King Zog (121.45.247.242:61791) connected
﻿13:33:04 : Player #0 King Zog - GUID: ed93afb5a1d7dd12c0848e3817234489 (unverified)
﻿13:33:04 : RCon admin #1: (Global) BEC : Boss Cocky King Zog Connected
﻿13:33:04 : Verified GUID (ed93afb5a1d7dd12c0848e3817234489) of player #0 King Zog
﻿13:36:09 : Lost Connection!
﻿13:36:09 : Closing socket & exiting!
﻿15:30:10 : Rcon client logging in
﻿15:30:10 : RCon admin #1 (103.13.101.239:59402) logged in
﻿15:31:59 : Lost Connection!
﻿15:31:59 : Closing socket & exiting!
﻿15:34:16 : Rcon client logging in
﻿15:34:16 : RCon admin #1 (103.13.101.239:56409) logged in
﻿15:34:18 : Player #0 King Zog (121.45.247.242:61822) connected
﻿15:34:20 : Player #0 King Zog - GUID: ed93afb5a1d7dd12c0848e3817234489 (unverified)
﻿15:34:20 : RCon admin #1: (Global) BEC : Boss Cocky King Zog Connected
﻿15:34:20 : Verified GUID (ed93afb5a1d7dd12c0848e3817234489) of player #0 King Zog
﻿15:37:17 : RCon admin #1: (Global) 1
﻿15:40:48 : Lost Connection!
﻿15:40:48 : Closing socket & exiting!
﻿15:42:32 : Rcon client logging in
﻿15:42:32 : RCon admin #1 (103.13.101.239:52181) logged in
﻿15:42:34 : Player #0 King Zog (121.45.247.242:61822) connected
﻿15:42:35 : Player #0 King Zog - GUID: ed93afb5a1d7dd12c0848e3817234489 (unverified)
﻿15:42:35 : RCon admin #1: (Global) BEC : Boss Cocky King Zog Connected
﻿15:42:35 : Verified GUID (ed93afb5a1d7dd12c0848e3817234489) of player #0 King Zog
﻿15:45:33 : RCon admin #1: (Global) 1
﻿15:46:12 : Lost Connection!
﻿15:46:12 : Closing socket & exiting!
﻿15:48:13 : Rcon client logging in
﻿15:48:13 : RCon admin #1 (103.13.101.239:53279) logged in
﻿15:48:17 : Player #0 King Zog (121.45.247.242:61822) connected
﻿15:48:18 : Player #0 King Zog - GUID: ed93afb5a1d7dd12c0848e3817234489 (unverified)
﻿15:48:18 : RCon admin #1: (Global) BEC : Boss Cocky King Zog Connected
﻿15:48:19 : Verified GUID (ed93afb5a1d7dd12c0848e3817234489) of player #0 King Zog
﻿15:51:14 : RCon admin #1: (Global) 1
﻿15:56:53 : Rcon client logging in
﻿15:56:53 : RCon admin #1 (103.13.101.239:49229) logged in
﻿15:59:15 : Player #0 King Zog (121.45.247.242:61866) connected
﻿15:59:17 : Player #0 King Zog - GUID: ed93afb5a1d7dd12c0848e3817234489 (unverified)
﻿15:59:17 : RCon admin #1: (Global) BEC : Boss Cocky King Zog Connected
﻿15:59:17 : Verified GUID (ed93afb5a1d7dd12c0848e3817234489) of player #0 King Zog
﻿15:59:54 : RCon admin #1: (Global) 1
﻿16:06:54 : RCon admin #1: (Global) This server restarts at 3pm Sydney Time
﻿16:18:25 : Lost Connection!
﻿16:18:25 : Closing socket & exiting!
﻿16:20:03 : Rcon client logging in
﻿16:20:03 : RCon admin #1 (103.13.101.239:52030) logged in
﻿16:20:07 : Player #0 King Zog (121.45.247.242:61870) connected
﻿16:20:08 : Player #0 King Zog - GUID: ed93afb5a1d7dd12c0848e3817234489 (unverified)
﻿16:20:08 : RCon admin #1: (Global) BEC : Boss Cocky King Zog Connected
﻿16:20:09 : Verified GUID (ed93afb5a1d7dd12c0848e3817234489) of player #0 King Zog
﻿16:23:04 : RCon admin #1: (Global) 1
﻿16:29:40 : Lost Connection!
﻿16:29:40 : Closing socket & exiting!
﻿16:31:07 : Rcon client logging in
﻿16:31:07 : RCon admin #1 (103.13.101.239:59296) logged in
﻿16:31:10 : Player #0 King Zog (121.45.247.242:61871) connected
﻿16:31:11 : Player #0 King Zog - GUID: ed93afb5a1d7dd12c0848e3817234489 (unverified)
﻿16:31:11 : RCon admin #1: (Global) BEC : Boss Cocky King Zog Connected
﻿16:31:12 : Verified GUID (ed93afb5a1d7dd12c0848e3817234489) of player #0 King Zog
﻿16:34:08 : RCon admin #1: (Global) 1
﻿16:41:08 : RCon admin #1: (Global) This server restarts at 3pm Sydney Time
﻿16:51:59 : Player #0 King Zog disconnected
﻿16:52:09 : Player #0 King Zog (121.45.247.242:61871) connected
﻿16:52:10 : Player #0 King Zog - GUID: ed93afb5a1d7dd12c0848e3817234489 (unverified)
﻿16:52:10 : RCon admin #1: (Global) BEC : Boss Cocky King Zog Connected
﻿16:52:10 : Verified GUID (ed93afb5a1d7dd12c0848e3817234489) of player #0 King Zog
﻿16:52:33 : Player #0 King Zog disconnected
﻿18:11:08 : RCon admin #1: (Global) This server restarts at 3pm Sydney Time
﻿18:31:29 : Lost Connection!
﻿18:31:29 : Closing socket & exiting!
﻿18:33:39 : Rcon client logging in
﻿18:33:39 : RCon admin #1 (103.13.101.239:56025) logged in
﻿18:36:40 : RCon admin #1: (Global) 1
﻿18:43:40 : RCon admin #1: (Global) This server restarts at 3pm Sydney Time
﻿18:46:02 : Player #0 King Zog disconnected
﻿19:59:12 : Lost Connection!
﻿19:59:12 : Closing socket & exiting!
﻿20:01:01 : Rcon client logging in
﻿20:01:01 : RCon admin #1 (103.13.101.239:51490) logged in
﻿20:01:14 : Player #0 King Zog (121.45.247.242:61938) connected
﻿20:01:16 : Player #0 King Zog - GUID: ed93afb5a1d7dd12c0848e3817234489 (unverified)
﻿20:01:16 : RCon admin #1: (Global) BEC : Boss Cocky King Zog Connected
﻿20:01:17 : Verified GUID (ed93afb5a1d7dd12c0848e3817234489) of player #0 King Zog
﻿20:04:02 : RCon admin #1: (Global) 1
﻿20:11:02 : RCon admin #1: (Global) This server restarts at 3pm Sydney Time
﻿20:32:33 : Player #0 King Zog disconnected
﻿21:00:23 : Lost Connection!
﻿21:00:23 : Closing socket & exiting!
﻿21:05:22 : Rcon client logging in
﻿21:05:22 : RCon admin #1 (103.13.101.239:49403) logged in
﻿21:05:24 : Player #0 King Zog (121.45.247.242:62026) connected
﻿21:05:26 : Player #0 King Zog - GUID: ed93afb5a1d7dd12c0848e3817234489 (unverified)
﻿21:05:26 : RCon admin #1: (Global) BEC : Boss Cocky King Zog Connected
﻿21:05:26 : Verified GUID (ed93afb5a1d7dd12c0848e3817234489) of player #0 King Zog
﻿21:08:23 : RCon admin #1: (Global) 1
﻿21:15:23 : RCon admin #1: (Global) This server restarts at 3pm Sydney Time
﻿21:49:21 : Player #0 King Zog disconnected
﻿21:51:33 : Player #0 King Zog (121.45.247.242:62026) connected
﻿21:51:34 : Player #0 King Zog - GUID: ed93afb5a1d7dd12c0848e3817234489 (unverified)
﻿21:51:35 : RCon admin #1: (Global) BEC : Boss Cocky King Zog Connected
﻿21:51:35 : Verified GUID (ed93afb5a1d7dd12c0848e3817234489) of player #0 King Zog
﻿21:52:51 : Player #0 King Zog disconnected
﻿21:53:52 : Player #0 King Zog (121.45.247.242:62026) connected
﻿21:53:54 : Player #0 King Zog - GUID: ed93afb5a1d7dd12c0848e3817234489 (unverified)
﻿21:53:54 : RCon admin #1: (Global) BEC : Boss Cocky King Zog Connected
﻿21:53:54 : Verified GUID (ed93afb5a1d7dd12c0848e3817234489) of player #0 King Zog
﻿21:54:36 : Player #0 King Zog disconnected
﻿22:45:23 : RCon admin #1: (Global) This server restarts at 3pm Sydney Time
