00:13:23 : Reporter account validated ok!
﻿00:13:24 : Rcon client logging in
﻿00:13:24 : RCon admin #1 (103.13.101.239:57089) logged in
﻿00:16:25 : RCon admin #1: (Global) 1
﻿00:23:25 : RCon admin #1: (Global) This server restarts at 3pm Sydney Time
﻿00:45:43 : Lost Connection!
﻿00:45:43 : Closing socket & exiting!
﻿01:19:57 : Reporter account validated ok!
﻿01:19:58 : Rcon client logging in
﻿01:19:59 : RCon admin #1 (103.13.101.239:54762) logged in
﻿01:19:59 : Player #0 King Zog (121.45.250.245:62083) connected
﻿01:20:01 : Player #0 King Zog - GUID: ed93afb5a1d7dd12c0848e3817234489 (unverified)
﻿01:20:01 : RCon admin #1: (Global) BEC : Boss Cocky King Zog Connected
﻿01:20:01 : Verified GUID (ed93afb5a1d7dd12c0848e3817234489) of player #0 King Zog
﻿01:20:02 : Status  -> Ok (ed93afb5a1d7dd12c0848e3817234489)
﻿01:22:59 : RCon admin #1: (Global) 1
﻿01:23:15 : Lost Connection!
﻿01:23:15 : Closing socket & exiting!
﻿01:24:45 : Reporter account validated ok!
﻿01:24:47 : Rcon client logging in
﻿01:24:47 : RCon admin #1 (103.13.101.239:57318) logged in
﻿01:25:06 : Player #0 King Zog (121.45.250.245:62084) connected
﻿01:25:07 : Player #0 King Zog - GUID: ed93afb5a1d7dd12c0848e3817234489 (unverified)
﻿01:25:08 : RCon admin #1: (Global) BEC : Boss Cocky King Zog Connected
﻿01:25:08 : Verified GUID (ed93afb5a1d7dd12c0848e3817234489) of player #0 King Zog
﻿01:25:09 : Status  -> Ok (ed93afb5a1d7dd12c0848e3817234489)
﻿01:27:47 : RCon admin #1: (Global) 1
﻿01:34:47 : RCon admin #1: (Global) This server restarts at 3pm Sydney Time
﻿01:42:16 : Lost Connection!
﻿01:42:16 : Closing socket & exiting!
﻿01:43:45 : Reporter account validated ok!
﻿01:43:47 : Rcon client logging in
﻿01:43:47 : RCon admin #1 (103.13.101.239:58250) logged in
﻿01:44:01 : Player #0 King Zog (121.45.250.245:62084) connected
﻿01:44:02 : Player #0 King Zog - GUID: ed93afb5a1d7dd12c0848e3817234489 (unverified)
﻿01:44:03 : RCon admin #1: (Global) BEC : Boss Cocky King Zog Connected
﻿01:44:03 : Verified GUID (ed93afb5a1d7dd12c0848e3817234489) of player #0 King Zog
﻿01:44:04 : Status  -> Ok (ed93afb5a1d7dd12c0848e3817234489)
﻿01:46:47 : RCon admin #1: (Global) 1
﻿01:47:42 : Lost Connection!
﻿01:47:42 : Closing socket & exiting!
﻿01:52:10 : Reporter account validated ok!
﻿01:52:11 : Rcon client logging in
﻿01:52:12 : RCon admin #1 (103.13.101.239:60455) logged in
﻿01:52:25 : Player #0 King Zog (121.45.250.245:62088) connected
﻿01:52:26 : Player #0 King Zog - GUID: ed93afb5a1d7dd12c0848e3817234489 (unverified)
﻿01:52:26 : RCon admin #1: (Global) BEC : Boss Cocky King Zog Connected
﻿01:52:27 : Verified GUID (ed93afb5a1d7dd12c0848e3817234489) of player #0 King Zog
﻿01:52:27 : Status  -> Ok (ed93afb5a1d7dd12c0848e3817234489)
﻿01:55:12 : RCon admin #1: (Global) 1
﻿01:57:14 : Lost Connection!
﻿01:57:14 : Closing socket & exiting!
﻿01:58:29 : Reporter account validated ok!
﻿01:58:30 : Rcon client logging in
﻿01:58:31 : RCon admin #1 (103.13.101.239:51675) logged in
﻿01:58:41 : Player #0 King Zog (121.45.250.245:62090) connected
﻿01:58:42 : Player #0 King Zog - GUID: ed93afb5a1d7dd12c0848e3817234489 (unverified)
﻿01:58:42 : RCon admin #1: (Global) BEC : Boss Cocky King Zog Connected
﻿01:58:42 : Verified GUID (ed93afb5a1d7dd12c0848e3817234489) of player #0 King Zog
﻿01:58:43 : Status  -> Ok (ed93afb5a1d7dd12c0848e3817234489)
﻿02:01:31 : RCon admin #1: (Global) 1
﻿02:07:58 : Lost Connection!
﻿02:07:58 : Closing socket & exiting!
﻿02:09:24 : Reporter account validated ok!
﻿02:09:25 : Rcon client logging in
﻿02:09:26 : Verified GUID (ed93afb5a1d7dd12c0848e3817234489) of player #0 King Zog
﻿02:09:26 : RCon admin #1 (103.13.101.239:61316) logged in
﻿02:12:26 : RCon admin #1: (Global) 1
﻿02:14:40 : Lost Connection!
﻿02:14:40 : Closing socket & exiting!
﻿02:16:06 : Reporter account validated ok!
﻿02:16:07 : Rcon client logging in
﻿02:16:07 : RCon admin #1 (103.13.101.239:60350) logged in
﻿02:16:29 : Player #0 King Zog (121.45.250.245:62091) connected
﻿02:16:30 : Player #0 King Zog - GUID: ed93afb5a1d7dd12c0848e3817234489 (unverified)
﻿02:16:30 : RCon admin #1: (Global) BEC : Boss Cocky King Zog Connected
﻿02:16:30 : Verified GUID (ed93afb5a1d7dd12c0848e3817234489) of player #0 King Zog
﻿02:16:32 : Status  -> Ok (ed93afb5a1d7dd12c0848e3817234489)
﻿02:19:08 : RCon admin #1: (Global) 1
﻿02:22:03 : Lost Connection!
﻿02:22:03 : Closing socket & exiting!
﻿02:23:23 : Reporter account validated ok!
﻿02:23:24 : Rcon client logging in
﻿02:23:24 : RCon admin #1 (103.13.101.239:64502) logged in
﻿02:23:47 : Player #0 King Zog (121.45.250.245:62091) connected
﻿02:23:49 : Player #0 King Zog - GUID: ed93afb5a1d7dd12c0848e3817234489 (unverified)
﻿02:23:49 : RCon admin #1: (Global) BEC : Boss Cocky King Zog Connected
﻿02:23:49 : Verified GUID (ed93afb5a1d7dd12c0848e3817234489) of player #0 King Zog
﻿02:23:50 : Status  -> Ok (ed93afb5a1d7dd12c0848e3817234489)
﻿02:26:25 : RCon admin #1: (Global) 1
﻿02:31:40 : Lost Connection!
﻿02:31:40 : Closing socket & exiting!
﻿02:33:34 : Reporter account validated ok!
﻿02:33:36 : Rcon client logging in
﻿02:33:36 : RCon admin #1 (103.13.101.239:57512) logged in
﻿02:33:39 : Player #0 King Zog (121.45.250.245:62091) connected
﻿02:33:40 : Player #0 King Zog - GUID: ed93afb5a1d7dd12c0848e3817234489 (unverified)
﻿02:33:41 : RCon admin #1: (Global) BEC : Boss Cocky King Zog Connected
﻿02:33:41 : Verified GUID (ed93afb5a1d7dd12c0848e3817234489) of player #0 King Zog
﻿02:33:42 : Status  -> Ok (ed93afb5a1d7dd12c0848e3817234489)
﻿02:36:36 : RCon admin #1: (Global) 1
﻿02:36:38 : Lost Connection!
﻿02:36:38 : Closing socket & exiting!
﻿02:42:29 : Reporter account validated ok!
﻿02:42:30 : Rcon client logging in
﻿02:42:30 : RCon admin #1 (103.13.101.239:53967) logged in
﻿02:42:50 : Player #0 King Zog (121.45.250.245:62093) connected
﻿02:42:52 : Player #0 King Zog - GUID: ed93afb5a1d7dd12c0848e3817234489 (unverified)
﻿02:42:52 : RCon admin #1: (Global) BEC : Boss Cocky King Zog Connected
﻿02:42:52 : Verified GUID (ed93afb5a1d7dd12c0848e3817234489) of player #0 King Zog
﻿02:42:53 : Status  -> Ok (ed93afb5a1d7dd12c0848e3817234489)
﻿02:45:27 : Player #0 King Zog disconnected
﻿02:45:31 : RCon admin #1: (Global) 1
﻿02:52:31 : RCon admin #1: (Global) This server restarts at 3pm Sydney Time
﻿02:53:37 : Lost Connection!
﻿02:53:37 : Closing socket & exiting!
﻿18:15:00 : Reporter account validated ok!
﻿18:15:01 : Rcon client logging in
﻿18:15:02 : RCon admin #1 (103.13.101.239:56254) logged in
﻿18:16:33 : Player #0 King Zog (121.45.250.245:63587) connected
﻿18:16:34 : Player #0 King Zog - GUID: ed93afb5a1d7dd12c0848e3817234489 (unverified)
﻿18:16:34 : RCon admin #1: (Global) BEC : Boss Cocky King Zog Connected
﻿18:16:34 : Verified GUID (ed93afb5a1d7dd12c0848e3817234489) of player #0 King Zog
﻿18:16:35 : Status  -> Ok (ed93afb5a1d7dd12c0848e3817234489)
﻿18:18:02 : RCon admin #1: (Global) 1
﻿18:22:40 : Lost Connection!
﻿18:22:40 : Closing socket & exiting!
﻿19:06:05 : Reporter account validated ok!
﻿19:06:06 : Rcon client logging in
﻿19:06:07 : RCon admin #1 (103.13.101.239:59852) logged in
﻿19:06:20 : Player #0 King Zog (121.45.250.245:63659) connected
﻿19:06:22 : Player #0 King Zog - GUID: ed93afb5a1d7dd12c0848e3817234489 (unverified)
﻿19:06:22 : RCon admin #1: (Global) BEC : Boss Cocky King Zog Connected
﻿19:06:22 : Verified GUID (ed93afb5a1d7dd12c0848e3817234489) of player #0 King Zog
﻿19:06:23 : Status  -> Ok (ed93afb5a1d7dd12c0848e3817234489)
﻿19:09:07 : RCon admin #1: (Global) 1
﻿19:10:33 : Player #0 King Zog disconnected
﻿19:10:38 : Player #0 King Zog (121.45.250.245:63659) connected
﻿19:10:40 : Player #0 King Zog - GUID: ed93afb5a1d7dd12c0848e3817234489 (unverified)
﻿19:10:40 : RCon admin #1: (Global) BEC : Boss Cocky King Zog Connected
﻿19:10:40 : Verified GUID (ed93afb5a1d7dd12c0848e3817234489) of player #0 King Zog
﻿19:10:41 : Status  -> Ok (ed93afb5a1d7dd12c0848e3817234489)
﻿19:13:04 : Lost Connection!
﻿19:13:04 : Closing socket & exiting!
﻿19:14:23 : Reporter account validated ok!
﻿19:14:25 : Rcon client logging in
﻿19:14:25 : RCon admin #1 (103.13.101.239:51751) logged in
﻿19:14:28 : Player #0 King Zog (121.45.250.245:63659) connected
﻿19:14:29 : Player #0 King Zog - GUID: ed93afb5a1d7dd12c0848e3817234489 (unverified)
﻿19:14:30 : RCon admin #1: (Global) BEC : Boss Cocky King Zog Connected
﻿19:14:30 : Verified GUID (ed93afb5a1d7dd12c0848e3817234489) of player #0 King Zog
﻿19:14:31 : Status  -> Ok (ed93afb5a1d7dd12c0848e3817234489)
﻿19:16:36 : Player #0 King Zog disconnected
﻿19:17:25 : RCon admin #1: (Global) 1
﻿19:20:33 : Lost Connection!
﻿19:20:33 : Closing socket & exiting!
﻿19:21:52 : Reporter account validated ok!
﻿19:21:53 : Rcon client logging in
﻿19:21:53 : RCon admin #1 (103.13.101.239:57521) logged in
﻿19:22:39 : Player #0 King Zog (121.45.250.245:63662) connected
﻿19:22:40 : Player #0 King Zog - GUID: ed93afb5a1d7dd12c0848e3817234489 (unverified)
﻿19:22:41 : RCon admin #1: (Global) BEC : Boss Cocky King Zog Connected
﻿19:22:41 : Verified GUID (ed93afb5a1d7dd12c0848e3817234489) of player #0 King Zog
﻿19:22:42 : Status  -> Ok (ed93afb5a1d7dd12c0848e3817234489)
﻿19:24:54 : RCon admin #1: (Global) 1
﻿19:31:37 : Lost Connection!
﻿19:31:37 : Closing socket & exiting!
﻿19:33:18 : Reporter account validated ok!
﻿19:33:19 : Rcon client logging in
﻿19:33:20 : RCon admin #1 (103.13.101.239:65240) logged in
﻿19:36:20 : RCon admin #1: (Global) 1
﻿19:43:20 : RCon admin #1: (Global) This server restarts at 3pm Sydney Time
﻿19:55:47 : Lost Connection!
﻿19:55:47 : Closing socket & exiting!
﻿19:56:09 : Reporter account validated ok!
﻿19:56:10 : Rcon client logging in
﻿19:56:10 : RCon admin #1 (103.13.101.239:51045) logged in
﻿19:56:12 : Player #0 King Zog - GUID: ed93afb5a1d7dd12c0848e3817234489 (unverified)
﻿19:56:12 : RCon admin #1: (Global) BEC : Boss Cocky King Zog Connected
﻿19:56:12 : Verified GUID (ed93afb5a1d7dd12c0848e3817234489) of player #0 King Zog
﻿19:59:11 : RCon admin #1: (Global) 1
﻿20:06:11 : RCon admin #1: (Global) This server restarts at 3pm Sydney Time
﻿20:15:23 : Lost Connection!
﻿20:15:23 : Closing socket & exiting!
﻿20:17:33 : Reporter account validated ok!
﻿20:17:34 : Rcon client logging in
﻿20:17:35 : RCon admin #1 (103.13.101.239:62951) logged in
﻿20:18:06 : Player #0 King Zog (121.45.250.245:63662) connected
﻿20:18:08 : Player #0 King Zog - GUID: ed93afb5a1d7dd12c0848e3817234489 (unverified)
﻿20:18:08 : RCon admin #1: (Global) BEC : Boss Cocky King Zog Connected
﻿20:18:09 : Verified GUID (ed93afb5a1d7dd12c0848e3817234489) of player #0 King Zog
﻿20:18:10 : Status  -> Ok (ed93afb5a1d7dd12c0848e3817234489)
﻿20:20:21 : Lost Connection!
﻿20:20:21 : Closing socket & exiting!
﻿20:21:52 : Reporter account validated ok!
﻿20:21:53 : Rcon client logging in
﻿20:21:53 : RCon admin #1 (103.13.101.239:52819) logged in
﻿20:21:56 : Player #0 King Zog (121.45.250.245:63662) connected
﻿20:21:57 : Player #0 King Zog - GUID: ed93afb5a1d7dd12c0848e3817234489 (unverified)
﻿20:21:57 : RCon admin #1: (Global) BEC : Boss Cocky King Zog Connected
﻿20:21:57 : Verified GUID (ed93afb5a1d7dd12c0848e3817234489) of player #0 King Zog
﻿20:21:59 : Status  -> Ok (ed93afb5a1d7dd12c0848e3817234489)
﻿20:23:46 : Player #0 King Zog disconnected
﻿20:23:50 : Player #0 King Zog (121.45.250.245:63662) connected
﻿20:23:51 : Player #0 King Zog - GUID: ed93afb5a1d7dd12c0848e3817234489 (unverified)
﻿20:23:51 : RCon admin #1: (Global) BEC : Boss Cocky King Zog Connected
﻿20:23:52 : Verified GUID (ed93afb5a1d7dd12c0848e3817234489) of player #0 King Zog
﻿20:23:53 : Status  -> Ok (ed93afb5a1d7dd12c0848e3817234489)
﻿20:24:54 : RCon admin #1: (Global) 1
﻿20:25:27 : Lost Connection!
﻿20:25:27 : Closing socket & exiting!
﻿20:27:31 : Reporter account validated ok!
﻿20:27:32 : Rcon client logging in
﻿20:27:33 : RCon admin #1 (103.13.101.239:59032) logged in
﻿20:30:33 : RCon admin #1: (Global) 1
﻿20:32:13 : Lost Connection!
﻿20:32:13 : Closing socket & exiting!
﻿20:33:34 : Reporter account validated ok!
﻿20:33:35 : Rcon client logging in
﻿20:33:35 : RCon admin #1 (103.13.101.239:49775) logged in
﻿20:36:36 : RCon admin #1: (Global) 1
﻿20:36:55 : Lost Connection!
﻿20:36:55 : Closing socket & exiting!
﻿20:39:29 : Reporter account validated ok!
﻿20:39:30 : Rcon client logging in
﻿20:39:31 : RCon admin #1 (103.13.101.239:64307) logged in
﻿20:39:39 : Player #0 King Zog (121.45.250.245:63671) connected
﻿20:39:40 : Player #0 King Zog - GUID: ed93afb5a1d7dd12c0848e3817234489 (unverified)
﻿20:39:40 : RCon admin #1: (Global) BEC : Boss Cocky King Zog Connected
﻿20:39:40 : Verified GUID (ed93afb5a1d7dd12c0848e3817234489) of player #0 King Zog
﻿20:39:41 : Status  -> Ok (ed93afb5a1d7dd12c0848e3817234489)
﻿20:42:31 : RCon admin #1: (Global) 1
﻿20:49:31 : RCon admin #1: (Global) This server restarts at 3pm Sydney Time
﻿20:58:26 : Lost Connection!
﻿20:58:26 : Closing socket & exiting!
﻿21:00:06 : Reporter account validated ok!
﻿21:00:07 : Rcon client logging in
﻿21:00:07 : RCon admin #1 (103.13.101.239:55150) logged in
﻿21:00:39 : Player #0 King Zog (121.45.250.245:63673) connected
﻿21:00:40 : Player #0 King Zog - GUID: ed93afb5a1d7dd12c0848e3817234489 (unverified)
﻿21:00:40 : RCon admin #1: (Global) BEC : Boss Cocky King Zog Connected
﻿21:00:40 : Verified GUID (ed93afb5a1d7dd12c0848e3817234489) of player #0 King Zog
﻿21:00:41 : Status  -> Ok (ed93afb5a1d7dd12c0848e3817234489)
﻿21:03:08 : RCon admin #1: (Global) 1
﻿21:05:07 : Lost Connection!
﻿21:05:07 : Closing socket & exiting!
﻿21:06:32 : Reporter account validated ok!
﻿21:06:33 : Rcon client logging in
﻿21:07:00 : Lost Connection!
﻿21:07:00 : Closing socket & exiting!
﻿21:10:18 : Reporter account validated ok!
﻿21:10:19 : Rcon client logging in
﻿21:10:19 : RCon admin #1 (103.13.101.239:61404) logged in
﻿21:10:20 : Player #0 King Zog - GUID: ed93afb5a1d7dd12c0848e3817234489 (unverified)
﻿21:10:20 : RCon admin #1: (Global) BEC : Boss Cocky King Zog Connected
﻿21:10:20 : Verified GUID (ed93afb5a1d7dd12c0848e3817234489) of player #0 King Zog
﻿21:10:21 : Status  -> Ok (ed93afb5a1d7dd12c0848e3817234489)
﻿21:13:20 : RCon admin #1: (Global) 1
﻿21:18:18 : Lost Connection!
﻿21:18:18 : Closing socket & exiting!
﻿21:19:28 : Reporter account validated ok!
﻿21:19:29 : Rcon client logging in
﻿21:19:29 : RCon admin #1 (103.13.101.239:61479) logged in
﻿21:19:33 : Player #0 King Zog (121.45.250.245:63675) connected
﻿21:19:34 : Player #0 King Zog - GUID: ed93afb5a1d7dd12c0848e3817234489 (unverified)
﻿21:19:34 : RCon admin #1: (Global) BEC : Boss Cocky King Zog Connected
﻿21:19:34 : Verified GUID (ed93afb5a1d7dd12c0848e3817234489) of player #0 King Zog
﻿21:19:35 : Status  -> Ok (ed93afb5a1d7dd12c0848e3817234489)
﻿21:22:30 : RCon admin #1: (Global) 1
﻿21:29:30 : RCon admin #1: (Global) This server restarts at 3pm Sydney Time
﻿21:42:21 : Player #0 King Zog disconnected
﻿21:42:27 : Lost Connection!
﻿21:42:27 : Closing socket & exiting!
﻿21:53:53 : Reporter account validated ok!
﻿21:53:53 : Rcon client logging in
﻿21:54:05 : RCon admin #1 (103.13.101.239:61987) logged in
﻿21:56:54 : RCon admin #1: (Global) 1
﻿21:57:11 : Lost Connection!
﻿21:57:11 : Closing socket & exiting!
﻿22:04:33 : Reporter account validated ok!
﻿22:04:34 : Rcon client logging in
﻿22:04:35 : RCon admin #1 (103.13.101.239:49323) logged in
﻿22:07:35 : RCon admin #1: (Global) 1
﻿22:14:35 : RCon admin #1: (Global) This server restarts at 3pm Sydney Time
﻿23:22:06 : Lost Connection!
﻿23:22:06 : Closing socket & exiting!
﻿23:23:33 : Reporter account validated ok!
﻿23:23:34 : Rcon client logging in
﻿23:23:35 : RCon admin #1 (103.13.101.239:65278) logged in
﻿23:26:35 : RCon admin #1: (Global) 1
﻿23:31:50 : Lost Connection!
﻿23:31:50 : Closing socket & exiting!
