00:00:52 : Player #0 Andrew disconnected
﻿00:06:50 : RCon admin #1: (Global) This server restarts at 3pm Sydney Time
﻿01:36:50 : RCon admin #1: (Global) This server restarts at 3pm Sydney Time
﻿03:06:50 : RCon admin #1: (Global) This server restarts at 3pm Sydney Time
﻿04:36:50 : RCon admin #1: (Global) This server restarts at 3pm Sydney Time
﻿06:06:50 : RCon admin #1: (Global) This server restarts at 3pm Sydney Time
﻿07:36:50 : RCon admin #1: (Global) This server restarts at 3pm Sydney Time
﻿09:06:50 : RCon admin #1: (Global) This server restarts at 3pm Sydney Time
﻿10:36:50 : RCon admin #1: (Global) This server restarts at 3pm Sydney Time
﻿10:41:06 : Lost Connection!
﻿10:41:06 : Closing socket & exiting!
﻿10:42:54 : Rcon client logging in
﻿10:42:54 : RCon admin #1 (103.13.101.239:62863) logged in
﻿10:44:55 : Player #0 King Zog (121.45.234.200:61052) connected
﻿10:44:57 : Player #0 King Zog - GUID: ed93afb5a1d7dd12c0848e3817234489 (unverified)
﻿10:44:57 : RCon admin #1: (Global) BEC : Boss Cocky King Zog Connected
﻿10:44:57 : Verified GUID (ed93afb5a1d7dd12c0848e3817234489) of player #0 King Zog
﻿10:45:55 : RCon admin #1: (Global) 1
﻿10:52:55 : RCon admin #1: (Global) This server restarts at 3pm Sydney Time
﻿11:00:41 : Player #0 King Zog disconnected
﻿11:00:48 : Player #0 King Zog (121.45.234.200:61052) connected
﻿11:00:49 : Player #0 King Zog - GUID: ed93afb5a1d7dd12c0848e3817234489 (unverified)
﻿11:00:49 : RCon admin #1: (Global) BEC : Boss Cocky King Zog Connected
﻿11:00:49 : Verified GUID (ed93afb5a1d7dd12c0848e3817234489) of player #0 King Zog
﻿11:44:09 : Lost Connection!
﻿11:44:09 : Closing socket & exiting!
﻿11:45:51 : Rcon client logging in
﻿11:45:51 : RCon admin #1 (103.13.101.239:50901) logged in
﻿11:45:52 : Player #0 King Zog - GUID: ed93afb5a1d7dd12c0848e3817234489 (unverified)
﻿11:45:52 : RCon admin #1: (Global) BEC : Boss Cocky King Zog Connected
﻿11:45:53 : Verified GUID (ed93afb5a1d7dd12c0848e3817234489) of player #0 King Zog
﻿11:48:52 : RCon admin #1: (Global) 1
﻿11:55:52 : RCon admin #1: (Global) This server restarts at 3pm Sydney Time
﻿11:59:50 : Player #0 King Zog disconnected
﻿12:10:05 : Lost Connection!
﻿12:10:05 : Closing socket & exiting!
﻿12:12:46 : Rcon client logging in
﻿12:12:46 : RCon admin #1 (103.13.101.239:55147) logged in
﻿12:12:50 : Player #0 King Zog (121.45.234.200:61064) connected
﻿12:12:51 : Player #0 King Zog - GUID: ed93afb5a1d7dd12c0848e3817234489 (unverified)
﻿12:12:51 : RCon admin #1: (Global) BEC : Boss Cocky King Zog Connected
﻿12:12:51 : Verified GUID (ed93afb5a1d7dd12c0848e3817234489) of player #0 King Zog
﻿12:15:47 : RCon admin #1: (Global) 1
﻿12:22:47 : RCon admin #1: (Global) This server restarts at 3pm Sydney Time
﻿13:02:42 : Player #0 King Zog disconnected
﻿13:20:07 : Player #0 King Zog (121.45.234.200:61076) connected
﻿13:20:09 : Player #0 King Zog - GUID: ed93afb5a1d7dd12c0848e3817234489 (unverified)
﻿13:20:09 : RCon admin #1: (Global) BEC : Boss Cocky King Zog Connected
﻿13:20:09 : Verified GUID (ed93afb5a1d7dd12c0848e3817234489) of player #0 King Zog
﻿13:24:37 : Player #0 King Zog disconnected
﻿13:24:44 : Player #0 King Zog (121.45.234.200:61076) connected
﻿13:24:45 : Player #0 King Zog - GUID: ed93afb5a1d7dd12c0848e3817234489 (unverified)
﻿13:24:45 : RCon admin #1: (Global) BEC : Boss Cocky King Zog Connected
﻿13:24:45 : Verified GUID (ed93afb5a1d7dd12c0848e3817234489) of player #0 King Zog
﻿13:24:50 : Player #0 King Zog disconnected
﻿13:28:08 : Lost Connection!
﻿13:28:08 : Closing socket & exiting!
﻿13:30:39 : Rcon client logging in
﻿13:30:39 : RCon admin #1 (103.13.101.239:61925) logged in
﻿13:30:40 : Verified GUID (ed93afb5a1d7dd12c0848e3817234489) of player #0 King Zog
﻿13:33:07 : Lost Connection!
﻿13:33:07 : Closing socket & exiting!
﻿13:33:32 : Rcon client logging in
﻿13:33:32 : RCon admin #1 (103.13.101.239:55018) logged in
﻿13:33:35 : Player #0 King Zog (121.45.234.200:61077) connected
﻿13:33:36 : Player #0 King Zog - GUID: ed93afb5a1d7dd12c0848e3817234489 (unverified)
﻿13:33:36 : RCon admin #1: (Global) BEC : Boss Cocky King Zog Connected
﻿13:33:36 : Verified GUID (ed93afb5a1d7dd12c0848e3817234489) of player #0 King Zog
﻿13:34:16 : Player #0 King Zog disconnected
﻿13:36:33 : RCon admin #1: (Global) 1
﻿13:37:04 : Lost Connection!
﻿13:37:04 : Closing socket & exiting!
﻿13:42:14 : Rcon client logging in
﻿13:42:14 : Verified GUID (ed93afb5a1d7dd12c0848e3817234489) of player #0 King Zog
﻿13:42:14 : RCon admin #1 (103.13.101.239:62137) logged in
﻿13:45:15 : RCon admin #1: (Global) 1
﻿13:52:15 : RCon admin #1: (Global) This server restarts at 3pm Sydney Time
﻿14:02:46 : Lost Connection!
﻿14:02:46 : Closing socket & exiting!
﻿14:04:28 : Rcon client logging in
﻿14:04:28 : RCon admin #1 (103.13.101.239:58789) logged in
﻿14:04:49 : Player #0 King Zog (121.45.234.200:61080) connected
﻿14:04:51 : Player #0 King Zog - GUID: ed93afb5a1d7dd12c0848e3817234489 (unverified)
﻿14:04:51 : RCon admin #1: (Global) BEC : Boss Cocky King Zog Connected
﻿14:04:51 : Verified GUID (ed93afb5a1d7dd12c0848e3817234489) of player #0 King Zog
﻿14:07:29 : RCon admin #1: (Global) 1
﻿14:08:10 : Lost Connection!
﻿14:08:10 : Closing socket & exiting!
﻿14:18:49 : Rcon client logging in
﻿14:18:49 : RCon admin #1 (103.13.101.239:55223) logged in
﻿14:19:38 : Player #0 King Zog (121.45.234.200:61090) connected
﻿14:19:39 : Player #0 King Zog - GUID: ed93afb5a1d7dd12c0848e3817234489 (unverified)
﻿14:19:39 : RCon admin #1: (Global) BEC : Boss Cocky King Zog Connected
﻿14:19:39 : Verified GUID (ed93afb5a1d7dd12c0848e3817234489) of player #0 King Zog
﻿14:21:50 : RCon admin #1: (Global) 1
﻿14:25:06 : Lost Connection!
﻿14:25:06 : Closing socket & exiting!
﻿14:26:53 : Rcon client logging in
﻿14:26:53 : RCon admin #1 (103.13.101.239:57000) logged in
﻿14:29:54 : RCon admin #1: (Global) 1
﻿14:30:00 : RCon admin #1: (Global) This server will restart in 30 minutes
﻿14:31:38 : Lost Connection!
﻿14:31:38 : Closing socket & exiting!
﻿14:33:14 : Rcon client logging in
﻿14:33:14 : RCon admin #1 (103.13.101.239:61537) logged in
﻿14:33:17 : Player #0 King Zog (121.45.234.200:61091) connected
﻿14:33:18 : Player #0 King Zog - GUID: ed93afb5a1d7dd12c0848e3817234489 (unverified)
﻿14:33:18 : RCon admin #1: (Global) BEC : Boss Cocky King Zog Connected
﻿14:33:19 : Verified GUID (ed93afb5a1d7dd12c0848e3817234489) of player #0 King Zog
﻿14:35:27 : Lost Connection!
﻿14:35:27 : Closing socket & exiting!
﻿14:46:16 : Rcon client logging in
﻿14:46:16 : RCon admin #1 (103.13.101.239:63188) logged in
﻿14:46:38 : Player #0 King Zog (121.45.234.200:61105) connected
﻿14:46:40 : Player #0 King Zog - GUID: ed93afb5a1d7dd12c0848e3817234489 (unverified)
﻿14:46:40 : RCon admin #1: (Global) BEC : Boss Cocky King Zog Connected
﻿14:46:40 : Verified GUID (ed93afb5a1d7dd12c0848e3817234489) of player #0 King Zog
﻿14:49:17 : RCon admin #1: (Global) 1
﻿14:50:00 : RCon admin #1: (Global) This server will restart in 10 minutes.
﻿14:52:09 : Player #0 King Zog disconnected
﻿14:52:28 : Lost Connection!
﻿14:52:28 : Closing socket & exiting!
﻿15:26:24 : Rcon client logging in
﻿15:26:24 : RCon admin #1 (103.13.101.239:64875) logged in
﻿15:26:31 : Player #0 King Zog (121.45.234.200:61119) connected
﻿15:26:33 : Player #0 King Zog - GUID: ed93afb5a1d7dd12c0848e3817234489 (unverified)
﻿15:26:33 : RCon admin #1: (Global) BEC : Boss Cocky King Zog Connected
﻿15:26:33 : Verified GUID (ed93afb5a1d7dd12c0848e3817234489) of player #0 King Zog
﻿15:29:25 : RCon admin #1: (Global) 1
﻿15:36:25 : RCon admin #1: (Global) This server restarts at 3pm Sydney Time
﻿15:56:30 : Lost Connection!
﻿15:56:30 : Closing socket & exiting!
﻿16:02:39 : Rcon client logging in
﻿16:02:39 : RCon admin #1 (103.13.101.239:61816) logged in
﻿16:02:49 : Player #0 King Zog (121.45.234.200:61151) connected
﻿16:02:51 : Player #0 King Zog - GUID: ed93afb5a1d7dd12c0848e3817234489 (unverified)
﻿16:02:51 : RCon admin #1: (Global) BEC : Boss Cocky King Zog Connected
﻿16:02:51 : Verified GUID (ed93afb5a1d7dd12c0848e3817234489) of player #0 King Zog
﻿16:04:13 : Player #0 King Zog disconnected
﻿16:05:40 : RCon admin #1: (Global) 1
﻿16:05:49 : Lost Connection!
﻿16:05:49 : Closing socket & exiting!
﻿16:07:44 : Rcon client logging in
﻿16:07:45 : RCon admin #1 (103.13.101.239:50278) logged in
﻿16:07:46 : Player #0 King Zog - GUID: ed93afb5a1d7dd12c0848e3817234489 (unverified)
﻿16:07:46 : RCon admin #1: (Global) BEC : Boss Cocky King Zog Connected
﻿16:07:46 : Verified GUID (ed93afb5a1d7dd12c0848e3817234489) of player #0 King Zog
﻿16:10:20 : Player #0 King Zog disconnected
﻿16:10:45 : RCon admin #1: (Global) 1
﻿16:12:51 : Player #0 King Zog (121.45.234.200:61151) connected
﻿16:12:52 : Player #0 King Zog - GUID: ed93afb5a1d7dd12c0848e3817234489 (unverified)
﻿16:12:52 : RCon admin #1: (Global) BEC : Boss Cocky King Zog Connected
﻿16:12:52 : Verified GUID (ed93afb5a1d7dd12c0848e3817234489) of player #0 King Zog
﻿16:17:45 : RCon admin #1: (Global) This server restarts at 3pm Sydney Time
﻿17:44:42 : Lost Connection!
﻿17:44:42 : Closing socket & exiting!
﻿17:48:41 : Rcon client logging in
﻿17:48:41 : RCon admin #1 (103.13.101.239:56603) logged in
﻿17:49:26 : Player #0 King Zog (121.45.234.200:61189) connected
﻿17:49:27 : Player #0 King Zog - GUID: ed93afb5a1d7dd12c0848e3817234489 (unverified)
﻿17:49:27 : RCon admin #1: (Global) BEC : Boss Cocky King Zog Connected
﻿17:49:28 : Verified GUID (ed93afb5a1d7dd12c0848e3817234489) of player #0 King Zog
﻿17:51:42 : RCon admin #1: (Global) 1
﻿17:53:55 : Lost Connection!
﻿17:53:55 : Closing socket & exiting!
﻿17:56:10 : Rcon client logging in
﻿17:56:10 : RCon admin #1 (103.13.101.239:55898) logged in
﻿17:59:11 : RCon admin #1: (Global) 1
﻿18:06:11 : RCon admin #1: (Global) This server restarts at 3pm Sydney Time
﻿19:09:51 : Player #0 King Zog disconnected
﻿19:36:11 : RCon admin #1: (Global) This server restarts at 3pm Sydney Time
﻿21:06:11 : RCon admin #1: (Global) This server restarts at 3pm Sydney Time
﻿21:42:21 : Player #0 King Zog (121.45.234.200:61301) connected
﻿21:42:22 : Player #0 King Zog - GUID: ed93afb5a1d7dd12c0848e3817234489 (unverified)
﻿21:42:22 : RCon admin #1: (Global) BEC : Boss Cocky King Zog Connected
﻿21:42:23 : Verified GUID (ed93afb5a1d7dd12c0848e3817234489) of player #0 King Zog
﻿21:44:45 : Lost Connection!
﻿21:44:45 : Closing socket & exiting!
﻿21:46:59 : Rcon client logging in
﻿21:46:59 : RCon admin #1 (103.13.101.239:59486) logged in
﻿21:50:00 : RCon admin #1: (Global) 1
﻿21:57:00 : RCon admin #1: (Global) This server restarts at 3pm Sydney Time
﻿22:28:50 : Player #0 King Zog disconnected
﻿23:27:00 : RCon admin #1: (Global) This server restarts at 3pm Sydney Time
