00:46:56 : RCon admin #1: (Global) This server restarts at 3pm Sydney Time
﻿02:16:56 : RCon admin #1: (Global) This server restarts at 3pm Sydney Time
﻿03:46:56 : RCon admin #1: (Global) This server restarts at 3pm Sydney Time
﻿05:16:56 : RCon admin #1: (Global) This server restarts at 3pm Sydney Time
﻿06:46:56 : RCon admin #1: (Global) This server restarts at 3pm Sydney Time
﻿08:16:56 : RCon admin #1: (Global) This server restarts at 3pm Sydney Time
﻿09:46:56 : RCon admin #1: (Global) This server restarts at 3pm Sydney Time
﻿11:16:56 : RCon admin #1: (Global) This server restarts at 3pm Sydney Time
﻿12:46:56 : RCon admin #1: (Global) This server restarts at 3pm Sydney Time
﻿13:16:14 : Lost Connection!
﻿13:16:14 : Closing socket & exiting!
﻿13:16:50 : Reporter account validated ok!
﻿13:16:51 : Rcon client logging in
﻿13:16:52 : RCon admin #1 (103.13.101.239:52516) logged in
﻿13:18:49 : Player #0 King Zog (121.45.249.207:64510) connected
﻿13:18:50 : Player #0 King Zog - GUID: ed93afb5a1d7dd12c0848e3817234489 (unverified)
﻿13:18:50 : RCon admin #1: (Global) BEC : Boss Cocky King Zog Connected
﻿13:18:50 : Verified GUID (ed93afb5a1d7dd12c0848e3817234489) of player #0 King Zog
﻿13:18:51 : Status  -> Ok (ed93afb5a1d7dd12c0848e3817234489)
﻿13:19:52 : RCon admin #1: (Global) 1
﻿13:26:52 : RCon admin #1: (Global) This server restarts at 3pm Sydney Time
﻿14:12:36 : Lost Connection!
﻿14:12:36 : Closing socket & exiting!
﻿14:18:20 : Reporter account validated ok!
﻿14:18:21 : Rcon client logging in
﻿14:18:21 : RCon admin #1 (103.13.101.239:51416) logged in
﻿14:19:34 : Player #0 King Zog (121.45.249.207:64513) connected
﻿14:19:36 : Player #0 King Zog - GUID: ed93afb5a1d7dd12c0848e3817234489 (unverified)
﻿14:19:36 : RCon admin #1: (Global) BEC : Boss Cocky King Zog Connected
﻿14:19:36 : Verified GUID (ed93afb5a1d7dd12c0848e3817234489) of player #0 King Zog
﻿14:19:37 : Status  -> Ok (ed93afb5a1d7dd12c0848e3817234489)
﻿14:21:22 : RCon admin #1: (Global) 1
﻿14:24:30 : Player #0 King Zog disconnected
﻿14:25:47 : Player #0 King Zog (121.45.249.207:64513) connected
﻿14:25:48 : Player #0 King Zog - GUID: ed93afb5a1d7dd12c0848e3817234489 (unverified)
﻿14:25:48 : RCon admin #1: (Global) BEC : Boss Cocky King Zog Connected
﻿14:25:48 : Verified GUID (ed93afb5a1d7dd12c0848e3817234489) of player #0 King Zog
﻿14:25:49 : Status  -> Ok (ed93afb5a1d7dd12c0848e3817234489)
﻿14:28:22 : RCon admin #1: (Global) This server restarts at 3pm Sydney Time
﻿14:30:00 : RCon admin #1: (Global) This server will restart in 30 minutes
﻿14:39:41 : Lost Connection!
﻿14:39:41 : Closing socket & exiting!
﻿14:41:06 : Reporter account validated ok!
﻿14:41:08 : Rcon client logging in
﻿14:41:08 : RCon admin #1 (103.13.101.239:58201) logged in
﻿14:41:12 : Player #0 King Zog (121.45.249.207:64517) connected
﻿14:41:13 : Player #0 King Zog - GUID: ed93afb5a1d7dd12c0848e3817234489 (unverified)
﻿14:41:13 : RCon admin #1: (Global) BEC : Boss Cocky King Zog Connected
﻿14:41:13 : Verified GUID (ed93afb5a1d7dd12c0848e3817234489) of player #0 King Zog
﻿14:41:26 : Status  -> Ok (ed93afb5a1d7dd12c0848e3817234489)
﻿14:44:08 : RCon admin #1: (Global) 1
﻿14:45:00 : RCon admin #1: (Global) This server will restart in 15 minutes
﻿14:50:00 : RCon admin #1: (Global) This server will restart in 10 minutes.
﻿14:51:08 : RCon admin #1: (Global) This server restarts at 3pm Sydney Time
﻿14:55:00 : RCon admin #1: (Global) This server will restart in 5 minutes.
﻿14:57:00 : RCon admin #1: (Global) THIS SERVER IS RESTARTING IN 3 MINUTES !.
﻿14:59:00 : RCon admin #1: (Global) THIS SERVER IS RESTARTING IN 60 SECONDS. PRESS ESC TO SAVE !!!
﻿15:00:03 : Lost Connection!
﻿15:00:03 : Closing socket & exiting!
﻿15:04:26 : Reporter account validated ok!
﻿15:04:27 : Rcon client logging in
﻿15:04:28 : RCon admin #1 (103.13.101.239:54879) logged in
﻿15:04:48 : Player #0 King Zog (121.45.249.207:64520) connected
﻿15:04:49 : Player #0 King Zog - GUID: ed93afb5a1d7dd12c0848e3817234489 (unverified)
﻿15:04:49 : RCon admin #1: (Global) BEC : Boss Cocky King Zog Connected
﻿15:04:50 : Verified GUID (ed93afb5a1d7dd12c0848e3817234489) of player #0 King Zog
﻿15:04:51 : Status  -> Ok (ed93afb5a1d7dd12c0848e3817234489)
﻿15:05:08 : Player #1 dunkinator (121.45.249.207:64519) connected
﻿15:05:09 : Player #1 dunkinator - GUID: 2c25167d47d035cad86caaa66ca0fc8b (unverified)
﻿15:05:10 : Verified GUID (2c25167d47d035cad86caaa66ca0fc8b) of player #1 dunkinator
﻿15:05:11 : Status  -> Ok (2c25167d47d035cad86caaa66ca0fc8b)
﻿15:07:28 : RCon admin #1: (Global) 1
﻿15:14:28 : RCon admin #1: (Global) This server restarts at 3pm Sydney Time
﻿15:17:58 : Player #1 dunkinator disconnected
﻿15:20:49 : Lost Connection!
﻿15:20:49 : Closing socket & exiting!
﻿15:27:29 : Reporter account validated ok!
﻿15:27:31 : Rcon client logging in
﻿15:27:31 : RCon admin #1 (103.13.101.239:60592) logged in
﻿15:29:03 : Player #0 King Zog (121.45.249.207:64530) connected
﻿15:29:05 : Player #0 King Zog - GUID: ed93afb5a1d7dd12c0848e3817234489 (unverified)
﻿15:29:05 : RCon admin #1: (Global) BEC : Boss Cocky King Zog Connected
﻿15:29:06 : Verified GUID (ed93afb5a1d7dd12c0848e3817234489) of player #0 King Zog
﻿15:29:06 : Status  -> Ok (ed93afb5a1d7dd12c0848e3817234489)
﻿15:30:31 : RCon admin #1: (Global) 1
﻿15:37:31 : RCon admin #1: (Global) This server restarts at 3pm Sydney Time
﻿15:52:10 : Lost Connection!
﻿15:52:10 : Closing socket & exiting!
﻿15:54:10 : Reporter account validated ok!
﻿15:54:12 : Rcon client logging in
﻿15:54:12 : RCon admin #1 (103.13.101.239:52381) logged in
﻿15:57:12 : RCon admin #1: (Global) 1
﻿15:58:19 : Player #0 King Zog (121.45.249.207:64580) connected
﻿15:58:20 : Player #0 King Zog - GUID: ed93afb5a1d7dd12c0848e3817234489 (unverified)
﻿15:58:20 : RCon admin #1: (Global) BEC : Boss Cocky King Zog Connected
﻿15:58:21 : Verified GUID (ed93afb5a1d7dd12c0848e3817234489) of player #0 King Zog
﻿15:58:23 : Status  -> Ok (ed93afb5a1d7dd12c0848e3817234489)
﻿16:01:16 : Lost Connection!
﻿16:01:16 : Closing socket & exiting!
﻿16:28:27 : Reporter account validated ok!
﻿16:28:29 : Rcon client logging in
﻿16:28:29 : RCon admin #1 (103.13.101.239:58895) logged in
﻿16:31:29 : RCon admin #1: (Global) 1
﻿16:38:29 : RCon admin #1: (Global) This server restarts at 3pm Sydney Time
﻿16:45:09 : Lost Connection!
﻿16:45:09 : Closing socket & exiting!
﻿16:47:39 : Reporter account validated ok!
﻿16:47:40 : Rcon client logging in
﻿16:47:40 : RCon admin #1 (103.13.101.239:63252) logged in
﻿16:47:43 : Player #0 King Zog (121.45.249.207:64587) connected
﻿16:47:44 : Player #0 King Zog - GUID: ed93afb5a1d7dd12c0848e3817234489 (unverified)
﻿16:47:44 : RCon admin #1: (Global) BEC : Boss Cocky King Zog Connected
﻿16:47:44 : Verified GUID (ed93afb5a1d7dd12c0848e3817234489) of player #0 King Zog
﻿16:47:45 : Status  -> Ok (ed93afb5a1d7dd12c0848e3817234489)
﻿16:50:41 : RCon admin #1: (Global) 1
﻿16:52:56 : Lost Connection!
﻿16:52:56 : Closing socket & exiting!
﻿16:54:03 : Reporter account validated ok!
﻿16:54:04 : Rcon client logging in
﻿16:54:05 : RCon admin #1 (103.13.101.239:62643) logged in
﻿16:54:12 : Player #0 King Zog (121.45.249.207:64587) connected
﻿16:54:13 : Player #0 King Zog - GUID: ed93afb5a1d7dd12c0848e3817234489 (unverified)
﻿16:54:13 : RCon admin #1: (Global) BEC : Boss Cocky King Zog Connected
﻿16:54:13 : Verified GUID (ed93afb5a1d7dd12c0848e3817234489) of player #0 King Zog
﻿16:54:14 : Status  -> Ok (ed93afb5a1d7dd12c0848e3817234489)
﻿16:57:05 : RCon admin #1: (Global) 1
﻿17:04:05 : RCon admin #1: (Global) This server restarts at 3pm Sydney Time
﻿17:31:26 : Lost Connection!
﻿17:31:26 : Closing socket & exiting!
﻿17:32:21 : Reporter account validated ok!
﻿17:32:22 : Rcon client logging in
﻿17:32:22 : RCon admin #1 (103.13.101.239:58028) logged in
﻿17:32:30 : Player #0 King Zog (121.45.249.207:64587) connected
﻿17:32:31 : Player #0 King Zog - GUID: ed93afb5a1d7dd12c0848e3817234489 (unverified)
﻿17:32:31 : RCon admin #1: (Global) BEC : Boss Cocky King Zog Connected
﻿17:32:31 : Verified GUID (ed93afb5a1d7dd12c0848e3817234489) of player #0 King Zog
﻿17:32:32 : Status  -> Ok (ed93afb5a1d7dd12c0848e3817234489)
﻿17:35:23 : RCon admin #1: (Global) 1
﻿17:42:23 : RCon admin #1: (Global) This server restarts at 3pm Sydney Time
﻿17:53:06 : Lost Connection!
﻿17:53:06 : Closing socket & exiting!
﻿18:59:24 : Reporter account validated ok!
﻿18:59:25 : Rcon client logging in
﻿18:59:25 : RCon admin #1 (103.13.101.239:64162) logged in
﻿19:02:26 : RCon admin #1: (Global) 1
﻿19:03:26 : Player #0 King Zog (121.45.249.207:64605) connected
﻿19:03:27 : Player #0 King Zog - GUID: ed93afb5a1d7dd12c0848e3817234489 (unverified)
﻿19:03:28 : RCon admin #1: (Global) BEC : Boss Cocky King Zog Connected
﻿19:03:28 : Verified GUID (ed93afb5a1d7dd12c0848e3817234489) of player #0 King Zog
﻿19:03:29 : Status  -> Ok (ed93afb5a1d7dd12c0848e3817234489)
﻿19:09:26 : RCon admin #1: (Global) This server restarts at 3pm Sydney Time
﻿19:16:24 : Player #0 King Zog disconnected
﻿20:39:26 : RCon admin #1: (Global) This server restarts at 3pm Sydney Time
﻿21:26:48 : Player #0 King Zog (121.45.249.207:64654) connected
﻿21:26:50 : Player #0 King Zog - GUID: ed93afb5a1d7dd12c0848e3817234489 (unverified)
﻿21:26:50 : RCon admin #1: (Global) BEC : Boss Cocky King Zog Connected
﻿21:26:50 : Verified GUID (ed93afb5a1d7dd12c0848e3817234489) of player #0 King Zog
﻿21:26:51 : Status  -> Ok (ed93afb5a1d7dd12c0848e3817234489)
﻿21:50:54 : Player #0 King Zog disconnected
﻿22:09:26 : RCon admin #1: (Global) This server restarts at 3pm Sydney Time
﻿22:59:55 : Player #0 King Zog (121.45.249.207:64674) connected
﻿22:59:56 : Player #0 King Zog - GUID: ed93afb5a1d7dd12c0848e3817234489 (unverified)
﻿22:59:56 : RCon admin #1: (Global) BEC : Boss Cocky King Zog Connected
﻿22:59:56 : Verified GUID (ed93afb5a1d7dd12c0848e3817234489) of player #0 King Zog
﻿22:59:58 : Status  -> Ok (ed93afb5a1d7dd12c0848e3817234489)
﻿23:39:26 : RCon admin #1: (Global) This server restarts at 3pm Sydney Time
﻿23:46:45 : Lost Connection!
﻿23:46:45 : Closing socket & exiting!
﻿23:48:16 : Reporter account validated ok!
﻿23:48:17 : Rcon client logging in
﻿23:48:18 : RCon admin #1 (103.13.101.239:53316) logged in
﻿23:48:23 : Player #0 King Zog (121.45.249.207:64674) connected
﻿23:48:24 : Player #0 King Zog - GUID: ed93afb5a1d7dd12c0848e3817234489 (unverified)
﻿23:48:24 : RCon admin #1: (Global) BEC : Boss Cocky King Zog Connected
﻿23:48:24 : Verified GUID (ed93afb5a1d7dd12c0848e3817234489) of player #0 King Zog
﻿23:48:26 : Status  -> Ok (ed93afb5a1d7dd12c0848e3817234489)
﻿23:51:18 : RCon admin #1: (Global) 1
﻿23:58:18 : RCon admin #1: (Global) This server restarts at 3pm Sydney Time
