00:00:58 : RCon admin #1: (Global) 1
﻿00:06:02 : Lost Connection!
﻿00:06:02 : Closing socket & exiting!
﻿00:06:42 : Rcon client logging in
﻿00:06:42 : RCon admin #1 (103.13.101.239:54665) logged in
﻿00:06:55 : Player #1 King Zog (121.45.235.30:64781) connected
﻿00:06:56 : Player #1 King Zog - GUID: ed93afb5a1d7dd12c0848e3817234489 (unverified)
﻿00:06:56 : RCon admin #1: (Global) BEC : Boss Cocky King Zog Connected
﻿00:06:56 : Verified GUID (ed93afb5a1d7dd12c0848e3817234489) of player #1 King Zog
﻿00:16:30 : Lost Connection!
﻿00:16:30 : Closing socket & exiting!
﻿00:17:32 : Rcon client logging in
﻿00:17:33 : RCon admin #1 (103.13.101.239:63923) logged in
﻿00:18:06 : Player #1 King Zog (121.45.235.30:64781) connected
﻿00:18:07 : Player #1 King Zog - GUID: ed93afb5a1d7dd12c0848e3817234489 (unverified)
﻿00:18:07 : RCon admin #1: (Global) BEC : Boss Cocky King Zog Connected
﻿00:18:07 : Verified GUID (ed93afb5a1d7dd12c0848e3817234489) of player #1 King Zog
﻿00:20:33 : RCon admin #1: (Global) 1
﻿00:27:33 : RCon admin #1: (Global) This server restarts at 3pm Sydney Time
﻿01:38:31 : Player #1 King Zog disconnected
﻿01:57:33 : RCon admin #1: (Global) This server restarts at 3pm Sydney Time
﻿03:27:33 : RCon admin #1: (Global) This server restarts at 3pm Sydney Time
﻿04:57:33 : RCon admin #1: (Global) This server restarts at 3pm Sydney Time
﻿06:27:33 : RCon admin #1: (Global) This server restarts at 3pm Sydney Time
﻿07:57:33 : RCon admin #1: (Global) This server restarts at 3pm Sydney Time
﻿09:27:33 : RCon admin #1: (Global) This server restarts at 3pm Sydney Time
﻿10:57:33 : RCon admin #1: (Global) This server restarts at 3pm Sydney Time
﻿12:27:33 : RCon admin #1: (Global) This server restarts at 3pm Sydney Time
﻿12:42:10 : Player #1 King Zog (121.45.253.95:61036) connected
﻿12:42:11 : Player #1 King Zog - GUID: ed93afb5a1d7dd12c0848e3817234489 (unverified)
﻿12:42:11 : RCon admin #1: (Global) BEC : Boss Cocky King Zog Connected
﻿12:42:12 : Verified GUID (ed93afb5a1d7dd12c0848e3817234489) of player #1 King Zog
﻿13:14:29 : Player #1 King Zog disconnected
﻿13:57:33 : RCon admin #1: (Global) This server restarts at 3pm Sydney Time
﻿14:12:34 : Lost Connection!
﻿14:12:34 : Closing socket & exiting!
﻿14:18:52 : Rcon client logging in
﻿14:18:52 : RCon admin #1 (103.13.101.239:56655) logged in
﻿14:19:20 : Player #0 King Zog (121.45.253.95:61049) connected
﻿14:19:21 : Player #0 King Zog - GUID: ed93afb5a1d7dd12c0848e3817234489 (unverified)
﻿14:19:21 : RCon admin #1: (Global) BEC : Boss Cocky King Zog Connected
﻿14:19:22 : Verified GUID (ed93afb5a1d7dd12c0848e3817234489) of player #0 King Zog
﻿14:21:52 : RCon admin #1: (Global) 1
﻿14:22:24 : Lost Connection!
﻿14:22:24 : Closing socket & exiting!
﻿14:22:51 : Rcon client logging in
﻿14:22:51 : RCon admin #1 (103.13.101.239:63034) logged in
﻿14:22:52 : Player #0 King Zog - GUID: ed93afb5a1d7dd12c0848e3817234489 (unverified)
﻿14:22:52 : RCon admin #1: (Global) BEC : Boss Cocky King Zog Connected
﻿14:22:52 : Verified GUID (ed93afb5a1d7dd12c0848e3817234489) of player #0 King Zog
﻿14:25:51 : RCon admin #1: (Global) 1
﻿14:30:00 : RCon admin #1: (Global) This server will restart in 30 minutes
﻿14:30:45 : Could not connect to BE Master
﻿14:30:45 : Update attempt failed
﻿14:32:51 : RCon admin #1: (Global) This server restarts at 3pm Sydney Time
﻿14:45:00 : RCon admin #1: (Global) This server will restart in 15 minutes
﻿14:50:00 : RCon admin #1: (Global) This server will restart in 10 minutes.
﻿14:55:00 : RCon admin #1: (Global) This server will restart in 5 minutes.
﻿14:57:00 : RCon admin #1: (Global) THIS SERVER IS RESTARTING IN 3 MINUTES !.
﻿14:59:00 : RCon admin #1: (Global) THIS SERVER IS RESTARTING IN 60 SECONDS. PRESS ESC TO SAVE !!!
﻿15:00:03 : Lost Connection!
﻿15:00:03 : Closing socket & exiting!
﻿15:14:27 : Rcon client logging in
﻿15:14:27 : RCon admin #1 (103.13.101.239:61530) logged in
﻿15:16:47 : Lost Connection!
﻿15:16:47 : Closing socket & exiting!
﻿15:18:34 : Rcon client logging in
﻿15:18:34 : RCon admin #1 (103.13.101.239:55855) logged in
﻿15:18:41 : Player #0 King Zog (121.45.253.95:61056) connected
﻿15:18:43 : Player #0 King Zog - GUID: ed93afb5a1d7dd12c0848e3817234489 (unverified)
﻿15:18:43 : RCon admin #1: (Global) BEC : Boss Cocky King Zog Connected
﻿15:18:43 : Verified GUID (ed93afb5a1d7dd12c0848e3817234489) of player #0 King Zog
﻿15:22:05 : Lost Connection!
﻿15:22:05 : Closing socket & exiting!
﻿15:23:08 : Rcon client logging in
﻿15:23:08 : RCon admin #1 (103.13.101.239:52751) logged in
﻿15:23:29 : Player #0 King Zog (121.45.253.95:61056) connected
﻿15:23:30 : Player #0 King Zog - GUID: ed93afb5a1d7dd12c0848e3817234489 (unverified)
﻿15:23:30 : RCon admin #1: (Global) BEC : Boss Cocky King Zog Connected
﻿15:23:31 : Verified GUID (ed93afb5a1d7dd12c0848e3817234489) of player #0 King Zog
﻿15:26:08 : RCon admin #1: (Global) 1
﻿15:33:08 : RCon admin #1: (Global) This server restarts at 3pm Sydney Time
﻿16:36:23 : Lost Connection!
﻿16:36:23 : Closing socket & exiting!
﻿16:36:41 : Rcon client logging in
﻿16:36:41 : RCon admin #1 (103.13.101.239:59799) logged in
﻿16:38:29 : Player #0 King Zog (121.45.253.95:61056) connected
﻿16:38:31 : Player #0 King Zog - GUID: ed93afb5a1d7dd12c0848e3817234489 (unverified)
﻿16:38:31 : RCon admin #1: (Global) BEC : Boss Cocky King Zog Connected
﻿16:38:31 : Verified GUID (ed93afb5a1d7dd12c0848e3817234489) of player #0 King Zog
﻿16:39:41 : RCon admin #1: (Global) 1
﻿16:44:51 : Lost Connection!
﻿16:44:51 : Closing socket & exiting!
﻿16:46:26 : Rcon client logging in
﻿16:46:26 : RCon admin #1 (103.13.101.239:58128) logged in
﻿16:46:34 : Player #0 King Zog (121.45.253.95:61056) connected
﻿16:46:35 : Player #0 King Zog - GUID: ed93afb5a1d7dd12c0848e3817234489 (unverified)
﻿16:46:35 : RCon admin #1: (Global) BEC : Boss Cocky King Zog Connected
﻿16:46:35 : Verified GUID (ed93afb5a1d7dd12c0848e3817234489) of player #0 King Zog
﻿16:49:26 : RCon admin #1: (Global) 1
﻿16:56:07 : Player #0 King Zog disconnected
﻿16:56:13 : Player #0 King Zog (121.45.253.95:61056) connected
﻿16:56:14 : Player #0 King Zog - GUID: ed93afb5a1d7dd12c0848e3817234489 (unverified)
﻿16:56:14 : RCon admin #1: (Global) BEC : Boss Cocky King Zog Connected
﻿16:56:14 : Verified GUID (ed93afb5a1d7dd12c0848e3817234489) of player #0 King Zog
﻿16:56:26 : RCon admin #1: (Global) This server restarts at 3pm Sydney Time
﻿17:36:07 : Lost Connection!
﻿17:36:07 : Closing socket & exiting!
﻿17:51:00 : Rcon client logging in
﻿17:51:00 : RCon admin #1 (103.13.101.239:64091) logged in
﻿17:54:00 : RCon admin #1: (Global) 1
﻿17:56:43 : Player #1 King Zog (121.45.253.95:61089) connected
﻿17:56:44 : Player #1 King Zog - GUID: ed93afb5a1d7dd12c0848e3817234489 (unverified)
﻿17:56:45 : RCon admin #1: (Global) BEC : Boss Cocky King Zog Connected
﻿17:56:45 : Verified GUID (ed93afb5a1d7dd12c0848e3817234489) of player #1 King Zog
﻿17:57:41 : Player #0 headlessclient (8539e01499f87083b3a25eb30041261c) has been kicked by BattlEye: Admin Kick (BEC : Lobby idling to long)
﻿17:57:44 : Player #0 HeadlessClient (127.0.0.1:2304) connected
﻿17:57:45 : Verified GUID () of player #0 HeadlessClient
﻿17:57:45 : Player #0 HeadlessClient - Owner GUID: 8539e01499f87083b3a25eb30041261c
﻿18:01:00 : RCon admin #1: (Global) This server restarts at 3pm Sydney Time
