00:10:40 : RCon admin #1: (Global) This server restarts at 3pm Sydney Time
﻿01:40:39 : RCon admin #1: (Global) This server restarts at 3pm Sydney Time
﻿03:10:39 : RCon admin #1: (Global) This server restarts at 3pm Sydney Time
﻿04:40:40 : RCon admin #1: (Global) This server restarts at 3pm Sydney Time
﻿06:10:39 : RCon admin #1: (Global) This server restarts at 3pm Sydney Time
﻿07:40:39 : RCon admin #1: (Global) This server restarts at 3pm Sydney Time
﻿09:10:40 : RCon admin #1: (Global) This server restarts at 3pm Sydney Time
﻿10:40:40 : RCon admin #1: (Global) This server restarts at 3pm Sydney Time
﻿12:10:40 : RCon admin #1: (Global) This server restarts at 3pm Sydney Time
﻿13:40:40 : RCon admin #1: (Global) This server restarts at 3pm Sydney Time
﻿14:30:00 : RCon admin #1: (Global) This server will restart in 30 minutes
﻿14:45:00 : RCon admin #1: (Global) This server will restart in 15 minutes
﻿14:50:00 : RCon admin #1: (Global) This server will restart in 10 minutes.
﻿14:55:00 : RCon admin #1: (Global) This server will restart in 5 minutes.
﻿14:57:00 : RCon admin #1: (Global) THIS SERVER IS RESTARTING IN 3 MINUTES !.
﻿14:59:00 : RCon admin #1: (Global) THIS SERVER IS RESTARTING IN 60 SECONDS. PRESS ESC TO SAVE !!!
﻿15:00:01 : Lost Connection!
﻿15:00:01 : Closing socket & exiting!
﻿15:00:26 : Reporter account validated ok!
﻿15:00:27 : Rcon client logging in
﻿15:00:27 : RCon admin #1 (103.13.101.239:55640) logged in
﻿15:03:28 : RCon admin #1: (Global) 1
﻿15:10:28 : RCon admin #1: (Global) This server restarts at 3pm Sydney Time
﻿16:40:28 : RCon admin #1: (Global) This server restarts at 3pm Sydney Time
﻿18:10:28 : RCon admin #1: (Global) This server restarts at 3pm Sydney Time
﻿18:59:32 : Reporter account validated ok!
﻿18:59:33 : Rcon client logging in
﻿18:59:33 : RCon admin #1 (103.13.101.239:61587) logged in
﻿19:02:34 : RCon admin #1: (Global) 1
﻿19:02:54 : Player #0 King Zog (121.45.229.207:61259) connected
﻿19:02:56 : Player #0 King Zog - GUID: ed93afb5a1d7dd12c0848e3817234489 (unverified)
﻿19:02:56 : RCon admin #1: (Global) BEC : Boss Cocky King Zog Connected
﻿19:02:56 : Verified GUID (ed93afb5a1d7dd12c0848e3817234489) of player #0 King Zog
﻿19:02:57 : Status  -> Ok (ed93afb5a1d7dd12c0848e3817234489)
﻿19:09:34 : RCon admin #1: (Global) This server restarts at 3pm Sydney Time
﻿19:38:49 : Player #0 King Zog (ed93afb5a1d7dd12c0848e3817234489) has been kicked by BattlEye: CreateVehicle Restriction #0
﻿19:38:58 : Player #0 King Zog (121.45.229.207:61259) connected
﻿19:38:59 : Player #0 King Zog - GUID: ed93afb5a1d7dd12c0848e3817234489 (unverified)
﻿19:38:59 : RCon admin #1: (Global) BEC : Boss Cocky King Zog Connected
﻿19:38:59 : Verified GUID (ed93afb5a1d7dd12c0848e3817234489) of player #0 King Zog
﻿19:39:00 : Status  -> Ok (ed93afb5a1d7dd12c0848e3817234489)
﻿20:17:54 : Player #0 King Zog disconnected
﻿20:39:34 : RCon admin #1: (Global) This server restarts at 3pm Sydney Time
﻿22:09:34 : RCon admin #1: (Global) This server restarts at 3pm Sydney Time
﻿23:39:34 : RCon admin #1: (Global) This server restarts at 3pm Sydney Time
