00:02:02 : RCon admin #1: (Global) This server restarts at 3pm Sydney Time
﻿00:06:47 : Lost Connection!
﻿00:06:47 : Closing socket & exiting!
﻿00:08:09 : Reporter account validated ok!
﻿00:08:11 : Rcon client logging in
﻿00:08:11 : RCon admin #1 (103.13.101.239:50406) logged in
﻿00:08:11 : Player #0 King Zog (121.45.236.212:64820) connected
﻿00:08:13 : Player #0 King Zog - GUID: ed93afb5a1d7dd12c0848e3817234489 (unverified)
﻿00:08:13 : RCon admin #1: (Global) BEC : Boss Cocky King Zog Connected
﻿00:08:13 : Verified GUID (ed93afb5a1d7dd12c0848e3817234489) of player #0 King Zog
﻿00:08:14 : Status  -> Ok (ed93afb5a1d7dd12c0848e3817234489)
﻿00:11:11 : RCon admin #1: (Global) 1
﻿00:13:23 : Lost Connection!
﻿00:13:23 : Closing socket & exiting!
﻿00:14:06 : Reporter account validated ok!
﻿00:14:08 : Rcon client logging in
﻿00:14:08 : RCon admin #1 (103.13.101.239:53007) logged in
﻿00:14:08 : Player #0 King Zog - GUID: ed93afb5a1d7dd12c0848e3817234489 (unverified)
﻿00:14:08 : RCon admin #1: (Global) BEC : Boss Cocky King Zog Connected
﻿00:14:09 : Verified GUID (ed93afb5a1d7dd12c0848e3817234489) of player #0 King Zog
﻿00:17:08 : RCon admin #1: (Global) 1
﻿00:20:56 : Lost Connection!
﻿00:20:56 : Closing socket & exiting!
﻿00:23:10 : Reporter account validated ok!
﻿00:23:11 : Rcon client logging in
﻿00:23:12 : RCon admin #1 (103.13.101.239:53148) logged in
﻿00:23:18 : Player #0 King Zog (121.45.236.212:64827) connected
﻿00:23:19 : Player #0 King Zog - GUID: ed93afb5a1d7dd12c0848e3817234489 (unverified)
﻿00:23:19 : RCon admin #1: (Global) BEC : Boss Cocky King Zog Connected
﻿00:23:20 : Verified GUID (ed93afb5a1d7dd12c0848e3817234489) of player #0 King Zog
﻿00:23:20 : Status  -> Ok (ed93afb5a1d7dd12c0848e3817234489)
﻿00:26:12 : RCon admin #1: (Global) 1
﻿00:33:12 : RCon admin #1: (Global) This server restarts at 3pm Sydney Time
﻿00:40:59 : Lost Connection!
﻿00:40:59 : Closing socket & exiting!
﻿00:44:11 : Reporter account validated ok!
﻿00:44:12 : Rcon client logging in
﻿00:44:12 : RCon admin #1 (103.13.101.239:52407) logged in
﻿00:47:13 : RCon admin #1: (Global) 1
﻿00:54:13 : RCon admin #1: (Global) This server restarts at 3pm Sydney Time
﻿00:55:44 : Lost Connection!
﻿00:55:44 : Closing socket & exiting!
﻿00:58:23 : Reporter account validated ok!
﻿00:58:24 : Rcon client logging in
﻿00:58:24 : RCon admin #1 (103.13.101.239:61611) logged in
﻿00:58:40 : Player #0 King Zog (121.45.236.212:64867) connected
﻿00:58:41 : Player #0 King Zog - GUID: ed93afb5a1d7dd12c0848e3817234489 (unverified)
﻿00:58:41 : RCon admin #1: (Global) BEC : Boss Cocky King Zog Connected
﻿00:58:41 : Verified GUID (ed93afb5a1d7dd12c0848e3817234489) of player #0 King Zog
﻿00:58:42 : Status  -> Ok (ed93afb5a1d7dd12c0848e3817234489)
﻿01:01:25 : RCon admin #1: (Global) 1
﻿01:05:24 : Player #0 King Zog disconnected
﻿01:08:25 : RCon admin #1: (Global) This server restarts at 3pm Sydney Time
﻿02:38:25 : RCon admin #1: (Global) This server restarts at 3pm Sydney Time
﻿04:08:25 : RCon admin #1: (Global) This server restarts at 3pm Sydney Time
﻿05:38:25 : RCon admin #1: (Global) This server restarts at 3pm Sydney Time
﻿07:08:25 : RCon admin #1: (Global) This server restarts at 3pm Sydney Time
﻿08:38:24 : RCon admin #1: (Global) This server restarts at 3pm Sydney Time
﻿10:08:25 : RCon admin #1: (Global) This server restarts at 3pm Sydney Time
﻿11:38:25 : RCon admin #1: (Global) This server restarts at 3pm Sydney Time
﻿13:08:25 : RCon admin #1: (Global) This server restarts at 3pm Sydney Time
﻿13:56:55 : Lost Connection!
﻿13:56:55 : Closing socket & exiting!
﻿14:00:13 : Reporter account validated ok!
﻿14:00:14 : Rcon client logging in
﻿14:00:15 : RCon admin #1 (103.13.101.239:52178) logged in
﻿14:01:44 : Player #0 King Zog (121.45.236.212:64892) connected
﻿14:01:46 : Player #0 King Zog - GUID: ed93afb5a1d7dd12c0848e3817234489 (unverified)
﻿14:01:46 : RCon admin #1: (Global) BEC : Boss Cocky King Zog Connected
﻿14:01:46 : Verified GUID (ed93afb5a1d7dd12c0848e3817234489) of player #0 King Zog
﻿14:01:47 : Status  -> Ok (ed93afb5a1d7dd12c0848e3817234489)
﻿14:03:15 : RCon admin #1: (Global) 1
﻿14:08:27 : Lost Connection!
﻿14:08:27 : Closing socket & exiting!
﻿14:09:21 : Reporter account validated ok!
﻿14:09:22 : Rcon client logging in
﻿14:09:22 : RCon admin #1 (103.13.101.239:55322) logged in
﻿14:09:52 : Player #0 King Zog (121.45.236.212:64892) connected
﻿14:09:54 : Player #0 King Zog - GUID: ed93afb5a1d7dd12c0848e3817234489 (unverified)
﻿14:09:54 : RCon admin #1: (Global) BEC : Boss Cocky King Zog Connected
﻿14:09:54 : Verified GUID (ed93afb5a1d7dd12c0848e3817234489) of player #0 King Zog
﻿14:09:55 : Status  -> Ok (ed93afb5a1d7dd12c0848e3817234489)
﻿14:12:23 : RCon admin #1: (Global) 1
﻿14:19:23 : RCon admin #1: (Global) This server restarts at 3pm Sydney Time
﻿14:30:00 : RCon admin #1: (Global) This server will restart in 30 minutes
﻿14:33:42 : Lost Connection!
﻿14:33:42 : Closing socket & exiting!
﻿14:35:07 : Reporter account validated ok!
﻿14:35:08 : Rcon client logging in
﻿14:35:09 : RCon admin #1 (103.13.101.239:60167) logged in
﻿14:35:40 : Player #0 King Zog (121.45.236.212:64903) connected
﻿14:35:42 : Player #0 King Zog - GUID: ed93afb5a1d7dd12c0848e3817234489 (unverified)
﻿14:35:42 : RCon admin #1: (Global) BEC : Boss Cocky King Zog Connected
﻿14:35:42 : Verified GUID (ed93afb5a1d7dd12c0848e3817234489) of player #0 King Zog
﻿14:35:43 : Status  -> Ok (ed93afb5a1d7dd12c0848e3817234489)
﻿14:38:09 : RCon admin #1: (Global) 1
﻿14:45:00 : RCon admin #1: (Global) This server will restart in 15 minutes
﻿14:45:09 : RCon admin #1: (Global) This server restarts at 3pm Sydney Time
﻿14:45:40 : Lost Connection!
﻿14:45:40 : Closing socket & exiting!
﻿15:00:51 : Reporter account validated ok!
﻿15:00:52 : Rcon client logging in
﻿15:00:53 : RCon admin #1 (103.13.101.239:61287) logged in
﻿15:01:05 : Player #0 King Zog (121.45.236.212:64905) connected
﻿15:01:07 : Player #0 King Zog - GUID: ed93afb5a1d7dd12c0848e3817234489 (unverified)
﻿15:01:07 : RCon admin #1: (Global) BEC : Boss Cocky King Zog Connected
﻿15:01:07 : Verified GUID (ed93afb5a1d7dd12c0848e3817234489) of player #0 King Zog
﻿15:01:08 : Status  -> Ok (ed93afb5a1d7dd12c0848e3817234489)
﻿15:03:53 : RCon admin #1: (Global) 1
﻿15:03:55 : Lost Connection!
﻿15:03:55 : Closing socket & exiting!
﻿15:18:34 : Reporter account validated ok!
﻿15:18:35 : Rcon client logging in
﻿15:18:36 : RCon admin #1 (103.13.101.239:53181) logged in
﻿15:18:46 : Player #0 King Zog (121.45.236.212:64906) connected
﻿15:18:47 : Player #0 King Zog - GUID: ed93afb5a1d7dd12c0848e3817234489 (unverified)
﻿15:18:47 : RCon admin #1: (Global) BEC : Boss Cocky King Zog Connected
﻿15:18:47 : Verified GUID (ed93afb5a1d7dd12c0848e3817234489) of player #0 King Zog
﻿15:18:48 : Status  -> Ok (ed93afb5a1d7dd12c0848e3817234489)
﻿15:21:36 : RCon admin #1: (Global) 1
﻿15:28:14 : Lost Connection!
﻿15:28:14 : Closing socket & exiting!
﻿15:32:15 : Reporter account validated ok!
﻿15:32:16 : Rcon client logging in
﻿15:32:16 : RCon admin #1 (103.13.101.239:63141) logged in
﻿15:32:42 : Player #0 King Zog (121.45.236.212:64907) connected
﻿15:32:43 : Player #0 King Zog - GUID: ed93afb5a1d7dd12c0848e3817234489 (unverified)
﻿15:32:43 : RCon admin #1: (Global) BEC : Boss Cocky King Zog Connected
﻿15:32:44 : Verified GUID (ed93afb5a1d7dd12c0848e3817234489) of player #0 King Zog
﻿15:32:45 : Status  -> Ok (ed93afb5a1d7dd12c0848e3817234489)
﻿15:35:17 : RCon admin #1: (Global) 1
﻿15:42:17 : RCon admin #1: (Global) This server restarts at 3pm Sydney Time
﻿15:54:19 : Lost Connection!
﻿15:54:19 : Closing socket & exiting!
﻿15:55:41 : Reporter account validated ok!
﻿15:55:42 : Rcon client logging in
﻿15:55:43 : RCon admin #1 (103.13.101.239:55229) logged in
﻿15:55:54 : Player #0 King Zog (121.45.236.212:64907) connected
﻿15:55:55 : Player #0 King Zog - GUID: ed93afb5a1d7dd12c0848e3817234489 (unverified)
﻿15:55:55 : RCon admin #1: (Global) BEC : Boss Cocky King Zog Connected
﻿15:55:55 : Verified GUID (ed93afb5a1d7dd12c0848e3817234489) of player #0 King Zog
﻿15:55:56 : Status  -> Ok (ed93afb5a1d7dd12c0848e3817234489)
﻿15:58:43 : RCon admin #1: (Global) 1
﻿16:01:50 : Lost Connection!
﻿16:01:50 : Closing socket & exiting!
﻿16:03:06 : Reporter account validated ok!
﻿16:03:07 : Rcon client logging in
﻿16:03:07 : RCon admin #1 (103.13.101.239:51999) logged in
﻿16:03:12 : Player #0 King Zog (121.45.236.212:64907) connected
﻿16:03:13 : Player #0 King Zog - GUID: ed93afb5a1d7dd12c0848e3817234489 (unverified)
﻿16:03:13 : RCon admin #1: (Global) BEC : Boss Cocky King Zog Connected
﻿16:03:14 : Verified GUID (ed93afb5a1d7dd12c0848e3817234489) of player #0 King Zog
﻿16:03:15 : Status  -> Ok (ed93afb5a1d7dd12c0848e3817234489)
﻿16:06:08 : RCon admin #1: (Global) 1
﻿16:08:03 : Player #0 King Zog disconnected
﻿16:08:52 : Lost Connection!
﻿16:08:52 : Closing socket & exiting!
﻿16:12:21 : Reporter account validated ok!
﻿16:12:22 : Rcon client logging in
﻿16:12:23 : RCon admin #1 (103.13.101.239:49466) logged in
﻿16:12:28 : Player #0 King Zog (121.45.236.212:64907) connected
﻿16:12:29 : Player #0 King Zog - GUID: ed93afb5a1d7dd12c0848e3817234489 (unverified)
﻿16:12:29 : RCon admin #1: (Global) BEC : Boss Cocky King Zog Connected
﻿16:12:29 : Verified GUID (ed93afb5a1d7dd12c0848e3817234489) of player #0 King Zog
﻿16:12:31 : Status  -> Ok (ed93afb5a1d7dd12c0848e3817234489)
﻿16:15:23 : RCon admin #1: (Global) 1
﻿16:22:23 : RCon admin #1: (Global) This server restarts at 3pm Sydney Time
﻿16:32:49 : Lost Connection!
﻿16:32:49 : Closing socket & exiting!
﻿16:33:45 : Reporter account validated ok!
﻿16:33:46 : Rcon client logging in
﻿16:33:46 : RCon admin #1 (103.13.101.239:60314) logged in
﻿16:34:17 : Player #0 King Zog (121.45.236.212:64907) connected
﻿16:34:18 : Player #0 King Zog - GUID: ed93afb5a1d7dd12c0848e3817234489 (unverified)
﻿16:34:18 : RCon admin #1: (Global) BEC : Boss Cocky King Zog Connected
﻿16:34:19 : Verified GUID (ed93afb5a1d7dd12c0848e3817234489) of player #0 King Zog
﻿16:34:20 : Status  -> Ok (ed93afb5a1d7dd12c0848e3817234489)
﻿16:36:47 : RCon admin #1: (Global) 1
﻿16:42:32 : Lost Connection!
﻿16:42:32 : Closing socket & exiting!
﻿16:43:13 : Reporter account validated ok!
﻿16:43:14 : Rcon client logging in
﻿16:43:15 : RCon admin #1 (103.13.101.239:53998) logged in
﻿16:46:15 : RCon admin #1: (Global) 1
﻿16:50:54 : Lost Connection!
﻿16:50:54 : Closing socket & exiting!
﻿16:51:50 : Reporter account validated ok!
﻿16:51:51 : Rcon client logging in
﻿16:51:52 : RCon admin #1 (103.13.101.239:49835) logged in
﻿16:52:12 : Player #0 King Zog (121.45.236.212:64907) connected
﻿16:52:13 : Player #0 King Zog - GUID: ed93afb5a1d7dd12c0848e3817234489 (unverified)
﻿16:52:13 : RCon admin #1: (Global) BEC : Boss Cocky King Zog Connected
﻿16:52:14 : Verified GUID (ed93afb5a1d7dd12c0848e3817234489) of player #0 King Zog
﻿16:52:15 : Status  -> Ok (ed93afb5a1d7dd12c0848e3817234489)
﻿16:54:52 : RCon admin #1: (Global) 1
﻿17:01:32 : Lost Connection!
﻿17:01:32 : Closing socket & exiting!
﻿17:02:09 : Reporter account validated ok!
﻿17:02:11 : Rcon client logging in
﻿17:02:11 : RCon admin #1 (103.13.101.239:51861) logged in
﻿17:02:16 : Player #0 King Zog (121.45.236.212:64907) connected
﻿17:02:17 : Player #0 King Zog - GUID: ed93afb5a1d7dd12c0848e3817234489 (unverified)
﻿17:02:17 : RCon admin #1: (Global) BEC : Boss Cocky King Zog Connected
﻿17:02:17 : Verified GUID (ed93afb5a1d7dd12c0848e3817234489) of player #0 King Zog
﻿17:02:18 : Status  -> Ok (ed93afb5a1d7dd12c0848e3817234489)
﻿17:05:11 : RCon admin #1: (Global) 1
﻿17:07:06 : Lost Connection!
﻿17:07:06 : Closing socket & exiting!
﻿17:07:37 : Reporter account validated ok!
﻿17:07:38 : Rcon client logging in
﻿17:07:39 : RCon admin #1 (103.13.101.239:64616) logged in
﻿17:07:43 : Player #0 King Zog (121.45.236.212:64907) connected
﻿17:07:44 : Player #0 King Zog - GUID: ed93afb5a1d7dd12c0848e3817234489 (unverified)
﻿17:07:44 : RCon admin #1: (Global) BEC : Boss Cocky King Zog Connected
﻿17:07:44 : Verified GUID (ed93afb5a1d7dd12c0848e3817234489) of player #0 King Zog
﻿17:07:45 : Status  -> Ok (ed93afb5a1d7dd12c0848e3817234489)
﻿17:10:39 : RCon admin #1: (Global) 1
﻿17:17:39 : RCon admin #1: (Global) This server restarts at 3pm Sydney Time
﻿17:20:06 : Lost Connection!
﻿17:20:06 : Closing socket & exiting!
﻿17:20:43 : Reporter account validated ok!
﻿17:20:45 : Rcon client logging in
﻿17:20:45 : RCon admin #1 (103.13.101.239:50566) logged in
﻿17:20:54 : Player #0 King Zog (121.45.236.212:64907) connected
﻿17:20:56 : Player #0 King Zog - GUID: ed93afb5a1d7dd12c0848e3817234489 (unverified)
﻿17:20:56 : RCon admin #1: (Global) BEC : Boss Cocky King Zog Connected
﻿17:20:56 : Verified GUID (ed93afb5a1d7dd12c0848e3817234489) of player #0 King Zog
﻿17:20:57 : Status  -> Ok (ed93afb5a1d7dd12c0848e3817234489)
﻿17:23:45 : RCon admin #1: (Global) 1
﻿17:24:02 : Lost Connection!
﻿17:24:02 : Closing socket & exiting!
﻿17:25:16 : Reporter account validated ok!
﻿17:25:17 : Rcon client logging in
﻿17:25:18 : RCon admin #1 (103.13.101.239:49562) logged in
﻿17:25:46 : Player #0 King Zog (121.45.236.212:64907) connected
﻿17:25:47 : Player #0 King Zog - GUID: ed93afb5a1d7dd12c0848e3817234489 (unverified)
﻿17:25:47 : RCon admin #1: (Global) BEC : Boss Cocky King Zog Connected
﻿17:25:47 : Verified GUID (ed93afb5a1d7dd12c0848e3817234489) of player #0 King Zog
﻿17:25:48 : Status  -> Ok (ed93afb5a1d7dd12c0848e3817234489)
﻿17:28:18 : RCon admin #1: (Global) 1
﻿17:29:21 : Lost Connection!
﻿17:29:21 : Closing socket & exiting!
﻿17:30:15 : Reporter account validated ok!
﻿17:30:16 : Rcon client logging in
﻿17:30:17 : RCon admin #1 (103.13.101.239:59329) logged in
﻿17:30:24 : Player #0 King Zog (121.45.236.212:64907) connected
﻿17:30:26 : Player #0 King Zog - GUID: ed93afb5a1d7dd12c0848e3817234489 (unverified)
﻿17:30:26 : RCon admin #1: (Global) BEC : Boss Cocky King Zog Connected
﻿17:30:26 : Verified GUID (ed93afb5a1d7dd12c0848e3817234489) of player #0 King Zog
﻿17:30:27 : Status  -> Ok (ed93afb5a1d7dd12c0848e3817234489)
﻿17:33:17 : RCon admin #1: (Global) 1
﻿17:37:50 : Lost Connection!
﻿17:37:50 : Closing socket & exiting!
﻿17:38:28 : Reporter account validated ok!
﻿17:38:29 : Rcon client logging in
﻿17:38:30 : RCon admin #1 (103.13.101.239:53214) logged in
﻿17:38:49 : Player #0 King Zog (121.45.236.212:64907) connected
﻿17:38:51 : Player #0 King Zog - GUID: ed93afb5a1d7dd12c0848e3817234489 (unverified)
﻿17:38:51 : RCon admin #1: (Global) BEC : Boss Cocky King Zog Connected
﻿17:38:51 : Verified GUID (ed93afb5a1d7dd12c0848e3817234489) of player #0 King Zog
﻿17:38:52 : Status  -> Ok (ed93afb5a1d7dd12c0848e3817234489)
﻿17:40:11 : Lost Connection!
﻿17:40:11 : Closing socket & exiting!
﻿17:40:41 : Reporter account validated ok!
﻿17:40:42 : Rcon client logging in
﻿17:40:43 : RCon admin #1 (103.13.101.239:59058) logged in
﻿17:40:43 : Verified GUID (ed93afb5a1d7dd12c0848e3817234489) of player #0 King Zog
﻿17:43:43 : RCon admin #1: (Global) 1
﻿17:47:50 : Lost Connection!
﻿17:47:50 : Closing socket & exiting!
﻿17:48:25 : Reporter account validated ok!
﻿17:48:27 : Rcon client logging in
﻿17:48:27 : RCon admin #1 (103.13.101.239:53255) logged in
﻿17:51:27 : RCon admin #1: (Global) 1
﻿17:52:47 : Lost Connection!
﻿17:52:47 : Closing socket & exiting!
﻿17:53:19 : Reporter account validated ok!
﻿17:53:20 : Rcon client logging in
﻿17:53:21 : RCon admin #1 (103.13.101.239:49410) logged in
﻿17:53:21 : Verified GUID (ed93afb5a1d7dd12c0848e3817234489) of player #0 King Zog
﻿17:56:21 : RCon admin #1: (Global) 1
﻿17:56:48 : Lost Connection!
﻿17:56:48 : Closing socket & exiting!
﻿17:59:28 : Reporter account validated ok!
﻿17:59:29 : Rcon client logging in
﻿17:59:29 : RCon admin #1 (103.13.101.239:55546) logged in
﻿17:59:33 : Player #0 King Zog (121.45.236.212:64923) connected
﻿17:59:34 : Player #0 King Zog - GUID: ed93afb5a1d7dd12c0848e3817234489 (unverified)
﻿17:59:34 : RCon admin #1: (Global) BEC : Boss Cocky King Zog Connected
﻿17:59:35 : Verified GUID (ed93afb5a1d7dd12c0848e3817234489) of player #0 King Zog
﻿17:59:36 : Status  -> Ok (ed93afb5a1d7dd12c0848e3817234489)
﻿18:02:30 : RCon admin #1: (Global) 1
﻿18:04:51 : Lost Connection!
﻿18:04:51 : Closing socket & exiting!
﻿18:06:48 : Reporter account validated ok!
﻿18:06:49 : Rcon client logging in
﻿18:06:49 : RCon admin #1 (103.13.101.239:56988) logged in
﻿18:07:07 : Player #0 King Zog (121.45.236.212:64923) connected
﻿18:07:08 : Player #0 King Zog - GUID: ed93afb5a1d7dd12c0848e3817234489 (unverified)
﻿18:07:08 : RCon admin #1: (Global) BEC : Boss Cocky King Zog Connected
﻿18:07:09 : Verified GUID (ed93afb5a1d7dd12c0848e3817234489) of player #0 King Zog
﻿18:07:10 : Status  -> Ok (ed93afb5a1d7dd12c0848e3817234489)
﻿18:09:50 : RCon admin #1: (Global) 1
﻿18:13:33 : Lost Connection!
﻿18:13:33 : Closing socket & exiting!
﻿18:14:20 : Reporter account validated ok!
﻿18:14:21 : Rcon client logging in
﻿18:14:21 : RCon admin #1 (103.13.101.239:64371) logged in
﻿18:14:22 : Verified GUID (ed93afb5a1d7dd12c0848e3817234489) of player #0 King Zog
﻿18:14:23 : Status  -> Ok (ed93afb5a1d7dd12c0848e3817234489)
﻿18:17:22 : RCon admin #1: (Global) 1
﻿18:17:45 : Lost Connection!
﻿18:17:45 : Closing socket & exiting!
﻿18:18:40 : Reporter account validated ok!
﻿18:18:41 : Rcon client logging in
﻿18:18:42 : RCon admin #1 (103.13.101.239:54070) logged in
﻿18:19:09 : Player #0 King Zog (121.45.236.212:64923) connected
﻿18:19:11 : Player #0 King Zog - GUID: ed93afb5a1d7dd12c0848e3817234489 (unverified)
﻿18:19:11 : RCon admin #1: (Global) BEC : Boss Cocky King Zog Connected
﻿18:19:11 : Verified GUID (ed93afb5a1d7dd12c0848e3817234489) of player #0 King Zog
﻿18:19:12 : Status  -> Ok (ed93afb5a1d7dd12c0848e3817234489)
﻿18:21:42 : RCon admin #1: (Global) 1
﻿18:28:42 : RCon admin #1: (Global) This server restarts at 3pm Sydney Time
﻿18:34:42 : Lost Connection!
﻿18:34:42 : Closing socket & exiting!
﻿18:35:34 : Reporter account validated ok!
﻿18:35:36 : Rcon client logging in
﻿18:35:36 : RCon admin #1 (103.13.101.239:52748) logged in
﻿18:38:33 : Lost Connection!
﻿18:38:33 : Closing socket & exiting!
﻿18:39:11 : Reporter account validated ok!
﻿18:39:12 : Rcon client logging in
﻿18:39:12 : RCon admin #1 (103.13.101.239:55078) logged in
﻿18:39:21 : Player #0 King Zog (121.45.236.212:64925) connected
﻿18:39:22 : Player #0 King Zog - GUID: ed93afb5a1d7dd12c0848e3817234489 (unverified)
﻿18:39:22 : RCon admin #1: (Global) BEC : Boss Cocky King Zog Connected
﻿18:39:22 : Verified GUID (ed93afb5a1d7dd12c0848e3817234489) of player #0 King Zog
﻿18:39:23 : Status  -> Ok (ed93afb5a1d7dd12c0848e3817234489)
﻿18:42:13 : RCon admin #1: (Global) 1
﻿18:49:13 : RCon admin #1: (Global) This server restarts at 3pm Sydney Time
﻿18:49:24 : Lost Connection!
﻿18:49:24 : Closing socket & exiting!
﻿18:50:31 : Reporter account validated ok!
﻿18:50:32 : Rcon client logging in
﻿18:50:32 : RCon admin #1 (103.13.101.239:55106) logged in
﻿18:50:33 : Player #0 King Zog - GUID: ed93afb5a1d7dd12c0848e3817234489 (unverified)
﻿18:50:33 : RCon admin #1: (Global) BEC : Boss Cocky King Zog Connected
﻿18:50:34 : Verified GUID (ed93afb5a1d7dd12c0848e3817234489) of player #0 King Zog
﻿18:53:33 : RCon admin #1: (Global) 1
﻿18:53:50 : Lost Connection!
﻿18:53:50 : Closing socket & exiting!
﻿19:32:13 : Reporter account validated ok!
﻿19:32:14 : Rcon client logging in
﻿19:32:14 : RCon admin #1 (103.13.101.239:58344) logged in
﻿19:32:18 : Player #0 King Zog (121.45.236.212:64927) connected
﻿19:32:20 : Player #0 King Zog - GUID: ed93afb5a1d7dd12c0848e3817234489 (unverified)
﻿19:32:20 : RCon admin #1: (Global) BEC : Boss Cocky King Zog Connected
﻿19:32:20 : Verified GUID (ed93afb5a1d7dd12c0848e3817234489) of player #0 King Zog
﻿19:32:21 : Status  -> Ok (ed93afb5a1d7dd12c0848e3817234489)
﻿19:35:15 : RCon admin #1: (Global) 1
﻿19:38:43 : Lost Connection!
﻿19:38:43 : Closing socket & exiting!
﻿19:50:04 : Reporter account validated ok!
﻿19:50:05 : Rcon client logging in
﻿19:50:06 : Verified GUID (ed93afb5a1d7dd12c0848e3817234489) of player #0 King Zog
﻿19:50:06 : RCon admin #1 (103.13.101.239:50225) logged in
﻿19:53:06 : RCon admin #1: (Global) 1
﻿20:00:06 : RCon admin #1: (Global) This server restarts at 3pm Sydney Time
﻿20:00:27 : Lost Connection!
﻿20:00:27 : Closing socket & exiting!
﻿20:03:53 : Reporter account validated ok!
﻿20:03:54 : Rcon client logging in
﻿20:03:54 : RCon admin #1 (103.13.101.239:50195) logged in
﻿20:04:20 : Player #0 King Zog (121.45.236.212:64932) connected
﻿20:04:21 : Player #0 King Zog - GUID: ed93afb5a1d7dd12c0848e3817234489 (unverified)
﻿20:04:21 : RCon admin #1: (Global) BEC : Boss Cocky King Zog Connected
﻿20:04:22 : Verified GUID (ed93afb5a1d7dd12c0848e3817234489) of player #0 King Zog
﻿20:04:23 : Status  -> Ok (ed93afb5a1d7dd12c0848e3817234489)
﻿20:06:55 : RCon admin #1: (Global) 1
﻿20:07:09 : Lost Connection!
﻿20:07:09 : Closing socket & exiting!
﻿20:14:42 : Reporter account validated ok!
﻿20:14:43 : Rcon client logging in
﻿20:14:44 : RCon admin #1 (103.13.101.239:59774) logged in
﻿20:15:25 : Player #0 King Zog (121.45.236.212:64942) connected
﻿20:15:27 : Player #0 King Zog - GUID: ed93afb5a1d7dd12c0848e3817234489 (unverified)
﻿20:15:27 : RCon admin #1: (Global) BEC : Boss Cocky King Zog Connected
﻿20:15:27 : Verified GUID (ed93afb5a1d7dd12c0848e3817234489) of player #0 King Zog
﻿20:15:28 : Status  -> Ok (ed93afb5a1d7dd12c0848e3817234489)
﻿20:17:44 : RCon admin #1: (Global) 1
﻿20:24:44 : RCon admin #1: (Global) This server restarts at 3pm Sydney Time
﻿20:44:07 : Lost Connection!
﻿20:44:07 : Closing socket & exiting!
﻿20:46:11 : Reporter account validated ok!
﻿20:46:12 : Rcon client logging in
﻿20:46:13 : RCon admin #1 (103.13.101.239:49336) logged in
﻿20:48:20 : Player #0 King Zog disconnected
﻿20:49:13 : RCon admin #1: (Global) 1
﻿20:49:36 : Lost Connection!
﻿20:49:36 : Closing socket & exiting!
﻿20:51:16 : Reporter account validated ok!
﻿20:51:17 : Rcon client logging in
﻿20:51:18 : RCon admin #1 (103.13.101.239:56837) logged in
﻿20:52:18 : Player #0 King Zog (121.45.236.212:64944) connected
﻿20:52:19 : Player #0 King Zog - GUID: ed93afb5a1d7dd12c0848e3817234489 (unverified)
﻿20:52:19 : RCon admin #1: (Global) BEC : Boss Cocky King Zog Connected
﻿20:52:19 : Verified GUID (ed93afb5a1d7dd12c0848e3817234489) of player #0 King Zog
﻿20:52:20 : Status  -> Ok (ed93afb5a1d7dd12c0848e3817234489)
﻿20:54:18 : RCon admin #1: (Global) 1
﻿20:55:35 : Lost Connection!
﻿20:55:35 : Closing socket & exiting!
﻿20:57:39 : Reporter account validated ok!
﻿20:57:40 : Rcon client logging in
﻿20:57:40 : RCon admin #1 (103.13.101.239:52260) logged in
﻿21:00:41 : RCon admin #1: (Global) 1
﻿21:05:43 : Lost Connection!
﻿21:05:43 : Closing socket & exiting!
﻿21:06:23 : Reporter account validated ok!
﻿21:06:24 : Rcon client logging in
﻿21:06:24 : RCon admin #1 (103.13.101.239:60412) logged in
﻿21:06:37 : Lost Connection!
﻿21:06:37 : Closing socket & exiting!
﻿21:07:04 : Reporter account validated ok!
﻿21:07:05 : Rcon client logging in
﻿21:07:06 : RCon admin #1 (103.13.101.239:51197) logged in
﻿21:07:10 : Lost Connection!
﻿21:07:10 : Closing socket & exiting!
﻿21:59:44 : Reporter account validated ok!
﻿21:59:45 : Rcon client logging in
﻿21:59:46 : RCon admin #1 (103.13.101.239:53644) logged in
﻿21:59:47 : Player #0 King Zog - GUID: ed93afb5a1d7dd12c0848e3817234489 (unverified)
﻿21:59:47 : RCon admin #1: (Global) BEC : Boss Cocky King Zog Connected
﻿21:59:48 : Verified GUID (ed93afb5a1d7dd12c0848e3817234489) of player #0 King Zog
﻿22:02:46 : RCon admin #1: (Global) 1
﻿22:03:17 : Lost Connection!
﻿22:03:17 : Closing socket & exiting!
﻿22:03:50 : Reporter account validated ok!
﻿22:03:51 : Rcon client logging in
﻿22:03:51 : RCon admin #1 (103.13.101.239:60780) logged in
﻿22:03:59 : Player #0 King Zog (121.45.236.212:64958) connected
﻿22:04:01 : Player #0 King Zog - GUID: ed93afb5a1d7dd12c0848e3817234489 (unverified)
﻿22:04:01 : Verified GUID (ed93afb5a1d7dd12c0848e3817234489) of player #0 King Zog
﻿22:04:01 : RCon admin #1: (Global) BEC : Boss Cocky King Zog Connected
﻿22:04:02 : Status  -> Ok (ed93afb5a1d7dd12c0848e3817234489)
﻿22:06:52 : RCon admin #1: (Global) 1
﻿22:08:28 : Lost Connection!
﻿22:08:28 : Closing socket & exiting!
﻿22:09:05 : Rcon client logging in
﻿22:09:05 : RCon admin #1 (103.13.101.239:57185) logged in
﻿22:09:09 : Player #0 King Zog (121.45.236.212:64958) connected
﻿22:09:10 : Player #0 King Zog - GUID: ed93afb5a1d7dd12c0848e3817234489 (unverified)
﻿22:09:10 : RCon admin #1: (Global) BEC : Boss Cocky King Zog Connected
﻿22:09:11 : Verified GUID (ed93afb5a1d7dd12c0848e3817234489) of player #0 King Zog
﻿22:09:57 : Reporter account validated ok!
﻿22:12:06 : Lost Connection!
﻿22:12:06 : Closing socket & exiting!
﻿22:15:26 : Reporter account validated ok!
﻿22:15:27 : Rcon client logging in
﻿22:15:28 : RCon admin #1 (103.13.101.239:60676) logged in
﻿22:18:28 : RCon admin #1: (Global) 1
﻿22:23:26 : Lost Connection!
﻿22:23:26 : Closing socket & exiting!
﻿22:23:56 : Rcon client logging in
﻿22:23:56 : RCon admin #1 (103.13.101.239:53027) logged in
﻿22:24:09 : Reporter account validated ok!
﻿22:25:01 : Player #0 King Zog (121.45.236.212:64961) connected
﻿22:25:02 : Player #0 King Zog - GUID: ed93afb5a1d7dd12c0848e3817234489 (unverified)
﻿22:25:03 : RCon admin #1: (Global) BEC : Boss Cocky King Zog Connected
﻿22:25:03 : Verified GUID (ed93afb5a1d7dd12c0848e3817234489) of player #0 King Zog
﻿22:25:25 : Status  -> Ok (ed93afb5a1d7dd12c0848e3817234489)
﻿22:26:56 : RCon admin #1: (Global) 1
﻿22:27:24 : Lost Connection!
﻿22:27:24 : Closing socket & exiting!
﻿22:32:06 : Rcon client logging in
﻿22:32:07 : RCon admin #1 (103.13.101.239:57711) logged in
﻿22:32:09 : Player #0 King Zog (121.45.236.212:64963) connected
﻿22:32:10 : Player #0 King Zog - GUID: ed93afb5a1d7dd12c0848e3817234489 (unverified)
﻿22:32:10 : RCon admin #1: (Global) BEC : Boss Cocky King Zog Connected
﻿22:32:11 : Verified GUID (ed93afb5a1d7dd12c0848e3817234489) of player #0 King Zog
﻿22:32:17 : Reporter account validated ok!
﻿22:34:29 : Lost Connection!
﻿22:34:29 : Closing socket & exiting!
﻿22:37:06 : Reporter account validated ok!
﻿22:37:07 : Rcon client logging in
﻿22:37:08 : RCon admin #1 (103.13.101.239:57255) logged in
﻿22:40:08 : RCon admin #1: (Global) 1
﻿22:41:58 : Lost Connection!
﻿22:41:58 : Closing socket & exiting!
﻿22:42:34 : Reporter account validated ok!
﻿22:42:35 : Rcon client logging in
﻿22:42:36 : RCon admin #1 (103.13.101.239:61854) logged in
﻿22:42:40 : Player #0 King Zog (121.45.236.212:64963) connected
﻿22:42:42 : Player #0 King Zog - GUID: ed93afb5a1d7dd12c0848e3817234489 (unverified)
﻿22:42:42 : RCon admin #1: (Global) BEC : Boss Cocky King Zog Connected
﻿22:42:42 : Verified GUID (ed93afb5a1d7dd12c0848e3817234489) of player #0 King Zog
﻿22:42:43 : Status  -> Ok (ed93afb5a1d7dd12c0848e3817234489)
﻿22:45:36 : RCon admin #1: (Global) 1
﻿22:52:36 : RCon admin #1: (Global) This server restarts at 3pm Sydney Time
﻿22:56:46 : Lost Connection!
﻿22:56:46 : Closing socket & exiting!
﻿22:57:21 : Reporter account validated ok!
﻿22:57:22 : Rcon client logging in
﻿22:57:22 : RCon admin #1 (103.13.101.239:57064) logged in
﻿22:57:25 : Player #0 King Zog (121.45.236.212:64963) connected
﻿22:57:26 : Player #0 King Zog - GUID: ed93afb5a1d7dd12c0848e3817234489 (unverified)
﻿22:57:26 : RCon admin #1: (Global) BEC : Boss Cocky King Zog Connected
﻿22:57:26 : Verified GUID (ed93afb5a1d7dd12c0848e3817234489) of player #0 King Zog
﻿22:57:27 : Status  -> Ok (ed93afb5a1d7dd12c0848e3817234489)
﻿23:00:23 : RCon admin #1: (Global) 1
﻿23:06:14 : Lost Connection!
﻿23:06:14 : Closing socket & exiting!
﻿23:06:46 : Reporter account validated ok!
﻿23:06:47 : Rcon client logging in
﻿23:06:48 : RCon admin #1 (103.13.101.239:53500) logged in
﻿23:09:48 : RCon admin #1: (Global) 1
﻿23:11:08 : Lost Connection!
﻿23:11:08 : Closing socket & exiting!
﻿23:11:49 : Reporter account validated ok!
﻿23:11:50 : Rcon client logging in
﻿23:11:51 : RCon admin #1 (103.13.101.239:57560) logged in
﻿23:14:51 : RCon admin #1: (Global) 1
﻿23:21:51 : RCon admin #1: (Global) This server restarts at 3pm Sydney Time
﻿23:43:20 : Lost Connection!
﻿23:43:20 : Closing socket & exiting!
﻿23:53:45 : Reporter account validated ok!
﻿23:53:46 : Rcon client logging in
﻿23:53:46 : RCon admin #1 (103.13.101.239:56029) logged in
﻿23:54:08 : Player #0 King Zog (121.45.236.212:64979) connected
﻿23:54:09 : Player #0 King Zog - GUID: ed93afb5a1d7dd12c0848e3817234489 (unverified)
﻿23:54:09 : RCon admin #1: (Global) BEC : Boss Cocky King Zog Connected
﻿23:54:09 : Verified GUID (ed93afb5a1d7dd12c0848e3817234489) of player #0 King Zog
﻿23:54:10 : Status  -> Ok (ed93afb5a1d7dd12c0848e3817234489)
﻿23:56:47 : RCon admin #1: (Global) 1
