00:30:10 : RCon admin #1: (Global) This server restarts at 3pm Sydney Time
﻿02:00:10 : RCon admin #1: (Global) This server restarts at 3pm Sydney Time
﻿03:30:10 : RCon admin #1: (Global) This server restarts at 3pm Sydney Time
﻿05:00:10 : RCon admin #1: (Global) This server restarts at 3pm Sydney Time
﻿06:30:10 : RCon admin #1: (Global) This server restarts at 3pm Sydney Time
﻿08:00:10 : RCon admin #1: (Global) This server restarts at 3pm Sydney Time
﻿09:30:10 : RCon admin #1: (Global) This server restarts at 3pm Sydney Time
﻿11:00:10 : RCon admin #1: (Global) This server restarts at 3pm Sydney Time
﻿12:30:05 : Player #1 King Zog (121.45.227.162:61633) connected
﻿12:30:06 : Player #1 King Zog - GUID: ed93afb5a1d7dd12c0848e3817234489 (unverified)
﻿12:30:06 : RCon admin #1: (Global) BEC : Boss Cocky King Zog Connected
﻿12:30:06 : Verified GUID (ed93afb5a1d7dd12c0848e3817234489) of player #1 King Zog
﻿12:30:10 : RCon admin #1: (Global) This server restarts at 3pm Sydney Time
﻿12:33:04 : Player #1 King Zog disconnected
﻿14:00:10 : RCon admin #1: (Global) This server restarts at 3pm Sydney Time
﻿14:30:00 : RCon admin #1: (Global) This server will restart in 30 minutes
﻿14:45:00 : RCon admin #1: (Global) This server will restart in 15 minutes
﻿14:50:00 : RCon admin #1: (Global) This server will restart in 10 minutes.
﻿14:55:00 : RCon admin #1: (Global) This server will restart in 5 minutes.
﻿14:57:00 : RCon admin #1: (Global) THIS SERVER IS RESTARTING IN 3 MINUTES !.
﻿14:59:00 : RCon admin #1: (Global) THIS SERVER IS RESTARTING IN 60 SECONDS. PRESS ESC TO SAVE !!!
﻿15:00:02 : Lost Connection!
﻿15:00:02 : Closing socket & exiting!
﻿15:46:16 : Rcon client logging in
﻿15:46:16 : RCon admin #1 (103.13.101.239:60570) logged in
﻿15:46:25 : Player #0 headlessclient (127.0.0.1:2316) connected
﻿15:46:26 : Verified GUID () of player #0 headlessclient
﻿15:46:26 : Player #0 headlessclient - Owner GUID: 8539e01499f87083b3a25eb30041261c
﻿15:46:42 : Player #0 headlessclient disconnected
﻿15:49:33 : Rcon client logging in
﻿15:49:33 : RCon admin #1 (103.13.101.239:62944) logged in
﻿15:50:22 : Player #0 King Zog (121.45.227.162:61642) connected
﻿15:50:24 : Player #0 King Zog - GUID: ed93afb5a1d7dd12c0848e3817234489 (unverified)
﻿15:50:24 : RCon admin #1: (Global) BEC : Boss Cocky King Zog Connected
﻿15:50:24 : Verified GUID (ed93afb5a1d7dd12c0848e3817234489) of player #0 King Zog
﻿15:51:47 : Player #1 headlessclient (127.0.0.1:2316) connected
﻿15:51:48 : Verified GUID () of player #1 headlessclient
﻿15:51:48 : Player #1 headlessclient - Owner GUID: 8539e01499f87083b3a25eb30041261c
﻿15:52:34 : RCon admin #1: (Global) 1
﻿15:59:34 : RCon admin #1: (Global) This server restarts at 3pm Sydney Time
﻿17:29:34 : RCon admin #1: (Global) This server restarts at 3pm Sydney Time
﻿18:59:34 : RCon admin #1: (Global) This server restarts at 3pm Sydney Time
﻿20:29:34 : RCon admin #1: (Global) This server restarts at 3pm Sydney Time
﻿21:59:34 : RCon admin #1: (Global) This server restarts at 3pm Sydney Time
﻿23:29:34 : RCon admin #1: (Global) This server restarts at 3pm Sydney Time
