10:32:18 : Reporter account validated ok!
﻿10:32:19 : Rcon client logging in
﻿10:32:19 : RCon admin #1 (103.13.101.239:62206) logged in
﻿10:34:35 : Player #0 King Zog (121.45.225.207:61658) connected
﻿10:34:36 : Player #0 King Zog - GUID: ed93afb5a1d7dd12c0848e3817234489 (unverified)
﻿10:34:36 : RCon admin #1: (Global) BEC : Boss Cocky King Zog Connected
﻿10:34:37 : Verified GUID (ed93afb5a1d7dd12c0848e3817234489) of player #0 King Zog
﻿10:34:38 : Status  -> Ok (ed93afb5a1d7dd12c0848e3817234489)
﻿10:35:20 : RCon admin #1: (Global) 1
﻿10:42:20 : RCon admin #1: (Global) This server restarts at 3pm Sydney Time
﻿10:46:12 : Lost Connection!
﻿10:46:12 : Closing socket & exiting!
﻿10:49:33 : Reporter account validated ok!
﻿10:49:34 : Rcon client logging in
﻿10:49:35 : RCon admin #1 (103.13.101.239:55523) logged in
﻿10:50:09 : Player #0 King Zog (121.45.225.207:2316) connected
﻿10:50:11 : Player #0 King Zog - GUID: ed93afb5a1d7dd12c0848e3817234489 (unverified)
﻿10:50:11 : RCon admin #1: (Global) BEC : Boss Cocky King Zog Connected
﻿10:50:11 : Verified GUID (ed93afb5a1d7dd12c0848e3817234489) of player #0 King Zog
﻿10:50:12 : Status  -> Ok (ed93afb5a1d7dd12c0848e3817234489)
﻿10:50:52 : Player #0 King Zog disconnected
﻿10:51:04 : Player #0 King Zog (121.45.225.207:2316) connected
﻿10:51:05 : Player #0 King Zog - GUID: ed93afb5a1d7dd12c0848e3817234489 (unverified)
﻿10:51:06 : RCon admin #1: (Global) BEC : Boss Cocky King Zog Connected
﻿10:51:06 : Verified GUID (ed93afb5a1d7dd12c0848e3817234489) of player #0 King Zog
﻿10:51:07 : Status  -> Ok (ed93afb5a1d7dd12c0848e3817234489)
﻿10:51:32 : Player #0 King Zog disconnected
﻿10:52:28 : Player #0 King Zog (121.45.225.207:61659) connected
﻿10:52:29 : Player #0 King Zog - GUID: ed93afb5a1d7dd12c0848e3817234489 (unverified)
﻿10:52:29 : RCon admin #1: (Global) BEC : Boss Cocky King Zog Connected
﻿10:52:29 : Verified GUID (ed93afb5a1d7dd12c0848e3817234489) of player #0 King Zog
﻿10:52:30 : Status  -> Ok (ed93afb5a1d7dd12c0848e3817234489)
﻿10:52:35 : RCon admin #1: (Global) 1
﻿10:59:35 : RCon admin #1: (Global) This server restarts at 3pm Sydney Time
﻿11:23:33 : Player #0 King Zog disconnected
﻿11:26:30 : Lost Connection!
﻿11:26:30 : Closing socket & exiting!
﻿11:27:29 : Reporter account validated ok!
﻿11:27:30 : Rcon client logging in
﻿11:27:31 : RCon admin #1 (103.13.101.239:51672) logged in
﻿11:27:31 : Player #0 King Zog - GUID: ed93afb5a1d7dd12c0848e3817234489 (unverified)
﻿11:27:31 : RCon admin #1: (Global) BEC : Boss Cocky King Zog Connected
﻿11:27:32 : Verified GUID (ed93afb5a1d7dd12c0848e3817234489) of player #0 King Zog
﻿11:30:31 : RCon admin #1: (Global) 1
﻿11:37:31 : RCon admin #1: (Global) This server restarts at 3pm Sydney Time
﻿12:11:30 : Lost Connection!
﻿12:11:30 : Closing socket & exiting!
﻿12:12:53 : Reporter account validated ok!
﻿12:12:54 : Rcon client logging in
﻿12:12:54 : RCon admin #1 (103.13.101.239:56654) logged in
﻿12:13:01 : Player #0 King Zog (121.45.225.207:61659) connected
﻿12:13:03 : Player #0 King Zog - GUID: ed93afb5a1d7dd12c0848e3817234489 (unverified)
﻿12:13:03 : RCon admin #1: (Global) BEC : Boss Cocky King Zog Connected
﻿12:13:03 : Verified GUID (ed93afb5a1d7dd12c0848e3817234489) of player #0 King Zog
﻿12:13:04 : Status  -> Ok (ed93afb5a1d7dd12c0848e3817234489)
﻿12:15:55 : RCon admin #1: (Global) 1
﻿12:22:55 : RCon admin #1: (Global) This server restarts at 3pm Sydney Time
﻿12:32:42 : Lost Connection!
﻿12:32:42 : Closing socket & exiting!
﻿12:33:51 : Reporter account validated ok!
﻿12:33:52 : Rcon client logging in
﻿12:33:53 : Verified GUID (ed93afb5a1d7dd12c0848e3817234489) of player #0 King Zog
﻿12:33:53 : RCon admin #1 (103.13.101.239:49791) logged in
﻿12:36:53 : RCon admin #1: (Global) 1
﻿12:40:21 : Lost Connection!
﻿12:40:21 : Closing socket & exiting!
﻿12:41:32 : Reporter account validated ok!
﻿12:41:33 : Rcon client logging in
﻿12:41:34 : RCon admin #1 (103.13.101.239:49409) logged in
﻿12:42:15 : Player #0 King Zog (121.45.225.207:61661) connected
﻿12:42:16 : Player #0 King Zog - GUID: ed93afb5a1d7dd12c0848e3817234489 (unverified)
﻿12:42:16 : RCon admin #1: (Global) BEC : Boss Cocky King Zog Connected
﻿12:42:17 : Verified GUID (ed93afb5a1d7dd12c0848e3817234489) of player #0 King Zog
﻿12:42:18 : Status  -> Ok (ed93afb5a1d7dd12c0848e3817234489)
﻿12:44:34 : RCon admin #1: (Global) 1
﻿12:51:34 : RCon admin #1: (Global) This server restarts at 3pm Sydney Time
﻿12:58:59 : Lost Connection!
﻿12:58:59 : Closing socket & exiting!
﻿13:00:33 : Reporter account validated ok!
﻿13:00:35 : Rcon client logging in
﻿13:00:35 : RCon admin #1 (103.13.101.239:63532) logged in
﻿13:03:35 : RCon admin #1: (Global) 1
﻿13:10:11 : Lost Connection!
﻿13:10:11 : Closing socket & exiting!
﻿13:11:21 : Reporter account validated ok!
﻿13:11:22 : Rcon client logging in
﻿13:11:23 : RCon admin #1 (103.13.101.239:61673) logged in
﻿13:14:23 : RCon admin #1: (Global) 1
﻿13:20:38 : Lost Connection!
﻿13:20:38 : Closing socket & exiting!
﻿13:22:01 : Reporter account validated ok!
﻿13:22:02 : Rcon client logging in
﻿13:22:02 : RCon admin #1 (103.13.101.239:61789) logged in
﻿13:22:46 : Player #0 King Zog (121.45.225.207:61663) connected
﻿13:22:48 : Player #0 King Zog - GUID: ed93afb5a1d7dd12c0848e3817234489 (unverified)
﻿13:22:48 : RCon admin #1: (Global) BEC : Boss Cocky King Zog Connected
﻿13:22:48 : Verified GUID (ed93afb5a1d7dd12c0848e3817234489) of player #0 King Zog
﻿13:22:49 : Status  -> Ok (ed93afb5a1d7dd12c0848e3817234489)
﻿13:25:03 : RCon admin #1: (Global) 1
﻿13:32:03 : RCon admin #1: (Global) This server restarts at 3pm Sydney Time
﻿13:32:37 : Lost Connection!
﻿13:32:37 : Closing socket & exiting!
﻿13:33:45 : Reporter account validated ok!
﻿13:33:46 : Rcon client logging in
﻿13:33:47 : RCon admin #1 (103.13.101.239:57760) logged in
﻿13:36:47 : RCon admin #1: (Global) 1
﻿13:40:07 : Lost Connection!
﻿13:40:07 : Closing socket & exiting!
﻿13:41:34 : Reporter account validated ok!
﻿13:41:36 : Rcon client logging in
﻿13:41:36 : RCon admin #1 (103.13.101.239:58266) logged in
﻿13:41:45 : Player #0 King Zog (121.45.225.207:61663) connected
﻿13:41:46 : Player #0 King Zog - GUID: ed93afb5a1d7dd12c0848e3817234489 (unverified)
﻿13:41:46 : RCon admin #1: (Global) BEC : Boss Cocky King Zog Connected
﻿13:41:46 : Verified GUID (ed93afb5a1d7dd12c0848e3817234489) of player #0 King Zog
﻿13:41:47 : Status  -> Ok (ed93afb5a1d7dd12c0848e3817234489)
﻿13:44:36 : RCon admin #1: (Global) 1
﻿13:51:04 : Lost Connection!
﻿13:51:04 : Closing socket & exiting!
﻿13:52:20 : Reporter account validated ok!
﻿13:52:21 : Rcon client logging in
﻿13:52:21 : RCon admin #1 (103.13.101.239:53654) logged in
﻿13:52:58 : Player #0 King Zog (121.45.225.207:61666) connected
﻿13:52:59 : Player #0 King Zog - GUID: ed93afb5a1d7dd12c0848e3817234489 (unverified)
﻿13:52:59 : RCon admin #1: (Global) BEC : Boss Cocky King Zog Connected
﻿13:52:59 : Verified GUID (ed93afb5a1d7dd12c0848e3817234489) of player #0 King Zog
﻿13:53:00 : Status  -> Ok (ed93afb5a1d7dd12c0848e3817234489)
﻿13:55:22 : RCon admin #1: (Global) 1
﻿14:02:22 : RCon admin #1: (Global) This server restarts at 3pm Sydney Time
﻿14:03:38 : Lost Connection!
﻿14:03:38 : Closing socket & exiting!
﻿14:04:56 : Reporter account validated ok!
﻿14:04:57 : Rcon client logging in
﻿14:05:10 : RCon admin #1 (103.13.101.239:51367) logged in
﻿14:07:58 : RCon admin #1: (Global) 1
﻿14:14:58 : RCon admin #1: (Global) This server restarts at 3pm Sydney Time
﻿14:16:46 : Lost Connection!
﻿14:16:46 : Closing socket & exiting!
﻿14:17:57 : Reporter account validated ok!
﻿14:17:58 : Rcon client logging in
﻿14:17:58 : RCon admin #1 (103.13.101.239:60480) logged in
﻿14:20:28 : Player #0 King Zog (121.45.225.207:61670) connected
﻿14:20:29 : Player #0 King Zog - GUID: ed93afb5a1d7dd12c0848e3817234489 (unverified)
﻿14:20:30 : RCon admin #1: (Global) BEC : Boss Cocky King Zog Connected
﻿14:20:30 : Verified GUID (ed93afb5a1d7dd12c0848e3817234489) of player #0 King Zog
﻿14:20:31 : Status  -> Ok (ed93afb5a1d7dd12c0848e3817234489)
﻿14:20:59 : RCon admin #1: (Global) 1
﻿14:27:59 : RCon admin #1: (Global) This server restarts at 3pm Sydney Time
﻿14:30:00 : RCon admin #1: (Global) This server will restart in 30 minutes
﻿14:36:50 : Lost Connection!
﻿14:36:50 : Closing socket & exiting!
﻿14:38:16 : Reporter account validated ok!
﻿14:38:17 : Rcon client logging in
﻿14:38:29 : RCon admin #1 (103.13.101.239:60477) logged in
﻿14:41:18 : RCon admin #1: (Global) 1
﻿14:45:00 : RCon admin #1: (Global) This server will restart in 15 minutes
﻿14:47:19 : Lost Connection!
﻿14:47:19 : Closing socket & exiting!
﻿14:49:03 : Reporter account validated ok!
﻿14:49:04 : Rcon client logging in
﻿14:49:05 : RCon admin #1 (103.13.101.239:56596) logged in
﻿14:50:00 : RCon admin #1: (Global) This server will restart in 10 minutes.
﻿14:52:05 : RCon admin #1: (Global) 1
﻿14:55:00 : RCon admin #1: (Global) This server will restart in 5 minutes.
﻿14:57:00 : RCon admin #1: (Global) THIS SERVER IS RESTARTING IN 3 MINUTES !.
﻿14:57:24 : Lost Connection!
﻿14:57:24 : Closing socket & exiting!
﻿14:58:33 : Reporter account validated ok!
﻿14:58:34 : Rcon client logging in
﻿14:58:35 : RCon admin #1 (103.13.101.239:56322) logged in
﻿14:59:00 : RCon admin #1: (Global) THIS SERVER IS RESTARTING IN 60 SECONDS. PRESS ESC TO SAVE !!!
﻿15:00:01 : Lost Connection!
﻿15:00:01 : Closing socket & exiting!
﻿15:04:51 : Reporter account validated ok!
﻿15:04:53 : Rcon client logging in
﻿15:04:53 : RCon admin #1 (103.13.101.239:55698) logged in
﻿15:07:53 : RCon admin #1: (Global) 1
﻿15:14:53 : RCon admin #1: (Global) This server restarts at 3pm Sydney Time
﻿15:26:07 : Lost Connection!
﻿15:26:07 : Closing socket & exiting!
﻿15:27:27 : Reporter account validated ok!
﻿15:27:28 : Rcon client logging in
﻿15:27:28 : RCon admin #1 (103.13.101.239:49604) logged in
﻿15:27:36 : Player #0 King Zog (121.45.225.207:61675) connected
﻿15:27:37 : Player #0 King Zog - GUID: ed93afb5a1d7dd12c0848e3817234489 (unverified)
﻿15:27:37 : RCon admin #1: (Global) BEC : Boss Cocky King Zog Connected
﻿15:27:38 : Verified GUID (ed93afb5a1d7dd12c0848e3817234489) of player #0 King Zog
﻿15:27:39 : Status  -> Ok (ed93afb5a1d7dd12c0848e3817234489)
﻿15:30:29 : RCon admin #1: (Global) 1
﻿15:37:29 : RCon admin #1: (Global) This server restarts at 3pm Sydney Time
﻿15:46:51 : Lost Connection!
﻿15:46:51 : Closing socket & exiting!
﻿15:48:32 : Reporter account validated ok!
﻿15:48:33 : Rcon client logging in
﻿15:48:34 : RCon admin #1 (103.13.101.239:54375) logged in
﻿15:51:34 : RCon admin #1: (Global) 1
﻿15:58:34 : RCon admin #1: (Global) This server restarts at 3pm Sydney Time
﻿16:23:45 : Lost Connection!
﻿16:23:45 : Closing socket & exiting!
﻿16:25:46 : Reporter account validated ok!
﻿16:25:47 : Rcon client logging in
﻿16:25:47 : RCon admin #1 (103.13.101.239:54271) logged in
﻿16:28:48 : RCon admin #1: (Global) 1
﻿16:35:28 : Lost Connection!
﻿16:35:28 : Closing socket & exiting!
﻿16:36:38 : Reporter account validated ok!
﻿16:36:39 : Rcon client logging in
﻿16:36:40 : RCon admin #1 (103.13.101.239:64798) logged in
﻿16:39:40 : RCon admin #1: (Global) 1
﻿16:46:40 : RCon admin #1: (Global) This server restarts at 3pm Sydney Time
﻿18:16:40 : RCon admin #1: (Global) This server restarts at 3pm Sydney Time
﻿19:21:15 : Lost Connection!
﻿19:21:15 : Closing socket & exiting!
﻿19:23:19 : Reporter account validated ok!
﻿19:23:20 : Rcon client logging in
﻿19:23:21 : RCon admin #1 (103.13.101.239:55932) logged in
﻿19:24:30 : Player #0 King Zog (121.45.225.207:61725) connected
﻿19:24:31 : Player #0 King Zog - GUID: ed93afb5a1d7dd12c0848e3817234489 (unverified)
﻿19:24:31 : RCon admin #1: (Global) BEC : Boss Cocky King Zog Connected
﻿19:24:32 : Verified GUID (ed93afb5a1d7dd12c0848e3817234489) of player #0 King Zog
﻿19:24:33 : Status  -> Ok (ed93afb5a1d7dd12c0848e3817234489)
﻿19:26:21 : RCon admin #1: (Global) 1
﻿19:33:21 : RCon admin #1: (Global) This server restarts at 3pm Sydney Time
﻿19:54:58 : Lost Connection!
﻿19:54:58 : Closing socket & exiting!
﻿20:00:54 : Reporter account validated ok!
﻿20:00:55 : Rcon client logging in
﻿20:00:56 : RCon admin #1 (103.13.101.239:64553) logged in
﻿20:01:44 : Player #0 King Zog (121.45.225.207:61730) connected
﻿20:01:46 : Player #0 King Zog - GUID: ed93afb5a1d7dd12c0848e3817234489 (unverified)
﻿20:01:46 : RCon admin #1: (Global) BEC : Boss Cocky King Zog Connected
﻿20:01:46 : Verified GUID (ed93afb5a1d7dd12c0848e3817234489) of player #0 King Zog
﻿20:01:47 : Status  -> Ok (ed93afb5a1d7dd12c0848e3817234489)
﻿20:03:56 : RCon admin #1: (Global) 1
﻿20:10:56 : RCon admin #1: (Global) This server restarts at 3pm Sydney Time
﻿20:36:48 : Lost Connection!
﻿20:36:48 : Closing socket & exiting!
﻿20:38:44 : Reporter account validated ok!
﻿20:38:45 : Rcon client logging in
﻿20:38:45 : RCon admin #1 (103.13.101.239:57007) logged in
﻿20:41:46 : RCon admin #1: (Global) 1
﻿20:48:46 : RCon admin #1: (Global) This server restarts at 3pm Sydney Time
﻿20:53:02 : Lost Connection!
﻿20:53:02 : Closing socket & exiting!
﻿21:06:45 : Reporter account validated ok!
﻿21:06:46 : Rcon client logging in
﻿21:06:46 : RCon admin #1 (103.13.101.239:52182) logged in
﻿21:09:47 : RCon admin #1: (Global) 1
﻿21:16:47 : RCon admin #1: (Global) This server restarts at 3pm Sydney Time
﻿21:18:43 : Lost Connection!
﻿21:18:43 : Closing socket & exiting!
﻿21:20:20 : Reporter account validated ok!
﻿21:20:21 : Rcon client logging in
﻿21:20:21 : RCon admin #1 (103.13.101.239:64347) logged in
﻿21:23:22 : RCon admin #1: (Global) 1
﻿21:30:22 : RCon admin #1: (Global) This server restarts at 3pm Sydney Time
﻿21:33:36 : Lost Connection!
﻿21:33:36 : Closing socket & exiting!
﻿21:35:18 : Reporter account validated ok!
﻿21:35:20 : Rcon client logging in
﻿21:35:20 : RCon admin #1 (103.13.101.239:59921) logged in
﻿21:36:00 : Lost Connection!
﻿21:36:00 : Closing socket & exiting!
﻿21:38:54 : Reporter account validated ok!
﻿21:38:55 : Rcon client logging in
﻿21:38:55 : RCon admin #1 (103.13.101.239:61471) logged in
﻿21:39:58 : Player #0 King Zog (121.45.225.207:61740) connected
﻿21:39:59 : Player #0 King Zog - GUID: ed93afb5a1d7dd12c0848e3817234489 (unverified)
﻿21:39:59 : RCon admin #1: (Global) BEC : Boss Cocky King Zog Connected
﻿21:39:59 : Verified GUID (ed93afb5a1d7dd12c0848e3817234489) of player #0 King Zog
﻿21:40:00 : Status  -> Ok (ed93afb5a1d7dd12c0848e3817234489)
﻿21:41:56 : RCon admin #1: (Global) 1
﻿21:46:17 : Lost Connection!
﻿21:46:17 : Closing socket & exiting!
﻿21:47:59 : Reporter account validated ok!
﻿21:48:00 : Rcon client logging in
﻿21:48:01 : RCon admin #1 (103.13.101.239:63742) logged in
﻿21:48:06 : Player #0 King Zog (121.45.225.207:61740) connected
﻿21:48:07 : Player #0 King Zog - GUID: ed93afb5a1d7dd12c0848e3817234489 (unverified)
﻿21:48:07 : RCon admin #1: (Global) BEC : Boss Cocky King Zog Connected
﻿21:48:08 : Verified GUID (ed93afb5a1d7dd12c0848e3817234489) of player #0 King Zog
﻿21:48:09 : Status  -> Ok (ed93afb5a1d7dd12c0848e3817234489)
﻿21:51:01 : RCon admin #1: (Global) 1
﻿21:58:01 : RCon admin #1: (Global) This server restarts at 3pm Sydney Time
﻿21:58:53 : Lost Connection!
﻿21:58:53 : Closing socket & exiting!
﻿22:00:07 : Reporter account validated ok!
﻿22:00:08 : Rcon client logging in
﻿22:00:08 : RCon admin #1 (103.13.101.239:63674) logged in
﻿22:00:46 : Player #0 King Zog (121.45.225.207:61740) connected
﻿22:00:48 : Player #0 King Zog - GUID: ed93afb5a1d7dd12c0848e3817234489 (unverified)
﻿22:00:48 : RCon admin #1: (Global) BEC : Boss Cocky King Zog Connected
﻿22:00:48 : Verified GUID (ed93afb5a1d7dd12c0848e3817234489) of player #0 King Zog
﻿22:00:49 : Status  -> Ok (ed93afb5a1d7dd12c0848e3817234489)
﻿22:03:09 : RCon admin #1: (Global) 1
﻿22:08:20 : Lost Connection!
﻿22:08:20 : Closing socket & exiting!
﻿22:09:40 : Reporter account validated ok!
﻿22:09:41 : Rcon client logging in
﻿22:09:42 : RCon admin #1 (103.13.101.239:53741) logged in
﻿22:09:44 : Player #0 King Zog (121.45.225.207:61740) connected
﻿22:09:45 : Player #0 King Zog - GUID: ed93afb5a1d7dd12c0848e3817234489 (unverified)
﻿22:09:45 : RCon admin #1: (Global) BEC : Boss Cocky King Zog Connected
﻿22:09:46 : Verified GUID (ed93afb5a1d7dd12c0848e3817234489) of player #0 King Zog
﻿22:09:47 : Status  -> Ok (ed93afb5a1d7dd12c0848e3817234489)
﻿22:12:42 : RCon admin #1: (Global) 1
﻿22:19:42 : RCon admin #1: (Global) This server restarts at 3pm Sydney Time
﻿22:24:27 : Lost Connection!
﻿22:24:27 : Closing socket & exiting!
﻿22:26:47 : Reporter account validated ok!
﻿22:26:48 : Rcon client logging in
﻿22:27:00 : RCon admin #1 (103.13.101.239:50250) logged in
﻿22:29:49 : RCon admin #1: (Global) 1
﻿22:32:22 : Lost Connection!
﻿22:32:22 : Closing socket & exiting!
﻿22:33:50 : Reporter account validated ok!
﻿22:33:51 : Rcon client logging in
﻿22:33:51 : RCon admin #1 (103.13.101.239:61876) logged in
﻿22:33:57 : Player #0 King Zog (121.45.225.207:61740) connected
﻿22:33:58 : Player #0 King Zog - GUID: ed93afb5a1d7dd12c0848e3817234489 (unverified)
﻿22:33:59 : RCon admin #1: (Global) BEC : Boss Cocky King Zog Connected
﻿22:33:59 : Verified GUID (ed93afb5a1d7dd12c0848e3817234489) of player #0 King Zog
﻿22:34:00 : Status  -> Ok (ed93afb5a1d7dd12c0848e3817234489)
﻿22:36:52 : RCon admin #1: (Global) 1
﻿22:43:52 : RCon admin #1: (Global) This server restarts at 3pm Sydney Time
﻿22:54:03 : Lost Connection!
﻿22:54:03 : Closing socket & exiting!
﻿22:55:33 : Reporter account validated ok!
﻿22:55:35 : Rcon client logging in
﻿22:55:35 : RCon admin #1 (103.13.101.239:51585) logged in
﻿22:55:35 : Player #0 King Zog - GUID: ed93afb5a1d7dd12c0848e3817234489 (unverified)
﻿22:55:35 : Verified GUID (ed93afb5a1d7dd12c0848e3817234489) of player #0 King Zog
﻿22:55:35 : RCon admin #1: (Global) BEC : Boss Cocky King Zog Connected
﻿22:55:36 : Status  -> Ok (ed93afb5a1d7dd12c0848e3817234489)
﻿22:58:35 : RCon admin #1: (Global) 1
﻿23:05:35 : RCon admin #1: (Global) This server restarts at 3pm Sydney Time
﻿23:19:38 : Lost Connection!
﻿23:19:38 : Closing socket & exiting!
﻿23:20:07 : Reporter account validated ok!
﻿23:20:08 : Rcon client logging in
﻿23:20:08 : RCon admin #1 (103.13.101.239:51182) logged in
﻿23:23:09 : RCon admin #1: (Global) 1
﻿23:25:14 : Lost Connection!
﻿23:25:14 : Closing socket & exiting!
﻿23:34:14 : Reporter account validated ok!
﻿23:34:15 : Rcon client logging in
﻿23:34:15 : RCon admin #1 (103.13.101.239:53558) logged in
﻿23:34:16 : Verified GUID (ed93afb5a1d7dd12c0848e3817234489) of player #0 King Zog
﻿23:37:16 : RCon admin #1: (Global) 1
﻿23:39:59 : Lost Connection!
﻿23:39:59 : Closing socket & exiting!
﻿23:41:12 : Reporter account validated ok!
﻿23:41:13 : Rcon client logging in
﻿23:41:14 : RCon admin #1 (103.13.101.239:64065) logged in
﻿23:44:14 : RCon admin #1: (Global) 1
﻿23:51:14 : RCon admin #1: (Global) This server restarts at 3pm Sydney Time
