20:06:46 : Reporter account validated ok!
﻿20:06:47 : Rcon client logging in
﻿20:06:47 : RCon admin #1 (103.13.101.239:60150) logged in
﻿20:08:45 : Player #0 King Zog (121.45.236.58:63826) connected
﻿20:08:46 : Player #0 King Zog - GUID: ed93afb5a1d7dd12c0848e3817234489 (unverified)
﻿20:08:46 : RCon admin #1: (Global) BEC : Boss Cocky King Zog Connected
﻿20:08:47 : Verified GUID (ed93afb5a1d7dd12c0848e3817234489) of player #0 King Zog
﻿20:08:48 : Status  -> Ok (ed93afb5a1d7dd12c0848e3817234489)
﻿20:09:48 : RCon admin #1: (Global) 1
﻿20:13:55 : Lost Connection!
﻿20:13:55 : Closing socket & exiting!
﻿20:33:48 : Reporter account validated ok!
﻿20:33:49 : Lost Connection!
﻿20:33:49 : Closing socket & exiting!
﻿20:34:07 : Reporter account validated ok!
﻿20:34:09 : Rcon client logging in
﻿20:34:09 : RCon admin #1 (103.13.101.239:52343) logged in
﻿20:36:54 : Player #0 King Zog (121.45.236.58:63830) connected
﻿20:36:55 : Player #0 King Zog - GUID: ed93afb5a1d7dd12c0848e3817234489 (unverified)
﻿20:36:56 : RCon admin #1: (Global) BEC : Boss Cocky King Zog Connected
﻿20:36:56 : Verified GUID (ed93afb5a1d7dd12c0848e3817234489) of player #0 King Zog
﻿20:36:57 : Status  -> Ok (ed93afb5a1d7dd12c0848e3817234489)
﻿20:37:15 : RCon admin #1: (Global) 1
﻿20:44:09 : RCon admin #1: (Global) This server restarts at 3pm Sydney Time
﻿21:24:42 : Lost Connection!
﻿21:24:42 : Closing socket & exiting!
﻿21:48:22 : Reporter account validated ok!
﻿21:48:24 : Rcon client logging in
﻿21:48:24 : RCon admin #1 (103.13.101.239:53775) logged in
﻿21:49:45 : Player #0 King Zog (121.45.236.58:63843) connected
﻿21:49:47 : Player #0 King Zog - GUID: ed93afb5a1d7dd12c0848e3817234489 (unverified)
﻿21:49:47 : RCon admin #1: (Global) BEC : Boss Cocky King Zog Connected
﻿21:49:47 : Verified GUID (ed93afb5a1d7dd12c0848e3817234489) of player #0 King Zog
﻿21:49:48 : Status  -> Ok (ed93afb5a1d7dd12c0848e3817234489)
﻿21:51:24 : RCon admin #1: (Global) 1
﻿21:58:24 : RCon admin #1: (Global) This server restarts at 3pm Sydney Time
﻿22:08:28 : Lost Connection!
﻿22:08:28 : Closing socket & exiting!
﻿22:18:12 : Reporter account validated ok!
﻿22:18:13 : Rcon client logging in
﻿22:18:14 : RCon admin #1 (103.13.101.239:58883) logged in
﻿22:21:14 : RCon admin #1: (Global) 1
﻿22:23:20 : Player #0 King Zog (121.45.236.58:63856) connected
﻿22:23:21 : Player #0 King Zog - GUID: ed93afb5a1d7dd12c0848e3817234489 (unverified)
﻿22:23:21 : RCon admin #1: (Global) BEC : Boss Cocky King Zog Connected
﻿22:23:22 : Verified GUID (ed93afb5a1d7dd12c0848e3817234489) of player #0 King Zog
﻿22:23:23 : Status  -> Ok (ed93afb5a1d7dd12c0848e3817234489)
﻿22:25:23 : Lost Connection!
﻿22:25:23 : Closing socket & exiting!
﻿22:26:33 : Reporter account validated ok!
﻿22:26:35 : Rcon client logging in
﻿22:26:35 : RCon admin #1 (103.13.101.239:58279) logged in
﻿22:26:36 : Player #0 King Zog - GUID: ed93afb5a1d7dd12c0848e3817234489 (unverified)
﻿22:26:36 : RCon admin #1: (Global) BEC : Boss Cocky King Zog Connected
﻿22:26:36 : Verified GUID (ed93afb5a1d7dd12c0848e3817234489) of player #0 King Zog
﻿22:29:18 : Lost Connection!
﻿22:29:18 : Closing socket & exiting!
﻿22:29:38 : Reporter account validated ok!
﻿22:29:39 : Rcon client logging in
﻿22:29:40 : RCon admin #1 (103.13.101.239:59912) logged in
﻿22:30:19 : Lost Connection!
﻿22:30:19 : Closing socket & exiting!
﻿22:31:28 : Reporter account validated ok!
﻿22:31:29 : Rcon client logging in
﻿22:31:29 : RCon admin #1 (103.13.101.239:59914) logged in
﻿22:32:25 : Player #0 King Zog (121.45.236.58:63856) connected
﻿22:32:26 : Player #0 King Zog - GUID: ed93afb5a1d7dd12c0848e3817234489 (unverified)
﻿22:32:27 : RCon admin #1: (Global) BEC : Boss Cocky King Zog Connected
﻿22:32:27 : Verified GUID (ed93afb5a1d7dd12c0848e3817234489) of player #0 King Zog
﻿22:32:28 : Status  -> Ok (ed93afb5a1d7dd12c0848e3817234489)
﻿22:34:30 : RCon admin #1: (Global) 1
﻿22:41:30 : RCon admin #1: (Global) This server restarts at 3pm Sydney Time
﻿23:09:30 : Lost Connection!
﻿23:09:30 : Closing socket & exiting!
﻿23:11:47 : Reporter account validated ok!
﻿23:11:48 : Rcon client logging in
﻿23:11:49 : RCon admin #1 (103.13.101.239:62116) logged in
﻿23:14:49 : RCon admin #1: (Global) 1
﻿23:21:49 : RCon admin #1: (Global) This server restarts at 3pm Sydney Time
﻿23:26:09 : Lost Connection!
﻿23:26:09 : Closing socket & exiting!
﻿23:40:31 : Reporter account validated ok!
﻿23:40:32 : Rcon client logging in
﻿23:40:32 : RCon admin #1 (103.13.101.239:59409) logged in
﻿23:40:35 : Player #0 King Zog (121.45.236.58:63917) connected
﻿23:40:37 : Player #0 King Zog - GUID: ed93afb5a1d7dd12c0848e3817234489 (unverified)
﻿23:40:37 : RCon admin #1: (Global) BEC : Boss Cocky King Zog Connected
﻿23:40:37 : Verified GUID (ed93afb5a1d7dd12c0848e3817234489) of player #0 King Zog
﻿23:40:38 : Status  -> Ok (ed93afb5a1d7dd12c0848e3817234489)
﻿23:43:33 : RCon admin #1: (Global) 1
﻿23:49:28 : Lost Connection!
﻿23:49:28 : Closing socket & exiting!
﻿23:50:51 : Reporter account validated ok!
﻿23:50:52 : Rcon client logging in
﻿23:50:52 : RCon admin #1 (103.13.101.239:61924) logged in
﻿23:53:53 : RCon admin #1: (Global) 1
﻿23:56:07 : Lost Connection!
﻿23:56:07 : Closing socket & exiting!
﻿23:57:13 : Reporter account validated ok!
﻿23:57:15 : Rcon client logging in
﻿23:57:27 : RCon admin #1 (103.13.101.239:54243) logged in
