01:22:45 : RCon admin #1: (Global) This server restarts at 3pm Sydney Time
﻿02:51:18 : Lost Connection!
﻿02:51:18 : Closing socket & exiting!
﻿02:52:02 : Rcon client logging in
﻿02:52:02 : RCon admin #1 (103.13.101.239:59659) logged in
﻿02:52:10 : Lost Connection!
﻿02:52:10 : Closing socket & exiting!
﻿02:53:53 : Rcon client logging in
﻿02:53:53 : RCon admin #1 (103.13.101.239:59020) logged in
﻿02:54:28 : Player #0 King Zog (121.45.241.224:63713) connected
﻿02:54:30 : Player #0 King Zog - GUID: ed93afb5a1d7dd12c0848e3817234489 (unverified)
﻿02:54:30 : RCon admin #1: (Global) BEC : Boss Cocky King Zog Connected
﻿02:54:30 : Verified GUID (ed93afb5a1d7dd12c0848e3817234489) of player #0 King Zog
﻿02:55:30 : Player #1 headlessclient (127.0.0.1:2316) connected
﻿02:55:31 : Verified GUID () of player #1 headlessclient
﻿02:55:31 : Player #1 headlessclient - Owner GUID: 8539e01499f87083b3a25eb30041261c
﻿02:56:54 : RCon admin #1: (Global) 1
﻿03:03:54 : RCon admin #1: (Global) This server restarts at 3pm Sydney Time
﻿03:47:54 : Player #0 King Zog disconnected
﻿04:33:54 : RCon admin #1: (Global) This server restarts at 3pm Sydney Time
﻿06:03:54 : RCon admin #1: (Global) This server restarts at 3pm Sydney Time
﻿07:33:54 : RCon admin #1: (Global) This server restarts at 3pm Sydney Time
﻿09:03:54 : RCon admin #1: (Global) This server restarts at 3pm Sydney Time
﻿10:33:54 : RCon admin #1: (Global) This server restarts at 3pm Sydney Time
﻿12:03:54 : RCon admin #1: (Global) This server restarts at 3pm Sydney Time
﻿13:33:54 : RCon admin #1: (Global) This server restarts at 3pm Sydney Time
﻿14:30:00 : RCon admin #1: (Global) This server will restart in 30 minutes
﻿14:45:00 : RCon admin #1: (Global) This server will restart in 15 minutes
﻿14:50:00 : RCon admin #1: (Global) This server will restart in 10 minutes.
﻿14:55:00 : RCon admin #1: (Global) This server will restart in 5 minutes.
﻿14:57:00 : RCon admin #1: (Global) THIS SERVER IS RESTARTING IN 3 MINUTES !.
﻿14:59:00 : RCon admin #1: (Global) THIS SERVER IS RESTARTING IN 60 SECONDS. PRESS ESC TO SAVE !!!
﻿15:00:01 : Lost Connection!
﻿15:00:01 : Closing socket & exiting!
