10:13:29 : Rcon client logging in
﻿10:13:29 : RCon admin #1 (103.13.101.239:64986) logged in
﻿10:14:23 : Player #1 King Zog (121.45.227.162:61364) connected
﻿10:14:25 : Player #1 King Zog - GUID: ed93afb5a1d7dd12c0848e3817234489 (unverified)
﻿10:14:25 : RCon admin #1: (Global) BEC : Boss Cocky King Zog Connected
﻿10:14:25 : Verified GUID (ed93afb5a1d7dd12c0848e3817234489) of player #1 King Zog
﻿10:14:25 : Could not connect to BE Master
﻿10:14:25 : Update attempt failed
﻿10:16:22 : Could not connect to BE Master
﻿10:16:22 : Update attempt failed
﻿10:16:29 : RCon admin #1: (Global) 1
﻿10:18:19 : Could not connect to BE Master
﻿10:18:19 : Update attempt failed
﻿10:20:16 : Could not connect to BE Master
﻿10:20:16 : Update attempt failed
﻿10:22:13 : Could not connect to BE Master
﻿10:22:13 : Update attempt failed
﻿10:23:29 : RCon admin #1: (Global) This server restarts at 3pm Sydney Time
﻿10:24:10 : Could not connect to BE Master
﻿10:24:10 : Update attempt failed
﻿10:26:07 : Could not connect to BE Master
﻿10:26:07 : Update attempt failed
﻿10:28:03 : Could not connect to BE Master
﻿10:28:04 : Update attempt failed
﻿10:30:00 : Could not connect to BE Master
﻿10:30:00 : Update attempt failed
﻿10:31:57 : Could not connect to BE Master
﻿10:31:57 : Update attempt failed
﻿10:33:54 : Could not connect to BE Master
﻿10:33:54 : Update attempt failed
﻿10:35:51 : Could not connect to BE Master
﻿10:35:51 : Update attempt failed
﻿10:37:48 : Could not connect to BE Master
﻿10:37:48 : Update attempt failed
﻿10:39:45 : Could not connect to BE Master
﻿10:39:45 : Update attempt failed
﻿10:41:42 : Could not connect to BE Master
﻿10:41:42 : Update attempt failed
﻿10:43:39 : Could not connect to BE Master
﻿10:43:39 : Update attempt failed
﻿10:45:35 : Could not connect to BE Master
﻿10:45:35 : Update attempt failed
﻿10:47:32 : Could not connect to BE Master
﻿10:47:32 : Update attempt failed
﻿10:49:29 : Could not connect to BE Master
﻿10:49:29 : Update attempt failed
﻿10:51:26 : Could not connect to BE Master
﻿10:51:26 : Update attempt failed
﻿10:53:23 : Could not connect to BE Master
﻿10:53:23 : Update attempt failed
﻿10:55:20 : Could not connect to BE Master
﻿10:55:20 : Update attempt failed
﻿10:57:17 : Could not connect to BE Master
﻿10:57:17 : Update attempt failed
﻿10:59:14 : Could not connect to BE Master
﻿10:59:14 : Update attempt failed
﻿11:01:10 : Could not connect to BE Master
﻿11:01:10 : Update attempt failed
﻿11:03:07 : Could not connect to BE Master
﻿11:03:07 : Update attempt failed
﻿11:05:04 : Could not connect to BE Master
﻿11:05:04 : Update attempt failed
﻿11:07:01 : Could not connect to BE Master
﻿11:07:01 : Update attempt failed
﻿11:08:58 : Could not connect to BE Master
﻿11:08:58 : Update attempt failed
﻿11:10:55 : Could not connect to BE Master
﻿11:10:55 : Update attempt failed
﻿11:12:52 : Could not connect to BE Master
﻿11:12:52 : Update attempt failed
﻿11:14:49 : Could not connect to BE Master
﻿11:14:49 : Update attempt failed
﻿11:16:46 : Could not connect to BE Master
﻿11:16:46 : Update attempt failed
﻿11:18:43 : Could not connect to BE Master
﻿11:18:43 : Update attempt failed
﻿11:20:40 : Could not connect to BE Master
﻿11:20:40 : Update attempt failed
﻿11:22:36 : Could not connect to BE Master
﻿11:22:36 : Update attempt failed
﻿11:24:33 : Could not connect to BE Master
﻿11:24:33 : Update attempt failed
﻿11:26:30 : Could not connect to BE Master
﻿11:26:30 : Update attempt failed
﻿11:28:27 : Could not connect to BE Master
﻿11:28:27 : Update attempt failed
﻿11:30:24 : Could not connect to BE Master
﻿11:30:24 : Update attempt failed
﻿11:32:21 : Could not connect to BE Master
﻿11:32:21 : Update attempt failed
﻿11:34:18 : Could not connect to BE Master
﻿11:34:18 : Update attempt failed
﻿11:36:15 : Could not connect to BE Master
﻿11:36:15 : Update attempt failed
﻿11:38:11 : Could not connect to BE Master
﻿11:38:11 : Update attempt failed
﻿11:40:08 : Could not connect to BE Master
﻿11:40:08 : Update attempt failed
﻿11:42:05 : Could not connect to BE Master
﻿11:42:05 : Update attempt failed
﻿11:44:02 : Could not connect to BE Master
﻿11:44:02 : Update attempt failed
﻿11:45:59 : Could not connect to BE Master
﻿11:45:59 : Update attempt failed
﻿11:47:56 : Could not connect to BE Master
﻿11:47:56 : Update attempt failed
﻿11:49:53 : Could not connect to BE Master
﻿11:49:53 : Update attempt failed
﻿11:51:50 : Could not connect to BE Master
﻿11:51:50 : Update attempt failed
﻿11:53:29 : RCon admin #1: (Global) This server restarts at 3pm Sydney Time
﻿11:53:47 : Could not connect to BE Master
﻿11:53:47 : Update attempt failed
﻿11:55:43 : Could not connect to BE Master
﻿11:55:43 : Update attempt failed
﻿11:57:40 : Could not connect to BE Master
﻿11:57:40 : Update attempt failed
﻿11:59:37 : Could not connect to BE Master
﻿11:59:37 : Update attempt failed
﻿12:01:34 : Could not connect to BE Master
﻿12:01:34 : Update attempt failed
﻿12:03:31 : Could not connect to BE Master
﻿12:03:31 : Update attempt failed
﻿12:06:21 : No Valid response. Trying to reconnect.!
﻿12:06:21 : Rcon client logging in
﻿12:06:21 : RCon admin #1 (103.13.101.239:64986) logged in
﻿12:07:25 : Could not connect to BE Master
﻿12:07:25 : Update attempt failed
﻿12:09:22 : Could not connect to BE Master
﻿12:09:22 : Update attempt failed
﻿12:11:19 : Could not connect to BE Master
﻿12:11:19 : Update attempt failed
﻿12:13:15 : Could not connect to BE Master
﻿12:13:15 : Update attempt failed
﻿12:15:12 : Could not connect to BE Master
﻿12:15:13 : Update attempt failed
﻿12:17:09 : Could not connect to BE Master
﻿12:17:09 : Update attempt failed
﻿12:19:06 : Could not connect to BE Master
﻿12:19:06 : Update attempt failed
﻿12:21:03 : Could not connect to BE Master
﻿12:21:03 : Update attempt failed
﻿12:23:00 : Could not connect to BE Master
﻿12:23:00 : Update attempt failed
﻿12:24:57 : Could not connect to BE Master
﻿12:24:57 : Update attempt failed
﻿12:26:54 : Could not connect to BE Master
﻿12:26:54 : Update attempt failed
﻿12:28:51 : Could not connect to BE Master
﻿12:28:51 : Update attempt failed
﻿12:30:48 : Could not connect to BE Master
﻿12:30:48 : Update attempt failed
﻿12:32:44 : Could not connect to BE Master
﻿12:32:44 : Update attempt failed
﻿12:34:41 : Could not connect to BE Master
﻿12:34:41 : Update attempt failed
﻿12:36:38 : Could not connect to BE Master
﻿12:36:38 : Update attempt failed
﻿12:38:35 : Could not connect to BE Master
﻿12:38:35 : Update attempt failed
﻿12:40:32 : Could not connect to BE Master
﻿12:40:32 : Update attempt failed
﻿12:42:29 : Could not connect to BE Master
﻿12:42:29 : Update attempt failed
﻿12:44:26 : Could not connect to BE Master
﻿12:44:26 : Update attempt failed
﻿12:46:23 : Could not connect to BE Master
﻿12:46:23 : Update attempt failed
﻿12:48:19 : Could not connect to BE Master
﻿12:48:20 : Update attempt failed
﻿12:50:16 : Could not connect to BE Master
﻿12:50:16 : Update attempt failed
﻿12:52:13 : Could not connect to BE Master
﻿12:52:13 : Update attempt failed
﻿12:54:10 : Could not connect to BE Master
﻿12:54:10 : Update attempt failed
﻿12:56:07 : Could not connect to BE Master
﻿12:56:07 : Update attempt failed
﻿12:58:04 : Could not connect to BE Master
﻿12:58:04 : Update attempt failed
﻿13:00:01 : Could not connect to BE Master
﻿13:00:01 : Update attempt failed
﻿13:01:58 : Could not connect to BE Master
﻿13:01:58 : Update attempt failed
﻿13:03:55 : Could not connect to BE Master
﻿13:03:55 : Update attempt failed
﻿13:05:51 : Could not connect to BE Master
﻿13:05:51 : Update attempt failed
﻿13:07:48 : Could not connect to BE Master
﻿13:07:48 : Update attempt failed
﻿13:09:45 : Could not connect to BE Master
﻿13:09:45 : Update attempt failed
﻿13:11:42 : Could not connect to BE Master
﻿13:11:42 : Update attempt failed
﻿13:13:39 : Could not connect to BE Master
﻿13:13:39 : Update attempt failed
﻿13:15:36 : Could not connect to BE Master
﻿13:15:36 : Update attempt failed
﻿13:17:33 : Could not connect to BE Master
﻿13:17:33 : Update attempt failed
﻿13:19:30 : Could not connect to BE Master
﻿13:19:30 : Update attempt failed
﻿13:21:27 : Could not connect to BE Master
﻿13:21:27 : Update attempt failed
﻿13:23:24 : Could not connect to BE Master
﻿13:23:24 : Update attempt failed
﻿13:23:29 : RCon admin #1: (Global) This server restarts at 3pm Sydney Time
﻿13:25:21 : Could not connect to BE Master
﻿13:25:21 : Update attempt failed
﻿13:27:18 : Could not connect to BE Master
﻿13:27:18 : Update attempt failed
﻿13:29:14 : Could not connect to BE Master
﻿13:29:14 : Update attempt failed
﻿13:31:11 : Could not connect to BE Master
﻿13:31:11 : Update attempt failed
﻿13:33:08 : Could not connect to BE Master
﻿13:33:08 : Update attempt failed
﻿13:35:05 : Could not connect to BE Master
﻿13:35:05 : Update attempt failed
﻿13:37:02 : Could not connect to BE Master
﻿13:37:02 : Update attempt failed
﻿13:38:59 : Could not connect to BE Master
﻿13:38:59 : Update attempt failed
﻿13:40:56 : Could not connect to BE Master
﻿13:40:56 : Update attempt failed
﻿13:42:53 : Could not connect to BE Master
﻿13:42:53 : Update attempt failed
﻿13:44:50 : Could not connect to BE Master
﻿13:44:50 : Update attempt failed
﻿13:46:46 : Could not connect to BE Master
﻿13:46:46 : Update attempt failed
﻿13:48:43 : Could not connect to BE Master
﻿13:48:43 : Update attempt failed
﻿13:50:40 : Could not connect to BE Master
﻿13:50:40 : Update attempt failed
﻿13:52:37 : Could not connect to BE Master
﻿13:52:37 : Update attempt failed
﻿13:54:34 : Could not connect to BE Master
﻿13:54:34 : Update attempt failed
﻿13:56:31 : Could not connect to BE Master
﻿13:56:31 : Update attempt failed
﻿13:58:28 : Could not connect to BE Master
﻿13:58:28 : Update attempt failed
﻿14:00:25 : Could not connect to BE Master
﻿14:00:25 : Update attempt failed
﻿14:02:22 : Could not connect to BE Master
﻿14:02:22 : Update attempt failed
﻿14:05:14 : No Valid response. Trying to reconnect.!
﻿14:05:14 : Rcon client logging in
﻿14:05:14 : RCon admin #1 (103.13.101.239:64986) logged in
﻿14:06:15 : Could not connect to BE Master
﻿14:06:15 : Update attempt failed
﻿14:08:12 : Could not connect to BE Master
﻿14:08:12 : Update attempt failed
﻿14:10:09 : Could not connect to BE Master
﻿14:10:09 : Update attempt failed
﻿14:12:06 : Could not connect to BE Master
﻿14:12:06 : Update attempt failed
﻿14:14:03 : Could not connect to BE Master
﻿14:14:03 : Update attempt failed
﻿14:16:00 : Could not connect to BE Master
﻿14:16:00 : Update attempt failed
﻿14:17:57 : Could not connect to BE Master
﻿14:17:57 : Update attempt failed
﻿14:19:54 : Could not connect to BE Master
﻿14:19:54 : Update attempt failed
﻿14:21:51 : Could not connect to BE Master
﻿14:21:51 : Update attempt failed
﻿14:23:48 : Could not connect to BE Master
﻿14:23:48 : Update attempt failed
﻿14:25:44 : Could not connect to BE Master
﻿14:25:44 : Update attempt failed
﻿14:27:41 : Could not connect to BE Master
﻿14:27:41 : Update attempt failed
﻿14:29:38 : Could not connect to BE Master
﻿14:29:38 : Update attempt failed
﻿14:30:00 : RCon admin #1: (Global) This server will restart in 30 minutes
﻿14:31:35 : Could not connect to BE Master
﻿14:31:35 : Update attempt failed
﻿14:33:32 : Could not connect to BE Master
﻿14:33:32 : Update attempt failed
﻿14:35:29 : Could not connect to BE Master
﻿14:35:29 : Update attempt failed
﻿14:37:26 : Could not connect to BE Master
﻿14:37:26 : Update attempt failed
﻿14:39:23 : Could not connect to BE Master
﻿14:39:23 : Update attempt failed
﻿14:41:19 : Could not connect to BE Master
﻿14:41:19 : Update attempt failed
﻿14:43:16 : Could not connect to BE Master
﻿14:43:16 : Update attempt failed
﻿14:45:00 : RCon admin #1: (Global) This server will restart in 15 minutes
﻿14:45:13 : Could not connect to BE Master
﻿14:45:13 : Update attempt failed
﻿14:47:10 : Could not connect to BE Master
﻿14:47:10 : Update attempt failed
﻿14:49:07 : Could not connect to BE Master
﻿14:49:07 : Update attempt failed
﻿14:50:00 : RCon admin #1: (Global) This server will restart in 10 minutes.
﻿14:51:04 : Could not connect to BE Master
﻿14:51:04 : Update attempt failed
﻿14:53:01 : Could not connect to BE Master
﻿14:53:01 : Update attempt failed
﻿14:53:29 : RCon admin #1: (Global) This server restarts at 3pm Sydney Time
﻿14:54:58 : Could not connect to BE Master
﻿14:54:58 : Update attempt failed
﻿14:55:00 : RCon admin #1: (Global) This server will restart in 5 minutes.
﻿14:56:55 : Could not connect to BE Master
﻿14:56:55 : Update attempt failed
﻿14:57:00 : RCon admin #1: (Global) THIS SERVER IS RESTARTING IN 3 MINUTES !.
﻿14:58:51 : Could not connect to BE Master
﻿14:58:51 : Update attempt failed
﻿14:59:00 : RCon admin #1: (Global) THIS SERVER IS RESTARTING IN 60 SECONDS. PRESS ESC TO SAVE !!!
﻿15:00:02 : Lost Connection!
﻿15:00:02 : Closing socket & exiting!
﻿19:50:09 : Rcon client logging in
﻿19:50:09 : RCon admin #1 (103.13.101.239:63459) logged in
﻿19:50:16 : Player #0 headlessclient (127.0.0.1:2316) connected
﻿19:50:17 : Verified GUID () of player #0 headlessclient
﻿19:50:17 : Player #0 headlessclient - Owner GUID: 8539e01499f87083b3a25eb30041261c
﻿19:50:49 : Player #1 King Zog (121.45.227.162:61519) connected
﻿19:50:50 : Player #1 King Zog - GUID: ed93afb5a1d7dd12c0848e3817234489 (unverified)
﻿19:50:50 : RCon admin #1: (Global) BEC : Boss Cocky King Zog Connected
﻿19:50:51 : Verified GUID (ed93afb5a1d7dd12c0848e3817234489) of player #1 King Zog
﻿19:50:51 : Could not connect to BE Master
﻿19:50:51 : Update attempt failed
﻿19:52:48 : Could not connect to BE Master
﻿19:52:48 : Update attempt failed
﻿19:53:10 : RCon admin #1: (Global) 1
﻿19:54:45 : Could not connect to BE Master
﻿19:54:45 : Update attempt failed
﻿19:56:42 : Could not connect to BE Master
﻿19:56:42 : Update attempt failed
﻿19:58:38 : Could not connect to BE Master
﻿19:58:39 : Update attempt failed
﻿20:00:10 : RCon admin #1: (Global) This server restarts at 3pm Sydney Time
﻿20:00:35 : Could not connect to BE Master
﻿20:00:35 : Update attempt failed
﻿20:02:32 : Could not connect to BE Master
﻿20:02:32 : Update attempt failed
﻿20:04:29 : Could not connect to BE Master
﻿20:04:29 : Update attempt failed
﻿20:06:26 : Could not connect to BE Master
﻿20:06:26 : Update attempt failed
﻿20:08:23 : Could not connect to BE Master
﻿20:08:23 : Update attempt failed
﻿20:10:20 : Could not connect to BE Master
﻿20:10:20 : Update attempt failed
﻿20:12:17 : Could not connect to BE Master
﻿20:12:17 : Update attempt failed
﻿20:14:14 : Could not connect to BE Master
﻿20:14:14 : Update attempt failed
﻿20:16:10 : Could not connect to BE Master
﻿20:16:10 : Update attempt failed
﻿20:18:07 : Could not connect to BE Master
﻿20:18:07 : Update attempt failed
﻿20:20:04 : Could not connect to BE Master
﻿20:20:04 : Update attempt failed
﻿20:22:01 : Could not connect to BE Master
﻿20:22:01 : Update attempt failed
﻿20:23:58 : Could not connect to BE Master
﻿20:23:58 : Update attempt failed
﻿20:25:55 : Could not connect to BE Master
﻿20:25:55 : Update attempt failed
﻿20:27:52 : Could not connect to BE Master
﻿20:27:52 : Update attempt failed
﻿20:29:49 : Could not connect to BE Master
﻿20:29:49 : Update attempt failed
﻿20:31:46 : Could not connect to BE Master
﻿20:31:46 : Update attempt failed
﻿20:33:42 : Could not connect to BE Master
﻿20:33:42 : Update attempt failed
﻿20:35:39 : Could not connect to BE Master
﻿20:35:39 : Update attempt failed
﻿20:37:36 : Could not connect to BE Master
﻿20:37:36 : Update attempt failed
﻿20:39:33 : Could not connect to BE Master
﻿20:39:33 : Update attempt failed
﻿20:41:30 : Could not connect to BE Master
﻿20:41:30 : Update attempt failed
﻿20:43:27 : Could not connect to BE Master
﻿20:43:27 : Update attempt failed
﻿20:45:24 : Could not connect to BE Master
﻿20:45:24 : Update attempt failed
﻿20:47:21 : Could not connect to BE Master
﻿20:47:21 : Update attempt failed
﻿20:49:18 : Could not connect to BE Master
﻿20:49:18 : Update attempt failed
﻿20:51:15 : Could not connect to BE Master
﻿20:51:15 : Update attempt failed
﻿20:53:12 : Could not connect to BE Master
﻿20:53:12 : Update attempt failed
﻿20:55:09 : Could not connect to BE Master
﻿20:55:09 : Update attempt failed
﻿20:57:06 : Could not connect to BE Master
﻿20:57:06 : Update attempt failed
﻿20:59:02 : Could not connect to BE Master
﻿20:59:02 : Update attempt failed
﻿21:00:59 : Could not connect to BE Master
﻿21:00:59 : Update attempt failed
﻿21:02:56 : Could not connect to BE Master
﻿21:02:56 : Update attempt failed
﻿21:04:53 : Could not connect to BE Master
﻿21:04:53 : Update attempt failed
﻿21:30:10 : RCon admin #1: (Global) This server restarts at 3pm Sydney Time
﻿22:33:00 : Player #1 King Zog disconnected
﻿22:33:06 : Player #1 King Zog (121.45.227.162:61519) connected
﻿22:33:07 : Player #1 King Zog - GUID: ed93afb5a1d7dd12c0848e3817234489 (unverified)
﻿22:33:07 : RCon admin #1: (Global) BEC : Boss Cocky King Zog Connected
﻿22:33:07 : Verified GUID (ed93afb5a1d7dd12c0848e3817234489) of player #1 King Zog
﻿23:00:10 : RCon admin #1: (Global) This server restarts at 3pm Sydney Time
﻿23:03:17 : Player #1 King Zog disconnected
