12:41:08 : Reporter account validated ok!
﻿12:41:10 : Rcon client logging in
﻿12:41:10 : RCon admin #1 (103.13.101.239:65014) logged in
﻿12:44:10 : RCon admin #1: (Global) 1
﻿12:51:10 : RCon admin #1: (Global) This server restarts at 3pm Sydney Time
﻿14:03:50 : Lost Connection!
﻿14:03:50 : Closing socket & exiting!
﻿14:04:26 : Reporter account validated ok!
﻿14:04:28 : Rcon client logging in
﻿14:04:28 : RCon admin #1 (103.13.101.239:53613) logged in
﻿14:05:22 : Player #0 King Zog (121.45.247.170:61548) connected
﻿14:05:24 : Player #0 King Zog - GUID: ed93afb5a1d7dd12c0848e3817234489 (unverified)
﻿14:05:24 : RCon admin #1: (Global) BEC : Boss Cocky King Zog Connected
﻿14:05:24 : Verified GUID (ed93afb5a1d7dd12c0848e3817234489) of player #0 King Zog
﻿14:05:25 : Status  -> Ok (ed93afb5a1d7dd12c0848e3817234489)
﻿14:07:09 : Player #0 King Zog (ed93afb5a1d7dd12c0848e3817234489) has been kicked by BattlEye: PublicVariable Value Restriction #2
﻿14:07:20 : Player #0 King Zog (121.45.247.170:61548) connected
﻿14:07:22 : Player #0 King Zog - GUID: ed93afb5a1d7dd12c0848e3817234489 (unverified)
﻿14:07:22 : RCon admin #1: (Global) BEC : Boss Cocky King Zog Connected
﻿14:07:22 : Verified GUID (ed93afb5a1d7dd12c0848e3817234489) of player #0 King Zog
﻿14:07:23 : Status  -> Ok (ed93afb5a1d7dd12c0848e3817234489)
﻿14:07:28 : RCon admin #1: (Global) 1
﻿14:10:38 : Player #0 King Zog (ed93afb5a1d7dd12c0848e3817234489) has been kicked by BattlEye: PublicVariable Value Restriction #2
﻿14:14:28 : RCon admin #1: (Global) This server restarts at 3pm Sydney Time
﻿14:14:49 : Lost Connection!
﻿14:14:49 : Closing socket & exiting!
﻿14:15:09 : Reporter account validated ok!
﻿14:15:11 : Rcon client logging in
﻿14:15:11 : RCon admin #1 (103.13.101.239:50052) logged in
﻿14:15:11 : RCon admin #2 (103.13.101.239:50053) logged in
﻿14:15:14 : Reporter account validated ok!
﻿14:15:16 : Rcon client logging in
﻿14:15:16 : RCon admin #3 (103.13.101.239:50054) logged in
﻿14:15:16 : RCon admin #3 (103.13.101.239:50054) logged in
﻿14:15:20 : Lost Connection!
﻿14:15:20 : Closing socket & exiting!
﻿14:15:20 : Lost Connection!
﻿14:15:20 : Closing socket & exiting!
﻿14:16:23 : Reporter account validated ok!
﻿14:16:24 : Rcon client logging in
﻿14:16:24 : RCon admin #1 (103.13.101.239:50056) logged in
﻿14:19:25 : RCon admin #1: (Global) 1
﻿14:26:25 : RCon admin #1: (Global) This server restarts at 3pm Sydney Time
﻿14:30:00 : RCon admin #1: (Global) This server will restart in 30 minutes
﻿14:35:05 : Player #0 King Zog (121.45.247.170:61549) connected
﻿14:35:06 : Player #0 King Zog - GUID: ed93afb5a1d7dd12c0848e3817234489 (unverified)
﻿14:35:07 : RCon admin #1: (Global) BEC : Boss Cocky King Zog Connected
﻿14:35:07 : Verified GUID (ed93afb5a1d7dd12c0848e3817234489) of player #0 King Zog
﻿14:35:08 : Status  -> Ok (ed93afb5a1d7dd12c0848e3817234489)
﻿14:35:56 : Player #0 King Zog (ed93afb5a1d7dd12c0848e3817234489) has been kicked by BattlEye: PublicVariable Value Restriction #2
﻿14:38:55 : Reporter account validated ok!
﻿14:38:56 : Rcon client logging in
﻿14:38:56 : RCon admin #1 (103.13.101.239:55069) logged in
﻿14:39:21 : Player #0 King Zog (121.45.247.170:61549) connected
﻿14:39:23 : Player #0 King Zog - GUID: ed93afb5a1d7dd12c0848e3817234489 (unverified)
﻿14:39:23 : RCon admin #1: (Global) BEC : Boss Cocky King Zog Connected
﻿14:39:23 : Verified GUID (ed93afb5a1d7dd12c0848e3817234489) of player #0 King Zog
﻿14:39:24 : Status  -> Ok (ed93afb5a1d7dd12c0848e3817234489)
﻿14:40:14 : Player #0 King Zog (ed93afb5a1d7dd12c0848e3817234489) has been kicked by BattlEye: PublicVariable Value Restriction #2
﻿14:41:57 : RCon admin #1: (Global) 1
﻿14:45:00 : RCon admin #1: (Global) This server will restart in 15 minutes
﻿14:48:57 : RCon admin #1: (Global) This server restarts at 3pm Sydney Time
﻿14:50:00 : RCon admin #1: (Global) This server will restart in 10 minutes.
﻿14:55:00 : RCon admin #1: (Global) This server will restart in 5 minutes.
﻿14:57:00 : RCon admin #1: (Global) THIS SERVER IS RESTARTING IN 3 MINUTES !.
﻿14:59:00 : RCon admin #1: (Global) THIS SERVER IS RESTARTING IN 60 SECONDS. PRESS ESC TO SAVE !!!
﻿15:00:01 : Lost Connection!
﻿15:00:01 : Closing socket & exiting!
﻿17:23:32 : Reporter account validated ok!
﻿17:23:33 : Rcon client logging in
﻿17:23:33 : RCon admin #1 (103.13.101.239:49457) logged in
﻿17:23:46 : Player #0 King Zog (121.45.247.170:61573) connected
﻿17:23:47 : Player #0 King Zog - GUID: ed93afb5a1d7dd12c0848e3817234489 (unverified)
﻿17:23:47 : RCon admin #1: (Global) BEC : Boss Cocky King Zog Connected
﻿17:23:47 : Verified GUID (ed93afb5a1d7dd12c0848e3817234489) of player #0 King Zog
﻿17:23:48 : Status  -> Ok (ed93afb5a1d7dd12c0848e3817234489)
﻿17:24:37 : Player #0 King Zog (ed93afb5a1d7dd12c0848e3817234489) has been kicked by BattlEye: PublicVariable Value Restriction #2
﻿17:26:34 : RCon admin #1: (Global) 1
﻿17:27:47 : Player #0 King Zog (121.45.247.170:61573) connected
﻿17:27:49 : Player #0 King Zog - GUID: ed93afb5a1d7dd12c0848e3817234489 (unverified)
﻿17:27:49 : RCon admin #1: (Global) BEC : Boss Cocky King Zog Connected
﻿17:27:49 : Verified GUID (ed93afb5a1d7dd12c0848e3817234489) of player #0 King Zog
﻿17:27:50 : Status  -> Ok (ed93afb5a1d7dd12c0848e3817234489)
﻿17:29:08 : Player #0 King Zog (ed93afb5a1d7dd12c0848e3817234489) has been kicked by BattlEye: PublicVariable Value Restriction #2
﻿17:29:50 : Lost Connection!
﻿17:29:50 : Closing socket & exiting!
﻿17:30:10 : Reporter account validated ok!
﻿17:30:11 : Rcon client logging in
﻿17:30:12 : RCon admin #1 (103.13.101.239:51351) logged in
﻿17:30:19 : Lost Connection!
﻿17:30:19 : Closing socket & exiting!
